<?xml version="1.0" encoding="UTF-8"?>
<testsuite errors="0" failures="82" name="LOGIN" skipped="0" tests="83" time="88.362446">
<testcase classname="LOGIN" name="Check Version" time="6.094314">
  <system-out/>
  <system-err/>
</testcase>
<testcase classname="LOGIN" name="Login : Empty fields error message" time="3.774874">
  <failure message="failed Login : Empty fields error message" type="failed">
    <![CDATA[Scenario: Login : Empty fields error message

Given I open 'nwab' site for the opco 'ie' in a logged out state
And I go to login page
When I login with '' as user name and '' as password
Then I see Login empty fields failure message

Message:
]]>
    <![CDATA[unexpected response, code=404, content-type=""
unknown command: session/61a9d9f6391e38daf5d133be8708e330/element/name (Selenium::WebDriver::Error::WebDriverError)
/usr/local/rvm/gems/ruby-1.9.3-p392/gems/selenium-webdriver-2.31.0/lib/selenium/webdriver/remote/http/common.rb:66:in `create_response'
/usr/local/rvm/gems/ruby-1.9.3-p392/gems/selenium-webdriver-2.31.0/lib/selenium/webdriver/remote/http/default.rb:66:in `request'
/usr/local/rvm/gems/ruby-1.9.3-p392/gems/selenium-webdriver-2.31.0/lib/selenium/webdriver/remote/http/common.rb:40:in `call'
/usr/local/rvm/gems/ruby-1.9.3-p392/gems/selenium-webdriver-2.31.0/lib/selenium/webdriver/remote/bridge.rb:616:in `raw_execute'
/usr/local/rvm/gems/ruby-1.9.3-p392/gems/selenium-webdriver-2.31.0/lib/selenium/webdriver/remote/bridge.rb:594:in `execute'
/usr/local/rvm/gems/ruby-1.9.3-p392/gems/selenium-webdriver-2.31.0/lib/selenium/webdriver/remote/bridge.rb:493:in `getElementTagName'
/usr/local/rvm/gems/ruby-1.9.3-p392/gems/selenium-webdriver-2.31.0/lib/selenium/webdriver/common/element.rb:68:in `tag_name'
/usr/local/rvm/gems/ruby-1.9.3-p392/gems/watir-webdriver-0.6.2/lib/watir-webdriver/locators/element_locator.rb:387:in `validate_element'
/usr/local/rvm/gems/ruby-1.9.3-p392/gems/watir-webdriver-0.6.2/lib/watir-webdriver/locators/element_locator.rb:37:in `locate'
/usr/local/rvm/gems/ruby-1.9.3-p392/gems/watir-webdriver-0.6.2/lib/watir-webdriver/elements/element.rb:509:in `locate'
/usr/local/rvm/gems/ruby-1.9.3-p392/gems/watir-webdriver-0.6.2/lib/watir-webdriver/elements/element.rb:487:in `assert_exists'
/usr/local/rvm/gems/ruby-1.9.3-p392/gems/watir-webdriver-0.6.2/lib/watir-webdriver/elements/element.rb:118:in `click'
/Users/Subhash/git/automated_tests_web_login_app/features/pages/MockServicePage.rb:13:in `visit'
/Users/Subhash/git/automated_tests_web_login_app/features/step_definitions/loginapp_steps.rb:17:in `block in <top (required)>'
/usr/local/rvm/gems/ruby-1.9.3-p392/bin/cucumber:19:in `load'
/usr/local/rvm/gems/ruby-1.9.3-p392/bin/cucumber:19:in `<main>'
/usr/local/rvm/gems/ruby-1.9.3-p392/bin/ruby_noexec_wrapper:14:in `eval'
/usr/local/rvm/gems/ruby-1.9.3-p392/bin/ruby_noexec_wrapper:14:in `<main>'
features/login.feature:10:in `Given I open 'nwab' site for the opco 'ie' in a logged out state']]>
  </failure>
  <system-out/>
  <system-err/>
</testcase>
<testcase classname="LOGIN" name="Group Login (outline example : | gb | music | usual_msisdn_2 | usual_password |)" time="0.417358">
  <failure message="failed Group Login (outline example : | gb | music | usual_msisdn_2 | usual_password |)" type="failed">
    <![CDATA[Scenario Outline: Group Login

Example row: | gb | music | usual_msisdn_2 | usual_password |

Message:
]]>
    <![CDATA[unexpected response, code=404, content-type=""
unknown command: session/61a9d9f6391e38daf5d133be8708e330/element/name (Selenium::WebDriver::Error::WebDriverError)
/usr/local/rvm/gems/ruby-1.9.3-p392/gems/selenium-webdriver-2.31.0/lib/selenium/webdriver/remote/http/common.rb:66:in `create_response'
/usr/local/rvm/gems/ruby-1.9.3-p392/gems/selenium-webdriver-2.31.0/lib/selenium/webdriver/remote/http/default.rb:66:in `request'
/usr/local/rvm/gems/ruby-1.9.3-p392/gems/selenium-webdriver-2.31.0/lib/selenium/webdriver/remote/http/common.rb:40:in `call'
/usr/local/rvm/gems/ruby-1.9.3-p392/gems/selenium-webdriver-2.31.0/lib/selenium/webdriver/remote/bridge.rb:616:in `raw_execute'
/usr/local/rvm/gems/ruby-1.9.3-p392/gems/selenium-webdriver-2.31.0/lib/selenium/webdriver/remote/bridge.rb:594:in `execute'
/usr/local/rvm/gems/ruby-1.9.3-p392/gems/selenium-webdriver-2.31.0/lib/selenium/webdriver/remote/bridge.rb:493:in `getElementTagName'
/usr/local/rvm/gems/ruby-1.9.3-p392/gems/selenium-webdriver-2.31.0/lib/selenium/webdriver/common/element.rb:68:in `tag_name'
/usr/local/rvm/gems/ruby-1.9.3-p392/gems/watir-webdriver-0.6.2/lib/watir-webdriver/locators/element_locator.rb:387:in `validate_element'
/usr/local/rvm/gems/ruby-1.9.3-p392/gems/watir-webdriver-0.6.2/lib/watir-webdriver/locators/element_locator.rb:37:in `locate'
/usr/local/rvm/gems/ruby-1.9.3-p392/gems/watir-webdriver-0.6.2/lib/watir-webdriver/elements/element.rb:509:in `locate'
/usr/local/rvm/gems/ruby-1.9.3-p392/gems/watir-webdriver-0.6.2/lib/watir-webdriver/elements/element.rb:487:in `assert_exists'
/usr/local/rvm/gems/ruby-1.9.3-p392/gems/watir-webdriver-0.6.2/lib/watir-webdriver/elements/element.rb:118:in `click'
/Users/Subhash/git/automated_tests_web_login_app/features/pages/MockServicePage.rb:13:in `visit'
/Users/Subhash/git/automated_tests_web_login_app/features/step_definitions/loginapp_steps.rb:17:in `block in <top (required)>'
/usr/local/rvm/gems/ruby-1.9.3-p392/gems/cucumber-1.2.3/lib/cucumber/core_ext/instance_exec.rb:48:in `instance_exec'
/usr/local/rvm/gems/ruby-1.9.3-p392/gems/cucumber-1.2.3/lib/cucumber/core_ext/instance_exec.rb:48:in `block in cucumber_instance_exec'
/usr/local/rvm/gems/ruby-1.9.3-p392/gems/cucumber-1.2.3/lib/cucumber/core_ext/instance_exec.rb:69:in `cucumber_run_with_backtrace_filtering'
/usr/local/rvm/gems/ruby-1.9.3-p392/gems/cucumber-1.2.3/lib/cucumber/core_ext/instance_exec.rb:36:in `cucumber_instance_exec'
/usr/local/rvm/gems/ruby-1.9.3-p392/gems/cucumber-1.2.3/lib/cucumber/rb_support/rb_step_definition.rb:97:in `invoke'
/usr/local/rvm/gems/ruby-1.9.3-p392/gems/cucumber-1.2.3/lib/cucumber/step_match.rb:25:in `invoke'
/usr/local/rvm/gems/ruby-1.9.3-p392/gems/cucumber-1.2.3/lib/cucumber/ast/step_invocation.rb:60:in `invoke'
/usr/local/rvm/gems/ruby-1.9.3-p392/gems/cucumber-1.2.3/lib/cucumber/ast/outline_table.rb:119:in `block (2 levels) in accept_plain'
/usr/local/rvm/gems/ruby-1.9.3-p392/gems/cucumber-1.2.3/lib/cucumber/ast/step_collection.rb:37:in `each'
/usr/local/rvm/gems/ruby-1.9.3-p392/gems/cucumber-1.2.3/lib/cucumber/ast/step_collection.rb:37:in `each'
/usr/local/rvm/gems/ruby-1.9.3-p392/gems/cucumber-1.2.3/lib/cucumber/ast/outline_table.rb:118:in `block in accept_plain'
/usr/local/rvm/gems/ruby-1.9.3-p392/gems/cucumber-1.2.3/lib/cucumber/runtime.rb:81:in `block (2 levels) in with_hooks'
/usr/local/rvm/gems/ruby-1.9.3-p392/gems/cucumber-1.2.3/lib/cucumber/runtime.rb:97:in `before_and_after'
/usr/local/rvm/gems/ruby-1.9.3-p392/gems/cucumber-1.2.3/lib/cucumber/runtime.rb:80:in `block in with_hooks'
/usr/local/rvm/gems/ruby-1.9.3-p392/gems/cucumber-1.2.3/lib/cucumber/runtime/support_code.rb:120:in `call'
/usr/local/rvm/gems/ruby-1.9.3-p392/gems/cucumber-1.2.3/lib/cucumber/runtime/support_code.rb:120:in `block (3 levels) in around'
/usr/local/rvm/gems/ruby-1.9.3-p392/gems/cucumber-1.2.3/lib/cucumber/language_support/language_methods.rb:9:in `block in around'
/usr/local/rvm/gems/ruby-1.9.3-p392/gems/cucumber-1.2.3/lib/cucumber/language_support/language_methods.rb:91:in `call'
/usr/local/rvm/gems/ruby-1.9.3-p392/gems/cucumber-1.2.3/lib/cucumber/language_support/language_methods.rb:91:in `execute_around'
/usr/local/rvm/gems/ruby-1.9.3-p392/gems/cucumber-1.2.3/lib/cucumber/language_support/language_methods.rb:8:in `around'
/usr/local/rvm/gems/ruby-1.9.3-p392/gems/cucumber-1.2.3/lib/cucumber/runtime/support_code.rb:119:in `block (2 levels) in around'
/usr/local/rvm/gems/ruby-1.9.3-p392/gems/cucumber-1.2.3/lib/cucumber/runtime/support_code.rb:117:in `call'
/usr/local/rvm/gems/ruby-1.9.3-p392/gems/cucumber-1.2.3/lib/cucumber/runtime/support_code.rb:117:in `around'
/usr/local/rvm/gems/ruby-1.9.3-p392/gems/cucumber-1.2.3/lib/cucumber/runtime.rb:92:in `around'
/usr/local/rvm/gems/ruby-1.9.3-p392/gems/cucumber-1.2.3/lib/cucumber/runtime.rb:79:in `with_hooks'
/usr/local/rvm/gems/ruby-1.9.3-p392/gems/cucumber-1.2.3/lib/cucumber/ast/outline_table.rb:117:in `accept_plain'
/usr/local/rvm/gems/ruby-1.9.3-p392/gems/cucumber-1.2.3/lib/cucumber/ast/outline_table.rb:107:in `accept'
/usr/local/rvm/gems/ruby-1.9.3-p392/gems/cucumber-1.2.3/lib/cucumber/ast/tree_walker.rb:131:in `block in visit_table_row'
/usr/local/rvm/gems/ruby-1.9.3-p392/gems/cucumber-1.2.3/lib/cucumber/ast/tree_walker.rb:163:in `broadcast'
/usr/local/rvm/gems/ruby-1.9.3-p392/gems/cucumber-1.2.3/lib/cucumber/ast/tree_walker.rb:130:in `visit_table_row'
/usr/local/rvm/gems/ruby-1.9.3-p392/gems/cucumber-1.2.3/lib/cucumber/ast/outline_table.rb:27:in `block in accept'
/usr/local/rvm/gems/ruby-1.9.3-p392/gems/cucumber-1.2.3/lib/cucumber/ast/outline_table.rb:23:in `each'
/usr/local/rvm/gems/ruby-1.9.3-p392/gems/cucumber-1.2.3/lib/cucumber/ast/outline_table.rb:23:in `each_with_index'
/usr/local/rvm/gems/ruby-1.9.3-p392/gems/cucumber-1.2.3/lib/cucumber/ast/outline_table.rb:23:in `accept'
/usr/local/rvm/gems/ruby-1.9.3-p392/gems/cucumber-1.2.3/lib/cucumber/ast/tree_walker.rb:83:in `block in visit_outline_table'
/usr/local/rvm/gems/ruby-1.9.3-p392/gems/cucumber-1.2.3/lib/cucumber/ast/tree_walker.rb:163:in `broadcast'
/usr/local/rvm/gems/ruby-1.9.3-p392/gems/cucumber-1.2.3/lib/cucumber/ast/tree_walker.rb:82:in `visit_outline_table'
/usr/local/rvm/gems/ruby-1.9.3-p392/gems/cucumber-1.2.3/lib/cucumber/ast/examples.rb:22:in `accept'
/usr/local/rvm/gems/ruby-1.9.3-p392/gems/cucumber-1.2.3/lib/cucumber/ast/tree_walker.rb:73:in `block in visit_examples'
/usr/local/rvm/gems/ruby-1.9.3-p392/gems/cucumber-1.2.3/lib/cucumber/ast/tree_walker.rb:163:in `broadcast'
/usr/local/rvm/gems/ruby-1.9.3-p392/gems/cucumber-1.2.3/lib/cucumber/ast/tree_walker.rb:72:in `visit_examples'
/usr/local/rvm/gems/ruby-1.9.3-p392/gems/cucumber-1.2.3/lib/cucumber/ast/scenario_outline.rb:14:in `block in accept'
/usr/local/rvm/gems/ruby-1.9.3-p392/gems/cucumber-1.2.3/lib/cucumber/ast/scenario_outline.rb:13:in `each'
/usr/local/rvm/gems/ruby-1.9.3-p392/gems/cucumber-1.2.3/lib/cucumber/ast/scenario_outline.rb:13:in `accept'
/usr/local/rvm/gems/ruby-1.9.3-p392/gems/cucumber-1.2.3/lib/cucumber/ast/tree_walker.rb:67:in `block in visit_examples_array'
/usr/local/rvm/gems/ruby-1.9.3-p392/gems/cucumber-1.2.3/lib/cucumber/ast/tree_walker.rb:163:in `broadcast'
/usr/local/rvm/gems/ruby-1.9.3-p392/gems/cucumber-1.2.3/lib/cucumber/ast/tree_walker.rb:66:in `visit_examples_array'
/usr/local/rvm/gems/ruby-1.9.3-p392/gems/cucumber-1.2.3/lib/cucumber/ast/scenario_outline.rb:68:in `accept'
/usr/local/rvm/gems/ruby-1.9.3-p392/gems/cucumber-1.2.3/lib/cucumber/ast/tree_walker.rb:51:in `block in visit_feature_element'
/usr/local/rvm/gems/ruby-1.9.3-p392/gems/cucumber-1.2.3/lib/cucumber/ast/tree_walker.rb:163:in `broadcast'
/usr/local/rvm/gems/ruby-1.9.3-p392/gems/cucumber-1.2.3/lib/cucumber/ast/tree_walker.rb:50:in `visit_feature_element'
/usr/local/rvm/gems/ruby-1.9.3-p392/gems/cucumber-1.2.3/lib/cucumber/ast/feature.rb:43:in `block in accept'
/usr/local/rvm/gems/ruby-1.9.3-p392/gems/cucumber-1.2.3/lib/cucumber/ast/feature.rb:42:in `each'
/usr/local/rvm/gems/ruby-1.9.3-p392/gems/cucumber-1.2.3/lib/cucumber/ast/feature.rb:42:in `accept'
/usr/local/rvm/gems/ruby-1.9.3-p392/gems/cucumber-1.2.3/lib/cucumber/ast/tree_walker.rb:20:in `block in visit_feature'
/usr/local/rvm/gems/ruby-1.9.3-p392/gems/cucumber-1.2.3/lib/cucumber/ast/tree_walker.rb:163:in `broadcast'
/usr/local/rvm/gems/ruby-1.9.3-p392/gems/cucumber-1.2.3/lib/cucumber/ast/tree_walker.rb:19:in `visit_feature'
/usr/local/rvm/gems/ruby-1.9.3-p392/gems/cucumber-1.2.3/lib/cucumber/ast/features.rb:29:in `block in accept'
/usr/local/rvm/gems/ruby-1.9.3-p392/gems/cucumber-1.2.3/lib/cucumber/ast/features.rb:17:in `each'
/usr/local/rvm/gems/ruby-1.9.3-p392/gems/cucumber-1.2.3/lib/cucumber/ast/features.rb:17:in `each'
/usr/local/rvm/gems/ruby-1.9.3-p392/gems/cucumber-1.2.3/lib/cucumber/ast/features.rb:28:in `accept'
/usr/local/rvm/gems/ruby-1.9.3-p392/gems/cucumber-1.2.3/lib/cucumber/ast/tree_walker.rb:14:in `block in visit_features'
/usr/local/rvm/gems/ruby-1.9.3-p392/gems/cucumber-1.2.3/lib/cucumber/ast/tree_walker.rb:163:in `broadcast'
/usr/local/rvm/gems/ruby-1.9.3-p392/gems/cucumber-1.2.3/lib/cucumber/ast/tree_walker.rb:13:in `visit_features'
/usr/local/rvm/gems/ruby-1.9.3-p392/gems/cucumber-1.2.3/lib/cucumber/runtime.rb:47:in `run!'
/usr/local/rvm/gems/ruby-1.9.3-p392/gems/cucumber-1.2.3/lib/cucumber/cli/main.rb:43:in `execute!'
/usr/local/rvm/gems/ruby-1.9.3-p392/gems/cucumber-1.2.3/lib/cucumber/cli/main.rb:20:in `execute'
/usr/local/rvm/gems/ruby-1.9.3-p392/gems/cucumber-1.2.3/bin/cucumber:14:in `<top (required)>'
/usr/local/rvm/gems/ruby-1.9.3-p392/bin/cucumber:19:in `load'
/usr/local/rvm/gems/ruby-1.9.3-p392/bin/cucumber:19:in `<main>'
/usr/local/rvm/gems/ruby-1.9.3-p392/bin/ruby_noexec_wrapper:14:in `eval'
/usr/local/rvm/gems/ruby-1.9.3-p392/bin/ruby_noexec_wrapper:14:in `<main>'
features/login.feature:17:in `Given I open '<service>' site for the opco '<opco>' in a logged out state']]>
  </failure>
  <system-out/>
  <system-err/>
</testcase>
<testcase classname="LOGIN" name="Group Login (outline example : | ie | contacts | usual_msisdn_2 | usual_password |)" time="0.502412">
  <failure message="failed Group Login (outline example : | ie | contacts | usual_msisdn_2 | usual_password |)" type="failed">
    <![CDATA[Scenario Outline: Group Login

Example row: | gb | music | usual_msisdn_2 | usual_password |

Message:
Example row: | ie | contacts | usual_msisdn_2 | usual_password |

Message:
]]>
    <![CDATA[unexpected response, code=404, content-type=""
unknown command: session/61a9d9f6391e38daf5d133be8708e330/element/name (Selenium::WebDriver::Error::WebDriverError)
/usr/local/rvm/gems/ruby-1.9.3-p392/gems/selenium-webdriver-2.31.0/lib/selenium/webdriver/remote/http/common.rb:66:in `create_response'
/usr/local/rvm/gems/ruby-1.9.3-p392/gems/selenium-webdriver-2.31.0/lib/selenium/webdriver/remote/http/default.rb:66:in `request'
/usr/local/rvm/gems/ruby-1.9.3-p392/gems/selenium-webdriver-2.31.0/lib/selenium/webdriver/remote/http/common.rb:40:in `call'
/usr/local/rvm/gems/ruby-1.9.3-p392/gems/selenium-webdriver-2.31.0/lib/selenium/webdriver/remote/bridge.rb:616:in `raw_execute'
/usr/local/rvm/gems/ruby-1.9.3-p392/gems/selenium-webdriver-2.31.0/lib/selenium/webdriver/remote/bridge.rb:594:in `execute'
/usr/local/rvm/gems/ruby-1.9.3-p392/gems/selenium-webdriver-2.31.0/lib/selenium/webdriver/remote/bridge.rb:493:in `getElementTagName'
/usr/local/rvm/gems/ruby-1.9.3-p392/gems/selenium-webdriver-2.31.0/lib/selenium/webdriver/common/element.rb:68:in `tag_name'
/usr/local/rvm/gems/ruby-1.9.3-p392/gems/watir-webdriver-0.6.2/lib/watir-webdriver/locators/element_locator.rb:387:in `validate_element'
/usr/local/rvm/gems/ruby-1.9.3-p392/gems/watir-webdriver-0.6.2/lib/watir-webdriver/locators/element_locator.rb:37:in `locate'
/usr/local/rvm/gems/ruby-1.9.3-p392/gems/watir-webdriver-0.6.2/lib/watir-webdriver/elements/element.rb:509:in `locate'
/usr/local/rvm/gems/ruby-1.9.3-p392/gems/watir-webdriver-0.6.2/lib/watir-webdriver/elements/element.rb:487:in `assert_exists'
/usr/local/rvm/gems/ruby-1.9.3-p392/gems/watir-webdriver-0.6.2/lib/watir-webdriver/elements/element.rb:118:in `click'
/Users/Subhash/git/automated_tests_web_login_app/features/pages/MockServicePage.rb:13:in `visit'
/Users/Subhash/git/automated_tests_web_login_app/features/step_definitions/loginapp_steps.rb:17:in `block in <top (required)>'
/usr/local/rvm/gems/ruby-1.9.3-p392/gems/cucumber-1.2.3/lib/cucumber/core_ext/instance_exec.rb:48:in `instance_exec'
/usr/local/rvm/gems/ruby-1.9.3-p392/gems/cucumber-1.2.3/lib/cucumber/core_ext/instance_exec.rb:48:in `block in cucumber_instance_exec'
/usr/local/rvm/gems/ruby-1.9.3-p392/gems/cucumber-1.2.3/lib/cucumber/core_ext/instance_exec.rb:69:in `cucumber_run_with_backtrace_filtering'
/usr/local/rvm/gems/ruby-1.9.3-p392/gems/cucumber-1.2.3/lib/cucumber/core_ext/instance_exec.rb:36:in `cucumber_instance_exec'
/usr/local/rvm/gems/ruby-1.9.3-p392/gems/cucumber-1.2.3/lib/cucumber/rb_support/rb_step_definition.rb:97:in `invoke'
/usr/local/rvm/gems/ruby-1.9.3-p392/gems/cucumber-1.2.3/lib/cucumber/step_match.rb:25:in `invoke'
/usr/local/rvm/gems/ruby-1.9.3-p392/gems/cucumber-1.2.3/lib/cucumber/ast/step_invocation.rb:60:in `invoke'
/usr/local/rvm/gems/ruby-1.9.3-p392/gems/cucumber-1.2.3/lib/cucumber/ast/outline_table.rb:119:in `block (2 levels) in accept_plain'
/usr/local/rvm/gems/ruby-1.9.3-p392/gems/cucumber-1.2.3/lib/cucumber/ast/step_collection.rb:37:in `each'
/usr/local/rvm/gems/ruby-1.9.3-p392/gems/cucumber-1.2.3/lib/cucumber/ast/step_collection.rb:37:in `each'
/usr/local/rvm/gems/ruby-1.9.3-p392/gems/cucumber-1.2.3/lib/cucumber/ast/outline_table.rb:118:in `block in accept_plain'
/usr/local/rvm/gems/ruby-1.9.3-p392/gems/cucumber-1.2.3/lib/cucumber/runtime.rb:81:in `block (2 levels) in with_hooks'
/usr/local/rvm/gems/ruby-1.9.3-p392/gems/cucumber-1.2.3/lib/cucumber/runtime.rb:97:in `before_and_after'
/usr/local/rvm/gems/ruby-1.9.3-p392/gems/cucumber-1.2.3/lib/cucumber/runtime.rb:80:in `block in with_hooks'
/usr/local/rvm/gems/ruby-1.9.3-p392/gems/cucumber-1.2.3/lib/cucumber/runtime/support_code.rb:120:in `call'
/usr/local/rvm/gems/ruby-1.9.3-p392/gems/cucumber-1.2.3/lib/cucumber/runtime/support_code.rb:120:in `block (3 levels) in around'
/usr/local/rvm/gems/ruby-1.9.3-p392/gems/cucumber-1.2.3/lib/cucumber/language_support/language_methods.rb:9:in `block in around'
/usr/local/rvm/gems/ruby-1.9.3-p392/gems/cucumber-1.2.3/lib/cucumber/language_support/language_methods.rb:91:in `call'
/usr/local/rvm/gems/ruby-1.9.3-p392/gems/cucumber-1.2.3/lib/cucumber/language_support/language_methods.rb:91:in `execute_around'
/usr/local/rvm/gems/ruby-1.9.3-p392/gems/cucumber-1.2.3/lib/cucumber/language_support/language_methods.rb:8:in `around'
/usr/local/rvm/gems/ruby-1.9.3-p392/gems/cucumber-1.2.3/lib/cucumber/runtime/support_code.rb:119:in `block (2 levels) in around'
/usr/local/rvm/gems/ruby-1.9.3-p392/gems/cucumber-1.2.3/lib/cucumber/runtime/support_code.rb:117:in `call'
/usr/local/rvm/gems/ruby-1.9.3-p392/gems/cucumber-1.2.3/lib/cucumber/runtime/support_code.rb:117:in `around'
/usr/local/rvm/gems/ruby-1.9.3-p392/gems/cucumber-1.2.3/lib/cucumber/runtime.rb:92:in `around'
/usr/local/rvm/gems/ruby-1.9.3-p392/gems/cucumber-1.2.3/lib/cucumber/runtime.rb:79:in `with_hooks'
/usr/local/rvm/gems/ruby-1.9.3-p392/gems/cucumber-1.2.3/lib/cucumber/ast/outline_table.rb:117:in `accept_plain'
/usr/local/rvm/gems/ruby-1.9.3-p392/gems/cucumber-1.2.3/lib/cucumber/ast/outline_table.rb:107:in `accept'
/usr/local/rvm/gems/ruby-1.9.3-p392/gems/cucumber-1.2.3/lib/cucumber/ast/tree_walker.rb:131:in `block in visit_table_row'
/usr/local/rvm/gems/ruby-1.9.3-p392/gems/cucumber-1.2.3/lib/cucumber/ast/tree_walker.rb:163:in `broadcast'
/usr/local/rvm/gems/ruby-1.9.3-p392/gems/cucumber-1.2.3/lib/cucumber/ast/tree_walker.rb:130:in `visit_table_row'
/usr/local/rvm/gems/ruby-1.9.3-p392/gems/cucumber-1.2.3/lib/cucumber/ast/outline_table.rb:27:in `block in accept'
/usr/local/rvm/gems/ruby-1.9.3-p392/gems/cucumber-1.2.3/lib/cucumber/ast/outline_table.rb:23:in `each'
/usr/local/rvm/gems/ruby-1.9.3-p392/gems/cucumber-1.2.3/lib/cucumber/ast/outline_table.rb:23:in `each_with_index'
/usr/local/rvm/gems/ruby-1.9.3-p392/gems/cucumber-1.2.3/lib/cucumber/ast/outline_table.rb:23:in `accept'
/usr/local/rvm/gems/ruby-1.9.3-p392/gems/cucumber-1.2.3/lib/cucumber/ast/tree_walker.rb:83:in `block in visit_outline_table'
/usr/local/rvm/gems/ruby-1.9.3-p392/gems/cucumber-1.2.3/lib/cucumber/ast/tree_walker.rb:163:in `broadcast'
/usr/local/rvm/gems/ruby-1.9.3-p392/gems/cucumber-1.2.3/lib/cucumber/ast/tree_walker.rb:82:in `visit_outline_table'
/usr/local/rvm/gems/ruby-1.9.3-p392/gems/cucumber-1.2.3/lib/cucumber/ast/examples.rb:22:in `accept'
/usr/local/rvm/gems/ruby-1.9.3-p392/gems/cucumber-1.2.3/lib/cucumber/ast/tree_walker.rb:73:in `block in visit_examples'
/usr/local/rvm/gems/ruby-1.9.3-p392/gems/cucumber-1.2.3/lib/cucumber/ast/tree_walker.rb:163:in `broadcast'
/usr/local/rvm/gems/ruby-1.9.3-p392/gems/cucumber-1.2.3/lib/cucumber/ast/tree_walker.rb:72:in `visit_examples'
/usr/local/rvm/gems/ruby-1.9.3-p392/gems/cucumber-1.2.3/lib/cucumber/ast/scenario_outline.rb:14:in `block in accept'
/usr/local/rvm/gems/ruby-1.9.3-p392/gems/cucumber-1.2.3/lib/cucumber/ast/scenario_outline.rb:13:in `each'
/usr/local/rvm/gems/ruby-1.9.3-p392/gems/cucumber-1.2.3/lib/cucumber/ast/scenario_outline.rb:13:in `accept'
/usr/local/rvm/gems/ruby-1.9.3-p392/gems/cucumber-1.2.3/lib/cucumber/ast/tree_walker.rb:67:in `block in visit_examples_array'
/usr/local/rvm/gems/ruby-1.9.3-p392/gems/cucumber-1.2.3/lib/cucumber/ast/tree_walker.rb:163:in `broadcast'
/usr/local/rvm/gems/ruby-1.9.3-p392/gems/cucumber-1.2.3/lib/cucumber/ast/tree_walker.rb:66:in `visit_examples_array'
/usr/local/rvm/gems/ruby-1.9.3-p392/gems/cucumber-1.2.3/lib/cucumber/ast/scenario_outline.rb:68:in `accept'
/usr/local/rvm/gems/ruby-1.9.3-p392/gems/cucumber-1.2.3/lib/cucumber/ast/tree_walker.rb:51:in `block in visit_feature_element'
/usr/local/rvm/gems/ruby-1.9.3-p392/gems/cucumber-1.2.3/lib/cucumber/ast/tree_walker.rb:163:in `broadcast'
/usr/local/rvm/gems/ruby-1.9.3-p392/gems/cucumber-1.2.3/lib/cucumber/ast/tree_walker.rb:50:in `visit_feature_element'
/usr/local/rvm/gems/ruby-1.9.3-p392/gems/cucumber-1.2.3/lib/cucumber/ast/feature.rb:43:in `block in accept'
/usr/local/rvm/gems/ruby-1.9.3-p392/gems/cucumber-1.2.3/lib/cucumber/ast/feature.rb:42:in `each'
/usr/local/rvm/gems/ruby-1.9.3-p392/gems/cucumber-1.2.3/lib/cucumber/ast/feature.rb:42:in `accept'
/usr/local/rvm/gems/ruby-1.9.3-p392/gems/cucumber-1.2.3/lib/cucumber/ast/tree_walker.rb:20:in `block in visit_feature'
/usr/local/rvm/gems/ruby-1.9.3-p392/gems/cucumber-1.2.3/lib/cucumber/ast/tree_walker.rb:163:in `broadcast'
/usr/local/rvm/gems/ruby-1.9.3-p392/gems/cucumber-1.2.3/lib/cucumber/ast/tree_walker.rb:19:in `visit_feature'
/usr/local/rvm/gems/ruby-1.9.3-p392/gems/cucumber-1.2.3/lib/cucumber/ast/features.rb:29:in `block in accept'
/usr/local/rvm/gems/ruby-1.9.3-p392/gems/cucumber-1.2.3/lib/cucumber/ast/features.rb:17:in `each'
/usr/local/rvm/gems/ruby-1.9.3-p392/gems/cucumber-1.2.3/lib/cucumber/ast/features.rb:17:in `each'
/usr/local/rvm/gems/ruby-1.9.3-p392/gems/cucumber-1.2.3/lib/cucumber/ast/features.rb:28:in `accept'
/usr/local/rvm/gems/ruby-1.9.3-p392/gems/cucumber-1.2.3/lib/cucumber/ast/tree_walker.rb:14:in `block in visit_features'
/usr/local/rvm/gems/ruby-1.9.3-p392/gems/cucumber-1.2.3/lib/cucumber/ast/tree_walker.rb:163:in `broadcast'
/usr/local/rvm/gems/ruby-1.9.3-p392/gems/cucumber-1.2.3/lib/cucumber/ast/tree_walker.rb:13:in `visit_features'
/usr/local/rvm/gems/ruby-1.9.3-p392/gems/cucumber-1.2.3/lib/cucumber/runtime.rb:47:in `run!'
/usr/local/rvm/gems/ruby-1.9.3-p392/gems/cucumber-1.2.3/lib/cucumber/cli/main.rb:43:in `execute!'
/usr/local/rvm/gems/ruby-1.9.3-p392/gems/cucumber-1.2.3/lib/cucumber/cli/main.rb:20:in `execute'
/usr/local/rvm/gems/ruby-1.9.3-p392/gems/cucumber-1.2.3/bin/cucumber:14:in `<top (required)>'
/usr/local/rvm/gems/ruby-1.9.3-p392/bin/cucumber:19:in `load'
/usr/local/rvm/gems/ruby-1.9.3-p392/bin/cucumber:19:in `<main>'
/usr/local/rvm/gems/ruby-1.9.3-p392/bin/ruby_noexec_wrapper:14:in `eval'
/usr/local/rvm/gems/ruby-1.9.3-p392/bin/ruby_noexec_wrapper:14:in `<main>'
features/login.feature:17:in `Given I open '<service>' site for the opco '<opco>' in a logged out state']]>
  </failure>
  <system-out/>
  <system-err/>
</testcase>
<testcase classname="LOGIN" name="Group Login (outline example : | ie | nwab | usual_msisdn_2 | usual_password |)" time="0.422430">
  <failure message="failed Group Login (outline example : | ie | nwab | usual_msisdn_2 | usual_password |)" type="failed">
    <![CDATA[Scenario Outline: Group Login

Example row: | gb | music | usual_msisdn_2 | usual_password |

Message:
Example row: | ie | contacts | usual_msisdn_2 | usual_password |

Message:
Example row: | ie | nwab | usual_msisdn_2 | usual_password |

Message:
]]>
    <![CDATA[unexpected response, code=404, content-type=""
unknown command: session/61a9d9f6391e38daf5d133be8708e330/element/name (Selenium::WebDriver::Error::WebDriverError)
/usr/local/rvm/gems/ruby-1.9.3-p392/gems/selenium-webdriver-2.31.0/lib/selenium/webdriver/remote/http/common.rb:66:in `create_response'
/usr/local/rvm/gems/ruby-1.9.3-p392/gems/selenium-webdriver-2.31.0/lib/selenium/webdriver/remote/http/default.rb:66:in `request'
/usr/local/rvm/gems/ruby-1.9.3-p392/gems/selenium-webdriver-2.31.0/lib/selenium/webdriver/remote/http/common.rb:40:in `call'
/usr/local/rvm/gems/ruby-1.9.3-p392/gems/selenium-webdriver-2.31.0/lib/selenium/webdriver/remote/bridge.rb:616:in `raw_execute'
/usr/local/rvm/gems/ruby-1.9.3-p392/gems/selenium-webdriver-2.31.0/lib/selenium/webdriver/remote/bridge.rb:594:in `execute'
/usr/local/rvm/gems/ruby-1.9.3-p392/gems/selenium-webdriver-2.31.0/lib/selenium/webdriver/remote/bridge.rb:493:in `getElementTagName'
/usr/local/rvm/gems/ruby-1.9.3-p392/gems/selenium-webdriver-2.31.0/lib/selenium/webdriver/common/element.rb:68:in `tag_name'
/usr/local/rvm/gems/ruby-1.9.3-p392/gems/watir-webdriver-0.6.2/lib/watir-webdriver/locators/element_locator.rb:387:in `validate_element'
/usr/local/rvm/gems/ruby-1.9.3-p392/gems/watir-webdriver-0.6.2/lib/watir-webdriver/locators/element_locator.rb:37:in `locate'
/usr/local/rvm/gems/ruby-1.9.3-p392/gems/watir-webdriver-0.6.2/lib/watir-webdriver/elements/element.rb:509:in `locate'
/usr/local/rvm/gems/ruby-1.9.3-p392/gems/watir-webdriver-0.6.2/lib/watir-webdriver/elements/element.rb:487:in `assert_exists'
/usr/local/rvm/gems/ruby-1.9.3-p392/gems/watir-webdriver-0.6.2/lib/watir-webdriver/elements/element.rb:118:in `click'
/Users/Subhash/git/automated_tests_web_login_app/features/pages/MockServicePage.rb:13:in `visit'
/Users/Subhash/git/automated_tests_web_login_app/features/step_definitions/loginapp_steps.rb:17:in `block in <top (required)>'
/usr/local/rvm/gems/ruby-1.9.3-p392/gems/cucumber-1.2.3/lib/cucumber/core_ext/instance_exec.rb:48:in `instance_exec'
/usr/local/rvm/gems/ruby-1.9.3-p392/gems/cucumber-1.2.3/lib/cucumber/core_ext/instance_exec.rb:48:in `block in cucumber_instance_exec'
/usr/local/rvm/gems/ruby-1.9.3-p392/gems/cucumber-1.2.3/lib/cucumber/core_ext/instance_exec.rb:69:in `cucumber_run_with_backtrace_filtering'
/usr/local/rvm/gems/ruby-1.9.3-p392/gems/cucumber-1.2.3/lib/cucumber/core_ext/instance_exec.rb:36:in `cucumber_instance_exec'
/usr/local/rvm/gems/ruby-1.9.3-p392/gems/cucumber-1.2.3/lib/cucumber/rb_support/rb_step_definition.rb:97:in `invoke'
/usr/local/rvm/gems/ruby-1.9.3-p392/gems/cucumber-1.2.3/lib/cucumber/step_match.rb:25:in `invoke'
/usr/local/rvm/gems/ruby-1.9.3-p392/gems/cucumber-1.2.3/lib/cucumber/ast/step_invocation.rb:60:in `invoke'
/usr/local/rvm/gems/ruby-1.9.3-p392/gems/cucumber-1.2.3/lib/cucumber/ast/outline_table.rb:119:in `block (2 levels) in accept_plain'
/usr/local/rvm/gems/ruby-1.9.3-p392/gems/cucumber-1.2.3/lib/cucumber/ast/step_collection.rb:37:in `each'
/usr/local/rvm/gems/ruby-1.9.3-p392/gems/cucumber-1.2.3/lib/cucumber/ast/step_collection.rb:37:in `each'
/usr/local/rvm/gems/ruby-1.9.3-p392/gems/cucumber-1.2.3/lib/cucumber/ast/outline_table.rb:118:in `block in accept_plain'
/usr/local/rvm/gems/ruby-1.9.3-p392/gems/cucumber-1.2.3/lib/cucumber/runtime.rb:81:in `block (2 levels) in with_hooks'
/usr/local/rvm/gems/ruby-1.9.3-p392/gems/cucumber-1.2.3/lib/cucumber/runtime.rb:97:in `before_and_after'
/usr/local/rvm/gems/ruby-1.9.3-p392/gems/cucumber-1.2.3/lib/cucumber/runtime.rb:80:in `block in with_hooks'
/usr/local/rvm/gems/ruby-1.9.3-p392/gems/cucumber-1.2.3/lib/cucumber/runtime/support_code.rb:120:in `call'
/usr/local/rvm/gems/ruby-1.9.3-p392/gems/cucumber-1.2.3/lib/cucumber/runtime/support_code.rb:120:in `block (3 levels) in around'
/usr/local/rvm/gems/ruby-1.9.3-p392/gems/cucumber-1.2.3/lib/cucumber/language_support/language_methods.rb:9:in `block in around'
/usr/local/rvm/gems/ruby-1.9.3-p392/gems/cucumber-1.2.3/lib/cucumber/language_support/language_methods.rb:91:in `call'
/usr/local/rvm/gems/ruby-1.9.3-p392/gems/cucumber-1.2.3/lib/cucumber/language_support/language_methods.rb:91:in `execute_around'
/usr/local/rvm/gems/ruby-1.9.3-p392/gems/cucumber-1.2.3/lib/cucumber/language_support/language_methods.rb:8:in `around'
/usr/local/rvm/gems/ruby-1.9.3-p392/gems/cucumber-1.2.3/lib/cucumber/runtime/support_code.rb:119:in `block (2 levels) in around'
/usr/local/rvm/gems/ruby-1.9.3-p392/gems/cucumber-1.2.3/lib/cucumber/runtime/support_code.rb:117:in `call'
/usr/local/rvm/gems/ruby-1.9.3-p392/gems/cucumber-1.2.3/lib/cucumber/runtime/support_code.rb:117:in `around'
/usr/local/rvm/gems/ruby-1.9.3-p392/gems/cucumber-1.2.3/lib/cucumber/runtime.rb:92:in `around'
/usr/local/rvm/gems/ruby-1.9.3-p392/gems/cucumber-1.2.3/lib/cucumber/runtime.rb:79:in `with_hooks'
/usr/local/rvm/gems/ruby-1.9.3-p392/gems/cucumber-1.2.3/lib/cucumber/ast/outline_table.rb:117:in `accept_plain'
/usr/local/rvm/gems/ruby-1.9.3-p392/gems/cucumber-1.2.3/lib/cucumber/ast/outline_table.rb:107:in `accept'
/usr/local/rvm/gems/ruby-1.9.3-p392/gems/cucumber-1.2.3/lib/cucumber/ast/tree_walker.rb:131:in `block in visit_table_row'
/usr/local/rvm/gems/ruby-1.9.3-p392/gems/cucumber-1.2.3/lib/cucumber/ast/tree_walker.rb:163:in `broadcast'
/usr/local/rvm/gems/ruby-1.9.3-p392/gems/cucumber-1.2.3/lib/cucumber/ast/tree_walker.rb:130:in `visit_table_row'
/usr/local/rvm/gems/ruby-1.9.3-p392/gems/cucumber-1.2.3/lib/cucumber/ast/outline_table.rb:27:in `block in accept'
/usr/local/rvm/gems/ruby-1.9.3-p392/gems/cucumber-1.2.3/lib/cucumber/ast/outline_table.rb:23:in `each'
/usr/local/rvm/gems/ruby-1.9.3-p392/gems/cucumber-1.2.3/lib/cucumber/ast/outline_table.rb:23:in `each_with_index'
/usr/local/rvm/gems/ruby-1.9.3-p392/gems/cucumber-1.2.3/lib/cucumber/ast/outline_table.rb:23:in `accept'
/usr/local/rvm/gems/ruby-1.9.3-p392/gems/cucumber-1.2.3/lib/cucumber/ast/tree_walker.rb:83:in `block in visit_outline_table'
/usr/local/rvm/gems/ruby-1.9.3-p392/gems/cucumber-1.2.3/lib/cucumber/ast/tree_walker.rb:163:in `broadcast'
/usr/local/rvm/gems/ruby-1.9.3-p392/gems/cucumber-1.2.3/lib/cucumber/ast/tree_walker.rb:82:in `visit_outline_table'
/usr/local/rvm/gems/ruby-1.9.3-p392/gems/cucumber-1.2.3/lib/cucumber/ast/examples.rb:22:in `accept'
/usr/local/rvm/gems/ruby-1.9.3-p392/gems/cucumber-1.2.3/lib/cucumber/ast/tree_walker.rb:73:in `block in visit_examples'
/usr/local/rvm/gems/ruby-1.9.3-p392/gems/cucumber-1.2.3/lib/cucumber/ast/tree_walker.rb:163:in `broadcast'
/usr/local/rvm/gems/ruby-1.9.3-p392/gems/cucumber-1.2.3/lib/cucumber/ast/tree_walker.rb:72:in `visit_examples'
/usr/local/rvm/gems/ruby-1.9.3-p392/gems/cucumber-1.2.3/lib/cucumber/ast/scenario_outline.rb:14:in `block in accept'
/usr/local/rvm/gems/ruby-1.9.3-p392/gems/cucumber-1.2.3/lib/cucumber/ast/scenario_outline.rb:13:in `each'
/usr/local/rvm/gems/ruby-1.9.3-p392/gems/cucumber-1.2.3/lib/cucumber/ast/scenario_outline.rb:13:in `accept'
/usr/local/rvm/gems/ruby-1.9.3-p392/gems/cucumber-1.2.3/lib/cucumber/ast/tree_walker.rb:67:in `block in visit_examples_array'
/usr/local/rvm/gems/ruby-1.9.3-p392/gems/cucumber-1.2.3/lib/cucumber/ast/tree_walker.rb:163:in `broadcast'
/usr/local/rvm/gems/ruby-1.9.3-p392/gems/cucumber-1.2.3/lib/cucumber/ast/tree_walker.rb:66:in `visit_examples_array'
/usr/local/rvm/gems/ruby-1.9.3-p392/gems/cucumber-1.2.3/lib/cucumber/ast/scenario_outline.rb:68:in `accept'
/usr/local/rvm/gems/ruby-1.9.3-p392/gems/cucumber-1.2.3/lib/cucumber/ast/tree_walker.rb:51:in `block in visit_feature_element'
/usr/local/rvm/gems/ruby-1.9.3-p392/gems/cucumber-1.2.3/lib/cucumber/ast/tree_walker.rb:163:in `broadcast'
/usr/local/rvm/gems/ruby-1.9.3-p392/gems/cucumber-1.2.3/lib/cucumber/ast/tree_walker.rb:50:in `visit_feature_element'
/usr/local/rvm/gems/ruby-1.9.3-p392/gems/cucumber-1.2.3/lib/cucumber/ast/feature.rb:43:in `block in accept'
/usr/local/rvm/gems/ruby-1.9.3-p392/gems/cucumber-1.2.3/lib/cucumber/ast/feature.rb:42:in `each'
/usr/local/rvm/gems/ruby-1.9.3-p392/gems/cucumber-1.2.3/lib/cucumber/ast/feature.rb:42:in `accept'
/usr/local/rvm/gems/ruby-1.9.3-p392/gems/cucumber-1.2.3/lib/cucumber/ast/tree_walker.rb:20:in `block in visit_feature'
/usr/local/rvm/gems/ruby-1.9.3-p392/gems/cucumber-1.2.3/lib/cucumber/ast/tree_walker.rb:163:in `broadcast'
/usr/local/rvm/gems/ruby-1.9.3-p392/gems/cucumber-1.2.3/lib/cucumber/ast/tree_walker.rb:19:in `visit_feature'
/usr/local/rvm/gems/ruby-1.9.3-p392/gems/cucumber-1.2.3/lib/cucumber/ast/features.rb:29:in `block in accept'
/usr/local/rvm/gems/ruby-1.9.3-p392/gems/cucumber-1.2.3/lib/cucumber/ast/features.rb:17:in `each'
/usr/local/rvm/gems/ruby-1.9.3-p392/gems/cucumber-1.2.3/lib/cucumber/ast/features.rb:17:in `each'
/usr/local/rvm/gems/ruby-1.9.3-p392/gems/cucumber-1.2.3/lib/cucumber/ast/features.rb:28:in `accept'
/usr/local/rvm/gems/ruby-1.9.3-p392/gems/cucumber-1.2.3/lib/cucumber/ast/tree_walker.rb:14:in `block in visit_features'
/usr/local/rvm/gems/ruby-1.9.3-p392/gems/cucumber-1.2.3/lib/cucumber/ast/tree_walker.rb:163:in `broadcast'
/usr/local/rvm/gems/ruby-1.9.3-p392/gems/cucumber-1.2.3/lib/cucumber/ast/tree_walker.rb:13:in `visit_features'
/usr/local/rvm/gems/ruby-1.9.3-p392/gems/cucumber-1.2.3/lib/cucumber/runtime.rb:47:in `run!'
/usr/local/rvm/gems/ruby-1.9.3-p392/gems/cucumber-1.2.3/lib/cucumber/cli/main.rb:43:in `execute!'
/usr/local/rvm/gems/ruby-1.9.3-p392/gems/cucumber-1.2.3/lib/cucumber/cli/main.rb:20:in `execute'
/usr/local/rvm/gems/ruby-1.9.3-p392/gems/cucumber-1.2.3/bin/cucumber:14:in `<top (required)>'
/usr/local/rvm/gems/ruby-1.9.3-p392/bin/cucumber:19:in `load'
/usr/local/rvm/gems/ruby-1.9.3-p392/bin/cucumber:19:in `<main>'
/usr/local/rvm/gems/ruby-1.9.3-p392/bin/ruby_noexec_wrapper:14:in `eval'
/usr/local/rvm/gems/ruby-1.9.3-p392/bin/ruby_noexec_wrapper:14:in `<main>'
features/login.feature:17:in `Given I open '<service>' site for the opco '<opco>' in a logged out state']]>
  </failure>
  <system-out/>
  <system-err/>
</testcase>
<testcase classname="LOGIN" name="Group Login (outline example : | ie | contentbackup | usual_msisdn_2 | usual_password |)" time="0.401650">
  <failure message="failed Group Login (outline example : | ie | contentbackup | usual_msisdn_2 | usual_password |)" type="failed">
    <![CDATA[Scenario Outline: Group Login

Example row: | gb | music | usual_msisdn_2 | usual_password |

Message:
Example row: | ie | contacts | usual_msisdn_2 | usual_password |

Message:
Example row: | ie | nwab | usual_msisdn_2 | usual_password |

Message:
Example row: | ie | contentbackup | usual_msisdn_2 | usual_password |

Message:
]]>
    <![CDATA[unexpected response, code=404, content-type=""
unknown command: session/61a9d9f6391e38daf5d133be8708e330/element/name (Selenium::WebDriver::Error::WebDriverError)
/usr/local/rvm/gems/ruby-1.9.3-p392/gems/selenium-webdriver-2.31.0/lib/selenium/webdriver/remote/http/common.rb:66:in `create_response'
/usr/local/rvm/gems/ruby-1.9.3-p392/gems/selenium-webdriver-2.31.0/lib/selenium/webdriver/remote/http/default.rb:66:in `request'
/usr/local/rvm/gems/ruby-1.9.3-p392/gems/selenium-webdriver-2.31.0/lib/selenium/webdriver/remote/http/common.rb:40:in `call'
/usr/local/rvm/gems/ruby-1.9.3-p392/gems/selenium-webdriver-2.31.0/lib/selenium/webdriver/remote/bridge.rb:616:in `raw_execute'
/usr/local/rvm/gems/ruby-1.9.3-p392/gems/selenium-webdriver-2.31.0/lib/selenium/webdriver/remote/bridge.rb:594:in `execute'
/usr/local/rvm/gems/ruby-1.9.3-p392/gems/selenium-webdriver-2.31.0/lib/selenium/webdriver/remote/bridge.rb:493:in `getElementTagName'
/usr/local/rvm/gems/ruby-1.9.3-p392/gems/selenium-webdriver-2.31.0/lib/selenium/webdriver/common/element.rb:68:in `tag_name'
/usr/local/rvm/gems/ruby-1.9.3-p392/gems/watir-webdriver-0.6.2/lib/watir-webdriver/locators/element_locator.rb:387:in `validate_element'
/usr/local/rvm/gems/ruby-1.9.3-p392/gems/watir-webdriver-0.6.2/lib/watir-webdriver/locators/element_locator.rb:37:in `locate'
/usr/local/rvm/gems/ruby-1.9.3-p392/gems/watir-webdriver-0.6.2/lib/watir-webdriver/elements/element.rb:509:in `locate'
/usr/local/rvm/gems/ruby-1.9.3-p392/gems/watir-webdriver-0.6.2/lib/watir-webdriver/elements/element.rb:487:in `assert_exists'
/usr/local/rvm/gems/ruby-1.9.3-p392/gems/watir-webdriver-0.6.2/lib/watir-webdriver/elements/element.rb:118:in `click'
/Users/Subhash/git/automated_tests_web_login_app/features/pages/MockServicePage.rb:13:in `visit'
/Users/Subhash/git/automated_tests_web_login_app/features/step_definitions/loginapp_steps.rb:17:in `block in <top (required)>'
/usr/local/rvm/gems/ruby-1.9.3-p392/gems/cucumber-1.2.3/lib/cucumber/core_ext/instance_exec.rb:48:in `instance_exec'
/usr/local/rvm/gems/ruby-1.9.3-p392/gems/cucumber-1.2.3/lib/cucumber/core_ext/instance_exec.rb:48:in `block in cucumber_instance_exec'
/usr/local/rvm/gems/ruby-1.9.3-p392/gems/cucumber-1.2.3/lib/cucumber/core_ext/instance_exec.rb:69:in `cucumber_run_with_backtrace_filtering'
/usr/local/rvm/gems/ruby-1.9.3-p392/gems/cucumber-1.2.3/lib/cucumber/core_ext/instance_exec.rb:36:in `cucumber_instance_exec'
/usr/local/rvm/gems/ruby-1.9.3-p392/gems/cucumber-1.2.3/lib/cucumber/rb_support/rb_step_definition.rb:97:in `invoke'
/usr/local/rvm/gems/ruby-1.9.3-p392/gems/cucumber-1.2.3/lib/cucumber/step_match.rb:25:in `invoke'
/usr/local/rvm/gems/ruby-1.9.3-p392/gems/cucumber-1.2.3/lib/cucumber/ast/step_invocation.rb:60:in `invoke'
/usr/local/rvm/gems/ruby-1.9.3-p392/gems/cucumber-1.2.3/lib/cucumber/ast/outline_table.rb:119:in `block (2 levels) in accept_plain'
/usr/local/rvm/gems/ruby-1.9.3-p392/gems/cucumber-1.2.3/lib/cucumber/ast/step_collection.rb:37:in `each'
/usr/local/rvm/gems/ruby-1.9.3-p392/gems/cucumber-1.2.3/lib/cucumber/ast/step_collection.rb:37:in `each'
/usr/local/rvm/gems/ruby-1.9.3-p392/gems/cucumber-1.2.3/lib/cucumber/ast/outline_table.rb:118:in `block in accept_plain'
/usr/local/rvm/gems/ruby-1.9.3-p392/gems/cucumber-1.2.3/lib/cucumber/runtime.rb:81:in `block (2 levels) in with_hooks'
/usr/local/rvm/gems/ruby-1.9.3-p392/gems/cucumber-1.2.3/lib/cucumber/runtime.rb:97:in `before_and_after'
/usr/local/rvm/gems/ruby-1.9.3-p392/gems/cucumber-1.2.3/lib/cucumber/runtime.rb:80:in `block in with_hooks'
/usr/local/rvm/gems/ruby-1.9.3-p392/gems/cucumber-1.2.3/lib/cucumber/runtime/support_code.rb:120:in `call'
/usr/local/rvm/gems/ruby-1.9.3-p392/gems/cucumber-1.2.3/lib/cucumber/runtime/support_code.rb:120:in `block (3 levels) in around'
/usr/local/rvm/gems/ruby-1.9.3-p392/gems/cucumber-1.2.3/lib/cucumber/language_support/language_methods.rb:9:in `block in around'
/usr/local/rvm/gems/ruby-1.9.3-p392/gems/cucumber-1.2.3/lib/cucumber/language_support/language_methods.rb:91:in `call'
/usr/local/rvm/gems/ruby-1.9.3-p392/gems/cucumber-1.2.3/lib/cucumber/language_support/language_methods.rb:91:in `execute_around'
/usr/local/rvm/gems/ruby-1.9.3-p392/gems/cucumber-1.2.3/lib/cucumber/language_support/language_methods.rb:8:in `around'
/usr/local/rvm/gems/ruby-1.9.3-p392/gems/cucumber-1.2.3/lib/cucumber/runtime/support_code.rb:119:in `block (2 levels) in around'
/usr/local/rvm/gems/ruby-1.9.3-p392/gems/cucumber-1.2.3/lib/cucumber/runtime/support_code.rb:117:in `call'
/usr/local/rvm/gems/ruby-1.9.3-p392/gems/cucumber-1.2.3/lib/cucumber/runtime/support_code.rb:117:in `around'
/usr/local/rvm/gems/ruby-1.9.3-p392/gems/cucumber-1.2.3/lib/cucumber/runtime.rb:92:in `around'
/usr/local/rvm/gems/ruby-1.9.3-p392/gems/cucumber-1.2.3/lib/cucumber/runtime.rb:79:in `with_hooks'
/usr/local/rvm/gems/ruby-1.9.3-p392/gems/cucumber-1.2.3/lib/cucumber/ast/outline_table.rb:117:in `accept_plain'
/usr/local/rvm/gems/ruby-1.9.3-p392/gems/cucumber-1.2.3/lib/cucumber/ast/outline_table.rb:107:in `accept'
/usr/local/rvm/gems/ruby-1.9.3-p392/gems/cucumber-1.2.3/lib/cucumber/ast/tree_walker.rb:131:in `block in visit_table_row'
/usr/local/rvm/gems/ruby-1.9.3-p392/gems/cucumber-1.2.3/lib/cucumber/ast/tree_walker.rb:163:in `broadcast'
/usr/local/rvm/gems/ruby-1.9.3-p392/gems/cucumber-1.2.3/lib/cucumber/ast/tree_walker.rb:130:in `visit_table_row'
/usr/local/rvm/gems/ruby-1.9.3-p392/gems/cucumber-1.2.3/lib/cucumber/ast/outline_table.rb:27:in `block in accept'
/usr/local/rvm/gems/ruby-1.9.3-p392/gems/cucumber-1.2.3/lib/cucumber/ast/outline_table.rb:23:in `each'
/usr/local/rvm/gems/ruby-1.9.3-p392/gems/cucumber-1.2.3/lib/cucumber/ast/outline_table.rb:23:in `each_with_index'
/usr/local/rvm/gems/ruby-1.9.3-p392/gems/cucumber-1.2.3/lib/cucumber/ast/outline_table.rb:23:in `accept'
/usr/local/rvm/gems/ruby-1.9.3-p392/gems/cucumber-1.2.3/lib/cucumber/ast/tree_walker.rb:83:in `block in visit_outline_table'
/usr/local/rvm/gems/ruby-1.9.3-p392/gems/cucumber-1.2.3/lib/cucumber/ast/tree_walker.rb:163:in `broadcast'
/usr/local/rvm/gems/ruby-1.9.3-p392/gems/cucumber-1.2.3/lib/cucumber/ast/tree_walker.rb:82:in `visit_outline_table'
/usr/local/rvm/gems/ruby-1.9.3-p392/gems/cucumber-1.2.3/lib/cucumber/ast/examples.rb:22:in `accept'
/usr/local/rvm/gems/ruby-1.9.3-p392/gems/cucumber-1.2.3/lib/cucumber/ast/tree_walker.rb:73:in `block in visit_examples'
/usr/local/rvm/gems/ruby-1.9.3-p392/gems/cucumber-1.2.3/lib/cucumber/ast/tree_walker.rb:163:in `broadcast'
/usr/local/rvm/gems/ruby-1.9.3-p392/gems/cucumber-1.2.3/lib/cucumber/ast/tree_walker.rb:72:in `visit_examples'
/usr/local/rvm/gems/ruby-1.9.3-p392/gems/cucumber-1.2.3/lib/cucumber/ast/scenario_outline.rb:14:in `block in accept'
/usr/local/rvm/gems/ruby-1.9.3-p392/gems/cucumber-1.2.3/lib/cucumber/ast/scenario_outline.rb:13:in `each'
/usr/local/rvm/gems/ruby-1.9.3-p392/gems/cucumber-1.2.3/lib/cucumber/ast/scenario_outline.rb:13:in `accept'
/usr/local/rvm/gems/ruby-1.9.3-p392/gems/cucumber-1.2.3/lib/cucumber/ast/tree_walker.rb:67:in `block in visit_examples_array'
/usr/local/rvm/gems/ruby-1.9.3-p392/gems/cucumber-1.2.3/lib/cucumber/ast/tree_walker.rb:163:in `broadcast'
/usr/local/rvm/gems/ruby-1.9.3-p392/gems/cucumber-1.2.3/lib/cucumber/ast/tree_walker.rb:66:in `visit_examples_array'
/usr/local/rvm/gems/ruby-1.9.3-p392/gems/cucumber-1.2.3/lib/cucumber/ast/scenario_outline.rb:68:in `accept'
/usr/local/rvm/gems/ruby-1.9.3-p392/gems/cucumber-1.2.3/lib/cucumber/ast/tree_walker.rb:51:in `block in visit_feature_element'
/usr/local/rvm/gems/ruby-1.9.3-p392/gems/cucumber-1.2.3/lib/cucumber/ast/tree_walker.rb:163:in `broadcast'
/usr/local/rvm/gems/ruby-1.9.3-p392/gems/cucumber-1.2.3/lib/cucumber/ast/tree_walker.rb:50:in `visit_feature_element'
/usr/local/rvm/gems/ruby-1.9.3-p392/gems/cucumber-1.2.3/lib/cucumber/ast/feature.rb:43:in `block in accept'
/usr/local/rvm/gems/ruby-1.9.3-p392/gems/cucumber-1.2.3/lib/cucumber/ast/feature.rb:42:in `each'
/usr/local/rvm/gems/ruby-1.9.3-p392/gems/cucumber-1.2.3/lib/cucumber/ast/feature.rb:42:in `accept'
/usr/local/rvm/gems/ruby-1.9.3-p392/gems/cucumber-1.2.3/lib/cucumber/ast/tree_walker.rb:20:in `block in visit_feature'
/usr/local/rvm/gems/ruby-1.9.3-p392/gems/cucumber-1.2.3/lib/cucumber/ast/tree_walker.rb:163:in `broadcast'
/usr/local/rvm/gems/ruby-1.9.3-p392/gems/cucumber-1.2.3/lib/cucumber/ast/tree_walker.rb:19:in `visit_feature'
/usr/local/rvm/gems/ruby-1.9.3-p392/gems/cucumber-1.2.3/lib/cucumber/ast/features.rb:29:in `block in accept'
/usr/local/rvm/gems/ruby-1.9.3-p392/gems/cucumber-1.2.3/lib/cucumber/ast/features.rb:17:in `each'
/usr/local/rvm/gems/ruby-1.9.3-p392/gems/cucumber-1.2.3/lib/cucumber/ast/features.rb:17:in `each'
/usr/local/rvm/gems/ruby-1.9.3-p392/gems/cucumber-1.2.3/lib/cucumber/ast/features.rb:28:in `accept'
/usr/local/rvm/gems/ruby-1.9.3-p392/gems/cucumber-1.2.3/lib/cucumber/ast/tree_walker.rb:14:in `block in visit_features'
/usr/local/rvm/gems/ruby-1.9.3-p392/gems/cucumber-1.2.3/lib/cucumber/ast/tree_walker.rb:163:in `broadcast'
/usr/local/rvm/gems/ruby-1.9.3-p392/gems/cucumber-1.2.3/lib/cucumber/ast/tree_walker.rb:13:in `visit_features'
/usr/local/rvm/gems/ruby-1.9.3-p392/gems/cucumber-1.2.3/lib/cucumber/runtime.rb:47:in `run!'
/usr/local/rvm/gems/ruby-1.9.3-p392/gems/cucumber-1.2.3/lib/cucumber/cli/main.rb:43:in `execute!'
/usr/local/rvm/gems/ruby-1.9.3-p392/gems/cucumber-1.2.3/lib/cucumber/cli/main.rb:20:in `execute'
/usr/local/rvm/gems/ruby-1.9.3-p392/gems/cucumber-1.2.3/bin/cucumber:14:in `<top (required)>'
/usr/local/rvm/gems/ruby-1.9.3-p392/bin/cucumber:19:in `load'
/usr/local/rvm/gems/ruby-1.9.3-p392/bin/cucumber:19:in `<main>'
/usr/local/rvm/gems/ruby-1.9.3-p392/bin/ruby_noexec_wrapper:14:in `eval'
/usr/local/rvm/gems/ruby-1.9.3-p392/bin/ruby_noexec_wrapper:14:in `<main>'
features/login.feature:17:in `Given I open '<service>' site for the opco '<opco>' in a logged out state']]>
  </failure>
  <system-out/>
  <system-err/>
</testcase>
<testcase classname="LOGIN" name="Group Login (outline example : | ie | music | usual_msisdn_2 | usual_password |)" time="0.503510">
  <failure message="failed Group Login (outline example : | ie | music | usual_msisdn_2 | usual_password |)" type="failed">
    <![CDATA[Scenario Outline: Group Login

Example row: | gb | music | usual_msisdn_2 | usual_password |

Message:
Example row: | ie | contacts | usual_msisdn_2 | usual_password |

Message:
Example row: | ie | nwab | usual_msisdn_2 | usual_password |

Message:
Example row: | ie | contentbackup | usual_msisdn_2 | usual_password |

Message:
Example row: | ie | music | usual_msisdn_2 | usual_password |

Message:
]]>
    <![CDATA[unexpected response, code=404, content-type=""
unknown command: session/61a9d9f6391e38daf5d133be8708e330/element/name (Selenium::WebDriver::Error::WebDriverError)
/usr/local/rvm/gems/ruby-1.9.3-p392/gems/selenium-webdriver-2.31.0/lib/selenium/webdriver/remote/http/common.rb:66:in `create_response'
/usr/local/rvm/gems/ruby-1.9.3-p392/gems/selenium-webdriver-2.31.0/lib/selenium/webdriver/remote/http/default.rb:66:in `request'
/usr/local/rvm/gems/ruby-1.9.3-p392/gems/selenium-webdriver-2.31.0/lib/selenium/webdriver/remote/http/common.rb:40:in `call'
/usr/local/rvm/gems/ruby-1.9.3-p392/gems/selenium-webdriver-2.31.0/lib/selenium/webdriver/remote/bridge.rb:616:in `raw_execute'
/usr/local/rvm/gems/ruby-1.9.3-p392/gems/selenium-webdriver-2.31.0/lib/selenium/webdriver/remote/bridge.rb:594:in `execute'
/usr/local/rvm/gems/ruby-1.9.3-p392/gems/selenium-webdriver-2.31.0/lib/selenium/webdriver/remote/bridge.rb:493:in `getElementTagName'
/usr/local/rvm/gems/ruby-1.9.3-p392/gems/selenium-webdriver-2.31.0/lib/selenium/webdriver/common/element.rb:68:in `tag_name'
/usr/local/rvm/gems/ruby-1.9.3-p392/gems/watir-webdriver-0.6.2/lib/watir-webdriver/locators/element_locator.rb:387:in `validate_element'
/usr/local/rvm/gems/ruby-1.9.3-p392/gems/watir-webdriver-0.6.2/lib/watir-webdriver/locators/element_locator.rb:37:in `locate'
/usr/local/rvm/gems/ruby-1.9.3-p392/gems/watir-webdriver-0.6.2/lib/watir-webdriver/elements/element.rb:509:in `locate'
/usr/local/rvm/gems/ruby-1.9.3-p392/gems/watir-webdriver-0.6.2/lib/watir-webdriver/elements/element.rb:487:in `assert_exists'
/usr/local/rvm/gems/ruby-1.9.3-p392/gems/watir-webdriver-0.6.2/lib/watir-webdriver/elements/element.rb:118:in `click'
/Users/Subhash/git/automated_tests_web_login_app/features/pages/MockServicePage.rb:13:in `visit'
/Users/Subhash/git/automated_tests_web_login_app/features/step_definitions/loginapp_steps.rb:17:in `block in <top (required)>'
/usr/local/rvm/gems/ruby-1.9.3-p392/gems/cucumber-1.2.3/lib/cucumber/core_ext/instance_exec.rb:48:in `instance_exec'
/usr/local/rvm/gems/ruby-1.9.3-p392/gems/cucumber-1.2.3/lib/cucumber/core_ext/instance_exec.rb:48:in `block in cucumber_instance_exec'
/usr/local/rvm/gems/ruby-1.9.3-p392/gems/cucumber-1.2.3/lib/cucumber/core_ext/instance_exec.rb:69:in `cucumber_run_with_backtrace_filtering'
/usr/local/rvm/gems/ruby-1.9.3-p392/gems/cucumber-1.2.3/lib/cucumber/core_ext/instance_exec.rb:36:in `cucumber_instance_exec'
/usr/local/rvm/gems/ruby-1.9.3-p392/gems/cucumber-1.2.3/lib/cucumber/rb_support/rb_step_definition.rb:97:in `invoke'
/usr/local/rvm/gems/ruby-1.9.3-p392/gems/cucumber-1.2.3/lib/cucumber/step_match.rb:25:in `invoke'
/usr/local/rvm/gems/ruby-1.9.3-p392/gems/cucumber-1.2.3/lib/cucumber/ast/step_invocation.rb:60:in `invoke'
/usr/local/rvm/gems/ruby-1.9.3-p392/gems/cucumber-1.2.3/lib/cucumber/ast/outline_table.rb:119:in `block (2 levels) in accept_plain'
/usr/local/rvm/gems/ruby-1.9.3-p392/gems/cucumber-1.2.3/lib/cucumber/ast/step_collection.rb:37:in `each'
/usr/local/rvm/gems/ruby-1.9.3-p392/gems/cucumber-1.2.3/lib/cucumber/ast/step_collection.rb:37:in `each'
/usr/local/rvm/gems/ruby-1.9.3-p392/gems/cucumber-1.2.3/lib/cucumber/ast/outline_table.rb:118:in `block in accept_plain'
/usr/local/rvm/gems/ruby-1.9.3-p392/gems/cucumber-1.2.3/lib/cucumber/runtime.rb:81:in `block (2 levels) in with_hooks'
/usr/local/rvm/gems/ruby-1.9.3-p392/gems/cucumber-1.2.3/lib/cucumber/runtime.rb:97:in `before_and_after'
/usr/local/rvm/gems/ruby-1.9.3-p392/gems/cucumber-1.2.3/lib/cucumber/runtime.rb:80:in `block in with_hooks'
/usr/local/rvm/gems/ruby-1.9.3-p392/gems/cucumber-1.2.3/lib/cucumber/runtime/support_code.rb:120:in `call'
/usr/local/rvm/gems/ruby-1.9.3-p392/gems/cucumber-1.2.3/lib/cucumber/runtime/support_code.rb:120:in `block (3 levels) in around'
/usr/local/rvm/gems/ruby-1.9.3-p392/gems/cucumber-1.2.3/lib/cucumber/language_support/language_methods.rb:9:in `block in around'
/usr/local/rvm/gems/ruby-1.9.3-p392/gems/cucumber-1.2.3/lib/cucumber/language_support/language_methods.rb:91:in `call'
/usr/local/rvm/gems/ruby-1.9.3-p392/gems/cucumber-1.2.3/lib/cucumber/language_support/language_methods.rb:91:in `execute_around'
/usr/local/rvm/gems/ruby-1.9.3-p392/gems/cucumber-1.2.3/lib/cucumber/language_support/language_methods.rb:8:in `around'
/usr/local/rvm/gems/ruby-1.9.3-p392/gems/cucumber-1.2.3/lib/cucumber/runtime/support_code.rb:119:in `block (2 levels) in around'
/usr/local/rvm/gems/ruby-1.9.3-p392/gems/cucumber-1.2.3/lib/cucumber/runtime/support_code.rb:117:in `call'
/usr/local/rvm/gems/ruby-1.9.3-p392/gems/cucumber-1.2.3/lib/cucumber/runtime/support_code.rb:117:in `around'
/usr/local/rvm/gems/ruby-1.9.3-p392/gems/cucumber-1.2.3/lib/cucumber/runtime.rb:92:in `around'
/usr/local/rvm/gems/ruby-1.9.3-p392/gems/cucumber-1.2.3/lib/cucumber/runtime.rb:79:in `with_hooks'
/usr/local/rvm/gems/ruby-1.9.3-p392/gems/cucumber-1.2.3/lib/cucumber/ast/outline_table.rb:117:in `accept_plain'
/usr/local/rvm/gems/ruby-1.9.3-p392/gems/cucumber-1.2.3/lib/cucumber/ast/outline_table.rb:107:in `accept'
/usr/local/rvm/gems/ruby-1.9.3-p392/gems/cucumber-1.2.3/lib/cucumber/ast/tree_walker.rb:131:in `block in visit_table_row'
/usr/local/rvm/gems/ruby-1.9.3-p392/gems/cucumber-1.2.3/lib/cucumber/ast/tree_walker.rb:163:in `broadcast'
/usr/local/rvm/gems/ruby-1.9.3-p392/gems/cucumber-1.2.3/lib/cucumber/ast/tree_walker.rb:130:in `visit_table_row'
/usr/local/rvm/gems/ruby-1.9.3-p392/gems/cucumber-1.2.3/lib/cucumber/ast/outline_table.rb:27:in `block in accept'
/usr/local/rvm/gems/ruby-1.9.3-p392/gems/cucumber-1.2.3/lib/cucumber/ast/outline_table.rb:23:in `each'
/usr/local/rvm/gems/ruby-1.9.3-p392/gems/cucumber-1.2.3/lib/cucumber/ast/outline_table.rb:23:in `each_with_index'
/usr/local/rvm/gems/ruby-1.9.3-p392/gems/cucumber-1.2.3/lib/cucumber/ast/outline_table.rb:23:in `accept'
/usr/local/rvm/gems/ruby-1.9.3-p392/gems/cucumber-1.2.3/lib/cucumber/ast/tree_walker.rb:83:in `block in visit_outline_table'
/usr/local/rvm/gems/ruby-1.9.3-p392/gems/cucumber-1.2.3/lib/cucumber/ast/tree_walker.rb:163:in `broadcast'
/usr/local/rvm/gems/ruby-1.9.3-p392/gems/cucumber-1.2.3/lib/cucumber/ast/tree_walker.rb:82:in `visit_outline_table'
/usr/local/rvm/gems/ruby-1.9.3-p392/gems/cucumber-1.2.3/lib/cucumber/ast/examples.rb:22:in `accept'
/usr/local/rvm/gems/ruby-1.9.3-p392/gems/cucumber-1.2.3/lib/cucumber/ast/tree_walker.rb:73:in `block in visit_examples'
/usr/local/rvm/gems/ruby-1.9.3-p392/gems/cucumber-1.2.3/lib/cucumber/ast/tree_walker.rb:163:in `broadcast'
/usr/local/rvm/gems/ruby-1.9.3-p392/gems/cucumber-1.2.3/lib/cucumber/ast/tree_walker.rb:72:in `visit_examples'
/usr/local/rvm/gems/ruby-1.9.3-p392/gems/cucumber-1.2.3/lib/cucumber/ast/scenario_outline.rb:14:in `block in accept'
/usr/local/rvm/gems/ruby-1.9.3-p392/gems/cucumber-1.2.3/lib/cucumber/ast/scenario_outline.rb:13:in `each'
/usr/local/rvm/gems/ruby-1.9.3-p392/gems/cucumber-1.2.3/lib/cucumber/ast/scenario_outline.rb:13:in `accept'
/usr/local/rvm/gems/ruby-1.9.3-p392/gems/cucumber-1.2.3/lib/cucumber/ast/tree_walker.rb:67:in `block in visit_examples_array'
/usr/local/rvm/gems/ruby-1.9.3-p392/gems/cucumber-1.2.3/lib/cucumber/ast/tree_walker.rb:163:in `broadcast'
/usr/local/rvm/gems/ruby-1.9.3-p392/gems/cucumber-1.2.3/lib/cucumber/ast/tree_walker.rb:66:in `visit_examples_array'
/usr/local/rvm/gems/ruby-1.9.3-p392/gems/cucumber-1.2.3/lib/cucumber/ast/scenario_outline.rb:68:in `accept'
/usr/local/rvm/gems/ruby-1.9.3-p392/gems/cucumber-1.2.3/lib/cucumber/ast/tree_walker.rb:51:in `block in visit_feature_element'
/usr/local/rvm/gems/ruby-1.9.3-p392/gems/cucumber-1.2.3/lib/cucumber/ast/tree_walker.rb:163:in `broadcast'
/usr/local/rvm/gems/ruby-1.9.3-p392/gems/cucumber-1.2.3/lib/cucumber/ast/tree_walker.rb:50:in `visit_feature_element'
/usr/local/rvm/gems/ruby-1.9.3-p392/gems/cucumber-1.2.3/lib/cucumber/ast/feature.rb:43:in `block in accept'
/usr/local/rvm/gems/ruby-1.9.3-p392/gems/cucumber-1.2.3/lib/cucumber/ast/feature.rb:42:in `each'
/usr/local/rvm/gems/ruby-1.9.3-p392/gems/cucumber-1.2.3/lib/cucumber/ast/feature.rb:42:in `accept'
/usr/local/rvm/gems/ruby-1.9.3-p392/gems/cucumber-1.2.3/lib/cucumber/ast/tree_walker.rb:20:in `block in visit_feature'
/usr/local/rvm/gems/ruby-1.9.3-p392/gems/cucumber-1.2.3/lib/cucumber/ast/tree_walker.rb:163:in `broadcast'
/usr/local/rvm/gems/ruby-1.9.3-p392/gems/cucumber-1.2.3/lib/cucumber/ast/tree_walker.rb:19:in `visit_feature'
/usr/local/rvm/gems/ruby-1.9.3-p392/gems/cucumber-1.2.3/lib/cucumber/ast/features.rb:29:in `block in accept'
/usr/local/rvm/gems/ruby-1.9.3-p392/gems/cucumber-1.2.3/lib/cucumber/ast/features.rb:17:in `each'
/usr/local/rvm/gems/ruby-1.9.3-p392/gems/cucumber-1.2.3/lib/cucumber/ast/features.rb:17:in `each'
/usr/local/rvm/gems/ruby-1.9.3-p392/gems/cucumber-1.2.3/lib/cucumber/ast/features.rb:28:in `accept'
/usr/local/rvm/gems/ruby-1.9.3-p392/gems/cucumber-1.2.3/lib/cucumber/ast/tree_walker.rb:14:in `block in visit_features'
/usr/local/rvm/gems/ruby-1.9.3-p392/gems/cucumber-1.2.3/lib/cucumber/ast/tree_walker.rb:163:in `broadcast'
/usr/local/rvm/gems/ruby-1.9.3-p392/gems/cucumber-1.2.3/lib/cucumber/ast/tree_walker.rb:13:in `visit_features'
/usr/local/rvm/gems/ruby-1.9.3-p392/gems/cucumber-1.2.3/lib/cucumber/runtime.rb:47:in `run!'
/usr/local/rvm/gems/ruby-1.9.3-p392/gems/cucumber-1.2.3/lib/cucumber/cli/main.rb:43:in `execute!'
/usr/local/rvm/gems/ruby-1.9.3-p392/gems/cucumber-1.2.3/lib/cucumber/cli/main.rb:20:in `execute'
/usr/local/rvm/gems/ruby-1.9.3-p392/gems/cucumber-1.2.3/bin/cucumber:14:in `<top (required)>'
/usr/local/rvm/gems/ruby-1.9.3-p392/bin/cucumber:19:in `load'
/usr/local/rvm/gems/ruby-1.9.3-p392/bin/cucumber:19:in `<main>'
/usr/local/rvm/gems/ruby-1.9.3-p392/bin/ruby_noexec_wrapper:14:in `eval'
/usr/local/rvm/gems/ruby-1.9.3-p392/bin/ruby_noexec_wrapper:14:in `<main>'
features/login.feature:17:in `Given I open '<service>' site for the opco '<opco>' in a logged out state']]>
  </failure>
  <system-out/>
  <system-err/>
</testcase>
<testcase classname="LOGIN" name="Group Login (outline example : | it | music | usual_msisdn_2 | usual_password |)" time="0.459563">
  <failure message="failed Group Login (outline example : | it | music | usual_msisdn_2 | usual_password |)" type="failed">
    <![CDATA[Scenario Outline: Group Login

Example row: | gb | music | usual_msisdn_2 | usual_password |

Message:
Example row: | ie | contacts | usual_msisdn_2 | usual_password |

Message:
Example row: | ie | nwab | usual_msisdn_2 | usual_password |

Message:
Example row: | ie | contentbackup | usual_msisdn_2 | usual_password |

Message:
Example row: | ie | music | usual_msisdn_2 | usual_password |

Message:
Example row: | it | music | usual_msisdn_2 | usual_password |

Message:
]]>
    <![CDATA[unexpected response, code=404, content-type=""
unknown command: session/61a9d9f6391e38daf5d133be8708e330/element/name (Selenium::WebDriver::Error::WebDriverError)
/usr/local/rvm/gems/ruby-1.9.3-p392/gems/selenium-webdriver-2.31.0/lib/selenium/webdriver/remote/http/common.rb:66:in `create_response'
/usr/local/rvm/gems/ruby-1.9.3-p392/gems/selenium-webdriver-2.31.0/lib/selenium/webdriver/remote/http/default.rb:66:in `request'
/usr/local/rvm/gems/ruby-1.9.3-p392/gems/selenium-webdriver-2.31.0/lib/selenium/webdriver/remote/http/common.rb:40:in `call'
/usr/local/rvm/gems/ruby-1.9.3-p392/gems/selenium-webdriver-2.31.0/lib/selenium/webdriver/remote/bridge.rb:616:in `raw_execute'
/usr/local/rvm/gems/ruby-1.9.3-p392/gems/selenium-webdriver-2.31.0/lib/selenium/webdriver/remote/bridge.rb:594:in `execute'
/usr/local/rvm/gems/ruby-1.9.3-p392/gems/selenium-webdriver-2.31.0/lib/selenium/webdriver/remote/bridge.rb:493:in `getElementTagName'
/usr/local/rvm/gems/ruby-1.9.3-p392/gems/selenium-webdriver-2.31.0/lib/selenium/webdriver/common/element.rb:68:in `tag_name'
/usr/local/rvm/gems/ruby-1.9.3-p392/gems/watir-webdriver-0.6.2/lib/watir-webdriver/locators/element_locator.rb:387:in `validate_element'
/usr/local/rvm/gems/ruby-1.9.3-p392/gems/watir-webdriver-0.6.2/lib/watir-webdriver/locators/element_locator.rb:37:in `locate'
/usr/local/rvm/gems/ruby-1.9.3-p392/gems/watir-webdriver-0.6.2/lib/watir-webdriver/elements/element.rb:509:in `locate'
/usr/local/rvm/gems/ruby-1.9.3-p392/gems/watir-webdriver-0.6.2/lib/watir-webdriver/elements/element.rb:487:in `assert_exists'
/usr/local/rvm/gems/ruby-1.9.3-p392/gems/watir-webdriver-0.6.2/lib/watir-webdriver/elements/element.rb:118:in `click'
/Users/Subhash/git/automated_tests_web_login_app/features/pages/MockServicePage.rb:13:in `visit'
/Users/Subhash/git/automated_tests_web_login_app/features/step_definitions/loginapp_steps.rb:17:in `block in <top (required)>'
/usr/local/rvm/gems/ruby-1.9.3-p392/gems/cucumber-1.2.3/lib/cucumber/core_ext/instance_exec.rb:48:in `instance_exec'
/usr/local/rvm/gems/ruby-1.9.3-p392/gems/cucumber-1.2.3/lib/cucumber/core_ext/instance_exec.rb:48:in `block in cucumber_instance_exec'
/usr/local/rvm/gems/ruby-1.9.3-p392/gems/cucumber-1.2.3/lib/cucumber/core_ext/instance_exec.rb:69:in `cucumber_run_with_backtrace_filtering'
/usr/local/rvm/gems/ruby-1.9.3-p392/gems/cucumber-1.2.3/lib/cucumber/core_ext/instance_exec.rb:36:in `cucumber_instance_exec'
/usr/local/rvm/gems/ruby-1.9.3-p392/gems/cucumber-1.2.3/lib/cucumber/rb_support/rb_step_definition.rb:97:in `invoke'
/usr/local/rvm/gems/ruby-1.9.3-p392/gems/cucumber-1.2.3/lib/cucumber/step_match.rb:25:in `invoke'
/usr/local/rvm/gems/ruby-1.9.3-p392/gems/cucumber-1.2.3/lib/cucumber/ast/step_invocation.rb:60:in `invoke'
/usr/local/rvm/gems/ruby-1.9.3-p392/gems/cucumber-1.2.3/lib/cucumber/ast/outline_table.rb:119:in `block (2 levels) in accept_plain'
/usr/local/rvm/gems/ruby-1.9.3-p392/gems/cucumber-1.2.3/lib/cucumber/ast/step_collection.rb:37:in `each'
/usr/local/rvm/gems/ruby-1.9.3-p392/gems/cucumber-1.2.3/lib/cucumber/ast/step_collection.rb:37:in `each'
/usr/local/rvm/gems/ruby-1.9.3-p392/gems/cucumber-1.2.3/lib/cucumber/ast/outline_table.rb:118:in `block in accept_plain'
/usr/local/rvm/gems/ruby-1.9.3-p392/gems/cucumber-1.2.3/lib/cucumber/runtime.rb:81:in `block (2 levels) in with_hooks'
/usr/local/rvm/gems/ruby-1.9.3-p392/gems/cucumber-1.2.3/lib/cucumber/runtime.rb:97:in `before_and_after'
/usr/local/rvm/gems/ruby-1.9.3-p392/gems/cucumber-1.2.3/lib/cucumber/runtime.rb:80:in `block in with_hooks'
/usr/local/rvm/gems/ruby-1.9.3-p392/gems/cucumber-1.2.3/lib/cucumber/runtime/support_code.rb:120:in `call'
/usr/local/rvm/gems/ruby-1.9.3-p392/gems/cucumber-1.2.3/lib/cucumber/runtime/support_code.rb:120:in `block (3 levels) in around'
/usr/local/rvm/gems/ruby-1.9.3-p392/gems/cucumber-1.2.3/lib/cucumber/language_support/language_methods.rb:9:in `block in around'
/usr/local/rvm/gems/ruby-1.9.3-p392/gems/cucumber-1.2.3/lib/cucumber/language_support/language_methods.rb:91:in `call'
/usr/local/rvm/gems/ruby-1.9.3-p392/gems/cucumber-1.2.3/lib/cucumber/language_support/language_methods.rb:91:in `execute_around'
/usr/local/rvm/gems/ruby-1.9.3-p392/gems/cucumber-1.2.3/lib/cucumber/language_support/language_methods.rb:8:in `around'
/usr/local/rvm/gems/ruby-1.9.3-p392/gems/cucumber-1.2.3/lib/cucumber/runtime/support_code.rb:119:in `block (2 levels) in around'
/usr/local/rvm/gems/ruby-1.9.3-p392/gems/cucumber-1.2.3/lib/cucumber/runtime/support_code.rb:117:in `call'
/usr/local/rvm/gems/ruby-1.9.3-p392/gems/cucumber-1.2.3/lib/cucumber/runtime/support_code.rb:117:in `around'
/usr/local/rvm/gems/ruby-1.9.3-p392/gems/cucumber-1.2.3/lib/cucumber/runtime.rb:92:in `around'
/usr/local/rvm/gems/ruby-1.9.3-p392/gems/cucumber-1.2.3/lib/cucumber/runtime.rb:79:in `with_hooks'
/usr/local/rvm/gems/ruby-1.9.3-p392/gems/cucumber-1.2.3/lib/cucumber/ast/outline_table.rb:117:in `accept_plain'
/usr/local/rvm/gems/ruby-1.9.3-p392/gems/cucumber-1.2.3/lib/cucumber/ast/outline_table.rb:107:in `accept'
/usr/local/rvm/gems/ruby-1.9.3-p392/gems/cucumber-1.2.3/lib/cucumber/ast/tree_walker.rb:131:in `block in visit_table_row'
/usr/local/rvm/gems/ruby-1.9.3-p392/gems/cucumber-1.2.3/lib/cucumber/ast/tree_walker.rb:163:in `broadcast'
/usr/local/rvm/gems/ruby-1.9.3-p392/gems/cucumber-1.2.3/lib/cucumber/ast/tree_walker.rb:130:in `visit_table_row'
/usr/local/rvm/gems/ruby-1.9.3-p392/gems/cucumber-1.2.3/lib/cucumber/ast/outline_table.rb:27:in `block in accept'
/usr/local/rvm/gems/ruby-1.9.3-p392/gems/cucumber-1.2.3/lib/cucumber/ast/outline_table.rb:23:in `each'
/usr/local/rvm/gems/ruby-1.9.3-p392/gems/cucumber-1.2.3/lib/cucumber/ast/outline_table.rb:23:in `each_with_index'
/usr/local/rvm/gems/ruby-1.9.3-p392/gems/cucumber-1.2.3/lib/cucumber/ast/outline_table.rb:23:in `accept'
/usr/local/rvm/gems/ruby-1.9.3-p392/gems/cucumber-1.2.3/lib/cucumber/ast/tree_walker.rb:83:in `block in visit_outline_table'
/usr/local/rvm/gems/ruby-1.9.3-p392/gems/cucumber-1.2.3/lib/cucumber/ast/tree_walker.rb:163:in `broadcast'
/usr/local/rvm/gems/ruby-1.9.3-p392/gems/cucumber-1.2.3/lib/cucumber/ast/tree_walker.rb:82:in `visit_outline_table'
/usr/local/rvm/gems/ruby-1.9.3-p392/gems/cucumber-1.2.3/lib/cucumber/ast/examples.rb:22:in `accept'
/usr/local/rvm/gems/ruby-1.9.3-p392/gems/cucumber-1.2.3/lib/cucumber/ast/tree_walker.rb:73:in `block in visit_examples'
/usr/local/rvm/gems/ruby-1.9.3-p392/gems/cucumber-1.2.3/lib/cucumber/ast/tree_walker.rb:163:in `broadcast'
/usr/local/rvm/gems/ruby-1.9.3-p392/gems/cucumber-1.2.3/lib/cucumber/ast/tree_walker.rb:72:in `visit_examples'
/usr/local/rvm/gems/ruby-1.9.3-p392/gems/cucumber-1.2.3/lib/cucumber/ast/scenario_outline.rb:14:in `block in accept'
/usr/local/rvm/gems/ruby-1.9.3-p392/gems/cucumber-1.2.3/lib/cucumber/ast/scenario_outline.rb:13:in `each'
/usr/local/rvm/gems/ruby-1.9.3-p392/gems/cucumber-1.2.3/lib/cucumber/ast/scenario_outline.rb:13:in `accept'
/usr/local/rvm/gems/ruby-1.9.3-p392/gems/cucumber-1.2.3/lib/cucumber/ast/tree_walker.rb:67:in `block in visit_examples_array'
/usr/local/rvm/gems/ruby-1.9.3-p392/gems/cucumber-1.2.3/lib/cucumber/ast/tree_walker.rb:163:in `broadcast'
/usr/local/rvm/gems/ruby-1.9.3-p392/gems/cucumber-1.2.3/lib/cucumber/ast/tree_walker.rb:66:in `visit_examples_array'
/usr/local/rvm/gems/ruby-1.9.3-p392/gems/cucumber-1.2.3/lib/cucumber/ast/scenario_outline.rb:68:in `accept'
/usr/local/rvm/gems/ruby-1.9.3-p392/gems/cucumber-1.2.3/lib/cucumber/ast/tree_walker.rb:51:in `block in visit_feature_element'
/usr/local/rvm/gems/ruby-1.9.3-p392/gems/cucumber-1.2.3/lib/cucumber/ast/tree_walker.rb:163:in `broadcast'
/usr/local/rvm/gems/ruby-1.9.3-p392/gems/cucumber-1.2.3/lib/cucumber/ast/tree_walker.rb:50:in `visit_feature_element'
/usr/local/rvm/gems/ruby-1.9.3-p392/gems/cucumber-1.2.3/lib/cucumber/ast/feature.rb:43:in `block in accept'
/usr/local/rvm/gems/ruby-1.9.3-p392/gems/cucumber-1.2.3/lib/cucumber/ast/feature.rb:42:in `each'
/usr/local/rvm/gems/ruby-1.9.3-p392/gems/cucumber-1.2.3/lib/cucumber/ast/feature.rb:42:in `accept'
/usr/local/rvm/gems/ruby-1.9.3-p392/gems/cucumber-1.2.3/lib/cucumber/ast/tree_walker.rb:20:in `block in visit_feature'
/usr/local/rvm/gems/ruby-1.9.3-p392/gems/cucumber-1.2.3/lib/cucumber/ast/tree_walker.rb:163:in `broadcast'
/usr/local/rvm/gems/ruby-1.9.3-p392/gems/cucumber-1.2.3/lib/cucumber/ast/tree_walker.rb:19:in `visit_feature'
/usr/local/rvm/gems/ruby-1.9.3-p392/gems/cucumber-1.2.3/lib/cucumber/ast/features.rb:29:in `block in accept'
/usr/local/rvm/gems/ruby-1.9.3-p392/gems/cucumber-1.2.3/lib/cucumber/ast/features.rb:17:in `each'
/usr/local/rvm/gems/ruby-1.9.3-p392/gems/cucumber-1.2.3/lib/cucumber/ast/features.rb:17:in `each'
/usr/local/rvm/gems/ruby-1.9.3-p392/gems/cucumber-1.2.3/lib/cucumber/ast/features.rb:28:in `accept'
/usr/local/rvm/gems/ruby-1.9.3-p392/gems/cucumber-1.2.3/lib/cucumber/ast/tree_walker.rb:14:in `block in visit_features'
/usr/local/rvm/gems/ruby-1.9.3-p392/gems/cucumber-1.2.3/lib/cucumber/ast/tree_walker.rb:163:in `broadcast'
/usr/local/rvm/gems/ruby-1.9.3-p392/gems/cucumber-1.2.3/lib/cucumber/ast/tree_walker.rb:13:in `visit_features'
/usr/local/rvm/gems/ruby-1.9.3-p392/gems/cucumber-1.2.3/lib/cucumber/runtime.rb:47:in `run!'
/usr/local/rvm/gems/ruby-1.9.3-p392/gems/cucumber-1.2.3/lib/cucumber/cli/main.rb:43:in `execute!'
/usr/local/rvm/gems/ruby-1.9.3-p392/gems/cucumber-1.2.3/lib/cucumber/cli/main.rb:20:in `execute'
/usr/local/rvm/gems/ruby-1.9.3-p392/gems/cucumber-1.2.3/bin/cucumber:14:in `<top (required)>'
/usr/local/rvm/gems/ruby-1.9.3-p392/bin/cucumber:19:in `load'
/usr/local/rvm/gems/ruby-1.9.3-p392/bin/cucumber:19:in `<main>'
/usr/local/rvm/gems/ruby-1.9.3-p392/bin/ruby_noexec_wrapper:14:in `eval'
/usr/local/rvm/gems/ruby-1.9.3-p392/bin/ruby_noexec_wrapper:14:in `<main>'
features/login.feature:17:in `Given I open '<service>' site for the opco '<opco>' in a logged out state']]>
  </failure>
  <system-out/>
  <system-err/>
</testcase>
<testcase classname="LOGIN" name="Group Login (outline example : | it | contacts | usual_msisdn_2 | usual_password |)" time="0.438437">
  <failure message="failed Group Login (outline example : | it | contacts | usual_msisdn_2 | usual_password |)" type="failed">
    <![CDATA[Scenario Outline: Group Login

Example row: | gb | music | usual_msisdn_2 | usual_password |

Message:
Example row: | ie | contacts | usual_msisdn_2 | usual_password |

Message:
Example row: | ie | nwab | usual_msisdn_2 | usual_password |

Message:
Example row: | ie | contentbackup | usual_msisdn_2 | usual_password |

Message:
Example row: | ie | music | usual_msisdn_2 | usual_password |

Message:
Example row: | it | music | usual_msisdn_2 | usual_password |

Message:
Example row: | it | contacts | usual_msisdn_2 | usual_password |

Message:
]]>
    <![CDATA[unexpected response, code=404, content-type=""
unknown command: session/61a9d9f6391e38daf5d133be8708e330/element/name (Selenium::WebDriver::Error::WebDriverError)
/usr/local/rvm/gems/ruby-1.9.3-p392/gems/selenium-webdriver-2.31.0/lib/selenium/webdriver/remote/http/common.rb:66:in `create_response'
/usr/local/rvm/gems/ruby-1.9.3-p392/gems/selenium-webdriver-2.31.0/lib/selenium/webdriver/remote/http/default.rb:66:in `request'
/usr/local/rvm/gems/ruby-1.9.3-p392/gems/selenium-webdriver-2.31.0/lib/selenium/webdriver/remote/http/common.rb:40:in `call'
/usr/local/rvm/gems/ruby-1.9.3-p392/gems/selenium-webdriver-2.31.0/lib/selenium/webdriver/remote/bridge.rb:616:in `raw_execute'
/usr/local/rvm/gems/ruby-1.9.3-p392/gems/selenium-webdriver-2.31.0/lib/selenium/webdriver/remote/bridge.rb:594:in `execute'
/usr/local/rvm/gems/ruby-1.9.3-p392/gems/selenium-webdriver-2.31.0/lib/selenium/webdriver/remote/bridge.rb:493:in `getElementTagName'
/usr/local/rvm/gems/ruby-1.9.3-p392/gems/selenium-webdriver-2.31.0/lib/selenium/webdriver/common/element.rb:68:in `tag_name'
/usr/local/rvm/gems/ruby-1.9.3-p392/gems/watir-webdriver-0.6.2/lib/watir-webdriver/locators/element_locator.rb:387:in `validate_element'
/usr/local/rvm/gems/ruby-1.9.3-p392/gems/watir-webdriver-0.6.2/lib/watir-webdriver/locators/element_locator.rb:37:in `locate'
/usr/local/rvm/gems/ruby-1.9.3-p392/gems/watir-webdriver-0.6.2/lib/watir-webdriver/elements/element.rb:509:in `locate'
/usr/local/rvm/gems/ruby-1.9.3-p392/gems/watir-webdriver-0.6.2/lib/watir-webdriver/elements/element.rb:487:in `assert_exists'
/usr/local/rvm/gems/ruby-1.9.3-p392/gems/watir-webdriver-0.6.2/lib/watir-webdriver/elements/element.rb:118:in `click'
/Users/Subhash/git/automated_tests_web_login_app/features/pages/MockServicePage.rb:13:in `visit'
/Users/Subhash/git/automated_tests_web_login_app/features/step_definitions/loginapp_steps.rb:17:in `block in <top (required)>'
/usr/local/rvm/gems/ruby-1.9.3-p392/gems/cucumber-1.2.3/lib/cucumber/core_ext/instance_exec.rb:48:in `instance_exec'
/usr/local/rvm/gems/ruby-1.9.3-p392/gems/cucumber-1.2.3/lib/cucumber/core_ext/instance_exec.rb:48:in `block in cucumber_instance_exec'
/usr/local/rvm/gems/ruby-1.9.3-p392/gems/cucumber-1.2.3/lib/cucumber/core_ext/instance_exec.rb:69:in `cucumber_run_with_backtrace_filtering'
/usr/local/rvm/gems/ruby-1.9.3-p392/gems/cucumber-1.2.3/lib/cucumber/core_ext/instance_exec.rb:36:in `cucumber_instance_exec'
/usr/local/rvm/gems/ruby-1.9.3-p392/gems/cucumber-1.2.3/lib/cucumber/rb_support/rb_step_definition.rb:97:in `invoke'
/usr/local/rvm/gems/ruby-1.9.3-p392/gems/cucumber-1.2.3/lib/cucumber/step_match.rb:25:in `invoke'
/usr/local/rvm/gems/ruby-1.9.3-p392/gems/cucumber-1.2.3/lib/cucumber/ast/step_invocation.rb:60:in `invoke'
/usr/local/rvm/gems/ruby-1.9.3-p392/gems/cucumber-1.2.3/lib/cucumber/ast/outline_table.rb:119:in `block (2 levels) in accept_plain'
/usr/local/rvm/gems/ruby-1.9.3-p392/gems/cucumber-1.2.3/lib/cucumber/ast/step_collection.rb:37:in `each'
/usr/local/rvm/gems/ruby-1.9.3-p392/gems/cucumber-1.2.3/lib/cucumber/ast/step_collection.rb:37:in `each'
/usr/local/rvm/gems/ruby-1.9.3-p392/gems/cucumber-1.2.3/lib/cucumber/ast/outline_table.rb:118:in `block in accept_plain'
/usr/local/rvm/gems/ruby-1.9.3-p392/gems/cucumber-1.2.3/lib/cucumber/runtime.rb:81:in `block (2 levels) in with_hooks'
/usr/local/rvm/gems/ruby-1.9.3-p392/gems/cucumber-1.2.3/lib/cucumber/runtime.rb:97:in `before_and_after'
/usr/local/rvm/gems/ruby-1.9.3-p392/gems/cucumber-1.2.3/lib/cucumber/runtime.rb:80:in `block in with_hooks'
/usr/local/rvm/gems/ruby-1.9.3-p392/gems/cucumber-1.2.3/lib/cucumber/runtime/support_code.rb:120:in `call'
/usr/local/rvm/gems/ruby-1.9.3-p392/gems/cucumber-1.2.3/lib/cucumber/runtime/support_code.rb:120:in `block (3 levels) in around'
/usr/local/rvm/gems/ruby-1.9.3-p392/gems/cucumber-1.2.3/lib/cucumber/language_support/language_methods.rb:9:in `block in around'
/usr/local/rvm/gems/ruby-1.9.3-p392/gems/cucumber-1.2.3/lib/cucumber/language_support/language_methods.rb:91:in `call'
/usr/local/rvm/gems/ruby-1.9.3-p392/gems/cucumber-1.2.3/lib/cucumber/language_support/language_methods.rb:91:in `execute_around'
/usr/local/rvm/gems/ruby-1.9.3-p392/gems/cucumber-1.2.3/lib/cucumber/language_support/language_methods.rb:8:in `around'
/usr/local/rvm/gems/ruby-1.9.3-p392/gems/cucumber-1.2.3/lib/cucumber/runtime/support_code.rb:119:in `block (2 levels) in around'
/usr/local/rvm/gems/ruby-1.9.3-p392/gems/cucumber-1.2.3/lib/cucumber/runtime/support_code.rb:117:in `call'
/usr/local/rvm/gems/ruby-1.9.3-p392/gems/cucumber-1.2.3/lib/cucumber/runtime/support_code.rb:117:in `around'
/usr/local/rvm/gems/ruby-1.9.3-p392/gems/cucumber-1.2.3/lib/cucumber/runtime.rb:92:in `around'
/usr/local/rvm/gems/ruby-1.9.3-p392/gems/cucumber-1.2.3/lib/cucumber/runtime.rb:79:in `with_hooks'
/usr/local/rvm/gems/ruby-1.9.3-p392/gems/cucumber-1.2.3/lib/cucumber/ast/outline_table.rb:117:in `accept_plain'
/usr/local/rvm/gems/ruby-1.9.3-p392/gems/cucumber-1.2.3/lib/cucumber/ast/outline_table.rb:107:in `accept'
/usr/local/rvm/gems/ruby-1.9.3-p392/gems/cucumber-1.2.3/lib/cucumber/ast/tree_walker.rb:131:in `block in visit_table_row'
/usr/local/rvm/gems/ruby-1.9.3-p392/gems/cucumber-1.2.3/lib/cucumber/ast/tree_walker.rb:163:in `broadcast'
/usr/local/rvm/gems/ruby-1.9.3-p392/gems/cucumber-1.2.3/lib/cucumber/ast/tree_walker.rb:130:in `visit_table_row'
/usr/local/rvm/gems/ruby-1.9.3-p392/gems/cucumber-1.2.3/lib/cucumber/ast/outline_table.rb:27:in `block in accept'
/usr/local/rvm/gems/ruby-1.9.3-p392/gems/cucumber-1.2.3/lib/cucumber/ast/outline_table.rb:23:in `each'
/usr/local/rvm/gems/ruby-1.9.3-p392/gems/cucumber-1.2.3/lib/cucumber/ast/outline_table.rb:23:in `each_with_index'
/usr/local/rvm/gems/ruby-1.9.3-p392/gems/cucumber-1.2.3/lib/cucumber/ast/outline_table.rb:23:in `accept'
/usr/local/rvm/gems/ruby-1.9.3-p392/gems/cucumber-1.2.3/lib/cucumber/ast/tree_walker.rb:83:in `block in visit_outline_table'
/usr/local/rvm/gems/ruby-1.9.3-p392/gems/cucumber-1.2.3/lib/cucumber/ast/tree_walker.rb:163:in `broadcast'
/usr/local/rvm/gems/ruby-1.9.3-p392/gems/cucumber-1.2.3/lib/cucumber/ast/tree_walker.rb:82:in `visit_outline_table'
/usr/local/rvm/gems/ruby-1.9.3-p392/gems/cucumber-1.2.3/lib/cucumber/ast/examples.rb:22:in `accept'
/usr/local/rvm/gems/ruby-1.9.3-p392/gems/cucumber-1.2.3/lib/cucumber/ast/tree_walker.rb:73:in `block in visit_examples'
/usr/local/rvm/gems/ruby-1.9.3-p392/gems/cucumber-1.2.3/lib/cucumber/ast/tree_walker.rb:163:in `broadcast'
/usr/local/rvm/gems/ruby-1.9.3-p392/gems/cucumber-1.2.3/lib/cucumber/ast/tree_walker.rb:72:in `visit_examples'
/usr/local/rvm/gems/ruby-1.9.3-p392/gems/cucumber-1.2.3/lib/cucumber/ast/scenario_outline.rb:14:in `block in accept'
/usr/local/rvm/gems/ruby-1.9.3-p392/gems/cucumber-1.2.3/lib/cucumber/ast/scenario_outline.rb:13:in `each'
/usr/local/rvm/gems/ruby-1.9.3-p392/gems/cucumber-1.2.3/lib/cucumber/ast/scenario_outline.rb:13:in `accept'
/usr/local/rvm/gems/ruby-1.9.3-p392/gems/cucumber-1.2.3/lib/cucumber/ast/tree_walker.rb:67:in `block in visit_examples_array'
/usr/local/rvm/gems/ruby-1.9.3-p392/gems/cucumber-1.2.3/lib/cucumber/ast/tree_walker.rb:163:in `broadcast'
/usr/local/rvm/gems/ruby-1.9.3-p392/gems/cucumber-1.2.3/lib/cucumber/ast/tree_walker.rb:66:in `visit_examples_array'
/usr/local/rvm/gems/ruby-1.9.3-p392/gems/cucumber-1.2.3/lib/cucumber/ast/scenario_outline.rb:68:in `accept'
/usr/local/rvm/gems/ruby-1.9.3-p392/gems/cucumber-1.2.3/lib/cucumber/ast/tree_walker.rb:51:in `block in visit_feature_element'
/usr/local/rvm/gems/ruby-1.9.3-p392/gems/cucumber-1.2.3/lib/cucumber/ast/tree_walker.rb:163:in `broadcast'
/usr/local/rvm/gems/ruby-1.9.3-p392/gems/cucumber-1.2.3/lib/cucumber/ast/tree_walker.rb:50:in `visit_feature_element'
/usr/local/rvm/gems/ruby-1.9.3-p392/gems/cucumber-1.2.3/lib/cucumber/ast/feature.rb:43:in `block in accept'
/usr/local/rvm/gems/ruby-1.9.3-p392/gems/cucumber-1.2.3/lib/cucumber/ast/feature.rb:42:in `each'
/usr/local/rvm/gems/ruby-1.9.3-p392/gems/cucumber-1.2.3/lib/cucumber/ast/feature.rb:42:in `accept'
/usr/local/rvm/gems/ruby-1.9.3-p392/gems/cucumber-1.2.3/lib/cucumber/ast/tree_walker.rb:20:in `block in visit_feature'
/usr/local/rvm/gems/ruby-1.9.3-p392/gems/cucumber-1.2.3/lib/cucumber/ast/tree_walker.rb:163:in `broadcast'
/usr/local/rvm/gems/ruby-1.9.3-p392/gems/cucumber-1.2.3/lib/cucumber/ast/tree_walker.rb:19:in `visit_feature'
/usr/local/rvm/gems/ruby-1.9.3-p392/gems/cucumber-1.2.3/lib/cucumber/ast/features.rb:29:in `block in accept'
/usr/local/rvm/gems/ruby-1.9.3-p392/gems/cucumber-1.2.3/lib/cucumber/ast/features.rb:17:in `each'
/usr/local/rvm/gems/ruby-1.9.3-p392/gems/cucumber-1.2.3/lib/cucumber/ast/features.rb:17:in `each'
/usr/local/rvm/gems/ruby-1.9.3-p392/gems/cucumber-1.2.3/lib/cucumber/ast/features.rb:28:in `accept'
/usr/local/rvm/gems/ruby-1.9.3-p392/gems/cucumber-1.2.3/lib/cucumber/ast/tree_walker.rb:14:in `block in visit_features'
/usr/local/rvm/gems/ruby-1.9.3-p392/gems/cucumber-1.2.3/lib/cucumber/ast/tree_walker.rb:163:in `broadcast'
/usr/local/rvm/gems/ruby-1.9.3-p392/gems/cucumber-1.2.3/lib/cucumber/ast/tree_walker.rb:13:in `visit_features'
/usr/local/rvm/gems/ruby-1.9.3-p392/gems/cucumber-1.2.3/lib/cucumber/runtime.rb:47:in `run!'
/usr/local/rvm/gems/ruby-1.9.3-p392/gems/cucumber-1.2.3/lib/cucumber/cli/main.rb:43:in `execute!'
/usr/local/rvm/gems/ruby-1.9.3-p392/gems/cucumber-1.2.3/lib/cucumber/cli/main.rb:20:in `execute'
/usr/local/rvm/gems/ruby-1.9.3-p392/gems/cucumber-1.2.3/bin/cucumber:14:in `<top (required)>'
/usr/local/rvm/gems/ruby-1.9.3-p392/bin/cucumber:19:in `load'
/usr/local/rvm/gems/ruby-1.9.3-p392/bin/cucumber:19:in `<main>'
/usr/local/rvm/gems/ruby-1.9.3-p392/bin/ruby_noexec_wrapper:14:in `eval'
/usr/local/rvm/gems/ruby-1.9.3-p392/bin/ruby_noexec_wrapper:14:in `<main>'
features/login.feature:17:in `Given I open '<service>' site for the opco '<opco>' in a logged out state']]>
  </failure>
  <system-out/>
  <system-err/>
</testcase>
<testcase classname="LOGIN" name="Group Login (outline example : | it | nwab | usual_msisdn_2 | usual_password |)" time="0.441835">
  <failure message="failed Group Login (outline example : | it | nwab | usual_msisdn_2 | usual_password |)" type="failed">
    <![CDATA[Scenario Outline: Group Login

Example row: | gb | music | usual_msisdn_2 | usual_password |

Message:
Example row: | ie | contacts | usual_msisdn_2 | usual_password |

Message:
Example row: | ie | nwab | usual_msisdn_2 | usual_password |

Message:
Example row: | ie | contentbackup | usual_msisdn_2 | usual_password |

Message:
Example row: | ie | music | usual_msisdn_2 | usual_password |

Message:
Example row: | it | music | usual_msisdn_2 | usual_password |

Message:
Example row: | it | contacts | usual_msisdn_2 | usual_password |

Message:
Example row: | it | nwab | usual_msisdn_2 | usual_password |

Message:
]]>
    <![CDATA[unexpected response, code=404, content-type=""
unknown command: session/61a9d9f6391e38daf5d133be8708e330/element/name (Selenium::WebDriver::Error::WebDriverError)
/usr/local/rvm/gems/ruby-1.9.3-p392/gems/selenium-webdriver-2.31.0/lib/selenium/webdriver/remote/http/common.rb:66:in `create_response'
/usr/local/rvm/gems/ruby-1.9.3-p392/gems/selenium-webdriver-2.31.0/lib/selenium/webdriver/remote/http/default.rb:66:in `request'
/usr/local/rvm/gems/ruby-1.9.3-p392/gems/selenium-webdriver-2.31.0/lib/selenium/webdriver/remote/http/common.rb:40:in `call'
/usr/local/rvm/gems/ruby-1.9.3-p392/gems/selenium-webdriver-2.31.0/lib/selenium/webdriver/remote/bridge.rb:616:in `raw_execute'
/usr/local/rvm/gems/ruby-1.9.3-p392/gems/selenium-webdriver-2.31.0/lib/selenium/webdriver/remote/bridge.rb:594:in `execute'
/usr/local/rvm/gems/ruby-1.9.3-p392/gems/selenium-webdriver-2.31.0/lib/selenium/webdriver/remote/bridge.rb:493:in `getElementTagName'
/usr/local/rvm/gems/ruby-1.9.3-p392/gems/selenium-webdriver-2.31.0/lib/selenium/webdriver/common/element.rb:68:in `tag_name'
/usr/local/rvm/gems/ruby-1.9.3-p392/gems/watir-webdriver-0.6.2/lib/watir-webdriver/locators/element_locator.rb:387:in `validate_element'
/usr/local/rvm/gems/ruby-1.9.3-p392/gems/watir-webdriver-0.6.2/lib/watir-webdriver/locators/element_locator.rb:37:in `locate'
/usr/local/rvm/gems/ruby-1.9.3-p392/gems/watir-webdriver-0.6.2/lib/watir-webdriver/elements/element.rb:509:in `locate'
/usr/local/rvm/gems/ruby-1.9.3-p392/gems/watir-webdriver-0.6.2/lib/watir-webdriver/elements/element.rb:487:in `assert_exists'
/usr/local/rvm/gems/ruby-1.9.3-p392/gems/watir-webdriver-0.6.2/lib/watir-webdriver/elements/element.rb:118:in `click'
/Users/Subhash/git/automated_tests_web_login_app/features/pages/MockServicePage.rb:13:in `visit'
/Users/Subhash/git/automated_tests_web_login_app/features/step_definitions/loginapp_steps.rb:17:in `block in <top (required)>'
/usr/local/rvm/gems/ruby-1.9.3-p392/gems/cucumber-1.2.3/lib/cucumber/core_ext/instance_exec.rb:48:in `instance_exec'
/usr/local/rvm/gems/ruby-1.9.3-p392/gems/cucumber-1.2.3/lib/cucumber/core_ext/instance_exec.rb:48:in `block in cucumber_instance_exec'
/usr/local/rvm/gems/ruby-1.9.3-p392/gems/cucumber-1.2.3/lib/cucumber/core_ext/instance_exec.rb:69:in `cucumber_run_with_backtrace_filtering'
/usr/local/rvm/gems/ruby-1.9.3-p392/gems/cucumber-1.2.3/lib/cucumber/core_ext/instance_exec.rb:36:in `cucumber_instance_exec'
/usr/local/rvm/gems/ruby-1.9.3-p392/gems/cucumber-1.2.3/lib/cucumber/rb_support/rb_step_definition.rb:97:in `invoke'
/usr/local/rvm/gems/ruby-1.9.3-p392/gems/cucumber-1.2.3/lib/cucumber/step_match.rb:25:in `invoke'
/usr/local/rvm/gems/ruby-1.9.3-p392/gems/cucumber-1.2.3/lib/cucumber/ast/step_invocation.rb:60:in `invoke'
/usr/local/rvm/gems/ruby-1.9.3-p392/gems/cucumber-1.2.3/lib/cucumber/ast/outline_table.rb:119:in `block (2 levels) in accept_plain'
/usr/local/rvm/gems/ruby-1.9.3-p392/gems/cucumber-1.2.3/lib/cucumber/ast/step_collection.rb:37:in `each'
/usr/local/rvm/gems/ruby-1.9.3-p392/gems/cucumber-1.2.3/lib/cucumber/ast/step_collection.rb:37:in `each'
/usr/local/rvm/gems/ruby-1.9.3-p392/gems/cucumber-1.2.3/lib/cucumber/ast/outline_table.rb:118:in `block in accept_plain'
/usr/local/rvm/gems/ruby-1.9.3-p392/gems/cucumber-1.2.3/lib/cucumber/runtime.rb:81:in `block (2 levels) in with_hooks'
/usr/local/rvm/gems/ruby-1.9.3-p392/gems/cucumber-1.2.3/lib/cucumber/runtime.rb:97:in `before_and_after'
/usr/local/rvm/gems/ruby-1.9.3-p392/gems/cucumber-1.2.3/lib/cucumber/runtime.rb:80:in `block in with_hooks'
/usr/local/rvm/gems/ruby-1.9.3-p392/gems/cucumber-1.2.3/lib/cucumber/runtime/support_code.rb:120:in `call'
/usr/local/rvm/gems/ruby-1.9.3-p392/gems/cucumber-1.2.3/lib/cucumber/runtime/support_code.rb:120:in `block (3 levels) in around'
/usr/local/rvm/gems/ruby-1.9.3-p392/gems/cucumber-1.2.3/lib/cucumber/language_support/language_methods.rb:9:in `block in around'
/usr/local/rvm/gems/ruby-1.9.3-p392/gems/cucumber-1.2.3/lib/cucumber/language_support/language_methods.rb:91:in `call'
/usr/local/rvm/gems/ruby-1.9.3-p392/gems/cucumber-1.2.3/lib/cucumber/language_support/language_methods.rb:91:in `execute_around'
/usr/local/rvm/gems/ruby-1.9.3-p392/gems/cucumber-1.2.3/lib/cucumber/language_support/language_methods.rb:8:in `around'
/usr/local/rvm/gems/ruby-1.9.3-p392/gems/cucumber-1.2.3/lib/cucumber/runtime/support_code.rb:119:in `block (2 levels) in around'
/usr/local/rvm/gems/ruby-1.9.3-p392/gems/cucumber-1.2.3/lib/cucumber/runtime/support_code.rb:117:in `call'
/usr/local/rvm/gems/ruby-1.9.3-p392/gems/cucumber-1.2.3/lib/cucumber/runtime/support_code.rb:117:in `around'
/usr/local/rvm/gems/ruby-1.9.3-p392/gems/cucumber-1.2.3/lib/cucumber/runtime.rb:92:in `around'
/usr/local/rvm/gems/ruby-1.9.3-p392/gems/cucumber-1.2.3/lib/cucumber/runtime.rb:79:in `with_hooks'
/usr/local/rvm/gems/ruby-1.9.3-p392/gems/cucumber-1.2.3/lib/cucumber/ast/outline_table.rb:117:in `accept_plain'
/usr/local/rvm/gems/ruby-1.9.3-p392/gems/cucumber-1.2.3/lib/cucumber/ast/outline_table.rb:107:in `accept'
/usr/local/rvm/gems/ruby-1.9.3-p392/gems/cucumber-1.2.3/lib/cucumber/ast/tree_walker.rb:131:in `block in visit_table_row'
/usr/local/rvm/gems/ruby-1.9.3-p392/gems/cucumber-1.2.3/lib/cucumber/ast/tree_walker.rb:163:in `broadcast'
/usr/local/rvm/gems/ruby-1.9.3-p392/gems/cucumber-1.2.3/lib/cucumber/ast/tree_walker.rb:130:in `visit_table_row'
/usr/local/rvm/gems/ruby-1.9.3-p392/gems/cucumber-1.2.3/lib/cucumber/ast/outline_table.rb:27:in `block in accept'
/usr/local/rvm/gems/ruby-1.9.3-p392/gems/cucumber-1.2.3/lib/cucumber/ast/outline_table.rb:23:in `each'
/usr/local/rvm/gems/ruby-1.9.3-p392/gems/cucumber-1.2.3/lib/cucumber/ast/outline_table.rb:23:in `each_with_index'
/usr/local/rvm/gems/ruby-1.9.3-p392/gems/cucumber-1.2.3/lib/cucumber/ast/outline_table.rb:23:in `accept'
/usr/local/rvm/gems/ruby-1.9.3-p392/gems/cucumber-1.2.3/lib/cucumber/ast/tree_walker.rb:83:in `block in visit_outline_table'
/usr/local/rvm/gems/ruby-1.9.3-p392/gems/cucumber-1.2.3/lib/cucumber/ast/tree_walker.rb:163:in `broadcast'
/usr/local/rvm/gems/ruby-1.9.3-p392/gems/cucumber-1.2.3/lib/cucumber/ast/tree_walker.rb:82:in `visit_outline_table'
/usr/local/rvm/gems/ruby-1.9.3-p392/gems/cucumber-1.2.3/lib/cucumber/ast/examples.rb:22:in `accept'
/usr/local/rvm/gems/ruby-1.9.3-p392/gems/cucumber-1.2.3/lib/cucumber/ast/tree_walker.rb:73:in `block in visit_examples'
/usr/local/rvm/gems/ruby-1.9.3-p392/gems/cucumber-1.2.3/lib/cucumber/ast/tree_walker.rb:163:in `broadcast'
/usr/local/rvm/gems/ruby-1.9.3-p392/gems/cucumber-1.2.3/lib/cucumber/ast/tree_walker.rb:72:in `visit_examples'
/usr/local/rvm/gems/ruby-1.9.3-p392/gems/cucumber-1.2.3/lib/cucumber/ast/scenario_outline.rb:14:in `block in accept'
/usr/local/rvm/gems/ruby-1.9.3-p392/gems/cucumber-1.2.3/lib/cucumber/ast/scenario_outline.rb:13:in `each'
/usr/local/rvm/gems/ruby-1.9.3-p392/gems/cucumber-1.2.3/lib/cucumber/ast/scenario_outline.rb:13:in `accept'
/usr/local/rvm/gems/ruby-1.9.3-p392/gems/cucumber-1.2.3/lib/cucumber/ast/tree_walker.rb:67:in `block in visit_examples_array'
/usr/local/rvm/gems/ruby-1.9.3-p392/gems/cucumber-1.2.3/lib/cucumber/ast/tree_walker.rb:163:in `broadcast'
/usr/local/rvm/gems/ruby-1.9.3-p392/gems/cucumber-1.2.3/lib/cucumber/ast/tree_walker.rb:66:in `visit_examples_array'
/usr/local/rvm/gems/ruby-1.9.3-p392/gems/cucumber-1.2.3/lib/cucumber/ast/scenario_outline.rb:68:in `accept'
/usr/local/rvm/gems/ruby-1.9.3-p392/gems/cucumber-1.2.3/lib/cucumber/ast/tree_walker.rb:51:in `block in visit_feature_element'
/usr/local/rvm/gems/ruby-1.9.3-p392/gems/cucumber-1.2.3/lib/cucumber/ast/tree_walker.rb:163:in `broadcast'
/usr/local/rvm/gems/ruby-1.9.3-p392/gems/cucumber-1.2.3/lib/cucumber/ast/tree_walker.rb:50:in `visit_feature_element'
/usr/local/rvm/gems/ruby-1.9.3-p392/gems/cucumber-1.2.3/lib/cucumber/ast/feature.rb:43:in `block in accept'
/usr/local/rvm/gems/ruby-1.9.3-p392/gems/cucumber-1.2.3/lib/cucumber/ast/feature.rb:42:in `each'
/usr/local/rvm/gems/ruby-1.9.3-p392/gems/cucumber-1.2.3/lib/cucumber/ast/feature.rb:42:in `accept'
/usr/local/rvm/gems/ruby-1.9.3-p392/gems/cucumber-1.2.3/lib/cucumber/ast/tree_walker.rb:20:in `block in visit_feature'
/usr/local/rvm/gems/ruby-1.9.3-p392/gems/cucumber-1.2.3/lib/cucumber/ast/tree_walker.rb:163:in `broadcast'
/usr/local/rvm/gems/ruby-1.9.3-p392/gems/cucumber-1.2.3/lib/cucumber/ast/tree_walker.rb:19:in `visit_feature'
/usr/local/rvm/gems/ruby-1.9.3-p392/gems/cucumber-1.2.3/lib/cucumber/ast/features.rb:29:in `block in accept'
/usr/local/rvm/gems/ruby-1.9.3-p392/gems/cucumber-1.2.3/lib/cucumber/ast/features.rb:17:in `each'
/usr/local/rvm/gems/ruby-1.9.3-p392/gems/cucumber-1.2.3/lib/cucumber/ast/features.rb:17:in `each'
/usr/local/rvm/gems/ruby-1.9.3-p392/gems/cucumber-1.2.3/lib/cucumber/ast/features.rb:28:in `accept'
/usr/local/rvm/gems/ruby-1.9.3-p392/gems/cucumber-1.2.3/lib/cucumber/ast/tree_walker.rb:14:in `block in visit_features'
/usr/local/rvm/gems/ruby-1.9.3-p392/gems/cucumber-1.2.3/lib/cucumber/ast/tree_walker.rb:163:in `broadcast'
/usr/local/rvm/gems/ruby-1.9.3-p392/gems/cucumber-1.2.3/lib/cucumber/ast/tree_walker.rb:13:in `visit_features'
/usr/local/rvm/gems/ruby-1.9.3-p392/gems/cucumber-1.2.3/lib/cucumber/runtime.rb:47:in `run!'
/usr/local/rvm/gems/ruby-1.9.3-p392/gems/cucumber-1.2.3/lib/cucumber/cli/main.rb:43:in `execute!'
/usr/local/rvm/gems/ruby-1.9.3-p392/gems/cucumber-1.2.3/lib/cucumber/cli/main.rb:20:in `execute'
/usr/local/rvm/gems/ruby-1.9.3-p392/gems/cucumber-1.2.3/bin/cucumber:14:in `<top (required)>'
/usr/local/rvm/gems/ruby-1.9.3-p392/bin/cucumber:19:in `load'
/usr/local/rvm/gems/ruby-1.9.3-p392/bin/cucumber:19:in `<main>'
/usr/local/rvm/gems/ruby-1.9.3-p392/bin/ruby_noexec_wrapper:14:in `eval'
/usr/local/rvm/gems/ruby-1.9.3-p392/bin/ruby_noexec_wrapper:14:in `<main>'
features/login.feature:17:in `Given I open '<service>' site for the opco '<opco>' in a logged out state']]>
  </failure>
  <system-out/>
  <system-err/>
</testcase>
<testcase classname="LOGIN" name="Group Login (outline example : | it | contentbackup | usual_msisdn_2 | usual_password |)" time="0.420991">
  <failure message="failed Group Login (outline example : | it | contentbackup | usual_msisdn_2 | usual_password |)" type="failed">
    <![CDATA[Scenario Outline: Group Login

Example row: | gb | music | usual_msisdn_2 | usual_password |

Message:
Example row: | ie | contacts | usual_msisdn_2 | usual_password |

Message:
Example row: | ie | nwab | usual_msisdn_2 | usual_password |

Message:
Example row: | ie | contentbackup | usual_msisdn_2 | usual_password |

Message:
Example row: | ie | music | usual_msisdn_2 | usual_password |

Message:
Example row: | it | music | usual_msisdn_2 | usual_password |

Message:
Example row: | it | contacts | usual_msisdn_2 | usual_password |

Message:
Example row: | it | nwab | usual_msisdn_2 | usual_password |

Message:
Example row: | it | contentbackup | usual_msisdn_2 | usual_password |

Message:
]]>
    <![CDATA[unexpected response, code=404, content-type=""
unknown command: session/61a9d9f6391e38daf5d133be8708e330/element/name (Selenium::WebDriver::Error::WebDriverError)
/usr/local/rvm/gems/ruby-1.9.3-p392/gems/selenium-webdriver-2.31.0/lib/selenium/webdriver/remote/http/common.rb:66:in `create_response'
/usr/local/rvm/gems/ruby-1.9.3-p392/gems/selenium-webdriver-2.31.0/lib/selenium/webdriver/remote/http/default.rb:66:in `request'
/usr/local/rvm/gems/ruby-1.9.3-p392/gems/selenium-webdriver-2.31.0/lib/selenium/webdriver/remote/http/common.rb:40:in `call'
/usr/local/rvm/gems/ruby-1.9.3-p392/gems/selenium-webdriver-2.31.0/lib/selenium/webdriver/remote/bridge.rb:616:in `raw_execute'
/usr/local/rvm/gems/ruby-1.9.3-p392/gems/selenium-webdriver-2.31.0/lib/selenium/webdriver/remote/bridge.rb:594:in `execute'
/usr/local/rvm/gems/ruby-1.9.3-p392/gems/selenium-webdriver-2.31.0/lib/selenium/webdriver/remote/bridge.rb:493:in `getElementTagName'
/usr/local/rvm/gems/ruby-1.9.3-p392/gems/selenium-webdriver-2.31.0/lib/selenium/webdriver/common/element.rb:68:in `tag_name'
/usr/local/rvm/gems/ruby-1.9.3-p392/gems/watir-webdriver-0.6.2/lib/watir-webdriver/locators/element_locator.rb:387:in `validate_element'
/usr/local/rvm/gems/ruby-1.9.3-p392/gems/watir-webdriver-0.6.2/lib/watir-webdriver/locators/element_locator.rb:37:in `locate'
/usr/local/rvm/gems/ruby-1.9.3-p392/gems/watir-webdriver-0.6.2/lib/watir-webdriver/elements/element.rb:509:in `locate'
/usr/local/rvm/gems/ruby-1.9.3-p392/gems/watir-webdriver-0.6.2/lib/watir-webdriver/elements/element.rb:487:in `assert_exists'
/usr/local/rvm/gems/ruby-1.9.3-p392/gems/watir-webdriver-0.6.2/lib/watir-webdriver/elements/element.rb:118:in `click'
/Users/Subhash/git/automated_tests_web_login_app/features/pages/MockServicePage.rb:13:in `visit'
/Users/Subhash/git/automated_tests_web_login_app/features/step_definitions/loginapp_steps.rb:17:in `block in <top (required)>'
/usr/local/rvm/gems/ruby-1.9.3-p392/gems/cucumber-1.2.3/lib/cucumber/core_ext/instance_exec.rb:48:in `instance_exec'
/usr/local/rvm/gems/ruby-1.9.3-p392/gems/cucumber-1.2.3/lib/cucumber/core_ext/instance_exec.rb:48:in `block in cucumber_instance_exec'
/usr/local/rvm/gems/ruby-1.9.3-p392/gems/cucumber-1.2.3/lib/cucumber/core_ext/instance_exec.rb:69:in `cucumber_run_with_backtrace_filtering'
/usr/local/rvm/gems/ruby-1.9.3-p392/gems/cucumber-1.2.3/lib/cucumber/core_ext/instance_exec.rb:36:in `cucumber_instance_exec'
/usr/local/rvm/gems/ruby-1.9.3-p392/gems/cucumber-1.2.3/lib/cucumber/rb_support/rb_step_definition.rb:97:in `invoke'
/usr/local/rvm/gems/ruby-1.9.3-p392/gems/cucumber-1.2.3/lib/cucumber/step_match.rb:25:in `invoke'
/usr/local/rvm/gems/ruby-1.9.3-p392/gems/cucumber-1.2.3/lib/cucumber/ast/step_invocation.rb:60:in `invoke'
/usr/local/rvm/gems/ruby-1.9.3-p392/gems/cucumber-1.2.3/lib/cucumber/ast/outline_table.rb:119:in `block (2 levels) in accept_plain'
/usr/local/rvm/gems/ruby-1.9.3-p392/gems/cucumber-1.2.3/lib/cucumber/ast/step_collection.rb:37:in `each'
/usr/local/rvm/gems/ruby-1.9.3-p392/gems/cucumber-1.2.3/lib/cucumber/ast/step_collection.rb:37:in `each'
/usr/local/rvm/gems/ruby-1.9.3-p392/gems/cucumber-1.2.3/lib/cucumber/ast/outline_table.rb:118:in `block in accept_plain'
/usr/local/rvm/gems/ruby-1.9.3-p392/gems/cucumber-1.2.3/lib/cucumber/runtime.rb:81:in `block (2 levels) in with_hooks'
/usr/local/rvm/gems/ruby-1.9.3-p392/gems/cucumber-1.2.3/lib/cucumber/runtime.rb:97:in `before_and_after'
/usr/local/rvm/gems/ruby-1.9.3-p392/gems/cucumber-1.2.3/lib/cucumber/runtime.rb:80:in `block in with_hooks'
/usr/local/rvm/gems/ruby-1.9.3-p392/gems/cucumber-1.2.3/lib/cucumber/runtime/support_code.rb:120:in `call'
/usr/local/rvm/gems/ruby-1.9.3-p392/gems/cucumber-1.2.3/lib/cucumber/runtime/support_code.rb:120:in `block (3 levels) in around'
/usr/local/rvm/gems/ruby-1.9.3-p392/gems/cucumber-1.2.3/lib/cucumber/language_support/language_methods.rb:9:in `block in around'
/usr/local/rvm/gems/ruby-1.9.3-p392/gems/cucumber-1.2.3/lib/cucumber/language_support/language_methods.rb:91:in `call'
/usr/local/rvm/gems/ruby-1.9.3-p392/gems/cucumber-1.2.3/lib/cucumber/language_support/language_methods.rb:91:in `execute_around'
/usr/local/rvm/gems/ruby-1.9.3-p392/gems/cucumber-1.2.3/lib/cucumber/language_support/language_methods.rb:8:in `around'
/usr/local/rvm/gems/ruby-1.9.3-p392/gems/cucumber-1.2.3/lib/cucumber/runtime/support_code.rb:119:in `block (2 levels) in around'
/usr/local/rvm/gems/ruby-1.9.3-p392/gems/cucumber-1.2.3/lib/cucumber/runtime/support_code.rb:117:in `call'
/usr/local/rvm/gems/ruby-1.9.3-p392/gems/cucumber-1.2.3/lib/cucumber/runtime/support_code.rb:117:in `around'
/usr/local/rvm/gems/ruby-1.9.3-p392/gems/cucumber-1.2.3/lib/cucumber/runtime.rb:92:in `around'
/usr/local/rvm/gems/ruby-1.9.3-p392/gems/cucumber-1.2.3/lib/cucumber/runtime.rb:79:in `with_hooks'
/usr/local/rvm/gems/ruby-1.9.3-p392/gems/cucumber-1.2.3/lib/cucumber/ast/outline_table.rb:117:in `accept_plain'
/usr/local/rvm/gems/ruby-1.9.3-p392/gems/cucumber-1.2.3/lib/cucumber/ast/outline_table.rb:107:in `accept'
/usr/local/rvm/gems/ruby-1.9.3-p392/gems/cucumber-1.2.3/lib/cucumber/ast/tree_walker.rb:131:in `block in visit_table_row'
/usr/local/rvm/gems/ruby-1.9.3-p392/gems/cucumber-1.2.3/lib/cucumber/ast/tree_walker.rb:163:in `broadcast'
/usr/local/rvm/gems/ruby-1.9.3-p392/gems/cucumber-1.2.3/lib/cucumber/ast/tree_walker.rb:130:in `visit_table_row'
/usr/local/rvm/gems/ruby-1.9.3-p392/gems/cucumber-1.2.3/lib/cucumber/ast/outline_table.rb:27:in `block in accept'
/usr/local/rvm/gems/ruby-1.9.3-p392/gems/cucumber-1.2.3/lib/cucumber/ast/outline_table.rb:23:in `each'
/usr/local/rvm/gems/ruby-1.9.3-p392/gems/cucumber-1.2.3/lib/cucumber/ast/outline_table.rb:23:in `each_with_index'
/usr/local/rvm/gems/ruby-1.9.3-p392/gems/cucumber-1.2.3/lib/cucumber/ast/outline_table.rb:23:in `accept'
/usr/local/rvm/gems/ruby-1.9.3-p392/gems/cucumber-1.2.3/lib/cucumber/ast/tree_walker.rb:83:in `block in visit_outline_table'
/usr/local/rvm/gems/ruby-1.9.3-p392/gems/cucumber-1.2.3/lib/cucumber/ast/tree_walker.rb:163:in `broadcast'
/usr/local/rvm/gems/ruby-1.9.3-p392/gems/cucumber-1.2.3/lib/cucumber/ast/tree_walker.rb:82:in `visit_outline_table'
/usr/local/rvm/gems/ruby-1.9.3-p392/gems/cucumber-1.2.3/lib/cucumber/ast/examples.rb:22:in `accept'
/usr/local/rvm/gems/ruby-1.9.3-p392/gems/cucumber-1.2.3/lib/cucumber/ast/tree_walker.rb:73:in `block in visit_examples'
/usr/local/rvm/gems/ruby-1.9.3-p392/gems/cucumber-1.2.3/lib/cucumber/ast/tree_walker.rb:163:in `broadcast'
/usr/local/rvm/gems/ruby-1.9.3-p392/gems/cucumber-1.2.3/lib/cucumber/ast/tree_walker.rb:72:in `visit_examples'
/usr/local/rvm/gems/ruby-1.9.3-p392/gems/cucumber-1.2.3/lib/cucumber/ast/scenario_outline.rb:14:in `block in accept'
/usr/local/rvm/gems/ruby-1.9.3-p392/gems/cucumber-1.2.3/lib/cucumber/ast/scenario_outline.rb:13:in `each'
/usr/local/rvm/gems/ruby-1.9.3-p392/gems/cucumber-1.2.3/lib/cucumber/ast/scenario_outline.rb:13:in `accept'
/usr/local/rvm/gems/ruby-1.9.3-p392/gems/cucumber-1.2.3/lib/cucumber/ast/tree_walker.rb:67:in `block in visit_examples_array'
/usr/local/rvm/gems/ruby-1.9.3-p392/gems/cucumber-1.2.3/lib/cucumber/ast/tree_walker.rb:163:in `broadcast'
/usr/local/rvm/gems/ruby-1.9.3-p392/gems/cucumber-1.2.3/lib/cucumber/ast/tree_walker.rb:66:in `visit_examples_array'
/usr/local/rvm/gems/ruby-1.9.3-p392/gems/cucumber-1.2.3/lib/cucumber/ast/scenario_outline.rb:68:in `accept'
/usr/local/rvm/gems/ruby-1.9.3-p392/gems/cucumber-1.2.3/lib/cucumber/ast/tree_walker.rb:51:in `block in visit_feature_element'
/usr/local/rvm/gems/ruby-1.9.3-p392/gems/cucumber-1.2.3/lib/cucumber/ast/tree_walker.rb:163:in `broadcast'
/usr/local/rvm/gems/ruby-1.9.3-p392/gems/cucumber-1.2.3/lib/cucumber/ast/tree_walker.rb:50:in `visit_feature_element'
/usr/local/rvm/gems/ruby-1.9.3-p392/gems/cucumber-1.2.3/lib/cucumber/ast/feature.rb:43:in `block in accept'
/usr/local/rvm/gems/ruby-1.9.3-p392/gems/cucumber-1.2.3/lib/cucumber/ast/feature.rb:42:in `each'
/usr/local/rvm/gems/ruby-1.9.3-p392/gems/cucumber-1.2.3/lib/cucumber/ast/feature.rb:42:in `accept'
/usr/local/rvm/gems/ruby-1.9.3-p392/gems/cucumber-1.2.3/lib/cucumber/ast/tree_walker.rb:20:in `block in visit_feature'
/usr/local/rvm/gems/ruby-1.9.3-p392/gems/cucumber-1.2.3/lib/cucumber/ast/tree_walker.rb:163:in `broadcast'
/usr/local/rvm/gems/ruby-1.9.3-p392/gems/cucumber-1.2.3/lib/cucumber/ast/tree_walker.rb:19:in `visit_feature'
/usr/local/rvm/gems/ruby-1.9.3-p392/gems/cucumber-1.2.3/lib/cucumber/ast/features.rb:29:in `block in accept'
/usr/local/rvm/gems/ruby-1.9.3-p392/gems/cucumber-1.2.3/lib/cucumber/ast/features.rb:17:in `each'
/usr/local/rvm/gems/ruby-1.9.3-p392/gems/cucumber-1.2.3/lib/cucumber/ast/features.rb:17:in `each'
/usr/local/rvm/gems/ruby-1.9.3-p392/gems/cucumber-1.2.3/lib/cucumber/ast/features.rb:28:in `accept'
/usr/local/rvm/gems/ruby-1.9.3-p392/gems/cucumber-1.2.3/lib/cucumber/ast/tree_walker.rb:14:in `block in visit_features'
/usr/local/rvm/gems/ruby-1.9.3-p392/gems/cucumber-1.2.3/lib/cucumber/ast/tree_walker.rb:163:in `broadcast'
/usr/local/rvm/gems/ruby-1.9.3-p392/gems/cucumber-1.2.3/lib/cucumber/ast/tree_walker.rb:13:in `visit_features'
/usr/local/rvm/gems/ruby-1.9.3-p392/gems/cucumber-1.2.3/lib/cucumber/runtime.rb:47:in `run!'
/usr/local/rvm/gems/ruby-1.9.3-p392/gems/cucumber-1.2.3/lib/cucumber/cli/main.rb:43:in `execute!'
/usr/local/rvm/gems/ruby-1.9.3-p392/gems/cucumber-1.2.3/lib/cucumber/cli/main.rb:20:in `execute'
/usr/local/rvm/gems/ruby-1.9.3-p392/gems/cucumber-1.2.3/bin/cucumber:14:in `<top (required)>'
/usr/local/rvm/gems/ruby-1.9.3-p392/bin/cucumber:19:in `load'
/usr/local/rvm/gems/ruby-1.9.3-p392/bin/cucumber:19:in `<main>'
/usr/local/rvm/gems/ruby-1.9.3-p392/bin/ruby_noexec_wrapper:14:in `eval'
/usr/local/rvm/gems/ruby-1.9.3-p392/bin/ruby_noexec_wrapper:14:in `<main>'
features/login.feature:17:in `Given I open '<service>' site for the opco '<opco>' in a logged out state']]>
  </failure>
  <system-out/>
  <system-err/>
</testcase>
<testcase classname="LOGIN" name="Group Login (outline example : | it | mobileprotect | usual_msisdn_2 | usual_password |)" time="0.435087">
  <failure message="failed Group Login (outline example : | it | mobileprotect | usual_msisdn_2 | usual_password |)" type="failed">
    <![CDATA[Scenario Outline: Group Login

Example row: | gb | music | usual_msisdn_2 | usual_password |

Message:
Example row: | ie | contacts | usual_msisdn_2 | usual_password |

Message:
Example row: | ie | nwab | usual_msisdn_2 | usual_password |

Message:
Example row: | ie | contentbackup | usual_msisdn_2 | usual_password |

Message:
Example row: | ie | music | usual_msisdn_2 | usual_password |

Message:
Example row: | it | music | usual_msisdn_2 | usual_password |

Message:
Example row: | it | contacts | usual_msisdn_2 | usual_password |

Message:
Example row: | it | nwab | usual_msisdn_2 | usual_password |

Message:
Example row: | it | contentbackup | usual_msisdn_2 | usual_password |

Message:
Example row: | it | mobileprotect | usual_msisdn_2 | usual_password |

Message:
]]>
    <![CDATA[unexpected response, code=404, content-type=""
unknown command: session/61a9d9f6391e38daf5d133be8708e330/element/name (Selenium::WebDriver::Error::WebDriverError)
/usr/local/rvm/gems/ruby-1.9.3-p392/gems/selenium-webdriver-2.31.0/lib/selenium/webdriver/remote/http/common.rb:66:in `create_response'
/usr/local/rvm/gems/ruby-1.9.3-p392/gems/selenium-webdriver-2.31.0/lib/selenium/webdriver/remote/http/default.rb:66:in `request'
/usr/local/rvm/gems/ruby-1.9.3-p392/gems/selenium-webdriver-2.31.0/lib/selenium/webdriver/remote/http/common.rb:40:in `call'
/usr/local/rvm/gems/ruby-1.9.3-p392/gems/selenium-webdriver-2.31.0/lib/selenium/webdriver/remote/bridge.rb:616:in `raw_execute'
/usr/local/rvm/gems/ruby-1.9.3-p392/gems/selenium-webdriver-2.31.0/lib/selenium/webdriver/remote/bridge.rb:594:in `execute'
/usr/local/rvm/gems/ruby-1.9.3-p392/gems/selenium-webdriver-2.31.0/lib/selenium/webdriver/remote/bridge.rb:493:in `getElementTagName'
/usr/local/rvm/gems/ruby-1.9.3-p392/gems/selenium-webdriver-2.31.0/lib/selenium/webdriver/common/element.rb:68:in `tag_name'
/usr/local/rvm/gems/ruby-1.9.3-p392/gems/watir-webdriver-0.6.2/lib/watir-webdriver/locators/element_locator.rb:387:in `validate_element'
/usr/local/rvm/gems/ruby-1.9.3-p392/gems/watir-webdriver-0.6.2/lib/watir-webdriver/locators/element_locator.rb:37:in `locate'
/usr/local/rvm/gems/ruby-1.9.3-p392/gems/watir-webdriver-0.6.2/lib/watir-webdriver/elements/element.rb:509:in `locate'
/usr/local/rvm/gems/ruby-1.9.3-p392/gems/watir-webdriver-0.6.2/lib/watir-webdriver/elements/element.rb:487:in `assert_exists'
/usr/local/rvm/gems/ruby-1.9.3-p392/gems/watir-webdriver-0.6.2/lib/watir-webdriver/elements/element.rb:118:in `click'
/Users/Subhash/git/automated_tests_web_login_app/features/pages/MockServicePage.rb:13:in `visit'
/Users/Subhash/git/automated_tests_web_login_app/features/step_definitions/loginapp_steps.rb:17:in `block in <top (required)>'
/usr/local/rvm/gems/ruby-1.9.3-p392/gems/cucumber-1.2.3/lib/cucumber/core_ext/instance_exec.rb:48:in `instance_exec'
/usr/local/rvm/gems/ruby-1.9.3-p392/gems/cucumber-1.2.3/lib/cucumber/core_ext/instance_exec.rb:48:in `block in cucumber_instance_exec'
/usr/local/rvm/gems/ruby-1.9.3-p392/gems/cucumber-1.2.3/lib/cucumber/core_ext/instance_exec.rb:69:in `cucumber_run_with_backtrace_filtering'
/usr/local/rvm/gems/ruby-1.9.3-p392/gems/cucumber-1.2.3/lib/cucumber/core_ext/instance_exec.rb:36:in `cucumber_instance_exec'
/usr/local/rvm/gems/ruby-1.9.3-p392/gems/cucumber-1.2.3/lib/cucumber/rb_support/rb_step_definition.rb:97:in `invoke'
/usr/local/rvm/gems/ruby-1.9.3-p392/gems/cucumber-1.2.3/lib/cucumber/step_match.rb:25:in `invoke'
/usr/local/rvm/gems/ruby-1.9.3-p392/gems/cucumber-1.2.3/lib/cucumber/ast/step_invocation.rb:60:in `invoke'
/usr/local/rvm/gems/ruby-1.9.3-p392/gems/cucumber-1.2.3/lib/cucumber/ast/outline_table.rb:119:in `block (2 levels) in accept_plain'
/usr/local/rvm/gems/ruby-1.9.3-p392/gems/cucumber-1.2.3/lib/cucumber/ast/step_collection.rb:37:in `each'
/usr/local/rvm/gems/ruby-1.9.3-p392/gems/cucumber-1.2.3/lib/cucumber/ast/step_collection.rb:37:in `each'
/usr/local/rvm/gems/ruby-1.9.3-p392/gems/cucumber-1.2.3/lib/cucumber/ast/outline_table.rb:118:in `block in accept_plain'
/usr/local/rvm/gems/ruby-1.9.3-p392/gems/cucumber-1.2.3/lib/cucumber/runtime.rb:81:in `block (2 levels) in with_hooks'
/usr/local/rvm/gems/ruby-1.9.3-p392/gems/cucumber-1.2.3/lib/cucumber/runtime.rb:97:in `before_and_after'
/usr/local/rvm/gems/ruby-1.9.3-p392/gems/cucumber-1.2.3/lib/cucumber/runtime.rb:80:in `block in with_hooks'
/usr/local/rvm/gems/ruby-1.9.3-p392/gems/cucumber-1.2.3/lib/cucumber/runtime/support_code.rb:120:in `call'
/usr/local/rvm/gems/ruby-1.9.3-p392/gems/cucumber-1.2.3/lib/cucumber/runtime/support_code.rb:120:in `block (3 levels) in around'
/usr/local/rvm/gems/ruby-1.9.3-p392/gems/cucumber-1.2.3/lib/cucumber/language_support/language_methods.rb:9:in `block in around'
/usr/local/rvm/gems/ruby-1.9.3-p392/gems/cucumber-1.2.3/lib/cucumber/language_support/language_methods.rb:91:in `call'
/usr/local/rvm/gems/ruby-1.9.3-p392/gems/cucumber-1.2.3/lib/cucumber/language_support/language_methods.rb:91:in `execute_around'
/usr/local/rvm/gems/ruby-1.9.3-p392/gems/cucumber-1.2.3/lib/cucumber/language_support/language_methods.rb:8:in `around'
/usr/local/rvm/gems/ruby-1.9.3-p392/gems/cucumber-1.2.3/lib/cucumber/runtime/support_code.rb:119:in `block (2 levels) in around'
/usr/local/rvm/gems/ruby-1.9.3-p392/gems/cucumber-1.2.3/lib/cucumber/runtime/support_code.rb:117:in `call'
/usr/local/rvm/gems/ruby-1.9.3-p392/gems/cucumber-1.2.3/lib/cucumber/runtime/support_code.rb:117:in `around'
/usr/local/rvm/gems/ruby-1.9.3-p392/gems/cucumber-1.2.3/lib/cucumber/runtime.rb:92:in `around'
/usr/local/rvm/gems/ruby-1.9.3-p392/gems/cucumber-1.2.3/lib/cucumber/runtime.rb:79:in `with_hooks'
/usr/local/rvm/gems/ruby-1.9.3-p392/gems/cucumber-1.2.3/lib/cucumber/ast/outline_table.rb:117:in `accept_plain'
/usr/local/rvm/gems/ruby-1.9.3-p392/gems/cucumber-1.2.3/lib/cucumber/ast/outline_table.rb:107:in `accept'
/usr/local/rvm/gems/ruby-1.9.3-p392/gems/cucumber-1.2.3/lib/cucumber/ast/tree_walker.rb:131:in `block in visit_table_row'
/usr/local/rvm/gems/ruby-1.9.3-p392/gems/cucumber-1.2.3/lib/cucumber/ast/tree_walker.rb:163:in `broadcast'
/usr/local/rvm/gems/ruby-1.9.3-p392/gems/cucumber-1.2.3/lib/cucumber/ast/tree_walker.rb:130:in `visit_table_row'
/usr/local/rvm/gems/ruby-1.9.3-p392/gems/cucumber-1.2.3/lib/cucumber/ast/outline_table.rb:27:in `block in accept'
/usr/local/rvm/gems/ruby-1.9.3-p392/gems/cucumber-1.2.3/lib/cucumber/ast/outline_table.rb:23:in `each'
/usr/local/rvm/gems/ruby-1.9.3-p392/gems/cucumber-1.2.3/lib/cucumber/ast/outline_table.rb:23:in `each_with_index'
/usr/local/rvm/gems/ruby-1.9.3-p392/gems/cucumber-1.2.3/lib/cucumber/ast/outline_table.rb:23:in `accept'
/usr/local/rvm/gems/ruby-1.9.3-p392/gems/cucumber-1.2.3/lib/cucumber/ast/tree_walker.rb:83:in `block in visit_outline_table'
/usr/local/rvm/gems/ruby-1.9.3-p392/gems/cucumber-1.2.3/lib/cucumber/ast/tree_walker.rb:163:in `broadcast'
/usr/local/rvm/gems/ruby-1.9.3-p392/gems/cucumber-1.2.3/lib/cucumber/ast/tree_walker.rb:82:in `visit_outline_table'
/usr/local/rvm/gems/ruby-1.9.3-p392/gems/cucumber-1.2.3/lib/cucumber/ast/examples.rb:22:in `accept'
/usr/local/rvm/gems/ruby-1.9.3-p392/gems/cucumber-1.2.3/lib/cucumber/ast/tree_walker.rb:73:in `block in visit_examples'
/usr/local/rvm/gems/ruby-1.9.3-p392/gems/cucumber-1.2.3/lib/cucumber/ast/tree_walker.rb:163:in `broadcast'
/usr/local/rvm/gems/ruby-1.9.3-p392/gems/cucumber-1.2.3/lib/cucumber/ast/tree_walker.rb:72:in `visit_examples'
/usr/local/rvm/gems/ruby-1.9.3-p392/gems/cucumber-1.2.3/lib/cucumber/ast/scenario_outline.rb:14:in `block in accept'
/usr/local/rvm/gems/ruby-1.9.3-p392/gems/cucumber-1.2.3/lib/cucumber/ast/scenario_outline.rb:13:in `each'
/usr/local/rvm/gems/ruby-1.9.3-p392/gems/cucumber-1.2.3/lib/cucumber/ast/scenario_outline.rb:13:in `accept'
/usr/local/rvm/gems/ruby-1.9.3-p392/gems/cucumber-1.2.3/lib/cucumber/ast/tree_walker.rb:67:in `block in visit_examples_array'
/usr/local/rvm/gems/ruby-1.9.3-p392/gems/cucumber-1.2.3/lib/cucumber/ast/tree_walker.rb:163:in `broadcast'
/usr/local/rvm/gems/ruby-1.9.3-p392/gems/cucumber-1.2.3/lib/cucumber/ast/tree_walker.rb:66:in `visit_examples_array'
/usr/local/rvm/gems/ruby-1.9.3-p392/gems/cucumber-1.2.3/lib/cucumber/ast/scenario_outline.rb:68:in `accept'
/usr/local/rvm/gems/ruby-1.9.3-p392/gems/cucumber-1.2.3/lib/cucumber/ast/tree_walker.rb:51:in `block in visit_feature_element'
/usr/local/rvm/gems/ruby-1.9.3-p392/gems/cucumber-1.2.3/lib/cucumber/ast/tree_walker.rb:163:in `broadcast'
/usr/local/rvm/gems/ruby-1.9.3-p392/gems/cucumber-1.2.3/lib/cucumber/ast/tree_walker.rb:50:in `visit_feature_element'
/usr/local/rvm/gems/ruby-1.9.3-p392/gems/cucumber-1.2.3/lib/cucumber/ast/feature.rb:43:in `block in accept'
/usr/local/rvm/gems/ruby-1.9.3-p392/gems/cucumber-1.2.3/lib/cucumber/ast/feature.rb:42:in `each'
/usr/local/rvm/gems/ruby-1.9.3-p392/gems/cucumber-1.2.3/lib/cucumber/ast/feature.rb:42:in `accept'
/usr/local/rvm/gems/ruby-1.9.3-p392/gems/cucumber-1.2.3/lib/cucumber/ast/tree_walker.rb:20:in `block in visit_feature'
/usr/local/rvm/gems/ruby-1.9.3-p392/gems/cucumber-1.2.3/lib/cucumber/ast/tree_walker.rb:163:in `broadcast'
/usr/local/rvm/gems/ruby-1.9.3-p392/gems/cucumber-1.2.3/lib/cucumber/ast/tree_walker.rb:19:in `visit_feature'
/usr/local/rvm/gems/ruby-1.9.3-p392/gems/cucumber-1.2.3/lib/cucumber/ast/features.rb:29:in `block in accept'
/usr/local/rvm/gems/ruby-1.9.3-p392/gems/cucumber-1.2.3/lib/cucumber/ast/features.rb:17:in `each'
/usr/local/rvm/gems/ruby-1.9.3-p392/gems/cucumber-1.2.3/lib/cucumber/ast/features.rb:17:in `each'
/usr/local/rvm/gems/ruby-1.9.3-p392/gems/cucumber-1.2.3/lib/cucumber/ast/features.rb:28:in `accept'
/usr/local/rvm/gems/ruby-1.9.3-p392/gems/cucumber-1.2.3/lib/cucumber/ast/tree_walker.rb:14:in `block in visit_features'
/usr/local/rvm/gems/ruby-1.9.3-p392/gems/cucumber-1.2.3/lib/cucumber/ast/tree_walker.rb:163:in `broadcast'
/usr/local/rvm/gems/ruby-1.9.3-p392/gems/cucumber-1.2.3/lib/cucumber/ast/tree_walker.rb:13:in `visit_features'
/usr/local/rvm/gems/ruby-1.9.3-p392/gems/cucumber-1.2.3/lib/cucumber/runtime.rb:47:in `run!'
/usr/local/rvm/gems/ruby-1.9.3-p392/gems/cucumber-1.2.3/lib/cucumber/cli/main.rb:43:in `execute!'
/usr/local/rvm/gems/ruby-1.9.3-p392/gems/cucumber-1.2.3/lib/cucumber/cli/main.rb:20:in `execute'
/usr/local/rvm/gems/ruby-1.9.3-p392/gems/cucumber-1.2.3/bin/cucumber:14:in `<top (required)>'
/usr/local/rvm/gems/ruby-1.9.3-p392/bin/cucumber:19:in `load'
/usr/local/rvm/gems/ruby-1.9.3-p392/bin/cucumber:19:in `<main>'
/usr/local/rvm/gems/ruby-1.9.3-p392/bin/ruby_noexec_wrapper:14:in `eval'
/usr/local/rvm/gems/ruby-1.9.3-p392/bin/ruby_noexec_wrapper:14:in `<main>'
features/login.feature:17:in `Given I open '<service>' site for the opco '<opco>' in a logged out state']]>
  </failure>
  <system-out/>
  <system-err/>
</testcase>
<testcase classname="LOGIN" name="Group Login (outline example : | gr | music | usual_msisdn_2 | usual_password |)" time="0.419038">
  <failure message="failed Group Login (outline example : | gr | music | usual_msisdn_2 | usual_password |)" type="failed">
    <![CDATA[Scenario Outline: Group Login

Example row: | gb | music | usual_msisdn_2 | usual_password |

Message:
Example row: | ie | contacts | usual_msisdn_2 | usual_password |

Message:
Example row: | ie | nwab | usual_msisdn_2 | usual_password |

Message:
Example row: | ie | contentbackup | usual_msisdn_2 | usual_password |

Message:
Example row: | ie | music | usual_msisdn_2 | usual_password |

Message:
Example row: | it | music | usual_msisdn_2 | usual_password |

Message:
Example row: | it | contacts | usual_msisdn_2 | usual_password |

Message:
Example row: | it | nwab | usual_msisdn_2 | usual_password |

Message:
Example row: | it | contentbackup | usual_msisdn_2 | usual_password |

Message:
Example row: | it | mobileprotect | usual_msisdn_2 | usual_password |

Message:
Example row: | gr | music | usual_msisdn_2 | usual_password |

Message:
]]>
    <![CDATA[unexpected response, code=404, content-type=""
unknown command: session/61a9d9f6391e38daf5d133be8708e330/element/name (Selenium::WebDriver::Error::WebDriverError)
/usr/local/rvm/gems/ruby-1.9.3-p392/gems/selenium-webdriver-2.31.0/lib/selenium/webdriver/remote/http/common.rb:66:in `create_response'
/usr/local/rvm/gems/ruby-1.9.3-p392/gems/selenium-webdriver-2.31.0/lib/selenium/webdriver/remote/http/default.rb:66:in `request'
/usr/local/rvm/gems/ruby-1.9.3-p392/gems/selenium-webdriver-2.31.0/lib/selenium/webdriver/remote/http/common.rb:40:in `call'
/usr/local/rvm/gems/ruby-1.9.3-p392/gems/selenium-webdriver-2.31.0/lib/selenium/webdriver/remote/bridge.rb:616:in `raw_execute'
/usr/local/rvm/gems/ruby-1.9.3-p392/gems/selenium-webdriver-2.31.0/lib/selenium/webdriver/remote/bridge.rb:594:in `execute'
/usr/local/rvm/gems/ruby-1.9.3-p392/gems/selenium-webdriver-2.31.0/lib/selenium/webdriver/remote/bridge.rb:493:in `getElementTagName'
/usr/local/rvm/gems/ruby-1.9.3-p392/gems/selenium-webdriver-2.31.0/lib/selenium/webdriver/common/element.rb:68:in `tag_name'
/usr/local/rvm/gems/ruby-1.9.3-p392/gems/watir-webdriver-0.6.2/lib/watir-webdriver/locators/element_locator.rb:387:in `validate_element'
/usr/local/rvm/gems/ruby-1.9.3-p392/gems/watir-webdriver-0.6.2/lib/watir-webdriver/locators/element_locator.rb:37:in `locate'
/usr/local/rvm/gems/ruby-1.9.3-p392/gems/watir-webdriver-0.6.2/lib/watir-webdriver/elements/element.rb:509:in `locate'
/usr/local/rvm/gems/ruby-1.9.3-p392/gems/watir-webdriver-0.6.2/lib/watir-webdriver/elements/element.rb:487:in `assert_exists'
/usr/local/rvm/gems/ruby-1.9.3-p392/gems/watir-webdriver-0.6.2/lib/watir-webdriver/elements/element.rb:118:in `click'
/Users/Subhash/git/automated_tests_web_login_app/features/pages/MockServicePage.rb:13:in `visit'
/Users/Subhash/git/automated_tests_web_login_app/features/step_definitions/loginapp_steps.rb:17:in `block in <top (required)>'
/usr/local/rvm/gems/ruby-1.9.3-p392/gems/cucumber-1.2.3/lib/cucumber/core_ext/instance_exec.rb:48:in `instance_exec'
/usr/local/rvm/gems/ruby-1.9.3-p392/gems/cucumber-1.2.3/lib/cucumber/core_ext/instance_exec.rb:48:in `block in cucumber_instance_exec'
/usr/local/rvm/gems/ruby-1.9.3-p392/gems/cucumber-1.2.3/lib/cucumber/core_ext/instance_exec.rb:69:in `cucumber_run_with_backtrace_filtering'
/usr/local/rvm/gems/ruby-1.9.3-p392/gems/cucumber-1.2.3/lib/cucumber/core_ext/instance_exec.rb:36:in `cucumber_instance_exec'
/usr/local/rvm/gems/ruby-1.9.3-p392/gems/cucumber-1.2.3/lib/cucumber/rb_support/rb_step_definition.rb:97:in `invoke'
/usr/local/rvm/gems/ruby-1.9.3-p392/gems/cucumber-1.2.3/lib/cucumber/step_match.rb:25:in `invoke'
/usr/local/rvm/gems/ruby-1.9.3-p392/gems/cucumber-1.2.3/lib/cucumber/ast/step_invocation.rb:60:in `invoke'
/usr/local/rvm/gems/ruby-1.9.3-p392/gems/cucumber-1.2.3/lib/cucumber/ast/outline_table.rb:119:in `block (2 levels) in accept_plain'
/usr/local/rvm/gems/ruby-1.9.3-p392/gems/cucumber-1.2.3/lib/cucumber/ast/step_collection.rb:37:in `each'
/usr/local/rvm/gems/ruby-1.9.3-p392/gems/cucumber-1.2.3/lib/cucumber/ast/step_collection.rb:37:in `each'
/usr/local/rvm/gems/ruby-1.9.3-p392/gems/cucumber-1.2.3/lib/cucumber/ast/outline_table.rb:118:in `block in accept_plain'
/usr/local/rvm/gems/ruby-1.9.3-p392/gems/cucumber-1.2.3/lib/cucumber/runtime.rb:81:in `block (2 levels) in with_hooks'
/usr/local/rvm/gems/ruby-1.9.3-p392/gems/cucumber-1.2.3/lib/cucumber/runtime.rb:97:in `before_and_after'
/usr/local/rvm/gems/ruby-1.9.3-p392/gems/cucumber-1.2.3/lib/cucumber/runtime.rb:80:in `block in with_hooks'
/usr/local/rvm/gems/ruby-1.9.3-p392/gems/cucumber-1.2.3/lib/cucumber/runtime/support_code.rb:120:in `call'
/usr/local/rvm/gems/ruby-1.9.3-p392/gems/cucumber-1.2.3/lib/cucumber/runtime/support_code.rb:120:in `block (3 levels) in around'
/usr/local/rvm/gems/ruby-1.9.3-p392/gems/cucumber-1.2.3/lib/cucumber/language_support/language_methods.rb:9:in `block in around'
/usr/local/rvm/gems/ruby-1.9.3-p392/gems/cucumber-1.2.3/lib/cucumber/language_support/language_methods.rb:91:in `call'
/usr/local/rvm/gems/ruby-1.9.3-p392/gems/cucumber-1.2.3/lib/cucumber/language_support/language_methods.rb:91:in `execute_around'
/usr/local/rvm/gems/ruby-1.9.3-p392/gems/cucumber-1.2.3/lib/cucumber/language_support/language_methods.rb:8:in `around'
/usr/local/rvm/gems/ruby-1.9.3-p392/gems/cucumber-1.2.3/lib/cucumber/runtime/support_code.rb:119:in `block (2 levels) in around'
/usr/local/rvm/gems/ruby-1.9.3-p392/gems/cucumber-1.2.3/lib/cucumber/runtime/support_code.rb:117:in `call'
/usr/local/rvm/gems/ruby-1.9.3-p392/gems/cucumber-1.2.3/lib/cucumber/runtime/support_code.rb:117:in `around'
/usr/local/rvm/gems/ruby-1.9.3-p392/gems/cucumber-1.2.3/lib/cucumber/runtime.rb:92:in `around'
/usr/local/rvm/gems/ruby-1.9.3-p392/gems/cucumber-1.2.3/lib/cucumber/runtime.rb:79:in `with_hooks'
/usr/local/rvm/gems/ruby-1.9.3-p392/gems/cucumber-1.2.3/lib/cucumber/ast/outline_table.rb:117:in `accept_plain'
/usr/local/rvm/gems/ruby-1.9.3-p392/gems/cucumber-1.2.3/lib/cucumber/ast/outline_table.rb:107:in `accept'
/usr/local/rvm/gems/ruby-1.9.3-p392/gems/cucumber-1.2.3/lib/cucumber/ast/tree_walker.rb:131:in `block in visit_table_row'
/usr/local/rvm/gems/ruby-1.9.3-p392/gems/cucumber-1.2.3/lib/cucumber/ast/tree_walker.rb:163:in `broadcast'
/usr/local/rvm/gems/ruby-1.9.3-p392/gems/cucumber-1.2.3/lib/cucumber/ast/tree_walker.rb:130:in `visit_table_row'
/usr/local/rvm/gems/ruby-1.9.3-p392/gems/cucumber-1.2.3/lib/cucumber/ast/outline_table.rb:27:in `block in accept'
/usr/local/rvm/gems/ruby-1.9.3-p392/gems/cucumber-1.2.3/lib/cucumber/ast/outline_table.rb:23:in `each'
/usr/local/rvm/gems/ruby-1.9.3-p392/gems/cucumber-1.2.3/lib/cucumber/ast/outline_table.rb:23:in `each_with_index'
/usr/local/rvm/gems/ruby-1.9.3-p392/gems/cucumber-1.2.3/lib/cucumber/ast/outline_table.rb:23:in `accept'
/usr/local/rvm/gems/ruby-1.9.3-p392/gems/cucumber-1.2.3/lib/cucumber/ast/tree_walker.rb:83:in `block in visit_outline_table'
/usr/local/rvm/gems/ruby-1.9.3-p392/gems/cucumber-1.2.3/lib/cucumber/ast/tree_walker.rb:163:in `broadcast'
/usr/local/rvm/gems/ruby-1.9.3-p392/gems/cucumber-1.2.3/lib/cucumber/ast/tree_walker.rb:82:in `visit_outline_table'
/usr/local/rvm/gems/ruby-1.9.3-p392/gems/cucumber-1.2.3/lib/cucumber/ast/examples.rb:22:in `accept'
/usr/local/rvm/gems/ruby-1.9.3-p392/gems/cucumber-1.2.3/lib/cucumber/ast/tree_walker.rb:73:in `block in visit_examples'
/usr/local/rvm/gems/ruby-1.9.3-p392/gems/cucumber-1.2.3/lib/cucumber/ast/tree_walker.rb:163:in `broadcast'
/usr/local/rvm/gems/ruby-1.9.3-p392/gems/cucumber-1.2.3/lib/cucumber/ast/tree_walker.rb:72:in `visit_examples'
/usr/local/rvm/gems/ruby-1.9.3-p392/gems/cucumber-1.2.3/lib/cucumber/ast/scenario_outline.rb:14:in `block in accept'
/usr/local/rvm/gems/ruby-1.9.3-p392/gems/cucumber-1.2.3/lib/cucumber/ast/scenario_outline.rb:13:in `each'
/usr/local/rvm/gems/ruby-1.9.3-p392/gems/cucumber-1.2.3/lib/cucumber/ast/scenario_outline.rb:13:in `accept'
/usr/local/rvm/gems/ruby-1.9.3-p392/gems/cucumber-1.2.3/lib/cucumber/ast/tree_walker.rb:67:in `block in visit_examples_array'
/usr/local/rvm/gems/ruby-1.9.3-p392/gems/cucumber-1.2.3/lib/cucumber/ast/tree_walker.rb:163:in `broadcast'
/usr/local/rvm/gems/ruby-1.9.3-p392/gems/cucumber-1.2.3/lib/cucumber/ast/tree_walker.rb:66:in `visit_examples_array'
/usr/local/rvm/gems/ruby-1.9.3-p392/gems/cucumber-1.2.3/lib/cucumber/ast/scenario_outline.rb:68:in `accept'
/usr/local/rvm/gems/ruby-1.9.3-p392/gems/cucumber-1.2.3/lib/cucumber/ast/tree_walker.rb:51:in `block in visit_feature_element'
/usr/local/rvm/gems/ruby-1.9.3-p392/gems/cucumber-1.2.3/lib/cucumber/ast/tree_walker.rb:163:in `broadcast'
/usr/local/rvm/gems/ruby-1.9.3-p392/gems/cucumber-1.2.3/lib/cucumber/ast/tree_walker.rb:50:in `visit_feature_element'
/usr/local/rvm/gems/ruby-1.9.3-p392/gems/cucumber-1.2.3/lib/cucumber/ast/feature.rb:43:in `block in accept'
/usr/local/rvm/gems/ruby-1.9.3-p392/gems/cucumber-1.2.3/lib/cucumber/ast/feature.rb:42:in `each'
/usr/local/rvm/gems/ruby-1.9.3-p392/gems/cucumber-1.2.3/lib/cucumber/ast/feature.rb:42:in `accept'
/usr/local/rvm/gems/ruby-1.9.3-p392/gems/cucumber-1.2.3/lib/cucumber/ast/tree_walker.rb:20:in `block in visit_feature'
/usr/local/rvm/gems/ruby-1.9.3-p392/gems/cucumber-1.2.3/lib/cucumber/ast/tree_walker.rb:163:in `broadcast'
/usr/local/rvm/gems/ruby-1.9.3-p392/gems/cucumber-1.2.3/lib/cucumber/ast/tree_walker.rb:19:in `visit_feature'
/usr/local/rvm/gems/ruby-1.9.3-p392/gems/cucumber-1.2.3/lib/cucumber/ast/features.rb:29:in `block in accept'
/usr/local/rvm/gems/ruby-1.9.3-p392/gems/cucumber-1.2.3/lib/cucumber/ast/features.rb:17:in `each'
/usr/local/rvm/gems/ruby-1.9.3-p392/gems/cucumber-1.2.3/lib/cucumber/ast/features.rb:17:in `each'
/usr/local/rvm/gems/ruby-1.9.3-p392/gems/cucumber-1.2.3/lib/cucumber/ast/features.rb:28:in `accept'
/usr/local/rvm/gems/ruby-1.9.3-p392/gems/cucumber-1.2.3/lib/cucumber/ast/tree_walker.rb:14:in `block in visit_features'
/usr/local/rvm/gems/ruby-1.9.3-p392/gems/cucumber-1.2.3/lib/cucumber/ast/tree_walker.rb:163:in `broadcast'
/usr/local/rvm/gems/ruby-1.9.3-p392/gems/cucumber-1.2.3/lib/cucumber/ast/tree_walker.rb:13:in `visit_features'
/usr/local/rvm/gems/ruby-1.9.3-p392/gems/cucumber-1.2.3/lib/cucumber/runtime.rb:47:in `run!'
/usr/local/rvm/gems/ruby-1.9.3-p392/gems/cucumber-1.2.3/lib/cucumber/cli/main.rb:43:in `execute!'
/usr/local/rvm/gems/ruby-1.9.3-p392/gems/cucumber-1.2.3/lib/cucumber/cli/main.rb:20:in `execute'
/usr/local/rvm/gems/ruby-1.9.3-p392/gems/cucumber-1.2.3/bin/cucumber:14:in `<top (required)>'
/usr/local/rvm/gems/ruby-1.9.3-p392/bin/cucumber:19:in `load'
/usr/local/rvm/gems/ruby-1.9.3-p392/bin/cucumber:19:in `<main>'
/usr/local/rvm/gems/ruby-1.9.3-p392/bin/ruby_noexec_wrapper:14:in `eval'
/usr/local/rvm/gems/ruby-1.9.3-p392/bin/ruby_noexec_wrapper:14:in `<main>'
features/login.feature:17:in `Given I open '<service>' site for the opco '<opco>' in a logged out state']]>
  </failure>
  <system-out/>
  <system-err/>
</testcase>
<testcase classname="LOGIN" name="Group Login (outline example : | gr | contacts | usual_msisdn_2 | usual_password |)" time="0.410024">
  <failure message="failed Group Login (outline example : | gr | contacts | usual_msisdn_2 | usual_password |)" type="failed">
    <![CDATA[Scenario Outline: Group Login

Example row: | gb | music | usual_msisdn_2 | usual_password |

Message:
Example row: | ie | contacts | usual_msisdn_2 | usual_password |

Message:
Example row: | ie | nwab | usual_msisdn_2 | usual_password |

Message:
Example row: | ie | contentbackup | usual_msisdn_2 | usual_password |

Message:
Example row: | ie | music | usual_msisdn_2 | usual_password |

Message:
Example row: | it | music | usual_msisdn_2 | usual_password |

Message:
Example row: | it | contacts | usual_msisdn_2 | usual_password |

Message:
Example row: | it | nwab | usual_msisdn_2 | usual_password |

Message:
Example row: | it | contentbackup | usual_msisdn_2 | usual_password |

Message:
Example row: | it | mobileprotect | usual_msisdn_2 | usual_password |

Message:
Example row: | gr | music | usual_msisdn_2 | usual_password |

Message:
Example row: | gr | contacts | usual_msisdn_2 | usual_password |

Message:
]]>
    <![CDATA[unexpected response, code=404, content-type=""
unknown command: session/61a9d9f6391e38daf5d133be8708e330/element/name (Selenium::WebDriver::Error::WebDriverError)
/usr/local/rvm/gems/ruby-1.9.3-p392/gems/selenium-webdriver-2.31.0/lib/selenium/webdriver/remote/http/common.rb:66:in `create_response'
/usr/local/rvm/gems/ruby-1.9.3-p392/gems/selenium-webdriver-2.31.0/lib/selenium/webdriver/remote/http/default.rb:66:in `request'
/usr/local/rvm/gems/ruby-1.9.3-p392/gems/selenium-webdriver-2.31.0/lib/selenium/webdriver/remote/http/common.rb:40:in `call'
/usr/local/rvm/gems/ruby-1.9.3-p392/gems/selenium-webdriver-2.31.0/lib/selenium/webdriver/remote/bridge.rb:616:in `raw_execute'
/usr/local/rvm/gems/ruby-1.9.3-p392/gems/selenium-webdriver-2.31.0/lib/selenium/webdriver/remote/bridge.rb:594:in `execute'
/usr/local/rvm/gems/ruby-1.9.3-p392/gems/selenium-webdriver-2.31.0/lib/selenium/webdriver/remote/bridge.rb:493:in `getElementTagName'
/usr/local/rvm/gems/ruby-1.9.3-p392/gems/selenium-webdriver-2.31.0/lib/selenium/webdriver/common/element.rb:68:in `tag_name'
/usr/local/rvm/gems/ruby-1.9.3-p392/gems/watir-webdriver-0.6.2/lib/watir-webdriver/locators/element_locator.rb:387:in `validate_element'
/usr/local/rvm/gems/ruby-1.9.3-p392/gems/watir-webdriver-0.6.2/lib/watir-webdriver/locators/element_locator.rb:37:in `locate'
/usr/local/rvm/gems/ruby-1.9.3-p392/gems/watir-webdriver-0.6.2/lib/watir-webdriver/elements/element.rb:509:in `locate'
/usr/local/rvm/gems/ruby-1.9.3-p392/gems/watir-webdriver-0.6.2/lib/watir-webdriver/elements/element.rb:487:in `assert_exists'
/usr/local/rvm/gems/ruby-1.9.3-p392/gems/watir-webdriver-0.6.2/lib/watir-webdriver/elements/element.rb:118:in `click'
/Users/Subhash/git/automated_tests_web_login_app/features/pages/MockServicePage.rb:13:in `visit'
/Users/Subhash/git/automated_tests_web_login_app/features/step_definitions/loginapp_steps.rb:17:in `block in <top (required)>'
/usr/local/rvm/gems/ruby-1.9.3-p392/gems/cucumber-1.2.3/lib/cucumber/core_ext/instance_exec.rb:48:in `instance_exec'
/usr/local/rvm/gems/ruby-1.9.3-p392/gems/cucumber-1.2.3/lib/cucumber/core_ext/instance_exec.rb:48:in `block in cucumber_instance_exec'
/usr/local/rvm/gems/ruby-1.9.3-p392/gems/cucumber-1.2.3/lib/cucumber/core_ext/instance_exec.rb:69:in `cucumber_run_with_backtrace_filtering'
/usr/local/rvm/gems/ruby-1.9.3-p392/gems/cucumber-1.2.3/lib/cucumber/core_ext/instance_exec.rb:36:in `cucumber_instance_exec'
/usr/local/rvm/gems/ruby-1.9.3-p392/gems/cucumber-1.2.3/lib/cucumber/rb_support/rb_step_definition.rb:97:in `invoke'
/usr/local/rvm/gems/ruby-1.9.3-p392/gems/cucumber-1.2.3/lib/cucumber/step_match.rb:25:in `invoke'
/usr/local/rvm/gems/ruby-1.9.3-p392/gems/cucumber-1.2.3/lib/cucumber/ast/step_invocation.rb:60:in `invoke'
/usr/local/rvm/gems/ruby-1.9.3-p392/gems/cucumber-1.2.3/lib/cucumber/ast/outline_table.rb:119:in `block (2 levels) in accept_plain'
/usr/local/rvm/gems/ruby-1.9.3-p392/gems/cucumber-1.2.3/lib/cucumber/ast/step_collection.rb:37:in `each'
/usr/local/rvm/gems/ruby-1.9.3-p392/gems/cucumber-1.2.3/lib/cucumber/ast/step_collection.rb:37:in `each'
/usr/local/rvm/gems/ruby-1.9.3-p392/gems/cucumber-1.2.3/lib/cucumber/ast/outline_table.rb:118:in `block in accept_plain'
/usr/local/rvm/gems/ruby-1.9.3-p392/gems/cucumber-1.2.3/lib/cucumber/runtime.rb:81:in `block (2 levels) in with_hooks'
/usr/local/rvm/gems/ruby-1.9.3-p392/gems/cucumber-1.2.3/lib/cucumber/runtime.rb:97:in `before_and_after'
/usr/local/rvm/gems/ruby-1.9.3-p392/gems/cucumber-1.2.3/lib/cucumber/runtime.rb:80:in `block in with_hooks'
/usr/local/rvm/gems/ruby-1.9.3-p392/gems/cucumber-1.2.3/lib/cucumber/runtime/support_code.rb:120:in `call'
/usr/local/rvm/gems/ruby-1.9.3-p392/gems/cucumber-1.2.3/lib/cucumber/runtime/support_code.rb:120:in `block (3 levels) in around'
/usr/local/rvm/gems/ruby-1.9.3-p392/gems/cucumber-1.2.3/lib/cucumber/language_support/language_methods.rb:9:in `block in around'
/usr/local/rvm/gems/ruby-1.9.3-p392/gems/cucumber-1.2.3/lib/cucumber/language_support/language_methods.rb:91:in `call'
/usr/local/rvm/gems/ruby-1.9.3-p392/gems/cucumber-1.2.3/lib/cucumber/language_support/language_methods.rb:91:in `execute_around'
/usr/local/rvm/gems/ruby-1.9.3-p392/gems/cucumber-1.2.3/lib/cucumber/language_support/language_methods.rb:8:in `around'
/usr/local/rvm/gems/ruby-1.9.3-p392/gems/cucumber-1.2.3/lib/cucumber/runtime/support_code.rb:119:in `block (2 levels) in around'
/usr/local/rvm/gems/ruby-1.9.3-p392/gems/cucumber-1.2.3/lib/cucumber/runtime/support_code.rb:117:in `call'
/usr/local/rvm/gems/ruby-1.9.3-p392/gems/cucumber-1.2.3/lib/cucumber/runtime/support_code.rb:117:in `around'
/usr/local/rvm/gems/ruby-1.9.3-p392/gems/cucumber-1.2.3/lib/cucumber/runtime.rb:92:in `around'
/usr/local/rvm/gems/ruby-1.9.3-p392/gems/cucumber-1.2.3/lib/cucumber/runtime.rb:79:in `with_hooks'
/usr/local/rvm/gems/ruby-1.9.3-p392/gems/cucumber-1.2.3/lib/cucumber/ast/outline_table.rb:117:in `accept_plain'
/usr/local/rvm/gems/ruby-1.9.3-p392/gems/cucumber-1.2.3/lib/cucumber/ast/outline_table.rb:107:in `accept'
/usr/local/rvm/gems/ruby-1.9.3-p392/gems/cucumber-1.2.3/lib/cucumber/ast/tree_walker.rb:131:in `block in visit_table_row'
/usr/local/rvm/gems/ruby-1.9.3-p392/gems/cucumber-1.2.3/lib/cucumber/ast/tree_walker.rb:163:in `broadcast'
/usr/local/rvm/gems/ruby-1.9.3-p392/gems/cucumber-1.2.3/lib/cucumber/ast/tree_walker.rb:130:in `visit_table_row'
/usr/local/rvm/gems/ruby-1.9.3-p392/gems/cucumber-1.2.3/lib/cucumber/ast/outline_table.rb:27:in `block in accept'
/usr/local/rvm/gems/ruby-1.9.3-p392/gems/cucumber-1.2.3/lib/cucumber/ast/outline_table.rb:23:in `each'
/usr/local/rvm/gems/ruby-1.9.3-p392/gems/cucumber-1.2.3/lib/cucumber/ast/outline_table.rb:23:in `each_with_index'
/usr/local/rvm/gems/ruby-1.9.3-p392/gems/cucumber-1.2.3/lib/cucumber/ast/outline_table.rb:23:in `accept'
/usr/local/rvm/gems/ruby-1.9.3-p392/gems/cucumber-1.2.3/lib/cucumber/ast/tree_walker.rb:83:in `block in visit_outline_table'
/usr/local/rvm/gems/ruby-1.9.3-p392/gems/cucumber-1.2.3/lib/cucumber/ast/tree_walker.rb:163:in `broadcast'
/usr/local/rvm/gems/ruby-1.9.3-p392/gems/cucumber-1.2.3/lib/cucumber/ast/tree_walker.rb:82:in `visit_outline_table'
/usr/local/rvm/gems/ruby-1.9.3-p392/gems/cucumber-1.2.3/lib/cucumber/ast/examples.rb:22:in `accept'
/usr/local/rvm/gems/ruby-1.9.3-p392/gems/cucumber-1.2.3/lib/cucumber/ast/tree_walker.rb:73:in `block in visit_examples'
/usr/local/rvm/gems/ruby-1.9.3-p392/gems/cucumber-1.2.3/lib/cucumber/ast/tree_walker.rb:163:in `broadcast'
/usr/local/rvm/gems/ruby-1.9.3-p392/gems/cucumber-1.2.3/lib/cucumber/ast/tree_walker.rb:72:in `visit_examples'
/usr/local/rvm/gems/ruby-1.9.3-p392/gems/cucumber-1.2.3/lib/cucumber/ast/scenario_outline.rb:14:in `block in accept'
/usr/local/rvm/gems/ruby-1.9.3-p392/gems/cucumber-1.2.3/lib/cucumber/ast/scenario_outline.rb:13:in `each'
/usr/local/rvm/gems/ruby-1.9.3-p392/gems/cucumber-1.2.3/lib/cucumber/ast/scenario_outline.rb:13:in `accept'
/usr/local/rvm/gems/ruby-1.9.3-p392/gems/cucumber-1.2.3/lib/cucumber/ast/tree_walker.rb:67:in `block in visit_examples_array'
/usr/local/rvm/gems/ruby-1.9.3-p392/gems/cucumber-1.2.3/lib/cucumber/ast/tree_walker.rb:163:in `broadcast'
/usr/local/rvm/gems/ruby-1.9.3-p392/gems/cucumber-1.2.3/lib/cucumber/ast/tree_walker.rb:66:in `visit_examples_array'
/usr/local/rvm/gems/ruby-1.9.3-p392/gems/cucumber-1.2.3/lib/cucumber/ast/scenario_outline.rb:68:in `accept'
/usr/local/rvm/gems/ruby-1.9.3-p392/gems/cucumber-1.2.3/lib/cucumber/ast/tree_walker.rb:51:in `block in visit_feature_element'
/usr/local/rvm/gems/ruby-1.9.3-p392/gems/cucumber-1.2.3/lib/cucumber/ast/tree_walker.rb:163:in `broadcast'
/usr/local/rvm/gems/ruby-1.9.3-p392/gems/cucumber-1.2.3/lib/cucumber/ast/tree_walker.rb:50:in `visit_feature_element'
/usr/local/rvm/gems/ruby-1.9.3-p392/gems/cucumber-1.2.3/lib/cucumber/ast/feature.rb:43:in `block in accept'
/usr/local/rvm/gems/ruby-1.9.3-p392/gems/cucumber-1.2.3/lib/cucumber/ast/feature.rb:42:in `each'
/usr/local/rvm/gems/ruby-1.9.3-p392/gems/cucumber-1.2.3/lib/cucumber/ast/feature.rb:42:in `accept'
/usr/local/rvm/gems/ruby-1.9.3-p392/gems/cucumber-1.2.3/lib/cucumber/ast/tree_walker.rb:20:in `block in visit_feature'
/usr/local/rvm/gems/ruby-1.9.3-p392/gems/cucumber-1.2.3/lib/cucumber/ast/tree_walker.rb:163:in `broadcast'
/usr/local/rvm/gems/ruby-1.9.3-p392/gems/cucumber-1.2.3/lib/cucumber/ast/tree_walker.rb:19:in `visit_feature'
/usr/local/rvm/gems/ruby-1.9.3-p392/gems/cucumber-1.2.3/lib/cucumber/ast/features.rb:29:in `block in accept'
/usr/local/rvm/gems/ruby-1.9.3-p392/gems/cucumber-1.2.3/lib/cucumber/ast/features.rb:17:in `each'
/usr/local/rvm/gems/ruby-1.9.3-p392/gems/cucumber-1.2.3/lib/cucumber/ast/features.rb:17:in `each'
/usr/local/rvm/gems/ruby-1.9.3-p392/gems/cucumber-1.2.3/lib/cucumber/ast/features.rb:28:in `accept'
/usr/local/rvm/gems/ruby-1.9.3-p392/gems/cucumber-1.2.3/lib/cucumber/ast/tree_walker.rb:14:in `block in visit_features'
/usr/local/rvm/gems/ruby-1.9.3-p392/gems/cucumber-1.2.3/lib/cucumber/ast/tree_walker.rb:163:in `broadcast'
/usr/local/rvm/gems/ruby-1.9.3-p392/gems/cucumber-1.2.3/lib/cucumber/ast/tree_walker.rb:13:in `visit_features'
/usr/local/rvm/gems/ruby-1.9.3-p392/gems/cucumber-1.2.3/lib/cucumber/runtime.rb:47:in `run!'
/usr/local/rvm/gems/ruby-1.9.3-p392/gems/cucumber-1.2.3/lib/cucumber/cli/main.rb:43:in `execute!'
/usr/local/rvm/gems/ruby-1.9.3-p392/gems/cucumber-1.2.3/lib/cucumber/cli/main.rb:20:in `execute'
/usr/local/rvm/gems/ruby-1.9.3-p392/gems/cucumber-1.2.3/bin/cucumber:14:in `<top (required)>'
/usr/local/rvm/gems/ruby-1.9.3-p392/bin/cucumber:19:in `load'
/usr/local/rvm/gems/ruby-1.9.3-p392/bin/cucumber:19:in `<main>'
/usr/local/rvm/gems/ruby-1.9.3-p392/bin/ruby_noexec_wrapper:14:in `eval'
/usr/local/rvm/gems/ruby-1.9.3-p392/bin/ruby_noexec_wrapper:14:in `<main>'
features/login.feature:17:in `Given I open '<service>' site for the opco '<opco>' in a logged out state']]>
  </failure>
  <system-out/>
  <system-err/>
</testcase>
<testcase classname="LOGIN" name="Group Login (outline example : | gr | cloud | usual_msisdn_2 | usual_password |)" time="0.571456">
  <failure message="failed Group Login (outline example : | gr | cloud | usual_msisdn_2 | usual_password |)" type="failed">
    <![CDATA[Scenario Outline: Group Login

Example row: | gb | music | usual_msisdn_2 | usual_password |

Message:
Example row: | ie | contacts | usual_msisdn_2 | usual_password |

Message:
Example row: | ie | nwab | usual_msisdn_2 | usual_password |

Message:
Example row: | ie | contentbackup | usual_msisdn_2 | usual_password |

Message:
Example row: | ie | music | usual_msisdn_2 | usual_password |

Message:
Example row: | it | music | usual_msisdn_2 | usual_password |

Message:
Example row: | it | contacts | usual_msisdn_2 | usual_password |

Message:
Example row: | it | nwab | usual_msisdn_2 | usual_password |

Message:
Example row: | it | contentbackup | usual_msisdn_2 | usual_password |

Message:
Example row: | it | mobileprotect | usual_msisdn_2 | usual_password |

Message:
Example row: | gr | music | usual_msisdn_2 | usual_password |

Message:
Example row: | gr | contacts | usual_msisdn_2 | usual_password |

Message:
Example row: | gr | cloud | usual_msisdn_2 | usual_password |

Message:
]]>
    <![CDATA[unexpected response, code=404, content-type=""
unknown command: session/61a9d9f6391e38daf5d133be8708e330/element/name (Selenium::WebDriver::Error::WebDriverError)
/usr/local/rvm/gems/ruby-1.9.3-p392/gems/selenium-webdriver-2.31.0/lib/selenium/webdriver/remote/http/common.rb:66:in `create_response'
/usr/local/rvm/gems/ruby-1.9.3-p392/gems/selenium-webdriver-2.31.0/lib/selenium/webdriver/remote/http/default.rb:66:in `request'
/usr/local/rvm/gems/ruby-1.9.3-p392/gems/selenium-webdriver-2.31.0/lib/selenium/webdriver/remote/http/common.rb:40:in `call'
/usr/local/rvm/gems/ruby-1.9.3-p392/gems/selenium-webdriver-2.31.0/lib/selenium/webdriver/remote/bridge.rb:616:in `raw_execute'
/usr/local/rvm/gems/ruby-1.9.3-p392/gems/selenium-webdriver-2.31.0/lib/selenium/webdriver/remote/bridge.rb:594:in `execute'
/usr/local/rvm/gems/ruby-1.9.3-p392/gems/selenium-webdriver-2.31.0/lib/selenium/webdriver/remote/bridge.rb:493:in `getElementTagName'
/usr/local/rvm/gems/ruby-1.9.3-p392/gems/selenium-webdriver-2.31.0/lib/selenium/webdriver/common/element.rb:68:in `tag_name'
/usr/local/rvm/gems/ruby-1.9.3-p392/gems/watir-webdriver-0.6.2/lib/watir-webdriver/locators/element_locator.rb:387:in `validate_element'
/usr/local/rvm/gems/ruby-1.9.3-p392/gems/watir-webdriver-0.6.2/lib/watir-webdriver/locators/element_locator.rb:37:in `locate'
/usr/local/rvm/gems/ruby-1.9.3-p392/gems/watir-webdriver-0.6.2/lib/watir-webdriver/elements/element.rb:509:in `locate'
/usr/local/rvm/gems/ruby-1.9.3-p392/gems/watir-webdriver-0.6.2/lib/watir-webdriver/elements/element.rb:487:in `assert_exists'
/usr/local/rvm/gems/ruby-1.9.3-p392/gems/watir-webdriver-0.6.2/lib/watir-webdriver/elements/element.rb:118:in `click'
/Users/Subhash/git/automated_tests_web_login_app/features/pages/MockServicePage.rb:13:in `visit'
/Users/Subhash/git/automated_tests_web_login_app/features/step_definitions/loginapp_steps.rb:17:in `block in <top (required)>'
/usr/local/rvm/gems/ruby-1.9.3-p392/gems/cucumber-1.2.3/lib/cucumber/core_ext/instance_exec.rb:48:in `instance_exec'
/usr/local/rvm/gems/ruby-1.9.3-p392/gems/cucumber-1.2.3/lib/cucumber/core_ext/instance_exec.rb:48:in `block in cucumber_instance_exec'
/usr/local/rvm/gems/ruby-1.9.3-p392/gems/cucumber-1.2.3/lib/cucumber/core_ext/instance_exec.rb:69:in `cucumber_run_with_backtrace_filtering'
/usr/local/rvm/gems/ruby-1.9.3-p392/gems/cucumber-1.2.3/lib/cucumber/core_ext/instance_exec.rb:36:in `cucumber_instance_exec'
/usr/local/rvm/gems/ruby-1.9.3-p392/gems/cucumber-1.2.3/lib/cucumber/rb_support/rb_step_definition.rb:97:in `invoke'
/usr/local/rvm/gems/ruby-1.9.3-p392/gems/cucumber-1.2.3/lib/cucumber/step_match.rb:25:in `invoke'
/usr/local/rvm/gems/ruby-1.9.3-p392/gems/cucumber-1.2.3/lib/cucumber/ast/step_invocation.rb:60:in `invoke'
/usr/local/rvm/gems/ruby-1.9.3-p392/gems/cucumber-1.2.3/lib/cucumber/ast/outline_table.rb:119:in `block (2 levels) in accept_plain'
/usr/local/rvm/gems/ruby-1.9.3-p392/gems/cucumber-1.2.3/lib/cucumber/ast/step_collection.rb:37:in `each'
/usr/local/rvm/gems/ruby-1.9.3-p392/gems/cucumber-1.2.3/lib/cucumber/ast/step_collection.rb:37:in `each'
/usr/local/rvm/gems/ruby-1.9.3-p392/gems/cucumber-1.2.3/lib/cucumber/ast/outline_table.rb:118:in `block in accept_plain'
/usr/local/rvm/gems/ruby-1.9.3-p392/gems/cucumber-1.2.3/lib/cucumber/runtime.rb:81:in `block (2 levels) in with_hooks'
/usr/local/rvm/gems/ruby-1.9.3-p392/gems/cucumber-1.2.3/lib/cucumber/runtime.rb:97:in `before_and_after'
/usr/local/rvm/gems/ruby-1.9.3-p392/gems/cucumber-1.2.3/lib/cucumber/runtime.rb:80:in `block in with_hooks'
/usr/local/rvm/gems/ruby-1.9.3-p392/gems/cucumber-1.2.3/lib/cucumber/runtime/support_code.rb:120:in `call'
/usr/local/rvm/gems/ruby-1.9.3-p392/gems/cucumber-1.2.3/lib/cucumber/runtime/support_code.rb:120:in `block (3 levels) in around'
/usr/local/rvm/gems/ruby-1.9.3-p392/gems/cucumber-1.2.3/lib/cucumber/language_support/language_methods.rb:9:in `block in around'
/usr/local/rvm/gems/ruby-1.9.3-p392/gems/cucumber-1.2.3/lib/cucumber/language_support/language_methods.rb:91:in `call'
/usr/local/rvm/gems/ruby-1.9.3-p392/gems/cucumber-1.2.3/lib/cucumber/language_support/language_methods.rb:91:in `execute_around'
/usr/local/rvm/gems/ruby-1.9.3-p392/gems/cucumber-1.2.3/lib/cucumber/language_support/language_methods.rb:8:in `around'
/usr/local/rvm/gems/ruby-1.9.3-p392/gems/cucumber-1.2.3/lib/cucumber/runtime/support_code.rb:119:in `block (2 levels) in around'
/usr/local/rvm/gems/ruby-1.9.3-p392/gems/cucumber-1.2.3/lib/cucumber/runtime/support_code.rb:117:in `call'
/usr/local/rvm/gems/ruby-1.9.3-p392/gems/cucumber-1.2.3/lib/cucumber/runtime/support_code.rb:117:in `around'
/usr/local/rvm/gems/ruby-1.9.3-p392/gems/cucumber-1.2.3/lib/cucumber/runtime.rb:92:in `around'
/usr/local/rvm/gems/ruby-1.9.3-p392/gems/cucumber-1.2.3/lib/cucumber/runtime.rb:79:in `with_hooks'
/usr/local/rvm/gems/ruby-1.9.3-p392/gems/cucumber-1.2.3/lib/cucumber/ast/outline_table.rb:117:in `accept_plain'
/usr/local/rvm/gems/ruby-1.9.3-p392/gems/cucumber-1.2.3/lib/cucumber/ast/outline_table.rb:107:in `accept'
/usr/local/rvm/gems/ruby-1.9.3-p392/gems/cucumber-1.2.3/lib/cucumber/ast/tree_walker.rb:131:in `block in visit_table_row'
/usr/local/rvm/gems/ruby-1.9.3-p392/gems/cucumber-1.2.3/lib/cucumber/ast/tree_walker.rb:163:in `broadcast'
/usr/local/rvm/gems/ruby-1.9.3-p392/gems/cucumber-1.2.3/lib/cucumber/ast/tree_walker.rb:130:in `visit_table_row'
/usr/local/rvm/gems/ruby-1.9.3-p392/gems/cucumber-1.2.3/lib/cucumber/ast/outline_table.rb:27:in `block in accept'
/usr/local/rvm/gems/ruby-1.9.3-p392/gems/cucumber-1.2.3/lib/cucumber/ast/outline_table.rb:23:in `each'
/usr/local/rvm/gems/ruby-1.9.3-p392/gems/cucumber-1.2.3/lib/cucumber/ast/outline_table.rb:23:in `each_with_index'
/usr/local/rvm/gems/ruby-1.9.3-p392/gems/cucumber-1.2.3/lib/cucumber/ast/outline_table.rb:23:in `accept'
/usr/local/rvm/gems/ruby-1.9.3-p392/gems/cucumber-1.2.3/lib/cucumber/ast/tree_walker.rb:83:in `block in visit_outline_table'
/usr/local/rvm/gems/ruby-1.9.3-p392/gems/cucumber-1.2.3/lib/cucumber/ast/tree_walker.rb:163:in `broadcast'
/usr/local/rvm/gems/ruby-1.9.3-p392/gems/cucumber-1.2.3/lib/cucumber/ast/tree_walker.rb:82:in `visit_outline_table'
/usr/local/rvm/gems/ruby-1.9.3-p392/gems/cucumber-1.2.3/lib/cucumber/ast/examples.rb:22:in `accept'
/usr/local/rvm/gems/ruby-1.9.3-p392/gems/cucumber-1.2.3/lib/cucumber/ast/tree_walker.rb:73:in `block in visit_examples'
/usr/local/rvm/gems/ruby-1.9.3-p392/gems/cucumber-1.2.3/lib/cucumber/ast/tree_walker.rb:163:in `broadcast'
/usr/local/rvm/gems/ruby-1.9.3-p392/gems/cucumber-1.2.3/lib/cucumber/ast/tree_walker.rb:72:in `visit_examples'
/usr/local/rvm/gems/ruby-1.9.3-p392/gems/cucumber-1.2.3/lib/cucumber/ast/scenario_outline.rb:14:in `block in accept'
/usr/local/rvm/gems/ruby-1.9.3-p392/gems/cucumber-1.2.3/lib/cucumber/ast/scenario_outline.rb:13:in `each'
/usr/local/rvm/gems/ruby-1.9.3-p392/gems/cucumber-1.2.3/lib/cucumber/ast/scenario_outline.rb:13:in `accept'
/usr/local/rvm/gems/ruby-1.9.3-p392/gems/cucumber-1.2.3/lib/cucumber/ast/tree_walker.rb:67:in `block in visit_examples_array'
/usr/local/rvm/gems/ruby-1.9.3-p392/gems/cucumber-1.2.3/lib/cucumber/ast/tree_walker.rb:163:in `broadcast'
/usr/local/rvm/gems/ruby-1.9.3-p392/gems/cucumber-1.2.3/lib/cucumber/ast/tree_walker.rb:66:in `visit_examples_array'
/usr/local/rvm/gems/ruby-1.9.3-p392/gems/cucumber-1.2.3/lib/cucumber/ast/scenario_outline.rb:68:in `accept'
/usr/local/rvm/gems/ruby-1.9.3-p392/gems/cucumber-1.2.3/lib/cucumber/ast/tree_walker.rb:51:in `block in visit_feature_element'
/usr/local/rvm/gems/ruby-1.9.3-p392/gems/cucumber-1.2.3/lib/cucumber/ast/tree_walker.rb:163:in `broadcast'
/usr/local/rvm/gems/ruby-1.9.3-p392/gems/cucumber-1.2.3/lib/cucumber/ast/tree_walker.rb:50:in `visit_feature_element'
/usr/local/rvm/gems/ruby-1.9.3-p392/gems/cucumber-1.2.3/lib/cucumber/ast/feature.rb:43:in `block in accept'
/usr/local/rvm/gems/ruby-1.9.3-p392/gems/cucumber-1.2.3/lib/cucumber/ast/feature.rb:42:in `each'
/usr/local/rvm/gems/ruby-1.9.3-p392/gems/cucumber-1.2.3/lib/cucumber/ast/feature.rb:42:in `accept'
/usr/local/rvm/gems/ruby-1.9.3-p392/gems/cucumber-1.2.3/lib/cucumber/ast/tree_walker.rb:20:in `block in visit_feature'
/usr/local/rvm/gems/ruby-1.9.3-p392/gems/cucumber-1.2.3/lib/cucumber/ast/tree_walker.rb:163:in `broadcast'
/usr/local/rvm/gems/ruby-1.9.3-p392/gems/cucumber-1.2.3/lib/cucumber/ast/tree_walker.rb:19:in `visit_feature'
/usr/local/rvm/gems/ruby-1.9.3-p392/gems/cucumber-1.2.3/lib/cucumber/ast/features.rb:29:in `block in accept'
/usr/local/rvm/gems/ruby-1.9.3-p392/gems/cucumber-1.2.3/lib/cucumber/ast/features.rb:17:in `each'
/usr/local/rvm/gems/ruby-1.9.3-p392/gems/cucumber-1.2.3/lib/cucumber/ast/features.rb:17:in `each'
/usr/local/rvm/gems/ruby-1.9.3-p392/gems/cucumber-1.2.3/lib/cucumber/ast/features.rb:28:in `accept'
/usr/local/rvm/gems/ruby-1.9.3-p392/gems/cucumber-1.2.3/lib/cucumber/ast/tree_walker.rb:14:in `block in visit_features'
/usr/local/rvm/gems/ruby-1.9.3-p392/gems/cucumber-1.2.3/lib/cucumber/ast/tree_walker.rb:163:in `broadcast'
/usr/local/rvm/gems/ruby-1.9.3-p392/gems/cucumber-1.2.3/lib/cucumber/ast/tree_walker.rb:13:in `visit_features'
/usr/local/rvm/gems/ruby-1.9.3-p392/gems/cucumber-1.2.3/lib/cucumber/runtime.rb:47:in `run!'
/usr/local/rvm/gems/ruby-1.9.3-p392/gems/cucumber-1.2.3/lib/cucumber/cli/main.rb:43:in `execute!'
/usr/local/rvm/gems/ruby-1.9.3-p392/gems/cucumber-1.2.3/lib/cucumber/cli/main.rb:20:in `execute'
/usr/local/rvm/gems/ruby-1.9.3-p392/gems/cucumber-1.2.3/bin/cucumber:14:in `<top (required)>'
/usr/local/rvm/gems/ruby-1.9.3-p392/bin/cucumber:19:in `load'
/usr/local/rvm/gems/ruby-1.9.3-p392/bin/cucumber:19:in `<main>'
/usr/local/rvm/gems/ruby-1.9.3-p392/bin/ruby_noexec_wrapper:14:in `eval'
/usr/local/rvm/gems/ruby-1.9.3-p392/bin/ruby_noexec_wrapper:14:in `<main>'
features/login.feature:17:in `Given I open '<service>' site for the opco '<opco>' in a logged out state']]>
  </failure>
  <system-out/>
  <system-err/>
</testcase>
<testcase classname="LOGIN" name="Group Login (outline example : | gr | contentbackup | usual_msisdn_2 | usual_password |)" time="0.479970">
  <failure message="failed Group Login (outline example : | gr | contentbackup | usual_msisdn_2 | usual_password |)" type="failed">
    <![CDATA[Scenario Outline: Group Login

Example row: | gb | music | usual_msisdn_2 | usual_password |

Message:
Example row: | ie | contacts | usual_msisdn_2 | usual_password |

Message:
Example row: | ie | nwab | usual_msisdn_2 | usual_password |

Message:
Example row: | ie | contentbackup | usual_msisdn_2 | usual_password |

Message:
Example row: | ie | music | usual_msisdn_2 | usual_password |

Message:
Example row: | it | music | usual_msisdn_2 | usual_password |

Message:
Example row: | it | contacts | usual_msisdn_2 | usual_password |

Message:
Example row: | it | nwab | usual_msisdn_2 | usual_password |

Message:
Example row: | it | contentbackup | usual_msisdn_2 | usual_password |

Message:
Example row: | it | mobileprotect | usual_msisdn_2 | usual_password |

Message:
Example row: | gr | music | usual_msisdn_2 | usual_password |

Message:
Example row: | gr | contacts | usual_msisdn_2 | usual_password |

Message:
Example row: | gr | cloud | usual_msisdn_2 | usual_password |

Message:
Example row: | gr | contentbackup | usual_msisdn_2 | usual_password |

Message:
]]>
    <![CDATA[unexpected response, code=404, content-type=""
unknown command: session/61a9d9f6391e38daf5d133be8708e330/element/name (Selenium::WebDriver::Error::WebDriverError)
/usr/local/rvm/gems/ruby-1.9.3-p392/gems/selenium-webdriver-2.31.0/lib/selenium/webdriver/remote/http/common.rb:66:in `create_response'
/usr/local/rvm/gems/ruby-1.9.3-p392/gems/selenium-webdriver-2.31.0/lib/selenium/webdriver/remote/http/default.rb:66:in `request'
/usr/local/rvm/gems/ruby-1.9.3-p392/gems/selenium-webdriver-2.31.0/lib/selenium/webdriver/remote/http/common.rb:40:in `call'
/usr/local/rvm/gems/ruby-1.9.3-p392/gems/selenium-webdriver-2.31.0/lib/selenium/webdriver/remote/bridge.rb:616:in `raw_execute'
/usr/local/rvm/gems/ruby-1.9.3-p392/gems/selenium-webdriver-2.31.0/lib/selenium/webdriver/remote/bridge.rb:594:in `execute'
/usr/local/rvm/gems/ruby-1.9.3-p392/gems/selenium-webdriver-2.31.0/lib/selenium/webdriver/remote/bridge.rb:493:in `getElementTagName'
/usr/local/rvm/gems/ruby-1.9.3-p392/gems/selenium-webdriver-2.31.0/lib/selenium/webdriver/common/element.rb:68:in `tag_name'
/usr/local/rvm/gems/ruby-1.9.3-p392/gems/watir-webdriver-0.6.2/lib/watir-webdriver/locators/element_locator.rb:387:in `validate_element'
/usr/local/rvm/gems/ruby-1.9.3-p392/gems/watir-webdriver-0.6.2/lib/watir-webdriver/locators/element_locator.rb:37:in `locate'
/usr/local/rvm/gems/ruby-1.9.3-p392/gems/watir-webdriver-0.6.2/lib/watir-webdriver/elements/element.rb:509:in `locate'
/usr/local/rvm/gems/ruby-1.9.3-p392/gems/watir-webdriver-0.6.2/lib/watir-webdriver/elements/element.rb:487:in `assert_exists'
/usr/local/rvm/gems/ruby-1.9.3-p392/gems/watir-webdriver-0.6.2/lib/watir-webdriver/elements/element.rb:118:in `click'
/Users/Subhash/git/automated_tests_web_login_app/features/pages/MockServicePage.rb:13:in `visit'
/Users/Subhash/git/automated_tests_web_login_app/features/step_definitions/loginapp_steps.rb:17:in `block in <top (required)>'
/usr/local/rvm/gems/ruby-1.9.3-p392/gems/cucumber-1.2.3/lib/cucumber/core_ext/instance_exec.rb:48:in `instance_exec'
/usr/local/rvm/gems/ruby-1.9.3-p392/gems/cucumber-1.2.3/lib/cucumber/core_ext/instance_exec.rb:48:in `block in cucumber_instance_exec'
/usr/local/rvm/gems/ruby-1.9.3-p392/gems/cucumber-1.2.3/lib/cucumber/core_ext/instance_exec.rb:69:in `cucumber_run_with_backtrace_filtering'
/usr/local/rvm/gems/ruby-1.9.3-p392/gems/cucumber-1.2.3/lib/cucumber/core_ext/instance_exec.rb:36:in `cucumber_instance_exec'
/usr/local/rvm/gems/ruby-1.9.3-p392/gems/cucumber-1.2.3/lib/cucumber/rb_support/rb_step_definition.rb:97:in `invoke'
/usr/local/rvm/gems/ruby-1.9.3-p392/gems/cucumber-1.2.3/lib/cucumber/step_match.rb:25:in `invoke'
/usr/local/rvm/gems/ruby-1.9.3-p392/gems/cucumber-1.2.3/lib/cucumber/ast/step_invocation.rb:60:in `invoke'
/usr/local/rvm/gems/ruby-1.9.3-p392/gems/cucumber-1.2.3/lib/cucumber/ast/outline_table.rb:119:in `block (2 levels) in accept_plain'
/usr/local/rvm/gems/ruby-1.9.3-p392/gems/cucumber-1.2.3/lib/cucumber/ast/step_collection.rb:37:in `each'
/usr/local/rvm/gems/ruby-1.9.3-p392/gems/cucumber-1.2.3/lib/cucumber/ast/step_collection.rb:37:in `each'
/usr/local/rvm/gems/ruby-1.9.3-p392/gems/cucumber-1.2.3/lib/cucumber/ast/outline_table.rb:118:in `block in accept_plain'
/usr/local/rvm/gems/ruby-1.9.3-p392/gems/cucumber-1.2.3/lib/cucumber/runtime.rb:81:in `block (2 levels) in with_hooks'
/usr/local/rvm/gems/ruby-1.9.3-p392/gems/cucumber-1.2.3/lib/cucumber/runtime.rb:97:in `before_and_after'
/usr/local/rvm/gems/ruby-1.9.3-p392/gems/cucumber-1.2.3/lib/cucumber/runtime.rb:80:in `block in with_hooks'
/usr/local/rvm/gems/ruby-1.9.3-p392/gems/cucumber-1.2.3/lib/cucumber/runtime/support_code.rb:120:in `call'
/usr/local/rvm/gems/ruby-1.9.3-p392/gems/cucumber-1.2.3/lib/cucumber/runtime/support_code.rb:120:in `block (3 levels) in around'
/usr/local/rvm/gems/ruby-1.9.3-p392/gems/cucumber-1.2.3/lib/cucumber/language_support/language_methods.rb:9:in `block in around'
/usr/local/rvm/gems/ruby-1.9.3-p392/gems/cucumber-1.2.3/lib/cucumber/language_support/language_methods.rb:91:in `call'
/usr/local/rvm/gems/ruby-1.9.3-p392/gems/cucumber-1.2.3/lib/cucumber/language_support/language_methods.rb:91:in `execute_around'
/usr/local/rvm/gems/ruby-1.9.3-p392/gems/cucumber-1.2.3/lib/cucumber/language_support/language_methods.rb:8:in `around'
/usr/local/rvm/gems/ruby-1.9.3-p392/gems/cucumber-1.2.3/lib/cucumber/runtime/support_code.rb:119:in `block (2 levels) in around'
/usr/local/rvm/gems/ruby-1.9.3-p392/gems/cucumber-1.2.3/lib/cucumber/runtime/support_code.rb:117:in `call'
/usr/local/rvm/gems/ruby-1.9.3-p392/gems/cucumber-1.2.3/lib/cucumber/runtime/support_code.rb:117:in `around'
/usr/local/rvm/gems/ruby-1.9.3-p392/gems/cucumber-1.2.3/lib/cucumber/runtime.rb:92:in `around'
/usr/local/rvm/gems/ruby-1.9.3-p392/gems/cucumber-1.2.3/lib/cucumber/runtime.rb:79:in `with_hooks'
/usr/local/rvm/gems/ruby-1.9.3-p392/gems/cucumber-1.2.3/lib/cucumber/ast/outline_table.rb:117:in `accept_plain'
/usr/local/rvm/gems/ruby-1.9.3-p392/gems/cucumber-1.2.3/lib/cucumber/ast/outline_table.rb:107:in `accept'
/usr/local/rvm/gems/ruby-1.9.3-p392/gems/cucumber-1.2.3/lib/cucumber/ast/tree_walker.rb:131:in `block in visit_table_row'
/usr/local/rvm/gems/ruby-1.9.3-p392/gems/cucumber-1.2.3/lib/cucumber/ast/tree_walker.rb:163:in `broadcast'
/usr/local/rvm/gems/ruby-1.9.3-p392/gems/cucumber-1.2.3/lib/cucumber/ast/tree_walker.rb:130:in `visit_table_row'
/usr/local/rvm/gems/ruby-1.9.3-p392/gems/cucumber-1.2.3/lib/cucumber/ast/outline_table.rb:27:in `block in accept'
/usr/local/rvm/gems/ruby-1.9.3-p392/gems/cucumber-1.2.3/lib/cucumber/ast/outline_table.rb:23:in `each'
/usr/local/rvm/gems/ruby-1.9.3-p392/gems/cucumber-1.2.3/lib/cucumber/ast/outline_table.rb:23:in `each_with_index'
/usr/local/rvm/gems/ruby-1.9.3-p392/gems/cucumber-1.2.3/lib/cucumber/ast/outline_table.rb:23:in `accept'
/usr/local/rvm/gems/ruby-1.9.3-p392/gems/cucumber-1.2.3/lib/cucumber/ast/tree_walker.rb:83:in `block in visit_outline_table'
/usr/local/rvm/gems/ruby-1.9.3-p392/gems/cucumber-1.2.3/lib/cucumber/ast/tree_walker.rb:163:in `broadcast'
/usr/local/rvm/gems/ruby-1.9.3-p392/gems/cucumber-1.2.3/lib/cucumber/ast/tree_walker.rb:82:in `visit_outline_table'
/usr/local/rvm/gems/ruby-1.9.3-p392/gems/cucumber-1.2.3/lib/cucumber/ast/examples.rb:22:in `accept'
/usr/local/rvm/gems/ruby-1.9.3-p392/gems/cucumber-1.2.3/lib/cucumber/ast/tree_walker.rb:73:in `block in visit_examples'
/usr/local/rvm/gems/ruby-1.9.3-p392/gems/cucumber-1.2.3/lib/cucumber/ast/tree_walker.rb:163:in `broadcast'
/usr/local/rvm/gems/ruby-1.9.3-p392/gems/cucumber-1.2.3/lib/cucumber/ast/tree_walker.rb:72:in `visit_examples'
/usr/local/rvm/gems/ruby-1.9.3-p392/gems/cucumber-1.2.3/lib/cucumber/ast/scenario_outline.rb:14:in `block in accept'
/usr/local/rvm/gems/ruby-1.9.3-p392/gems/cucumber-1.2.3/lib/cucumber/ast/scenario_outline.rb:13:in `each'
/usr/local/rvm/gems/ruby-1.9.3-p392/gems/cucumber-1.2.3/lib/cucumber/ast/scenario_outline.rb:13:in `accept'
/usr/local/rvm/gems/ruby-1.9.3-p392/gems/cucumber-1.2.3/lib/cucumber/ast/tree_walker.rb:67:in `block in visit_examples_array'
/usr/local/rvm/gems/ruby-1.9.3-p392/gems/cucumber-1.2.3/lib/cucumber/ast/tree_walker.rb:163:in `broadcast'
/usr/local/rvm/gems/ruby-1.9.3-p392/gems/cucumber-1.2.3/lib/cucumber/ast/tree_walker.rb:66:in `visit_examples_array'
/usr/local/rvm/gems/ruby-1.9.3-p392/gems/cucumber-1.2.3/lib/cucumber/ast/scenario_outline.rb:68:in `accept'
/usr/local/rvm/gems/ruby-1.9.3-p392/gems/cucumber-1.2.3/lib/cucumber/ast/tree_walker.rb:51:in `block in visit_feature_element'
/usr/local/rvm/gems/ruby-1.9.3-p392/gems/cucumber-1.2.3/lib/cucumber/ast/tree_walker.rb:163:in `broadcast'
/usr/local/rvm/gems/ruby-1.9.3-p392/gems/cucumber-1.2.3/lib/cucumber/ast/tree_walker.rb:50:in `visit_feature_element'
/usr/local/rvm/gems/ruby-1.9.3-p392/gems/cucumber-1.2.3/lib/cucumber/ast/feature.rb:43:in `block in accept'
/usr/local/rvm/gems/ruby-1.9.3-p392/gems/cucumber-1.2.3/lib/cucumber/ast/feature.rb:42:in `each'
/usr/local/rvm/gems/ruby-1.9.3-p392/gems/cucumber-1.2.3/lib/cucumber/ast/feature.rb:42:in `accept'
/usr/local/rvm/gems/ruby-1.9.3-p392/gems/cucumber-1.2.3/lib/cucumber/ast/tree_walker.rb:20:in `block in visit_feature'
/usr/local/rvm/gems/ruby-1.9.3-p392/gems/cucumber-1.2.3/lib/cucumber/ast/tree_walker.rb:163:in `broadcast'
/usr/local/rvm/gems/ruby-1.9.3-p392/gems/cucumber-1.2.3/lib/cucumber/ast/tree_walker.rb:19:in `visit_feature'
/usr/local/rvm/gems/ruby-1.9.3-p392/gems/cucumber-1.2.3/lib/cucumber/ast/features.rb:29:in `block in accept'
/usr/local/rvm/gems/ruby-1.9.3-p392/gems/cucumber-1.2.3/lib/cucumber/ast/features.rb:17:in `each'
/usr/local/rvm/gems/ruby-1.9.3-p392/gems/cucumber-1.2.3/lib/cucumber/ast/features.rb:17:in `each'
/usr/local/rvm/gems/ruby-1.9.3-p392/gems/cucumber-1.2.3/lib/cucumber/ast/features.rb:28:in `accept'
/usr/local/rvm/gems/ruby-1.9.3-p392/gems/cucumber-1.2.3/lib/cucumber/ast/tree_walker.rb:14:in `block in visit_features'
/usr/local/rvm/gems/ruby-1.9.3-p392/gems/cucumber-1.2.3/lib/cucumber/ast/tree_walker.rb:163:in `broadcast'
/usr/local/rvm/gems/ruby-1.9.3-p392/gems/cucumber-1.2.3/lib/cucumber/ast/tree_walker.rb:13:in `visit_features'
/usr/local/rvm/gems/ruby-1.9.3-p392/gems/cucumber-1.2.3/lib/cucumber/runtime.rb:47:in `run!'
/usr/local/rvm/gems/ruby-1.9.3-p392/gems/cucumber-1.2.3/lib/cucumber/cli/main.rb:43:in `execute!'
/usr/local/rvm/gems/ruby-1.9.3-p392/gems/cucumber-1.2.3/lib/cucumber/cli/main.rb:20:in `execute'
/usr/local/rvm/gems/ruby-1.9.3-p392/gems/cucumber-1.2.3/bin/cucumber:14:in `<top (required)>'
/usr/local/rvm/gems/ruby-1.9.3-p392/bin/cucumber:19:in `load'
/usr/local/rvm/gems/ruby-1.9.3-p392/bin/cucumber:19:in `<main>'
/usr/local/rvm/gems/ruby-1.9.3-p392/bin/ruby_noexec_wrapper:14:in `eval'
/usr/local/rvm/gems/ruby-1.9.3-p392/bin/ruby_noexec_wrapper:14:in `<main>'
features/login.feature:17:in `Given I open '<service>' site for the opco '<opco>' in a logged out state']]>
  </failure>
  <system-out/>
  <system-err/>
</testcase>
<testcase classname="LOGIN" name="Group Login (outline example : | nl | music | usual_msisdn_2 | usual_password |)" time="0.441216">
  <failure message="failed Group Login (outline example : | nl | music | usual_msisdn_2 | usual_password |)" type="failed">
    <![CDATA[Scenario Outline: Group Login

Example row: | gb | music | usual_msisdn_2 | usual_password |

Message:
Example row: | ie | contacts | usual_msisdn_2 | usual_password |

Message:
Example row: | ie | nwab | usual_msisdn_2 | usual_password |

Message:
Example row: | ie | contentbackup | usual_msisdn_2 | usual_password |

Message:
Example row: | ie | music | usual_msisdn_2 | usual_password |

Message:
Example row: | it | music | usual_msisdn_2 | usual_password |

Message:
Example row: | it | contacts | usual_msisdn_2 | usual_password |

Message:
Example row: | it | nwab | usual_msisdn_2 | usual_password |

Message:
Example row: | it | contentbackup | usual_msisdn_2 | usual_password |

Message:
Example row: | it | mobileprotect | usual_msisdn_2 | usual_password |

Message:
Example row: | gr | music | usual_msisdn_2 | usual_password |

Message:
Example row: | gr | contacts | usual_msisdn_2 | usual_password |

Message:
Example row: | gr | cloud | usual_msisdn_2 | usual_password |

Message:
Example row: | gr | contentbackup | usual_msisdn_2 | usual_password |

Message:
Example row: | nl | music | usual_msisdn_2 | usual_password |

Message:
]]>
    <![CDATA[unexpected response, code=404, content-type=""
unknown command: session/61a9d9f6391e38daf5d133be8708e330/element/name (Selenium::WebDriver::Error::WebDriverError)
/usr/local/rvm/gems/ruby-1.9.3-p392/gems/selenium-webdriver-2.31.0/lib/selenium/webdriver/remote/http/common.rb:66:in `create_response'
/usr/local/rvm/gems/ruby-1.9.3-p392/gems/selenium-webdriver-2.31.0/lib/selenium/webdriver/remote/http/default.rb:66:in `request'
/usr/local/rvm/gems/ruby-1.9.3-p392/gems/selenium-webdriver-2.31.0/lib/selenium/webdriver/remote/http/common.rb:40:in `call'
/usr/local/rvm/gems/ruby-1.9.3-p392/gems/selenium-webdriver-2.31.0/lib/selenium/webdriver/remote/bridge.rb:616:in `raw_execute'
/usr/local/rvm/gems/ruby-1.9.3-p392/gems/selenium-webdriver-2.31.0/lib/selenium/webdriver/remote/bridge.rb:594:in `execute'
/usr/local/rvm/gems/ruby-1.9.3-p392/gems/selenium-webdriver-2.31.0/lib/selenium/webdriver/remote/bridge.rb:493:in `getElementTagName'
/usr/local/rvm/gems/ruby-1.9.3-p392/gems/selenium-webdriver-2.31.0/lib/selenium/webdriver/common/element.rb:68:in `tag_name'
/usr/local/rvm/gems/ruby-1.9.3-p392/gems/watir-webdriver-0.6.2/lib/watir-webdriver/locators/element_locator.rb:387:in `validate_element'
/usr/local/rvm/gems/ruby-1.9.3-p392/gems/watir-webdriver-0.6.2/lib/watir-webdriver/locators/element_locator.rb:37:in `locate'
/usr/local/rvm/gems/ruby-1.9.3-p392/gems/watir-webdriver-0.6.2/lib/watir-webdriver/elements/element.rb:509:in `locate'
/usr/local/rvm/gems/ruby-1.9.3-p392/gems/watir-webdriver-0.6.2/lib/watir-webdriver/elements/element.rb:487:in `assert_exists'
/usr/local/rvm/gems/ruby-1.9.3-p392/gems/watir-webdriver-0.6.2/lib/watir-webdriver/elements/element.rb:118:in `click'
/Users/Subhash/git/automated_tests_web_login_app/features/pages/MockServicePage.rb:13:in `visit'
/Users/Subhash/git/automated_tests_web_login_app/features/step_definitions/loginapp_steps.rb:17:in `block in <top (required)>'
/usr/local/rvm/gems/ruby-1.9.3-p392/gems/cucumber-1.2.3/lib/cucumber/core_ext/instance_exec.rb:48:in `instance_exec'
/usr/local/rvm/gems/ruby-1.9.3-p392/gems/cucumber-1.2.3/lib/cucumber/core_ext/instance_exec.rb:48:in `block in cucumber_instance_exec'
/usr/local/rvm/gems/ruby-1.9.3-p392/gems/cucumber-1.2.3/lib/cucumber/core_ext/instance_exec.rb:69:in `cucumber_run_with_backtrace_filtering'
/usr/local/rvm/gems/ruby-1.9.3-p392/gems/cucumber-1.2.3/lib/cucumber/core_ext/instance_exec.rb:36:in `cucumber_instance_exec'
/usr/local/rvm/gems/ruby-1.9.3-p392/gems/cucumber-1.2.3/lib/cucumber/rb_support/rb_step_definition.rb:97:in `invoke'
/usr/local/rvm/gems/ruby-1.9.3-p392/gems/cucumber-1.2.3/lib/cucumber/step_match.rb:25:in `invoke'
/usr/local/rvm/gems/ruby-1.9.3-p392/gems/cucumber-1.2.3/lib/cucumber/ast/step_invocation.rb:60:in `invoke'
/usr/local/rvm/gems/ruby-1.9.3-p392/gems/cucumber-1.2.3/lib/cucumber/ast/outline_table.rb:119:in `block (2 levels) in accept_plain'
/usr/local/rvm/gems/ruby-1.9.3-p392/gems/cucumber-1.2.3/lib/cucumber/ast/step_collection.rb:37:in `each'
/usr/local/rvm/gems/ruby-1.9.3-p392/gems/cucumber-1.2.3/lib/cucumber/ast/step_collection.rb:37:in `each'
/usr/local/rvm/gems/ruby-1.9.3-p392/gems/cucumber-1.2.3/lib/cucumber/ast/outline_table.rb:118:in `block in accept_plain'
/usr/local/rvm/gems/ruby-1.9.3-p392/gems/cucumber-1.2.3/lib/cucumber/runtime.rb:81:in `block (2 levels) in with_hooks'
/usr/local/rvm/gems/ruby-1.9.3-p392/gems/cucumber-1.2.3/lib/cucumber/runtime.rb:97:in `before_and_after'
/usr/local/rvm/gems/ruby-1.9.3-p392/gems/cucumber-1.2.3/lib/cucumber/runtime.rb:80:in `block in with_hooks'
/usr/local/rvm/gems/ruby-1.9.3-p392/gems/cucumber-1.2.3/lib/cucumber/runtime/support_code.rb:120:in `call'
/usr/local/rvm/gems/ruby-1.9.3-p392/gems/cucumber-1.2.3/lib/cucumber/runtime/support_code.rb:120:in `block (3 levels) in around'
/usr/local/rvm/gems/ruby-1.9.3-p392/gems/cucumber-1.2.3/lib/cucumber/language_support/language_methods.rb:9:in `block in around'
/usr/local/rvm/gems/ruby-1.9.3-p392/gems/cucumber-1.2.3/lib/cucumber/language_support/language_methods.rb:91:in `call'
/usr/local/rvm/gems/ruby-1.9.3-p392/gems/cucumber-1.2.3/lib/cucumber/language_support/language_methods.rb:91:in `execute_around'
/usr/local/rvm/gems/ruby-1.9.3-p392/gems/cucumber-1.2.3/lib/cucumber/language_support/language_methods.rb:8:in `around'
/usr/local/rvm/gems/ruby-1.9.3-p392/gems/cucumber-1.2.3/lib/cucumber/runtime/support_code.rb:119:in `block (2 levels) in around'
/usr/local/rvm/gems/ruby-1.9.3-p392/gems/cucumber-1.2.3/lib/cucumber/runtime/support_code.rb:117:in `call'
/usr/local/rvm/gems/ruby-1.9.3-p392/gems/cucumber-1.2.3/lib/cucumber/runtime/support_code.rb:117:in `around'
/usr/local/rvm/gems/ruby-1.9.3-p392/gems/cucumber-1.2.3/lib/cucumber/runtime.rb:92:in `around'
/usr/local/rvm/gems/ruby-1.9.3-p392/gems/cucumber-1.2.3/lib/cucumber/runtime.rb:79:in `with_hooks'
/usr/local/rvm/gems/ruby-1.9.3-p392/gems/cucumber-1.2.3/lib/cucumber/ast/outline_table.rb:117:in `accept_plain'
/usr/local/rvm/gems/ruby-1.9.3-p392/gems/cucumber-1.2.3/lib/cucumber/ast/outline_table.rb:107:in `accept'
/usr/local/rvm/gems/ruby-1.9.3-p392/gems/cucumber-1.2.3/lib/cucumber/ast/tree_walker.rb:131:in `block in visit_table_row'
/usr/local/rvm/gems/ruby-1.9.3-p392/gems/cucumber-1.2.3/lib/cucumber/ast/tree_walker.rb:163:in `broadcast'
/usr/local/rvm/gems/ruby-1.9.3-p392/gems/cucumber-1.2.3/lib/cucumber/ast/tree_walker.rb:130:in `visit_table_row'
/usr/local/rvm/gems/ruby-1.9.3-p392/gems/cucumber-1.2.3/lib/cucumber/ast/outline_table.rb:27:in `block in accept'
/usr/local/rvm/gems/ruby-1.9.3-p392/gems/cucumber-1.2.3/lib/cucumber/ast/outline_table.rb:23:in `each'
/usr/local/rvm/gems/ruby-1.9.3-p392/gems/cucumber-1.2.3/lib/cucumber/ast/outline_table.rb:23:in `each_with_index'
/usr/local/rvm/gems/ruby-1.9.3-p392/gems/cucumber-1.2.3/lib/cucumber/ast/outline_table.rb:23:in `accept'
/usr/local/rvm/gems/ruby-1.9.3-p392/gems/cucumber-1.2.3/lib/cucumber/ast/tree_walker.rb:83:in `block in visit_outline_table'
/usr/local/rvm/gems/ruby-1.9.3-p392/gems/cucumber-1.2.3/lib/cucumber/ast/tree_walker.rb:163:in `broadcast'
/usr/local/rvm/gems/ruby-1.9.3-p392/gems/cucumber-1.2.3/lib/cucumber/ast/tree_walker.rb:82:in `visit_outline_table'
/usr/local/rvm/gems/ruby-1.9.3-p392/gems/cucumber-1.2.3/lib/cucumber/ast/examples.rb:22:in `accept'
/usr/local/rvm/gems/ruby-1.9.3-p392/gems/cucumber-1.2.3/lib/cucumber/ast/tree_walker.rb:73:in `block in visit_examples'
/usr/local/rvm/gems/ruby-1.9.3-p392/gems/cucumber-1.2.3/lib/cucumber/ast/tree_walker.rb:163:in `broadcast'
/usr/local/rvm/gems/ruby-1.9.3-p392/gems/cucumber-1.2.3/lib/cucumber/ast/tree_walker.rb:72:in `visit_examples'
/usr/local/rvm/gems/ruby-1.9.3-p392/gems/cucumber-1.2.3/lib/cucumber/ast/scenario_outline.rb:14:in `block in accept'
/usr/local/rvm/gems/ruby-1.9.3-p392/gems/cucumber-1.2.3/lib/cucumber/ast/scenario_outline.rb:13:in `each'
/usr/local/rvm/gems/ruby-1.9.3-p392/gems/cucumber-1.2.3/lib/cucumber/ast/scenario_outline.rb:13:in `accept'
/usr/local/rvm/gems/ruby-1.9.3-p392/gems/cucumber-1.2.3/lib/cucumber/ast/tree_walker.rb:67:in `block in visit_examples_array'
/usr/local/rvm/gems/ruby-1.9.3-p392/gems/cucumber-1.2.3/lib/cucumber/ast/tree_walker.rb:163:in `broadcast'
/usr/local/rvm/gems/ruby-1.9.3-p392/gems/cucumber-1.2.3/lib/cucumber/ast/tree_walker.rb:66:in `visit_examples_array'
/usr/local/rvm/gems/ruby-1.9.3-p392/gems/cucumber-1.2.3/lib/cucumber/ast/scenario_outline.rb:68:in `accept'
/usr/local/rvm/gems/ruby-1.9.3-p392/gems/cucumber-1.2.3/lib/cucumber/ast/tree_walker.rb:51:in `block in visit_feature_element'
/usr/local/rvm/gems/ruby-1.9.3-p392/gems/cucumber-1.2.3/lib/cucumber/ast/tree_walker.rb:163:in `broadcast'
/usr/local/rvm/gems/ruby-1.9.3-p392/gems/cucumber-1.2.3/lib/cucumber/ast/tree_walker.rb:50:in `visit_feature_element'
/usr/local/rvm/gems/ruby-1.9.3-p392/gems/cucumber-1.2.3/lib/cucumber/ast/feature.rb:43:in `block in accept'
/usr/local/rvm/gems/ruby-1.9.3-p392/gems/cucumber-1.2.3/lib/cucumber/ast/feature.rb:42:in `each'
/usr/local/rvm/gems/ruby-1.9.3-p392/gems/cucumber-1.2.3/lib/cucumber/ast/feature.rb:42:in `accept'
/usr/local/rvm/gems/ruby-1.9.3-p392/gems/cucumber-1.2.3/lib/cucumber/ast/tree_walker.rb:20:in `block in visit_feature'
/usr/local/rvm/gems/ruby-1.9.3-p392/gems/cucumber-1.2.3/lib/cucumber/ast/tree_walker.rb:163:in `broadcast'
/usr/local/rvm/gems/ruby-1.9.3-p392/gems/cucumber-1.2.3/lib/cucumber/ast/tree_walker.rb:19:in `visit_feature'
/usr/local/rvm/gems/ruby-1.9.3-p392/gems/cucumber-1.2.3/lib/cucumber/ast/features.rb:29:in `block in accept'
/usr/local/rvm/gems/ruby-1.9.3-p392/gems/cucumber-1.2.3/lib/cucumber/ast/features.rb:17:in `each'
/usr/local/rvm/gems/ruby-1.9.3-p392/gems/cucumber-1.2.3/lib/cucumber/ast/features.rb:17:in `each'
/usr/local/rvm/gems/ruby-1.9.3-p392/gems/cucumber-1.2.3/lib/cucumber/ast/features.rb:28:in `accept'
/usr/local/rvm/gems/ruby-1.9.3-p392/gems/cucumber-1.2.3/lib/cucumber/ast/tree_walker.rb:14:in `block in visit_features'
/usr/local/rvm/gems/ruby-1.9.3-p392/gems/cucumber-1.2.3/lib/cucumber/ast/tree_walker.rb:163:in `broadcast'
/usr/local/rvm/gems/ruby-1.9.3-p392/gems/cucumber-1.2.3/lib/cucumber/ast/tree_walker.rb:13:in `visit_features'
/usr/local/rvm/gems/ruby-1.9.3-p392/gems/cucumber-1.2.3/lib/cucumber/runtime.rb:47:in `run!'
/usr/local/rvm/gems/ruby-1.9.3-p392/gems/cucumber-1.2.3/lib/cucumber/cli/main.rb:43:in `execute!'
/usr/local/rvm/gems/ruby-1.9.3-p392/gems/cucumber-1.2.3/lib/cucumber/cli/main.rb:20:in `execute'
/usr/local/rvm/gems/ruby-1.9.3-p392/gems/cucumber-1.2.3/bin/cucumber:14:in `<top (required)>'
/usr/local/rvm/gems/ruby-1.9.3-p392/bin/cucumber:19:in `load'
/usr/local/rvm/gems/ruby-1.9.3-p392/bin/cucumber:19:in `<main>'
/usr/local/rvm/gems/ruby-1.9.3-p392/bin/ruby_noexec_wrapper:14:in `eval'
/usr/local/rvm/gems/ruby-1.9.3-p392/bin/ruby_noexec_wrapper:14:in `<main>'
features/login.feature:17:in `Given I open '<service>' site for the opco '<opco>' in a logged out state']]>
  </failure>
  <system-out/>
  <system-err/>
</testcase>
<testcase classname="LOGIN" name="Group Login (outline example : | nl | contentbackup | usual_msisdn_2 | usual_password |)" time="0.483947">
  <failure message="failed Group Login (outline example : | nl | contentbackup | usual_msisdn_2 | usual_password |)" type="failed">
    <![CDATA[Scenario Outline: Group Login

Example row: | gb | music | usual_msisdn_2 | usual_password |

Message:
Example row: | ie | contacts | usual_msisdn_2 | usual_password |

Message:
Example row: | ie | nwab | usual_msisdn_2 | usual_password |

Message:
Example row: | ie | contentbackup | usual_msisdn_2 | usual_password |

Message:
Example row: | ie | music | usual_msisdn_2 | usual_password |

Message:
Example row: | it | music | usual_msisdn_2 | usual_password |

Message:
Example row: | it | contacts | usual_msisdn_2 | usual_password |

Message:
Example row: | it | nwab | usual_msisdn_2 | usual_password |

Message:
Example row: | it | contentbackup | usual_msisdn_2 | usual_password |

Message:
Example row: | it | mobileprotect | usual_msisdn_2 | usual_password |

Message:
Example row: | gr | music | usual_msisdn_2 | usual_password |

Message:
Example row: | gr | contacts | usual_msisdn_2 | usual_password |

Message:
Example row: | gr | cloud | usual_msisdn_2 | usual_password |

Message:
Example row: | gr | contentbackup | usual_msisdn_2 | usual_password |

Message:
Example row: | nl | music | usual_msisdn_2 | usual_password |

Message:
Example row: | nl | contentbackup | usual_msisdn_2 | usual_password |

Message:
]]>
    <![CDATA[unexpected response, code=404, content-type=""
unknown command: session/61a9d9f6391e38daf5d133be8708e330/element/name (Selenium::WebDriver::Error::WebDriverError)
/usr/local/rvm/gems/ruby-1.9.3-p392/gems/selenium-webdriver-2.31.0/lib/selenium/webdriver/remote/http/common.rb:66:in `create_response'
/usr/local/rvm/gems/ruby-1.9.3-p392/gems/selenium-webdriver-2.31.0/lib/selenium/webdriver/remote/http/default.rb:66:in `request'
/usr/local/rvm/gems/ruby-1.9.3-p392/gems/selenium-webdriver-2.31.0/lib/selenium/webdriver/remote/http/common.rb:40:in `call'
/usr/local/rvm/gems/ruby-1.9.3-p392/gems/selenium-webdriver-2.31.0/lib/selenium/webdriver/remote/bridge.rb:616:in `raw_execute'
/usr/local/rvm/gems/ruby-1.9.3-p392/gems/selenium-webdriver-2.31.0/lib/selenium/webdriver/remote/bridge.rb:594:in `execute'
/usr/local/rvm/gems/ruby-1.9.3-p392/gems/selenium-webdriver-2.31.0/lib/selenium/webdriver/remote/bridge.rb:493:in `getElementTagName'
/usr/local/rvm/gems/ruby-1.9.3-p392/gems/selenium-webdriver-2.31.0/lib/selenium/webdriver/common/element.rb:68:in `tag_name'
/usr/local/rvm/gems/ruby-1.9.3-p392/gems/watir-webdriver-0.6.2/lib/watir-webdriver/locators/element_locator.rb:387:in `validate_element'
/usr/local/rvm/gems/ruby-1.9.3-p392/gems/watir-webdriver-0.6.2/lib/watir-webdriver/locators/element_locator.rb:37:in `locate'
/usr/local/rvm/gems/ruby-1.9.3-p392/gems/watir-webdriver-0.6.2/lib/watir-webdriver/elements/element.rb:509:in `locate'
/usr/local/rvm/gems/ruby-1.9.3-p392/gems/watir-webdriver-0.6.2/lib/watir-webdriver/elements/element.rb:487:in `assert_exists'
/usr/local/rvm/gems/ruby-1.9.3-p392/gems/watir-webdriver-0.6.2/lib/watir-webdriver/elements/element.rb:118:in `click'
/Users/Subhash/git/automated_tests_web_login_app/features/pages/MockServicePage.rb:13:in `visit'
/Users/Subhash/git/automated_tests_web_login_app/features/step_definitions/loginapp_steps.rb:17:in `block in <top (required)>'
/usr/local/rvm/gems/ruby-1.9.3-p392/gems/cucumber-1.2.3/lib/cucumber/core_ext/instance_exec.rb:48:in `instance_exec'
/usr/local/rvm/gems/ruby-1.9.3-p392/gems/cucumber-1.2.3/lib/cucumber/core_ext/instance_exec.rb:48:in `block in cucumber_instance_exec'
/usr/local/rvm/gems/ruby-1.9.3-p392/gems/cucumber-1.2.3/lib/cucumber/core_ext/instance_exec.rb:69:in `cucumber_run_with_backtrace_filtering'
/usr/local/rvm/gems/ruby-1.9.3-p392/gems/cucumber-1.2.3/lib/cucumber/core_ext/instance_exec.rb:36:in `cucumber_instance_exec'
/usr/local/rvm/gems/ruby-1.9.3-p392/gems/cucumber-1.2.3/lib/cucumber/rb_support/rb_step_definition.rb:97:in `invoke'
/usr/local/rvm/gems/ruby-1.9.3-p392/gems/cucumber-1.2.3/lib/cucumber/step_match.rb:25:in `invoke'
/usr/local/rvm/gems/ruby-1.9.3-p392/gems/cucumber-1.2.3/lib/cucumber/ast/step_invocation.rb:60:in `invoke'
/usr/local/rvm/gems/ruby-1.9.3-p392/gems/cucumber-1.2.3/lib/cucumber/ast/outline_table.rb:119:in `block (2 levels) in accept_plain'
/usr/local/rvm/gems/ruby-1.9.3-p392/gems/cucumber-1.2.3/lib/cucumber/ast/step_collection.rb:37:in `each'
/usr/local/rvm/gems/ruby-1.9.3-p392/gems/cucumber-1.2.3/lib/cucumber/ast/step_collection.rb:37:in `each'
/usr/local/rvm/gems/ruby-1.9.3-p392/gems/cucumber-1.2.3/lib/cucumber/ast/outline_table.rb:118:in `block in accept_plain'
/usr/local/rvm/gems/ruby-1.9.3-p392/gems/cucumber-1.2.3/lib/cucumber/runtime.rb:81:in `block (2 levels) in with_hooks'
/usr/local/rvm/gems/ruby-1.9.3-p392/gems/cucumber-1.2.3/lib/cucumber/runtime.rb:97:in `before_and_after'
/usr/local/rvm/gems/ruby-1.9.3-p392/gems/cucumber-1.2.3/lib/cucumber/runtime.rb:80:in `block in with_hooks'
/usr/local/rvm/gems/ruby-1.9.3-p392/gems/cucumber-1.2.3/lib/cucumber/runtime/support_code.rb:120:in `call'
/usr/local/rvm/gems/ruby-1.9.3-p392/gems/cucumber-1.2.3/lib/cucumber/runtime/support_code.rb:120:in `block (3 levels) in around'
/usr/local/rvm/gems/ruby-1.9.3-p392/gems/cucumber-1.2.3/lib/cucumber/language_support/language_methods.rb:9:in `block in around'
/usr/local/rvm/gems/ruby-1.9.3-p392/gems/cucumber-1.2.3/lib/cucumber/language_support/language_methods.rb:91:in `call'
/usr/local/rvm/gems/ruby-1.9.3-p392/gems/cucumber-1.2.3/lib/cucumber/language_support/language_methods.rb:91:in `execute_around'
/usr/local/rvm/gems/ruby-1.9.3-p392/gems/cucumber-1.2.3/lib/cucumber/language_support/language_methods.rb:8:in `around'
/usr/local/rvm/gems/ruby-1.9.3-p392/gems/cucumber-1.2.3/lib/cucumber/runtime/support_code.rb:119:in `block (2 levels) in around'
/usr/local/rvm/gems/ruby-1.9.3-p392/gems/cucumber-1.2.3/lib/cucumber/runtime/support_code.rb:117:in `call'
/usr/local/rvm/gems/ruby-1.9.3-p392/gems/cucumber-1.2.3/lib/cucumber/runtime/support_code.rb:117:in `around'
/usr/local/rvm/gems/ruby-1.9.3-p392/gems/cucumber-1.2.3/lib/cucumber/runtime.rb:92:in `around'
/usr/local/rvm/gems/ruby-1.9.3-p392/gems/cucumber-1.2.3/lib/cucumber/runtime.rb:79:in `with_hooks'
/usr/local/rvm/gems/ruby-1.9.3-p392/gems/cucumber-1.2.3/lib/cucumber/ast/outline_table.rb:117:in `accept_plain'
/usr/local/rvm/gems/ruby-1.9.3-p392/gems/cucumber-1.2.3/lib/cucumber/ast/outline_table.rb:107:in `accept'
/usr/local/rvm/gems/ruby-1.9.3-p392/gems/cucumber-1.2.3/lib/cucumber/ast/tree_walker.rb:131:in `block in visit_table_row'
/usr/local/rvm/gems/ruby-1.9.3-p392/gems/cucumber-1.2.3/lib/cucumber/ast/tree_walker.rb:163:in `broadcast'
/usr/local/rvm/gems/ruby-1.9.3-p392/gems/cucumber-1.2.3/lib/cucumber/ast/tree_walker.rb:130:in `visit_table_row'
/usr/local/rvm/gems/ruby-1.9.3-p392/gems/cucumber-1.2.3/lib/cucumber/ast/outline_table.rb:27:in `block in accept'
/usr/local/rvm/gems/ruby-1.9.3-p392/gems/cucumber-1.2.3/lib/cucumber/ast/outline_table.rb:23:in `each'
/usr/local/rvm/gems/ruby-1.9.3-p392/gems/cucumber-1.2.3/lib/cucumber/ast/outline_table.rb:23:in `each_with_index'
/usr/local/rvm/gems/ruby-1.9.3-p392/gems/cucumber-1.2.3/lib/cucumber/ast/outline_table.rb:23:in `accept'
/usr/local/rvm/gems/ruby-1.9.3-p392/gems/cucumber-1.2.3/lib/cucumber/ast/tree_walker.rb:83:in `block in visit_outline_table'
/usr/local/rvm/gems/ruby-1.9.3-p392/gems/cucumber-1.2.3/lib/cucumber/ast/tree_walker.rb:163:in `broadcast'
/usr/local/rvm/gems/ruby-1.9.3-p392/gems/cucumber-1.2.3/lib/cucumber/ast/tree_walker.rb:82:in `visit_outline_table'
/usr/local/rvm/gems/ruby-1.9.3-p392/gems/cucumber-1.2.3/lib/cucumber/ast/examples.rb:22:in `accept'
/usr/local/rvm/gems/ruby-1.9.3-p392/gems/cucumber-1.2.3/lib/cucumber/ast/tree_walker.rb:73:in `block in visit_examples'
/usr/local/rvm/gems/ruby-1.9.3-p392/gems/cucumber-1.2.3/lib/cucumber/ast/tree_walker.rb:163:in `broadcast'
/usr/local/rvm/gems/ruby-1.9.3-p392/gems/cucumber-1.2.3/lib/cucumber/ast/tree_walker.rb:72:in `visit_examples'
/usr/local/rvm/gems/ruby-1.9.3-p392/gems/cucumber-1.2.3/lib/cucumber/ast/scenario_outline.rb:14:in `block in accept'
/usr/local/rvm/gems/ruby-1.9.3-p392/gems/cucumber-1.2.3/lib/cucumber/ast/scenario_outline.rb:13:in `each'
/usr/local/rvm/gems/ruby-1.9.3-p392/gems/cucumber-1.2.3/lib/cucumber/ast/scenario_outline.rb:13:in `accept'
/usr/local/rvm/gems/ruby-1.9.3-p392/gems/cucumber-1.2.3/lib/cucumber/ast/tree_walker.rb:67:in `block in visit_examples_array'
/usr/local/rvm/gems/ruby-1.9.3-p392/gems/cucumber-1.2.3/lib/cucumber/ast/tree_walker.rb:163:in `broadcast'
/usr/local/rvm/gems/ruby-1.9.3-p392/gems/cucumber-1.2.3/lib/cucumber/ast/tree_walker.rb:66:in `visit_examples_array'
/usr/local/rvm/gems/ruby-1.9.3-p392/gems/cucumber-1.2.3/lib/cucumber/ast/scenario_outline.rb:68:in `accept'
/usr/local/rvm/gems/ruby-1.9.3-p392/gems/cucumber-1.2.3/lib/cucumber/ast/tree_walker.rb:51:in `block in visit_feature_element'
/usr/local/rvm/gems/ruby-1.9.3-p392/gems/cucumber-1.2.3/lib/cucumber/ast/tree_walker.rb:163:in `broadcast'
/usr/local/rvm/gems/ruby-1.9.3-p392/gems/cucumber-1.2.3/lib/cucumber/ast/tree_walker.rb:50:in `visit_feature_element'
/usr/local/rvm/gems/ruby-1.9.3-p392/gems/cucumber-1.2.3/lib/cucumber/ast/feature.rb:43:in `block in accept'
/usr/local/rvm/gems/ruby-1.9.3-p392/gems/cucumber-1.2.3/lib/cucumber/ast/feature.rb:42:in `each'
/usr/local/rvm/gems/ruby-1.9.3-p392/gems/cucumber-1.2.3/lib/cucumber/ast/feature.rb:42:in `accept'
/usr/local/rvm/gems/ruby-1.9.3-p392/gems/cucumber-1.2.3/lib/cucumber/ast/tree_walker.rb:20:in `block in visit_feature'
/usr/local/rvm/gems/ruby-1.9.3-p392/gems/cucumber-1.2.3/lib/cucumber/ast/tree_walker.rb:163:in `broadcast'
/usr/local/rvm/gems/ruby-1.9.3-p392/gems/cucumber-1.2.3/lib/cucumber/ast/tree_walker.rb:19:in `visit_feature'
/usr/local/rvm/gems/ruby-1.9.3-p392/gems/cucumber-1.2.3/lib/cucumber/ast/features.rb:29:in `block in accept'
/usr/local/rvm/gems/ruby-1.9.3-p392/gems/cucumber-1.2.3/lib/cucumber/ast/features.rb:17:in `each'
/usr/local/rvm/gems/ruby-1.9.3-p392/gems/cucumber-1.2.3/lib/cucumber/ast/features.rb:17:in `each'
/usr/local/rvm/gems/ruby-1.9.3-p392/gems/cucumber-1.2.3/lib/cucumber/ast/features.rb:28:in `accept'
/usr/local/rvm/gems/ruby-1.9.3-p392/gems/cucumber-1.2.3/lib/cucumber/ast/tree_walker.rb:14:in `block in visit_features'
/usr/local/rvm/gems/ruby-1.9.3-p392/gems/cucumber-1.2.3/lib/cucumber/ast/tree_walker.rb:163:in `broadcast'
/usr/local/rvm/gems/ruby-1.9.3-p392/gems/cucumber-1.2.3/lib/cucumber/ast/tree_walker.rb:13:in `visit_features'
/usr/local/rvm/gems/ruby-1.9.3-p392/gems/cucumber-1.2.3/lib/cucumber/runtime.rb:47:in `run!'
/usr/local/rvm/gems/ruby-1.9.3-p392/gems/cucumber-1.2.3/lib/cucumber/cli/main.rb:43:in `execute!'
/usr/local/rvm/gems/ruby-1.9.3-p392/gems/cucumber-1.2.3/lib/cucumber/cli/main.rb:20:in `execute'
/usr/local/rvm/gems/ruby-1.9.3-p392/gems/cucumber-1.2.3/bin/cucumber:14:in `<top (required)>'
/usr/local/rvm/gems/ruby-1.9.3-p392/bin/cucumber:19:in `load'
/usr/local/rvm/gems/ruby-1.9.3-p392/bin/cucumber:19:in `<main>'
/usr/local/rvm/gems/ruby-1.9.3-p392/bin/ruby_noexec_wrapper:14:in `eval'
/usr/local/rvm/gems/ruby-1.9.3-p392/bin/ruby_noexec_wrapper:14:in `<main>'
features/login.feature:17:in `Given I open '<service>' site for the opco '<opco>' in a logged out state']]>
  </failure>
  <system-out/>
  <system-err/>
</testcase>
<testcase classname="LOGIN" name="Group Login (outline example : | es | music | usual_msisdn_2 | usual_password |)" time="0.449724">
  <failure message="failed Group Login (outline example : | es | music | usual_msisdn_2 | usual_password |)" type="failed">
    <![CDATA[Scenario Outline: Group Login

Example row: | gb | music | usual_msisdn_2 | usual_password |

Message:
Example row: | ie | contacts | usual_msisdn_2 | usual_password |

Message:
Example row: | ie | nwab | usual_msisdn_2 | usual_password |

Message:
Example row: | ie | contentbackup | usual_msisdn_2 | usual_password |

Message:
Example row: | ie | music | usual_msisdn_2 | usual_password |

Message:
Example row: | it | music | usual_msisdn_2 | usual_password |

Message:
Example row: | it | contacts | usual_msisdn_2 | usual_password |

Message:
Example row: | it | nwab | usual_msisdn_2 | usual_password |

Message:
Example row: | it | contentbackup | usual_msisdn_2 | usual_password |

Message:
Example row: | it | mobileprotect | usual_msisdn_2 | usual_password |

Message:
Example row: | gr | music | usual_msisdn_2 | usual_password |

Message:
Example row: | gr | contacts | usual_msisdn_2 | usual_password |

Message:
Example row: | gr | cloud | usual_msisdn_2 | usual_password |

Message:
Example row: | gr | contentbackup | usual_msisdn_2 | usual_password |

Message:
Example row: | nl | music | usual_msisdn_2 | usual_password |

Message:
Example row: | nl | contentbackup | usual_msisdn_2 | usual_password |

Message:
Example row: | es | music | usual_msisdn_2 | usual_password |

Message:
]]>
    <![CDATA[unexpected response, code=404, content-type=""
unknown command: session/61a9d9f6391e38daf5d133be8708e330/element/name (Selenium::WebDriver::Error::WebDriverError)
/usr/local/rvm/gems/ruby-1.9.3-p392/gems/selenium-webdriver-2.31.0/lib/selenium/webdriver/remote/http/common.rb:66:in `create_response'
/usr/local/rvm/gems/ruby-1.9.3-p392/gems/selenium-webdriver-2.31.0/lib/selenium/webdriver/remote/http/default.rb:66:in `request'
/usr/local/rvm/gems/ruby-1.9.3-p392/gems/selenium-webdriver-2.31.0/lib/selenium/webdriver/remote/http/common.rb:40:in `call'
/usr/local/rvm/gems/ruby-1.9.3-p392/gems/selenium-webdriver-2.31.0/lib/selenium/webdriver/remote/bridge.rb:616:in `raw_execute'
/usr/local/rvm/gems/ruby-1.9.3-p392/gems/selenium-webdriver-2.31.0/lib/selenium/webdriver/remote/bridge.rb:594:in `execute'
/usr/local/rvm/gems/ruby-1.9.3-p392/gems/selenium-webdriver-2.31.0/lib/selenium/webdriver/remote/bridge.rb:493:in `getElementTagName'
/usr/local/rvm/gems/ruby-1.9.3-p392/gems/selenium-webdriver-2.31.0/lib/selenium/webdriver/common/element.rb:68:in `tag_name'
/usr/local/rvm/gems/ruby-1.9.3-p392/gems/watir-webdriver-0.6.2/lib/watir-webdriver/locators/element_locator.rb:387:in `validate_element'
/usr/local/rvm/gems/ruby-1.9.3-p392/gems/watir-webdriver-0.6.2/lib/watir-webdriver/locators/element_locator.rb:37:in `locate'
/usr/local/rvm/gems/ruby-1.9.3-p392/gems/watir-webdriver-0.6.2/lib/watir-webdriver/elements/element.rb:509:in `locate'
/usr/local/rvm/gems/ruby-1.9.3-p392/gems/watir-webdriver-0.6.2/lib/watir-webdriver/elements/element.rb:487:in `assert_exists'
/usr/local/rvm/gems/ruby-1.9.3-p392/gems/watir-webdriver-0.6.2/lib/watir-webdriver/elements/element.rb:118:in `click'
/Users/Subhash/git/automated_tests_web_login_app/features/pages/MockServicePage.rb:13:in `visit'
/Users/Subhash/git/automated_tests_web_login_app/features/step_definitions/loginapp_steps.rb:17:in `block in <top (required)>'
/usr/local/rvm/gems/ruby-1.9.3-p392/gems/cucumber-1.2.3/lib/cucumber/core_ext/instance_exec.rb:48:in `instance_exec'
/usr/local/rvm/gems/ruby-1.9.3-p392/gems/cucumber-1.2.3/lib/cucumber/core_ext/instance_exec.rb:48:in `block in cucumber_instance_exec'
/usr/local/rvm/gems/ruby-1.9.3-p392/gems/cucumber-1.2.3/lib/cucumber/core_ext/instance_exec.rb:69:in `cucumber_run_with_backtrace_filtering'
/usr/local/rvm/gems/ruby-1.9.3-p392/gems/cucumber-1.2.3/lib/cucumber/core_ext/instance_exec.rb:36:in `cucumber_instance_exec'
/usr/local/rvm/gems/ruby-1.9.3-p392/gems/cucumber-1.2.3/lib/cucumber/rb_support/rb_step_definition.rb:97:in `invoke'
/usr/local/rvm/gems/ruby-1.9.3-p392/gems/cucumber-1.2.3/lib/cucumber/step_match.rb:25:in `invoke'
/usr/local/rvm/gems/ruby-1.9.3-p392/gems/cucumber-1.2.3/lib/cucumber/ast/step_invocation.rb:60:in `invoke'
/usr/local/rvm/gems/ruby-1.9.3-p392/gems/cucumber-1.2.3/lib/cucumber/ast/outline_table.rb:119:in `block (2 levels) in accept_plain'
/usr/local/rvm/gems/ruby-1.9.3-p392/gems/cucumber-1.2.3/lib/cucumber/ast/step_collection.rb:37:in `each'
/usr/local/rvm/gems/ruby-1.9.3-p392/gems/cucumber-1.2.3/lib/cucumber/ast/step_collection.rb:37:in `each'
/usr/local/rvm/gems/ruby-1.9.3-p392/gems/cucumber-1.2.3/lib/cucumber/ast/outline_table.rb:118:in `block in accept_plain'
/usr/local/rvm/gems/ruby-1.9.3-p392/gems/cucumber-1.2.3/lib/cucumber/runtime.rb:81:in `block (2 levels) in with_hooks'
/usr/local/rvm/gems/ruby-1.9.3-p392/gems/cucumber-1.2.3/lib/cucumber/runtime.rb:97:in `before_and_after'
/usr/local/rvm/gems/ruby-1.9.3-p392/gems/cucumber-1.2.3/lib/cucumber/runtime.rb:80:in `block in with_hooks'
/usr/local/rvm/gems/ruby-1.9.3-p392/gems/cucumber-1.2.3/lib/cucumber/runtime/support_code.rb:120:in `call'
/usr/local/rvm/gems/ruby-1.9.3-p392/gems/cucumber-1.2.3/lib/cucumber/runtime/support_code.rb:120:in `block (3 levels) in around'
/usr/local/rvm/gems/ruby-1.9.3-p392/gems/cucumber-1.2.3/lib/cucumber/language_support/language_methods.rb:9:in `block in around'
/usr/local/rvm/gems/ruby-1.9.3-p392/gems/cucumber-1.2.3/lib/cucumber/language_support/language_methods.rb:91:in `call'
/usr/local/rvm/gems/ruby-1.9.3-p392/gems/cucumber-1.2.3/lib/cucumber/language_support/language_methods.rb:91:in `execute_around'
/usr/local/rvm/gems/ruby-1.9.3-p392/gems/cucumber-1.2.3/lib/cucumber/language_support/language_methods.rb:8:in `around'
/usr/local/rvm/gems/ruby-1.9.3-p392/gems/cucumber-1.2.3/lib/cucumber/runtime/support_code.rb:119:in `block (2 levels) in around'
/usr/local/rvm/gems/ruby-1.9.3-p392/gems/cucumber-1.2.3/lib/cucumber/runtime/support_code.rb:117:in `call'
/usr/local/rvm/gems/ruby-1.9.3-p392/gems/cucumber-1.2.3/lib/cucumber/runtime/support_code.rb:117:in `around'
/usr/local/rvm/gems/ruby-1.9.3-p392/gems/cucumber-1.2.3/lib/cucumber/runtime.rb:92:in `around'
/usr/local/rvm/gems/ruby-1.9.3-p392/gems/cucumber-1.2.3/lib/cucumber/runtime.rb:79:in `with_hooks'
/usr/local/rvm/gems/ruby-1.9.3-p392/gems/cucumber-1.2.3/lib/cucumber/ast/outline_table.rb:117:in `accept_plain'
/usr/local/rvm/gems/ruby-1.9.3-p392/gems/cucumber-1.2.3/lib/cucumber/ast/outline_table.rb:107:in `accept'
/usr/local/rvm/gems/ruby-1.9.3-p392/gems/cucumber-1.2.3/lib/cucumber/ast/tree_walker.rb:131:in `block in visit_table_row'
/usr/local/rvm/gems/ruby-1.9.3-p392/gems/cucumber-1.2.3/lib/cucumber/ast/tree_walker.rb:163:in `broadcast'
/usr/local/rvm/gems/ruby-1.9.3-p392/gems/cucumber-1.2.3/lib/cucumber/ast/tree_walker.rb:130:in `visit_table_row'
/usr/local/rvm/gems/ruby-1.9.3-p392/gems/cucumber-1.2.3/lib/cucumber/ast/outline_table.rb:27:in `block in accept'
/usr/local/rvm/gems/ruby-1.9.3-p392/gems/cucumber-1.2.3/lib/cucumber/ast/outline_table.rb:23:in `each'
/usr/local/rvm/gems/ruby-1.9.3-p392/gems/cucumber-1.2.3/lib/cucumber/ast/outline_table.rb:23:in `each_with_index'
/usr/local/rvm/gems/ruby-1.9.3-p392/gems/cucumber-1.2.3/lib/cucumber/ast/outline_table.rb:23:in `accept'
/usr/local/rvm/gems/ruby-1.9.3-p392/gems/cucumber-1.2.3/lib/cucumber/ast/tree_walker.rb:83:in `block in visit_outline_table'
/usr/local/rvm/gems/ruby-1.9.3-p392/gems/cucumber-1.2.3/lib/cucumber/ast/tree_walker.rb:163:in `broadcast'
/usr/local/rvm/gems/ruby-1.9.3-p392/gems/cucumber-1.2.3/lib/cucumber/ast/tree_walker.rb:82:in `visit_outline_table'
/usr/local/rvm/gems/ruby-1.9.3-p392/gems/cucumber-1.2.3/lib/cucumber/ast/examples.rb:22:in `accept'
/usr/local/rvm/gems/ruby-1.9.3-p392/gems/cucumber-1.2.3/lib/cucumber/ast/tree_walker.rb:73:in `block in visit_examples'
/usr/local/rvm/gems/ruby-1.9.3-p392/gems/cucumber-1.2.3/lib/cucumber/ast/tree_walker.rb:163:in `broadcast'
/usr/local/rvm/gems/ruby-1.9.3-p392/gems/cucumber-1.2.3/lib/cucumber/ast/tree_walker.rb:72:in `visit_examples'
/usr/local/rvm/gems/ruby-1.9.3-p392/gems/cucumber-1.2.3/lib/cucumber/ast/scenario_outline.rb:14:in `block in accept'
/usr/local/rvm/gems/ruby-1.9.3-p392/gems/cucumber-1.2.3/lib/cucumber/ast/scenario_outline.rb:13:in `each'
/usr/local/rvm/gems/ruby-1.9.3-p392/gems/cucumber-1.2.3/lib/cucumber/ast/scenario_outline.rb:13:in `accept'
/usr/local/rvm/gems/ruby-1.9.3-p392/gems/cucumber-1.2.3/lib/cucumber/ast/tree_walker.rb:67:in `block in visit_examples_array'
/usr/local/rvm/gems/ruby-1.9.3-p392/gems/cucumber-1.2.3/lib/cucumber/ast/tree_walker.rb:163:in `broadcast'
/usr/local/rvm/gems/ruby-1.9.3-p392/gems/cucumber-1.2.3/lib/cucumber/ast/tree_walker.rb:66:in `visit_examples_array'
/usr/local/rvm/gems/ruby-1.9.3-p392/gems/cucumber-1.2.3/lib/cucumber/ast/scenario_outline.rb:68:in `accept'
/usr/local/rvm/gems/ruby-1.9.3-p392/gems/cucumber-1.2.3/lib/cucumber/ast/tree_walker.rb:51:in `block in visit_feature_element'
/usr/local/rvm/gems/ruby-1.9.3-p392/gems/cucumber-1.2.3/lib/cucumber/ast/tree_walker.rb:163:in `broadcast'
/usr/local/rvm/gems/ruby-1.9.3-p392/gems/cucumber-1.2.3/lib/cucumber/ast/tree_walker.rb:50:in `visit_feature_element'
/usr/local/rvm/gems/ruby-1.9.3-p392/gems/cucumber-1.2.3/lib/cucumber/ast/feature.rb:43:in `block in accept'
/usr/local/rvm/gems/ruby-1.9.3-p392/gems/cucumber-1.2.3/lib/cucumber/ast/feature.rb:42:in `each'
/usr/local/rvm/gems/ruby-1.9.3-p392/gems/cucumber-1.2.3/lib/cucumber/ast/feature.rb:42:in `accept'
/usr/local/rvm/gems/ruby-1.9.3-p392/gems/cucumber-1.2.3/lib/cucumber/ast/tree_walker.rb:20:in `block in visit_feature'
/usr/local/rvm/gems/ruby-1.9.3-p392/gems/cucumber-1.2.3/lib/cucumber/ast/tree_walker.rb:163:in `broadcast'
/usr/local/rvm/gems/ruby-1.9.3-p392/gems/cucumber-1.2.3/lib/cucumber/ast/tree_walker.rb:19:in `visit_feature'
/usr/local/rvm/gems/ruby-1.9.3-p392/gems/cucumber-1.2.3/lib/cucumber/ast/features.rb:29:in `block in accept'
/usr/local/rvm/gems/ruby-1.9.3-p392/gems/cucumber-1.2.3/lib/cucumber/ast/features.rb:17:in `each'
/usr/local/rvm/gems/ruby-1.9.3-p392/gems/cucumber-1.2.3/lib/cucumber/ast/features.rb:17:in `each'
/usr/local/rvm/gems/ruby-1.9.3-p392/gems/cucumber-1.2.3/lib/cucumber/ast/features.rb:28:in `accept'
/usr/local/rvm/gems/ruby-1.9.3-p392/gems/cucumber-1.2.3/lib/cucumber/ast/tree_walker.rb:14:in `block in visit_features'
/usr/local/rvm/gems/ruby-1.9.3-p392/gems/cucumber-1.2.3/lib/cucumber/ast/tree_walker.rb:163:in `broadcast'
/usr/local/rvm/gems/ruby-1.9.3-p392/gems/cucumber-1.2.3/lib/cucumber/ast/tree_walker.rb:13:in `visit_features'
/usr/local/rvm/gems/ruby-1.9.3-p392/gems/cucumber-1.2.3/lib/cucumber/runtime.rb:47:in `run!'
/usr/local/rvm/gems/ruby-1.9.3-p392/gems/cucumber-1.2.3/lib/cucumber/cli/main.rb:43:in `execute!'
/usr/local/rvm/gems/ruby-1.9.3-p392/gems/cucumber-1.2.3/lib/cucumber/cli/main.rb:20:in `execute'
/usr/local/rvm/gems/ruby-1.9.3-p392/gems/cucumber-1.2.3/bin/cucumber:14:in `<top (required)>'
/usr/local/rvm/gems/ruby-1.9.3-p392/bin/cucumber:19:in `load'
/usr/local/rvm/gems/ruby-1.9.3-p392/bin/cucumber:19:in `<main>'
/usr/local/rvm/gems/ruby-1.9.3-p392/bin/ruby_noexec_wrapper:14:in `eval'
/usr/local/rvm/gems/ruby-1.9.3-p392/bin/ruby_noexec_wrapper:14:in `<main>'
features/login.feature:17:in `Given I open '<service>' site for the opco '<opco>' in a logged out state']]>
  </failure>
  <system-out/>
  <system-err/>
</testcase>
<testcase classname="LOGIN" name="Group Login (outline example : | de | contentbackup | usual_msisdn_2 | usual_password |)" time="0.426080">
  <failure message="failed Group Login (outline example : | de | contentbackup | usual_msisdn_2 | usual_password |)" type="failed">
    <![CDATA[Scenario Outline: Group Login

Example row: | gb | music | usual_msisdn_2 | usual_password |

Message:
Example row: | ie | contacts | usual_msisdn_2 | usual_password |

Message:
Example row: | ie | nwab | usual_msisdn_2 | usual_password |

Message:
Example row: | ie | contentbackup | usual_msisdn_2 | usual_password |

Message:
Example row: | ie | music | usual_msisdn_2 | usual_password |

Message:
Example row: | it | music | usual_msisdn_2 | usual_password |

Message:
Example row: | it | contacts | usual_msisdn_2 | usual_password |

Message:
Example row: | it | nwab | usual_msisdn_2 | usual_password |

Message:
Example row: | it | contentbackup | usual_msisdn_2 | usual_password |

Message:
Example row: | it | mobileprotect | usual_msisdn_2 | usual_password |

Message:
Example row: | gr | music | usual_msisdn_2 | usual_password |

Message:
Example row: | gr | contacts | usual_msisdn_2 | usual_password |

Message:
Example row: | gr | cloud | usual_msisdn_2 | usual_password |

Message:
Example row: | gr | contentbackup | usual_msisdn_2 | usual_password |

Message:
Example row: | nl | music | usual_msisdn_2 | usual_password |

Message:
Example row: | nl | contentbackup | usual_msisdn_2 | usual_password |

Message:
Example row: | es | music | usual_msisdn_2 | usual_password |

Message:
Example row: | de | contentbackup | usual_msisdn_2 | usual_password |

Message:
]]>
    <![CDATA[unexpected response, code=404, content-type=""
unknown command: session/61a9d9f6391e38daf5d133be8708e330/element/name (Selenium::WebDriver::Error::WebDriverError)
/usr/local/rvm/gems/ruby-1.9.3-p392/gems/selenium-webdriver-2.31.0/lib/selenium/webdriver/remote/http/common.rb:66:in `create_response'
/usr/local/rvm/gems/ruby-1.9.3-p392/gems/selenium-webdriver-2.31.0/lib/selenium/webdriver/remote/http/default.rb:66:in `request'
/usr/local/rvm/gems/ruby-1.9.3-p392/gems/selenium-webdriver-2.31.0/lib/selenium/webdriver/remote/http/common.rb:40:in `call'
/usr/local/rvm/gems/ruby-1.9.3-p392/gems/selenium-webdriver-2.31.0/lib/selenium/webdriver/remote/bridge.rb:616:in `raw_execute'
/usr/local/rvm/gems/ruby-1.9.3-p392/gems/selenium-webdriver-2.31.0/lib/selenium/webdriver/remote/bridge.rb:594:in `execute'
/usr/local/rvm/gems/ruby-1.9.3-p392/gems/selenium-webdriver-2.31.0/lib/selenium/webdriver/remote/bridge.rb:493:in `getElementTagName'
/usr/local/rvm/gems/ruby-1.9.3-p392/gems/selenium-webdriver-2.31.0/lib/selenium/webdriver/common/element.rb:68:in `tag_name'
/usr/local/rvm/gems/ruby-1.9.3-p392/gems/watir-webdriver-0.6.2/lib/watir-webdriver/locators/element_locator.rb:387:in `validate_element'
/usr/local/rvm/gems/ruby-1.9.3-p392/gems/watir-webdriver-0.6.2/lib/watir-webdriver/locators/element_locator.rb:37:in `locate'
/usr/local/rvm/gems/ruby-1.9.3-p392/gems/watir-webdriver-0.6.2/lib/watir-webdriver/elements/element.rb:509:in `locate'
/usr/local/rvm/gems/ruby-1.9.3-p392/gems/watir-webdriver-0.6.2/lib/watir-webdriver/elements/element.rb:487:in `assert_exists'
/usr/local/rvm/gems/ruby-1.9.3-p392/gems/watir-webdriver-0.6.2/lib/watir-webdriver/elements/element.rb:118:in `click'
/Users/Subhash/git/automated_tests_web_login_app/features/pages/MockServicePage.rb:13:in `visit'
/Users/Subhash/git/automated_tests_web_login_app/features/step_definitions/loginapp_steps.rb:17:in `block in <top (required)>'
/usr/local/rvm/gems/ruby-1.9.3-p392/gems/cucumber-1.2.3/lib/cucumber/core_ext/instance_exec.rb:48:in `instance_exec'
/usr/local/rvm/gems/ruby-1.9.3-p392/gems/cucumber-1.2.3/lib/cucumber/core_ext/instance_exec.rb:48:in `block in cucumber_instance_exec'
/usr/local/rvm/gems/ruby-1.9.3-p392/gems/cucumber-1.2.3/lib/cucumber/core_ext/instance_exec.rb:69:in `cucumber_run_with_backtrace_filtering'
/usr/local/rvm/gems/ruby-1.9.3-p392/gems/cucumber-1.2.3/lib/cucumber/core_ext/instance_exec.rb:36:in `cucumber_instance_exec'
/usr/local/rvm/gems/ruby-1.9.3-p392/gems/cucumber-1.2.3/lib/cucumber/rb_support/rb_step_definition.rb:97:in `invoke'
/usr/local/rvm/gems/ruby-1.9.3-p392/gems/cucumber-1.2.3/lib/cucumber/step_match.rb:25:in `invoke'
/usr/local/rvm/gems/ruby-1.9.3-p392/gems/cucumber-1.2.3/lib/cucumber/ast/step_invocation.rb:60:in `invoke'
/usr/local/rvm/gems/ruby-1.9.3-p392/gems/cucumber-1.2.3/lib/cucumber/ast/outline_table.rb:119:in `block (2 levels) in accept_plain'
/usr/local/rvm/gems/ruby-1.9.3-p392/gems/cucumber-1.2.3/lib/cucumber/ast/step_collection.rb:37:in `each'
/usr/local/rvm/gems/ruby-1.9.3-p392/gems/cucumber-1.2.3/lib/cucumber/ast/step_collection.rb:37:in `each'
/usr/local/rvm/gems/ruby-1.9.3-p392/gems/cucumber-1.2.3/lib/cucumber/ast/outline_table.rb:118:in `block in accept_plain'
/usr/local/rvm/gems/ruby-1.9.3-p392/gems/cucumber-1.2.3/lib/cucumber/runtime.rb:81:in `block (2 levels) in with_hooks'
/usr/local/rvm/gems/ruby-1.9.3-p392/gems/cucumber-1.2.3/lib/cucumber/runtime.rb:97:in `before_and_after'
/usr/local/rvm/gems/ruby-1.9.3-p392/gems/cucumber-1.2.3/lib/cucumber/runtime.rb:80:in `block in with_hooks'
/usr/local/rvm/gems/ruby-1.9.3-p392/gems/cucumber-1.2.3/lib/cucumber/runtime/support_code.rb:120:in `call'
/usr/local/rvm/gems/ruby-1.9.3-p392/gems/cucumber-1.2.3/lib/cucumber/runtime/support_code.rb:120:in `block (3 levels) in around'
/usr/local/rvm/gems/ruby-1.9.3-p392/gems/cucumber-1.2.3/lib/cucumber/language_support/language_methods.rb:9:in `block in around'
/usr/local/rvm/gems/ruby-1.9.3-p392/gems/cucumber-1.2.3/lib/cucumber/language_support/language_methods.rb:91:in `call'
/usr/local/rvm/gems/ruby-1.9.3-p392/gems/cucumber-1.2.3/lib/cucumber/language_support/language_methods.rb:91:in `execute_around'
/usr/local/rvm/gems/ruby-1.9.3-p392/gems/cucumber-1.2.3/lib/cucumber/language_support/language_methods.rb:8:in `around'
/usr/local/rvm/gems/ruby-1.9.3-p392/gems/cucumber-1.2.3/lib/cucumber/runtime/support_code.rb:119:in `block (2 levels) in around'
/usr/local/rvm/gems/ruby-1.9.3-p392/gems/cucumber-1.2.3/lib/cucumber/runtime/support_code.rb:117:in `call'
/usr/local/rvm/gems/ruby-1.9.3-p392/gems/cucumber-1.2.3/lib/cucumber/runtime/support_code.rb:117:in `around'
/usr/local/rvm/gems/ruby-1.9.3-p392/gems/cucumber-1.2.3/lib/cucumber/runtime.rb:92:in `around'
/usr/local/rvm/gems/ruby-1.9.3-p392/gems/cucumber-1.2.3/lib/cucumber/runtime.rb:79:in `with_hooks'
/usr/local/rvm/gems/ruby-1.9.3-p392/gems/cucumber-1.2.3/lib/cucumber/ast/outline_table.rb:117:in `accept_plain'
/usr/local/rvm/gems/ruby-1.9.3-p392/gems/cucumber-1.2.3/lib/cucumber/ast/outline_table.rb:107:in `accept'
/usr/local/rvm/gems/ruby-1.9.3-p392/gems/cucumber-1.2.3/lib/cucumber/ast/tree_walker.rb:131:in `block in visit_table_row'
/usr/local/rvm/gems/ruby-1.9.3-p392/gems/cucumber-1.2.3/lib/cucumber/ast/tree_walker.rb:163:in `broadcast'
/usr/local/rvm/gems/ruby-1.9.3-p392/gems/cucumber-1.2.3/lib/cucumber/ast/tree_walker.rb:130:in `visit_table_row'
/usr/local/rvm/gems/ruby-1.9.3-p392/gems/cucumber-1.2.3/lib/cucumber/ast/outline_table.rb:27:in `block in accept'
/usr/local/rvm/gems/ruby-1.9.3-p392/gems/cucumber-1.2.3/lib/cucumber/ast/outline_table.rb:23:in `each'
/usr/local/rvm/gems/ruby-1.9.3-p392/gems/cucumber-1.2.3/lib/cucumber/ast/outline_table.rb:23:in `each_with_index'
/usr/local/rvm/gems/ruby-1.9.3-p392/gems/cucumber-1.2.3/lib/cucumber/ast/outline_table.rb:23:in `accept'
/usr/local/rvm/gems/ruby-1.9.3-p392/gems/cucumber-1.2.3/lib/cucumber/ast/tree_walker.rb:83:in `block in visit_outline_table'
/usr/local/rvm/gems/ruby-1.9.3-p392/gems/cucumber-1.2.3/lib/cucumber/ast/tree_walker.rb:163:in `broadcast'
/usr/local/rvm/gems/ruby-1.9.3-p392/gems/cucumber-1.2.3/lib/cucumber/ast/tree_walker.rb:82:in `visit_outline_table'
/usr/local/rvm/gems/ruby-1.9.3-p392/gems/cucumber-1.2.3/lib/cucumber/ast/examples.rb:22:in `accept'
/usr/local/rvm/gems/ruby-1.9.3-p392/gems/cucumber-1.2.3/lib/cucumber/ast/tree_walker.rb:73:in `block in visit_examples'
/usr/local/rvm/gems/ruby-1.9.3-p392/gems/cucumber-1.2.3/lib/cucumber/ast/tree_walker.rb:163:in `broadcast'
/usr/local/rvm/gems/ruby-1.9.3-p392/gems/cucumber-1.2.3/lib/cucumber/ast/tree_walker.rb:72:in `visit_examples'
/usr/local/rvm/gems/ruby-1.9.3-p392/gems/cucumber-1.2.3/lib/cucumber/ast/scenario_outline.rb:14:in `block in accept'
/usr/local/rvm/gems/ruby-1.9.3-p392/gems/cucumber-1.2.3/lib/cucumber/ast/scenario_outline.rb:13:in `each'
/usr/local/rvm/gems/ruby-1.9.3-p392/gems/cucumber-1.2.3/lib/cucumber/ast/scenario_outline.rb:13:in `accept'
/usr/local/rvm/gems/ruby-1.9.3-p392/gems/cucumber-1.2.3/lib/cucumber/ast/tree_walker.rb:67:in `block in visit_examples_array'
/usr/local/rvm/gems/ruby-1.9.3-p392/gems/cucumber-1.2.3/lib/cucumber/ast/tree_walker.rb:163:in `broadcast'
/usr/local/rvm/gems/ruby-1.9.3-p392/gems/cucumber-1.2.3/lib/cucumber/ast/tree_walker.rb:66:in `visit_examples_array'
/usr/local/rvm/gems/ruby-1.9.3-p392/gems/cucumber-1.2.3/lib/cucumber/ast/scenario_outline.rb:68:in `accept'
/usr/local/rvm/gems/ruby-1.9.3-p392/gems/cucumber-1.2.3/lib/cucumber/ast/tree_walker.rb:51:in `block in visit_feature_element'
/usr/local/rvm/gems/ruby-1.9.3-p392/gems/cucumber-1.2.3/lib/cucumber/ast/tree_walker.rb:163:in `broadcast'
/usr/local/rvm/gems/ruby-1.9.3-p392/gems/cucumber-1.2.3/lib/cucumber/ast/tree_walker.rb:50:in `visit_feature_element'
/usr/local/rvm/gems/ruby-1.9.3-p392/gems/cucumber-1.2.3/lib/cucumber/ast/feature.rb:43:in `block in accept'
/usr/local/rvm/gems/ruby-1.9.3-p392/gems/cucumber-1.2.3/lib/cucumber/ast/feature.rb:42:in `each'
/usr/local/rvm/gems/ruby-1.9.3-p392/gems/cucumber-1.2.3/lib/cucumber/ast/feature.rb:42:in `accept'
/usr/local/rvm/gems/ruby-1.9.3-p392/gems/cucumber-1.2.3/lib/cucumber/ast/tree_walker.rb:20:in `block in visit_feature'
/usr/local/rvm/gems/ruby-1.9.3-p392/gems/cucumber-1.2.3/lib/cucumber/ast/tree_walker.rb:163:in `broadcast'
/usr/local/rvm/gems/ruby-1.9.3-p392/gems/cucumber-1.2.3/lib/cucumber/ast/tree_walker.rb:19:in `visit_feature'
/usr/local/rvm/gems/ruby-1.9.3-p392/gems/cucumber-1.2.3/lib/cucumber/ast/features.rb:29:in `block in accept'
/usr/local/rvm/gems/ruby-1.9.3-p392/gems/cucumber-1.2.3/lib/cucumber/ast/features.rb:17:in `each'
/usr/local/rvm/gems/ruby-1.9.3-p392/gems/cucumber-1.2.3/lib/cucumber/ast/features.rb:17:in `each'
/usr/local/rvm/gems/ruby-1.9.3-p392/gems/cucumber-1.2.3/lib/cucumber/ast/features.rb:28:in `accept'
/usr/local/rvm/gems/ruby-1.9.3-p392/gems/cucumber-1.2.3/lib/cucumber/ast/tree_walker.rb:14:in `block in visit_features'
/usr/local/rvm/gems/ruby-1.9.3-p392/gems/cucumber-1.2.3/lib/cucumber/ast/tree_walker.rb:163:in `broadcast'
/usr/local/rvm/gems/ruby-1.9.3-p392/gems/cucumber-1.2.3/lib/cucumber/ast/tree_walker.rb:13:in `visit_features'
/usr/local/rvm/gems/ruby-1.9.3-p392/gems/cucumber-1.2.3/lib/cucumber/runtime.rb:47:in `run!'
/usr/local/rvm/gems/ruby-1.9.3-p392/gems/cucumber-1.2.3/lib/cucumber/cli/main.rb:43:in `execute!'
/usr/local/rvm/gems/ruby-1.9.3-p392/gems/cucumber-1.2.3/lib/cucumber/cli/main.rb:20:in `execute'
/usr/local/rvm/gems/ruby-1.9.3-p392/gems/cucumber-1.2.3/bin/cucumber:14:in `<top (required)>'
/usr/local/rvm/gems/ruby-1.9.3-p392/bin/cucumber:19:in `load'
/usr/local/rvm/gems/ruby-1.9.3-p392/bin/cucumber:19:in `<main>'
/usr/local/rvm/gems/ruby-1.9.3-p392/bin/ruby_noexec_wrapper:14:in `eval'
/usr/local/rvm/gems/ruby-1.9.3-p392/bin/ruby_noexec_wrapper:14:in `<main>'
features/login.feature:17:in `Given I open '<service>' site for the opco '<opco>' in a logged out state']]>
  </failure>
  <system-out/>
  <system-err/>
</testcase>
<testcase classname="LOGIN" name="Group Login (outline example : | hr | contacts | usual_msisdn_2 | usual_password |)" time="0.483348">
  <failure message="failed Group Login (outline example : | hr | contacts | usual_msisdn_2 | usual_password |)" type="failed">
    <![CDATA[Scenario Outline: Group Login

Example row: | gb | music | usual_msisdn_2 | usual_password |

Message:
Example row: | ie | contacts | usual_msisdn_2 | usual_password |

Message:
Example row: | ie | nwab | usual_msisdn_2 | usual_password |

Message:
Example row: | ie | contentbackup | usual_msisdn_2 | usual_password |

Message:
Example row: | ie | music | usual_msisdn_2 | usual_password |

Message:
Example row: | it | music | usual_msisdn_2 | usual_password |

Message:
Example row: | it | contacts | usual_msisdn_2 | usual_password |

Message:
Example row: | it | nwab | usual_msisdn_2 | usual_password |

Message:
Example row: | it | contentbackup | usual_msisdn_2 | usual_password |

Message:
Example row: | it | mobileprotect | usual_msisdn_2 | usual_password |

Message:
Example row: | gr | music | usual_msisdn_2 | usual_password |

Message:
Example row: | gr | contacts | usual_msisdn_2 | usual_password |

Message:
Example row: | gr | cloud | usual_msisdn_2 | usual_password |

Message:
Example row: | gr | contentbackup | usual_msisdn_2 | usual_password |

Message:
Example row: | nl | music | usual_msisdn_2 | usual_password |

Message:
Example row: | nl | contentbackup | usual_msisdn_2 | usual_password |

Message:
Example row: | es | music | usual_msisdn_2 | usual_password |

Message:
Example row: | de | contentbackup | usual_msisdn_2 | usual_password |

Message:
Example row: | hr | contacts | usual_msisdn_2 | usual_password |

Message:
]]>
    <![CDATA[unexpected response, code=404, content-type=""
unknown command: session/61a9d9f6391e38daf5d133be8708e330/element/name (Selenium::WebDriver::Error::WebDriverError)
/usr/local/rvm/gems/ruby-1.9.3-p392/gems/selenium-webdriver-2.31.0/lib/selenium/webdriver/remote/http/common.rb:66:in `create_response'
/usr/local/rvm/gems/ruby-1.9.3-p392/gems/selenium-webdriver-2.31.0/lib/selenium/webdriver/remote/http/default.rb:66:in `request'
/usr/local/rvm/gems/ruby-1.9.3-p392/gems/selenium-webdriver-2.31.0/lib/selenium/webdriver/remote/http/common.rb:40:in `call'
/usr/local/rvm/gems/ruby-1.9.3-p392/gems/selenium-webdriver-2.31.0/lib/selenium/webdriver/remote/bridge.rb:616:in `raw_execute'
/usr/local/rvm/gems/ruby-1.9.3-p392/gems/selenium-webdriver-2.31.0/lib/selenium/webdriver/remote/bridge.rb:594:in `execute'
/usr/local/rvm/gems/ruby-1.9.3-p392/gems/selenium-webdriver-2.31.0/lib/selenium/webdriver/remote/bridge.rb:493:in `getElementTagName'
/usr/local/rvm/gems/ruby-1.9.3-p392/gems/selenium-webdriver-2.31.0/lib/selenium/webdriver/common/element.rb:68:in `tag_name'
/usr/local/rvm/gems/ruby-1.9.3-p392/gems/watir-webdriver-0.6.2/lib/watir-webdriver/locators/element_locator.rb:387:in `validate_element'
/usr/local/rvm/gems/ruby-1.9.3-p392/gems/watir-webdriver-0.6.2/lib/watir-webdriver/locators/element_locator.rb:37:in `locate'
/usr/local/rvm/gems/ruby-1.9.3-p392/gems/watir-webdriver-0.6.2/lib/watir-webdriver/elements/element.rb:509:in `locate'
/usr/local/rvm/gems/ruby-1.9.3-p392/gems/watir-webdriver-0.6.2/lib/watir-webdriver/elements/element.rb:487:in `assert_exists'
/usr/local/rvm/gems/ruby-1.9.3-p392/gems/watir-webdriver-0.6.2/lib/watir-webdriver/elements/element.rb:118:in `click'
/Users/Subhash/git/automated_tests_web_login_app/features/pages/MockServicePage.rb:13:in `visit'
/Users/Subhash/git/automated_tests_web_login_app/features/step_definitions/loginapp_steps.rb:17:in `block in <top (required)>'
/usr/local/rvm/gems/ruby-1.9.3-p392/gems/cucumber-1.2.3/lib/cucumber/core_ext/instance_exec.rb:48:in `instance_exec'
/usr/local/rvm/gems/ruby-1.9.3-p392/gems/cucumber-1.2.3/lib/cucumber/core_ext/instance_exec.rb:48:in `block in cucumber_instance_exec'
/usr/local/rvm/gems/ruby-1.9.3-p392/gems/cucumber-1.2.3/lib/cucumber/core_ext/instance_exec.rb:69:in `cucumber_run_with_backtrace_filtering'
/usr/local/rvm/gems/ruby-1.9.3-p392/gems/cucumber-1.2.3/lib/cucumber/core_ext/instance_exec.rb:36:in `cucumber_instance_exec'
/usr/local/rvm/gems/ruby-1.9.3-p392/gems/cucumber-1.2.3/lib/cucumber/rb_support/rb_step_definition.rb:97:in `invoke'
/usr/local/rvm/gems/ruby-1.9.3-p392/gems/cucumber-1.2.3/lib/cucumber/step_match.rb:25:in `invoke'
/usr/local/rvm/gems/ruby-1.9.3-p392/gems/cucumber-1.2.3/lib/cucumber/ast/step_invocation.rb:60:in `invoke'
/usr/local/rvm/gems/ruby-1.9.3-p392/gems/cucumber-1.2.3/lib/cucumber/ast/outline_table.rb:119:in `block (2 levels) in accept_plain'
/usr/local/rvm/gems/ruby-1.9.3-p392/gems/cucumber-1.2.3/lib/cucumber/ast/step_collection.rb:37:in `each'
/usr/local/rvm/gems/ruby-1.9.3-p392/gems/cucumber-1.2.3/lib/cucumber/ast/step_collection.rb:37:in `each'
/usr/local/rvm/gems/ruby-1.9.3-p392/gems/cucumber-1.2.3/lib/cucumber/ast/outline_table.rb:118:in `block in accept_plain'
/usr/local/rvm/gems/ruby-1.9.3-p392/gems/cucumber-1.2.3/lib/cucumber/runtime.rb:81:in `block (2 levels) in with_hooks'
/usr/local/rvm/gems/ruby-1.9.3-p392/gems/cucumber-1.2.3/lib/cucumber/runtime.rb:97:in `before_and_after'
/usr/local/rvm/gems/ruby-1.9.3-p392/gems/cucumber-1.2.3/lib/cucumber/runtime.rb:80:in `block in with_hooks'
/usr/local/rvm/gems/ruby-1.9.3-p392/gems/cucumber-1.2.3/lib/cucumber/runtime/support_code.rb:120:in `call'
/usr/local/rvm/gems/ruby-1.9.3-p392/gems/cucumber-1.2.3/lib/cucumber/runtime/support_code.rb:120:in `block (3 levels) in around'
/usr/local/rvm/gems/ruby-1.9.3-p392/gems/cucumber-1.2.3/lib/cucumber/language_support/language_methods.rb:9:in `block in around'
/usr/local/rvm/gems/ruby-1.9.3-p392/gems/cucumber-1.2.3/lib/cucumber/language_support/language_methods.rb:91:in `call'
/usr/local/rvm/gems/ruby-1.9.3-p392/gems/cucumber-1.2.3/lib/cucumber/language_support/language_methods.rb:91:in `execute_around'
/usr/local/rvm/gems/ruby-1.9.3-p392/gems/cucumber-1.2.3/lib/cucumber/language_support/language_methods.rb:8:in `around'
/usr/local/rvm/gems/ruby-1.9.3-p392/gems/cucumber-1.2.3/lib/cucumber/runtime/support_code.rb:119:in `block (2 levels) in around'
/usr/local/rvm/gems/ruby-1.9.3-p392/gems/cucumber-1.2.3/lib/cucumber/runtime/support_code.rb:117:in `call'
/usr/local/rvm/gems/ruby-1.9.3-p392/gems/cucumber-1.2.3/lib/cucumber/runtime/support_code.rb:117:in `around'
/usr/local/rvm/gems/ruby-1.9.3-p392/gems/cucumber-1.2.3/lib/cucumber/runtime.rb:92:in `around'
/usr/local/rvm/gems/ruby-1.9.3-p392/gems/cucumber-1.2.3/lib/cucumber/runtime.rb:79:in `with_hooks'
/usr/local/rvm/gems/ruby-1.9.3-p392/gems/cucumber-1.2.3/lib/cucumber/ast/outline_table.rb:117:in `accept_plain'
/usr/local/rvm/gems/ruby-1.9.3-p392/gems/cucumber-1.2.3/lib/cucumber/ast/outline_table.rb:107:in `accept'
/usr/local/rvm/gems/ruby-1.9.3-p392/gems/cucumber-1.2.3/lib/cucumber/ast/tree_walker.rb:131:in `block in visit_table_row'
/usr/local/rvm/gems/ruby-1.9.3-p392/gems/cucumber-1.2.3/lib/cucumber/ast/tree_walker.rb:163:in `broadcast'
/usr/local/rvm/gems/ruby-1.9.3-p392/gems/cucumber-1.2.3/lib/cucumber/ast/tree_walker.rb:130:in `visit_table_row'
/usr/local/rvm/gems/ruby-1.9.3-p392/gems/cucumber-1.2.3/lib/cucumber/ast/outline_table.rb:27:in `block in accept'
/usr/local/rvm/gems/ruby-1.9.3-p392/gems/cucumber-1.2.3/lib/cucumber/ast/outline_table.rb:23:in `each'
/usr/local/rvm/gems/ruby-1.9.3-p392/gems/cucumber-1.2.3/lib/cucumber/ast/outline_table.rb:23:in `each_with_index'
/usr/local/rvm/gems/ruby-1.9.3-p392/gems/cucumber-1.2.3/lib/cucumber/ast/outline_table.rb:23:in `accept'
/usr/local/rvm/gems/ruby-1.9.3-p392/gems/cucumber-1.2.3/lib/cucumber/ast/tree_walker.rb:83:in `block in visit_outline_table'
/usr/local/rvm/gems/ruby-1.9.3-p392/gems/cucumber-1.2.3/lib/cucumber/ast/tree_walker.rb:163:in `broadcast'
/usr/local/rvm/gems/ruby-1.9.3-p392/gems/cucumber-1.2.3/lib/cucumber/ast/tree_walker.rb:82:in `visit_outline_table'
/usr/local/rvm/gems/ruby-1.9.3-p392/gems/cucumber-1.2.3/lib/cucumber/ast/examples.rb:22:in `accept'
/usr/local/rvm/gems/ruby-1.9.3-p392/gems/cucumber-1.2.3/lib/cucumber/ast/tree_walker.rb:73:in `block in visit_examples'
/usr/local/rvm/gems/ruby-1.9.3-p392/gems/cucumber-1.2.3/lib/cucumber/ast/tree_walker.rb:163:in `broadcast'
/usr/local/rvm/gems/ruby-1.9.3-p392/gems/cucumber-1.2.3/lib/cucumber/ast/tree_walker.rb:72:in `visit_examples'
/usr/local/rvm/gems/ruby-1.9.3-p392/gems/cucumber-1.2.3/lib/cucumber/ast/scenario_outline.rb:14:in `block in accept'
/usr/local/rvm/gems/ruby-1.9.3-p392/gems/cucumber-1.2.3/lib/cucumber/ast/scenario_outline.rb:13:in `each'
/usr/local/rvm/gems/ruby-1.9.3-p392/gems/cucumber-1.2.3/lib/cucumber/ast/scenario_outline.rb:13:in `accept'
/usr/local/rvm/gems/ruby-1.9.3-p392/gems/cucumber-1.2.3/lib/cucumber/ast/tree_walker.rb:67:in `block in visit_examples_array'
/usr/local/rvm/gems/ruby-1.9.3-p392/gems/cucumber-1.2.3/lib/cucumber/ast/tree_walker.rb:163:in `broadcast'
/usr/local/rvm/gems/ruby-1.9.3-p392/gems/cucumber-1.2.3/lib/cucumber/ast/tree_walker.rb:66:in `visit_examples_array'
/usr/local/rvm/gems/ruby-1.9.3-p392/gems/cucumber-1.2.3/lib/cucumber/ast/scenario_outline.rb:68:in `accept'
/usr/local/rvm/gems/ruby-1.9.3-p392/gems/cucumber-1.2.3/lib/cucumber/ast/tree_walker.rb:51:in `block in visit_feature_element'
/usr/local/rvm/gems/ruby-1.9.3-p392/gems/cucumber-1.2.3/lib/cucumber/ast/tree_walker.rb:163:in `broadcast'
/usr/local/rvm/gems/ruby-1.9.3-p392/gems/cucumber-1.2.3/lib/cucumber/ast/tree_walker.rb:50:in `visit_feature_element'
/usr/local/rvm/gems/ruby-1.9.3-p392/gems/cucumber-1.2.3/lib/cucumber/ast/feature.rb:43:in `block in accept'
/usr/local/rvm/gems/ruby-1.9.3-p392/gems/cucumber-1.2.3/lib/cucumber/ast/feature.rb:42:in `each'
/usr/local/rvm/gems/ruby-1.9.3-p392/gems/cucumber-1.2.3/lib/cucumber/ast/feature.rb:42:in `accept'
/usr/local/rvm/gems/ruby-1.9.3-p392/gems/cucumber-1.2.3/lib/cucumber/ast/tree_walker.rb:20:in `block in visit_feature'
/usr/local/rvm/gems/ruby-1.9.3-p392/gems/cucumber-1.2.3/lib/cucumber/ast/tree_walker.rb:163:in `broadcast'
/usr/local/rvm/gems/ruby-1.9.3-p392/gems/cucumber-1.2.3/lib/cucumber/ast/tree_walker.rb:19:in `visit_feature'
/usr/local/rvm/gems/ruby-1.9.3-p392/gems/cucumber-1.2.3/lib/cucumber/ast/features.rb:29:in `block in accept'
/usr/local/rvm/gems/ruby-1.9.3-p392/gems/cucumber-1.2.3/lib/cucumber/ast/features.rb:17:in `each'
/usr/local/rvm/gems/ruby-1.9.3-p392/gems/cucumber-1.2.3/lib/cucumber/ast/features.rb:17:in `each'
/usr/local/rvm/gems/ruby-1.9.3-p392/gems/cucumber-1.2.3/lib/cucumber/ast/features.rb:28:in `accept'
/usr/local/rvm/gems/ruby-1.9.3-p392/gems/cucumber-1.2.3/lib/cucumber/ast/tree_walker.rb:14:in `block in visit_features'
/usr/local/rvm/gems/ruby-1.9.3-p392/gems/cucumber-1.2.3/lib/cucumber/ast/tree_walker.rb:163:in `broadcast'
/usr/local/rvm/gems/ruby-1.9.3-p392/gems/cucumber-1.2.3/lib/cucumber/ast/tree_walker.rb:13:in `visit_features'
/usr/local/rvm/gems/ruby-1.9.3-p392/gems/cucumber-1.2.3/lib/cucumber/runtime.rb:47:in `run!'
/usr/local/rvm/gems/ruby-1.9.3-p392/gems/cucumber-1.2.3/lib/cucumber/cli/main.rb:43:in `execute!'
/usr/local/rvm/gems/ruby-1.9.3-p392/gems/cucumber-1.2.3/lib/cucumber/cli/main.rb:20:in `execute'
/usr/local/rvm/gems/ruby-1.9.3-p392/gems/cucumber-1.2.3/bin/cucumber:14:in `<top (required)>'
/usr/local/rvm/gems/ruby-1.9.3-p392/bin/cucumber:19:in `load'
/usr/local/rvm/gems/ruby-1.9.3-p392/bin/cucumber:19:in `<main>'
/usr/local/rvm/gems/ruby-1.9.3-p392/bin/ruby_noexec_wrapper:14:in `eval'
/usr/local/rvm/gems/ruby-1.9.3-p392/bin/ruby_noexec_wrapper:14:in `<main>'
features/login.feature:17:in `Given I open '<service>' site for the opco '<opco>' in a logged out state']]>
  </failure>
  <system-out/>
  <system-err/>
</testcase>
<testcase classname="LOGIN" name="Group Login (outline example : | hr | contentbackup | usual_msisdn_2 | usual_password |)" time="0.444567">
  <failure message="failed Group Login (outline example : | hr | contentbackup | usual_msisdn_2 | usual_password |)" type="failed">
    <![CDATA[Scenario Outline: Group Login

Example row: | gb | music | usual_msisdn_2 | usual_password |

Message:
Example row: | ie | contacts | usual_msisdn_2 | usual_password |

Message:
Example row: | ie | nwab | usual_msisdn_2 | usual_password |

Message:
Example row: | ie | contentbackup | usual_msisdn_2 | usual_password |

Message:
Example row: | ie | music | usual_msisdn_2 | usual_password |

Message:
Example row: | it | music | usual_msisdn_2 | usual_password |

Message:
Example row: | it | contacts | usual_msisdn_2 | usual_password |

Message:
Example row: | it | nwab | usual_msisdn_2 | usual_password |

Message:
Example row: | it | contentbackup | usual_msisdn_2 | usual_password |

Message:
Example row: | it | mobileprotect | usual_msisdn_2 | usual_password |

Message:
Example row: | gr | music | usual_msisdn_2 | usual_password |

Message:
Example row: | gr | contacts | usual_msisdn_2 | usual_password |

Message:
Example row: | gr | cloud | usual_msisdn_2 | usual_password |

Message:
Example row: | gr | contentbackup | usual_msisdn_2 | usual_password |

Message:
Example row: | nl | music | usual_msisdn_2 | usual_password |

Message:
Example row: | nl | contentbackup | usual_msisdn_2 | usual_password |

Message:
Example row: | es | music | usual_msisdn_2 | usual_password |

Message:
Example row: | de | contentbackup | usual_msisdn_2 | usual_password |

Message:
Example row: | hr | contacts | usual_msisdn_2 | usual_password |

Message:
Example row: | hr | contentbackup | usual_msisdn_2 | usual_password |

Message:
]]>
    <![CDATA[unexpected response, code=404, content-type=""
unknown command: session/61a9d9f6391e38daf5d133be8708e330/element/name (Selenium::WebDriver::Error::WebDriverError)
/usr/local/rvm/gems/ruby-1.9.3-p392/gems/selenium-webdriver-2.31.0/lib/selenium/webdriver/remote/http/common.rb:66:in `create_response'
/usr/local/rvm/gems/ruby-1.9.3-p392/gems/selenium-webdriver-2.31.0/lib/selenium/webdriver/remote/http/default.rb:66:in `request'
/usr/local/rvm/gems/ruby-1.9.3-p392/gems/selenium-webdriver-2.31.0/lib/selenium/webdriver/remote/http/common.rb:40:in `call'
/usr/local/rvm/gems/ruby-1.9.3-p392/gems/selenium-webdriver-2.31.0/lib/selenium/webdriver/remote/bridge.rb:616:in `raw_execute'
/usr/local/rvm/gems/ruby-1.9.3-p392/gems/selenium-webdriver-2.31.0/lib/selenium/webdriver/remote/bridge.rb:594:in `execute'
/usr/local/rvm/gems/ruby-1.9.3-p392/gems/selenium-webdriver-2.31.0/lib/selenium/webdriver/remote/bridge.rb:493:in `getElementTagName'
/usr/local/rvm/gems/ruby-1.9.3-p392/gems/selenium-webdriver-2.31.0/lib/selenium/webdriver/common/element.rb:68:in `tag_name'
/usr/local/rvm/gems/ruby-1.9.3-p392/gems/watir-webdriver-0.6.2/lib/watir-webdriver/locators/element_locator.rb:387:in `validate_element'
/usr/local/rvm/gems/ruby-1.9.3-p392/gems/watir-webdriver-0.6.2/lib/watir-webdriver/locators/element_locator.rb:37:in `locate'
/usr/local/rvm/gems/ruby-1.9.3-p392/gems/watir-webdriver-0.6.2/lib/watir-webdriver/elements/element.rb:509:in `locate'
/usr/local/rvm/gems/ruby-1.9.3-p392/gems/watir-webdriver-0.6.2/lib/watir-webdriver/elements/element.rb:487:in `assert_exists'
/usr/local/rvm/gems/ruby-1.9.3-p392/gems/watir-webdriver-0.6.2/lib/watir-webdriver/elements/element.rb:118:in `click'
/Users/Subhash/git/automated_tests_web_login_app/features/pages/MockServicePage.rb:13:in `visit'
/Users/Subhash/git/automated_tests_web_login_app/features/step_definitions/loginapp_steps.rb:17:in `block in <top (required)>'
/usr/local/rvm/gems/ruby-1.9.3-p392/gems/cucumber-1.2.3/lib/cucumber/core_ext/instance_exec.rb:48:in `instance_exec'
/usr/local/rvm/gems/ruby-1.9.3-p392/gems/cucumber-1.2.3/lib/cucumber/core_ext/instance_exec.rb:48:in `block in cucumber_instance_exec'
/usr/local/rvm/gems/ruby-1.9.3-p392/gems/cucumber-1.2.3/lib/cucumber/core_ext/instance_exec.rb:69:in `cucumber_run_with_backtrace_filtering'
/usr/local/rvm/gems/ruby-1.9.3-p392/gems/cucumber-1.2.3/lib/cucumber/core_ext/instance_exec.rb:36:in `cucumber_instance_exec'
/usr/local/rvm/gems/ruby-1.9.3-p392/gems/cucumber-1.2.3/lib/cucumber/rb_support/rb_step_definition.rb:97:in `invoke'
/usr/local/rvm/gems/ruby-1.9.3-p392/gems/cucumber-1.2.3/lib/cucumber/step_match.rb:25:in `invoke'
/usr/local/rvm/gems/ruby-1.9.3-p392/gems/cucumber-1.2.3/lib/cucumber/ast/step_invocation.rb:60:in `invoke'
/usr/local/rvm/gems/ruby-1.9.3-p392/gems/cucumber-1.2.3/lib/cucumber/ast/outline_table.rb:119:in `block (2 levels) in accept_plain'
/usr/local/rvm/gems/ruby-1.9.3-p392/gems/cucumber-1.2.3/lib/cucumber/ast/step_collection.rb:37:in `each'
/usr/local/rvm/gems/ruby-1.9.3-p392/gems/cucumber-1.2.3/lib/cucumber/ast/step_collection.rb:37:in `each'
/usr/local/rvm/gems/ruby-1.9.3-p392/gems/cucumber-1.2.3/lib/cucumber/ast/outline_table.rb:118:in `block in accept_plain'
/usr/local/rvm/gems/ruby-1.9.3-p392/gems/cucumber-1.2.3/lib/cucumber/runtime.rb:81:in `block (2 levels) in with_hooks'
/usr/local/rvm/gems/ruby-1.9.3-p392/gems/cucumber-1.2.3/lib/cucumber/runtime.rb:97:in `before_and_after'
/usr/local/rvm/gems/ruby-1.9.3-p392/gems/cucumber-1.2.3/lib/cucumber/runtime.rb:80:in `block in with_hooks'
/usr/local/rvm/gems/ruby-1.9.3-p392/gems/cucumber-1.2.3/lib/cucumber/runtime/support_code.rb:120:in `call'
/usr/local/rvm/gems/ruby-1.9.3-p392/gems/cucumber-1.2.3/lib/cucumber/runtime/support_code.rb:120:in `block (3 levels) in around'
/usr/local/rvm/gems/ruby-1.9.3-p392/gems/cucumber-1.2.3/lib/cucumber/language_support/language_methods.rb:9:in `block in around'
/usr/local/rvm/gems/ruby-1.9.3-p392/gems/cucumber-1.2.3/lib/cucumber/language_support/language_methods.rb:91:in `call'
/usr/local/rvm/gems/ruby-1.9.3-p392/gems/cucumber-1.2.3/lib/cucumber/language_support/language_methods.rb:91:in `execute_around'
/usr/local/rvm/gems/ruby-1.9.3-p392/gems/cucumber-1.2.3/lib/cucumber/language_support/language_methods.rb:8:in `around'
/usr/local/rvm/gems/ruby-1.9.3-p392/gems/cucumber-1.2.3/lib/cucumber/runtime/support_code.rb:119:in `block (2 levels) in around'
/usr/local/rvm/gems/ruby-1.9.3-p392/gems/cucumber-1.2.3/lib/cucumber/runtime/support_code.rb:117:in `call'
/usr/local/rvm/gems/ruby-1.9.3-p392/gems/cucumber-1.2.3/lib/cucumber/runtime/support_code.rb:117:in `around'
/usr/local/rvm/gems/ruby-1.9.3-p392/gems/cucumber-1.2.3/lib/cucumber/runtime.rb:92:in `around'
/usr/local/rvm/gems/ruby-1.9.3-p392/gems/cucumber-1.2.3/lib/cucumber/runtime.rb:79:in `with_hooks'
/usr/local/rvm/gems/ruby-1.9.3-p392/gems/cucumber-1.2.3/lib/cucumber/ast/outline_table.rb:117:in `accept_plain'
/usr/local/rvm/gems/ruby-1.9.3-p392/gems/cucumber-1.2.3/lib/cucumber/ast/outline_table.rb:107:in `accept'
/usr/local/rvm/gems/ruby-1.9.3-p392/gems/cucumber-1.2.3/lib/cucumber/ast/tree_walker.rb:131:in `block in visit_table_row'
/usr/local/rvm/gems/ruby-1.9.3-p392/gems/cucumber-1.2.3/lib/cucumber/ast/tree_walker.rb:163:in `broadcast'
/usr/local/rvm/gems/ruby-1.9.3-p392/gems/cucumber-1.2.3/lib/cucumber/ast/tree_walker.rb:130:in `visit_table_row'
/usr/local/rvm/gems/ruby-1.9.3-p392/gems/cucumber-1.2.3/lib/cucumber/ast/outline_table.rb:27:in `block in accept'
/usr/local/rvm/gems/ruby-1.9.3-p392/gems/cucumber-1.2.3/lib/cucumber/ast/outline_table.rb:23:in `each'
/usr/local/rvm/gems/ruby-1.9.3-p392/gems/cucumber-1.2.3/lib/cucumber/ast/outline_table.rb:23:in `each_with_index'
/usr/local/rvm/gems/ruby-1.9.3-p392/gems/cucumber-1.2.3/lib/cucumber/ast/outline_table.rb:23:in `accept'
/usr/local/rvm/gems/ruby-1.9.3-p392/gems/cucumber-1.2.3/lib/cucumber/ast/tree_walker.rb:83:in `block in visit_outline_table'
/usr/local/rvm/gems/ruby-1.9.3-p392/gems/cucumber-1.2.3/lib/cucumber/ast/tree_walker.rb:163:in `broadcast'
/usr/local/rvm/gems/ruby-1.9.3-p392/gems/cucumber-1.2.3/lib/cucumber/ast/tree_walker.rb:82:in `visit_outline_table'
/usr/local/rvm/gems/ruby-1.9.3-p392/gems/cucumber-1.2.3/lib/cucumber/ast/examples.rb:22:in `accept'
/usr/local/rvm/gems/ruby-1.9.3-p392/gems/cucumber-1.2.3/lib/cucumber/ast/tree_walker.rb:73:in `block in visit_examples'
/usr/local/rvm/gems/ruby-1.9.3-p392/gems/cucumber-1.2.3/lib/cucumber/ast/tree_walker.rb:163:in `broadcast'
/usr/local/rvm/gems/ruby-1.9.3-p392/gems/cucumber-1.2.3/lib/cucumber/ast/tree_walker.rb:72:in `visit_examples'
/usr/local/rvm/gems/ruby-1.9.3-p392/gems/cucumber-1.2.3/lib/cucumber/ast/scenario_outline.rb:14:in `block in accept'
/usr/local/rvm/gems/ruby-1.9.3-p392/gems/cucumber-1.2.3/lib/cucumber/ast/scenario_outline.rb:13:in `each'
/usr/local/rvm/gems/ruby-1.9.3-p392/gems/cucumber-1.2.3/lib/cucumber/ast/scenario_outline.rb:13:in `accept'
/usr/local/rvm/gems/ruby-1.9.3-p392/gems/cucumber-1.2.3/lib/cucumber/ast/tree_walker.rb:67:in `block in visit_examples_array'
/usr/local/rvm/gems/ruby-1.9.3-p392/gems/cucumber-1.2.3/lib/cucumber/ast/tree_walker.rb:163:in `broadcast'
/usr/local/rvm/gems/ruby-1.9.3-p392/gems/cucumber-1.2.3/lib/cucumber/ast/tree_walker.rb:66:in `visit_examples_array'
/usr/local/rvm/gems/ruby-1.9.3-p392/gems/cucumber-1.2.3/lib/cucumber/ast/scenario_outline.rb:68:in `accept'
/usr/local/rvm/gems/ruby-1.9.3-p392/gems/cucumber-1.2.3/lib/cucumber/ast/tree_walker.rb:51:in `block in visit_feature_element'
/usr/local/rvm/gems/ruby-1.9.3-p392/gems/cucumber-1.2.3/lib/cucumber/ast/tree_walker.rb:163:in `broadcast'
/usr/local/rvm/gems/ruby-1.9.3-p392/gems/cucumber-1.2.3/lib/cucumber/ast/tree_walker.rb:50:in `visit_feature_element'
/usr/local/rvm/gems/ruby-1.9.3-p392/gems/cucumber-1.2.3/lib/cucumber/ast/feature.rb:43:in `block in accept'
/usr/local/rvm/gems/ruby-1.9.3-p392/gems/cucumber-1.2.3/lib/cucumber/ast/feature.rb:42:in `each'
/usr/local/rvm/gems/ruby-1.9.3-p392/gems/cucumber-1.2.3/lib/cucumber/ast/feature.rb:42:in `accept'
/usr/local/rvm/gems/ruby-1.9.3-p392/gems/cucumber-1.2.3/lib/cucumber/ast/tree_walker.rb:20:in `block in visit_feature'
/usr/local/rvm/gems/ruby-1.9.3-p392/gems/cucumber-1.2.3/lib/cucumber/ast/tree_walker.rb:163:in `broadcast'
/usr/local/rvm/gems/ruby-1.9.3-p392/gems/cucumber-1.2.3/lib/cucumber/ast/tree_walker.rb:19:in `visit_feature'
/usr/local/rvm/gems/ruby-1.9.3-p392/gems/cucumber-1.2.3/lib/cucumber/ast/features.rb:29:in `block in accept'
/usr/local/rvm/gems/ruby-1.9.3-p392/gems/cucumber-1.2.3/lib/cucumber/ast/features.rb:17:in `each'
/usr/local/rvm/gems/ruby-1.9.3-p392/gems/cucumber-1.2.3/lib/cucumber/ast/features.rb:17:in `each'
/usr/local/rvm/gems/ruby-1.9.3-p392/gems/cucumber-1.2.3/lib/cucumber/ast/features.rb:28:in `accept'
/usr/local/rvm/gems/ruby-1.9.3-p392/gems/cucumber-1.2.3/lib/cucumber/ast/tree_walker.rb:14:in `block in visit_features'
/usr/local/rvm/gems/ruby-1.9.3-p392/gems/cucumber-1.2.3/lib/cucumber/ast/tree_walker.rb:163:in `broadcast'
/usr/local/rvm/gems/ruby-1.9.3-p392/gems/cucumber-1.2.3/lib/cucumber/ast/tree_walker.rb:13:in `visit_features'
/usr/local/rvm/gems/ruby-1.9.3-p392/gems/cucumber-1.2.3/lib/cucumber/runtime.rb:47:in `run!'
/usr/local/rvm/gems/ruby-1.9.3-p392/gems/cucumber-1.2.3/lib/cucumber/cli/main.rb:43:in `execute!'
/usr/local/rvm/gems/ruby-1.9.3-p392/gems/cucumber-1.2.3/lib/cucumber/cli/main.rb:20:in `execute'
/usr/local/rvm/gems/ruby-1.9.3-p392/gems/cucumber-1.2.3/bin/cucumber:14:in `<top (required)>'
/usr/local/rvm/gems/ruby-1.9.3-p392/bin/cucumber:19:in `load'
/usr/local/rvm/gems/ruby-1.9.3-p392/bin/cucumber:19:in `<main>'
/usr/local/rvm/gems/ruby-1.9.3-p392/bin/ruby_noexec_wrapper:14:in `eval'
/usr/local/rvm/gems/ruby-1.9.3-p392/bin/ruby_noexec_wrapper:14:in `<main>'
features/login.feature:17:in `Given I open '<service>' site for the opco '<opco>' in a logged out state']]>
  </failure>
  <system-out/>
  <system-err/>
</testcase>
<testcase classname="LOGIN" name="Group Login (outline example : | hr | mobileprotect | usual_msisdn_2 | usual_password |)" time="0.684653">
  <failure message="failed Group Login (outline example : | hr | mobileprotect | usual_msisdn_2 | usual_password |)" type="failed">
    <![CDATA[Scenario Outline: Group Login

Example row: | gb | music | usual_msisdn_2 | usual_password |

Message:
Example row: | ie | contacts | usual_msisdn_2 | usual_password |

Message:
Example row: | ie | nwab | usual_msisdn_2 | usual_password |

Message:
Example row: | ie | contentbackup | usual_msisdn_2 | usual_password |

Message:
Example row: | ie | music | usual_msisdn_2 | usual_password |

Message:
Example row: | it | music | usual_msisdn_2 | usual_password |

Message:
Example row: | it | contacts | usual_msisdn_2 | usual_password |

Message:
Example row: | it | nwab | usual_msisdn_2 | usual_password |

Message:
Example row: | it | contentbackup | usual_msisdn_2 | usual_password |

Message:
Example row: | it | mobileprotect | usual_msisdn_2 | usual_password |

Message:
Example row: | gr | music | usual_msisdn_2 | usual_password |

Message:
Example row: | gr | contacts | usual_msisdn_2 | usual_password |

Message:
Example row: | gr | cloud | usual_msisdn_2 | usual_password |

Message:
Example row: | gr | contentbackup | usual_msisdn_2 | usual_password |

Message:
Example row: | nl | music | usual_msisdn_2 | usual_password |

Message:
Example row: | nl | contentbackup | usual_msisdn_2 | usual_password |

Message:
Example row: | es | music | usual_msisdn_2 | usual_password |

Message:
Example row: | de | contentbackup | usual_msisdn_2 | usual_password |

Message:
Example row: | hr | contacts | usual_msisdn_2 | usual_password |

Message:
Example row: | hr | contentbackup | usual_msisdn_2 | usual_password |

Message:
Example row: | hr | mobileprotect | usual_msisdn_2 | usual_password |

Message:
]]>
    <![CDATA[unexpected response, code=404, content-type=""
unknown command: session/61a9d9f6391e38daf5d133be8708e330/element/name (Selenium::WebDriver::Error::WebDriverError)
/usr/local/rvm/gems/ruby-1.9.3-p392/gems/selenium-webdriver-2.31.0/lib/selenium/webdriver/remote/http/common.rb:66:in `create_response'
/usr/local/rvm/gems/ruby-1.9.3-p392/gems/selenium-webdriver-2.31.0/lib/selenium/webdriver/remote/http/default.rb:66:in `request'
/usr/local/rvm/gems/ruby-1.9.3-p392/gems/selenium-webdriver-2.31.0/lib/selenium/webdriver/remote/http/common.rb:40:in `call'
/usr/local/rvm/gems/ruby-1.9.3-p392/gems/selenium-webdriver-2.31.0/lib/selenium/webdriver/remote/bridge.rb:616:in `raw_execute'
/usr/local/rvm/gems/ruby-1.9.3-p392/gems/selenium-webdriver-2.31.0/lib/selenium/webdriver/remote/bridge.rb:594:in `execute'
/usr/local/rvm/gems/ruby-1.9.3-p392/gems/selenium-webdriver-2.31.0/lib/selenium/webdriver/remote/bridge.rb:493:in `getElementTagName'
/usr/local/rvm/gems/ruby-1.9.3-p392/gems/selenium-webdriver-2.31.0/lib/selenium/webdriver/common/element.rb:68:in `tag_name'
/usr/local/rvm/gems/ruby-1.9.3-p392/gems/watir-webdriver-0.6.2/lib/watir-webdriver/locators/element_locator.rb:387:in `validate_element'
/usr/local/rvm/gems/ruby-1.9.3-p392/gems/watir-webdriver-0.6.2/lib/watir-webdriver/locators/element_locator.rb:37:in `locate'
/usr/local/rvm/gems/ruby-1.9.3-p392/gems/watir-webdriver-0.6.2/lib/watir-webdriver/elements/element.rb:509:in `locate'
/usr/local/rvm/gems/ruby-1.9.3-p392/gems/watir-webdriver-0.6.2/lib/watir-webdriver/elements/element.rb:487:in `assert_exists'
/usr/local/rvm/gems/ruby-1.9.3-p392/gems/watir-webdriver-0.6.2/lib/watir-webdriver/elements/element.rb:118:in `click'
/Users/Subhash/git/automated_tests_web_login_app/features/pages/MockServicePage.rb:13:in `visit'
/Users/Subhash/git/automated_tests_web_login_app/features/step_definitions/loginapp_steps.rb:17:in `block in <top (required)>'
/usr/local/rvm/gems/ruby-1.9.3-p392/gems/cucumber-1.2.3/lib/cucumber/core_ext/instance_exec.rb:48:in `instance_exec'
/usr/local/rvm/gems/ruby-1.9.3-p392/gems/cucumber-1.2.3/lib/cucumber/core_ext/instance_exec.rb:48:in `block in cucumber_instance_exec'
/usr/local/rvm/gems/ruby-1.9.3-p392/gems/cucumber-1.2.3/lib/cucumber/core_ext/instance_exec.rb:69:in `cucumber_run_with_backtrace_filtering'
/usr/local/rvm/gems/ruby-1.9.3-p392/gems/cucumber-1.2.3/lib/cucumber/core_ext/instance_exec.rb:36:in `cucumber_instance_exec'
/usr/local/rvm/gems/ruby-1.9.3-p392/gems/cucumber-1.2.3/lib/cucumber/rb_support/rb_step_definition.rb:97:in `invoke'
/usr/local/rvm/gems/ruby-1.9.3-p392/gems/cucumber-1.2.3/lib/cucumber/step_match.rb:25:in `invoke'
/usr/local/rvm/gems/ruby-1.9.3-p392/gems/cucumber-1.2.3/lib/cucumber/ast/step_invocation.rb:60:in `invoke'
/usr/local/rvm/gems/ruby-1.9.3-p392/gems/cucumber-1.2.3/lib/cucumber/ast/outline_table.rb:119:in `block (2 levels) in accept_plain'
/usr/local/rvm/gems/ruby-1.9.3-p392/gems/cucumber-1.2.3/lib/cucumber/ast/step_collection.rb:37:in `each'
/usr/local/rvm/gems/ruby-1.9.3-p392/gems/cucumber-1.2.3/lib/cucumber/ast/step_collection.rb:37:in `each'
/usr/local/rvm/gems/ruby-1.9.3-p392/gems/cucumber-1.2.3/lib/cucumber/ast/outline_table.rb:118:in `block in accept_plain'
/usr/local/rvm/gems/ruby-1.9.3-p392/gems/cucumber-1.2.3/lib/cucumber/runtime.rb:81:in `block (2 levels) in with_hooks'
/usr/local/rvm/gems/ruby-1.9.3-p392/gems/cucumber-1.2.3/lib/cucumber/runtime.rb:97:in `before_and_after'
/usr/local/rvm/gems/ruby-1.9.3-p392/gems/cucumber-1.2.3/lib/cucumber/runtime.rb:80:in `block in with_hooks'
/usr/local/rvm/gems/ruby-1.9.3-p392/gems/cucumber-1.2.3/lib/cucumber/runtime/support_code.rb:120:in `call'
/usr/local/rvm/gems/ruby-1.9.3-p392/gems/cucumber-1.2.3/lib/cucumber/runtime/support_code.rb:120:in `block (3 levels) in around'
/usr/local/rvm/gems/ruby-1.9.3-p392/gems/cucumber-1.2.3/lib/cucumber/language_support/language_methods.rb:9:in `block in around'
/usr/local/rvm/gems/ruby-1.9.3-p392/gems/cucumber-1.2.3/lib/cucumber/language_support/language_methods.rb:91:in `call'
/usr/local/rvm/gems/ruby-1.9.3-p392/gems/cucumber-1.2.3/lib/cucumber/language_support/language_methods.rb:91:in `execute_around'
/usr/local/rvm/gems/ruby-1.9.3-p392/gems/cucumber-1.2.3/lib/cucumber/language_support/language_methods.rb:8:in `around'
/usr/local/rvm/gems/ruby-1.9.3-p392/gems/cucumber-1.2.3/lib/cucumber/runtime/support_code.rb:119:in `block (2 levels) in around'
/usr/local/rvm/gems/ruby-1.9.3-p392/gems/cucumber-1.2.3/lib/cucumber/runtime/support_code.rb:117:in `call'
/usr/local/rvm/gems/ruby-1.9.3-p392/gems/cucumber-1.2.3/lib/cucumber/runtime/support_code.rb:117:in `around'
/usr/local/rvm/gems/ruby-1.9.3-p392/gems/cucumber-1.2.3/lib/cucumber/runtime.rb:92:in `around'
/usr/local/rvm/gems/ruby-1.9.3-p392/gems/cucumber-1.2.3/lib/cucumber/runtime.rb:79:in `with_hooks'
/usr/local/rvm/gems/ruby-1.9.3-p392/gems/cucumber-1.2.3/lib/cucumber/ast/outline_table.rb:117:in `accept_plain'
/usr/local/rvm/gems/ruby-1.9.3-p392/gems/cucumber-1.2.3/lib/cucumber/ast/outline_table.rb:107:in `accept'
/usr/local/rvm/gems/ruby-1.9.3-p392/gems/cucumber-1.2.3/lib/cucumber/ast/tree_walker.rb:131:in `block in visit_table_row'
/usr/local/rvm/gems/ruby-1.9.3-p392/gems/cucumber-1.2.3/lib/cucumber/ast/tree_walker.rb:163:in `broadcast'
/usr/local/rvm/gems/ruby-1.9.3-p392/gems/cucumber-1.2.3/lib/cucumber/ast/tree_walker.rb:130:in `visit_table_row'
/usr/local/rvm/gems/ruby-1.9.3-p392/gems/cucumber-1.2.3/lib/cucumber/ast/outline_table.rb:27:in `block in accept'
/usr/local/rvm/gems/ruby-1.9.3-p392/gems/cucumber-1.2.3/lib/cucumber/ast/outline_table.rb:23:in `each'
/usr/local/rvm/gems/ruby-1.9.3-p392/gems/cucumber-1.2.3/lib/cucumber/ast/outline_table.rb:23:in `each_with_index'
/usr/local/rvm/gems/ruby-1.9.3-p392/gems/cucumber-1.2.3/lib/cucumber/ast/outline_table.rb:23:in `accept'
/usr/local/rvm/gems/ruby-1.9.3-p392/gems/cucumber-1.2.3/lib/cucumber/ast/tree_walker.rb:83:in `block in visit_outline_table'
/usr/local/rvm/gems/ruby-1.9.3-p392/gems/cucumber-1.2.3/lib/cucumber/ast/tree_walker.rb:163:in `broadcast'
/usr/local/rvm/gems/ruby-1.9.3-p392/gems/cucumber-1.2.3/lib/cucumber/ast/tree_walker.rb:82:in `visit_outline_table'
/usr/local/rvm/gems/ruby-1.9.3-p392/gems/cucumber-1.2.3/lib/cucumber/ast/examples.rb:22:in `accept'
/usr/local/rvm/gems/ruby-1.9.3-p392/gems/cucumber-1.2.3/lib/cucumber/ast/tree_walker.rb:73:in `block in visit_examples'
/usr/local/rvm/gems/ruby-1.9.3-p392/gems/cucumber-1.2.3/lib/cucumber/ast/tree_walker.rb:163:in `broadcast'
/usr/local/rvm/gems/ruby-1.9.3-p392/gems/cucumber-1.2.3/lib/cucumber/ast/tree_walker.rb:72:in `visit_examples'
/usr/local/rvm/gems/ruby-1.9.3-p392/gems/cucumber-1.2.3/lib/cucumber/ast/scenario_outline.rb:14:in `block in accept'
/usr/local/rvm/gems/ruby-1.9.3-p392/gems/cucumber-1.2.3/lib/cucumber/ast/scenario_outline.rb:13:in `each'
/usr/local/rvm/gems/ruby-1.9.3-p392/gems/cucumber-1.2.3/lib/cucumber/ast/scenario_outline.rb:13:in `accept'
/usr/local/rvm/gems/ruby-1.9.3-p392/gems/cucumber-1.2.3/lib/cucumber/ast/tree_walker.rb:67:in `block in visit_examples_array'
/usr/local/rvm/gems/ruby-1.9.3-p392/gems/cucumber-1.2.3/lib/cucumber/ast/tree_walker.rb:163:in `broadcast'
/usr/local/rvm/gems/ruby-1.9.3-p392/gems/cucumber-1.2.3/lib/cucumber/ast/tree_walker.rb:66:in `visit_examples_array'
/usr/local/rvm/gems/ruby-1.9.3-p392/gems/cucumber-1.2.3/lib/cucumber/ast/scenario_outline.rb:68:in `accept'
/usr/local/rvm/gems/ruby-1.9.3-p392/gems/cucumber-1.2.3/lib/cucumber/ast/tree_walker.rb:51:in `block in visit_feature_element'
/usr/local/rvm/gems/ruby-1.9.3-p392/gems/cucumber-1.2.3/lib/cucumber/ast/tree_walker.rb:163:in `broadcast'
/usr/local/rvm/gems/ruby-1.9.3-p392/gems/cucumber-1.2.3/lib/cucumber/ast/tree_walker.rb:50:in `visit_feature_element'
/usr/local/rvm/gems/ruby-1.9.3-p392/gems/cucumber-1.2.3/lib/cucumber/ast/feature.rb:43:in `block in accept'
/usr/local/rvm/gems/ruby-1.9.3-p392/gems/cucumber-1.2.3/lib/cucumber/ast/feature.rb:42:in `each'
/usr/local/rvm/gems/ruby-1.9.3-p392/gems/cucumber-1.2.3/lib/cucumber/ast/feature.rb:42:in `accept'
/usr/local/rvm/gems/ruby-1.9.3-p392/gems/cucumber-1.2.3/lib/cucumber/ast/tree_walker.rb:20:in `block in visit_feature'
/usr/local/rvm/gems/ruby-1.9.3-p392/gems/cucumber-1.2.3/lib/cucumber/ast/tree_walker.rb:163:in `broadcast'
/usr/local/rvm/gems/ruby-1.9.3-p392/gems/cucumber-1.2.3/lib/cucumber/ast/tree_walker.rb:19:in `visit_feature'
/usr/local/rvm/gems/ruby-1.9.3-p392/gems/cucumber-1.2.3/lib/cucumber/ast/features.rb:29:in `block in accept'
/usr/local/rvm/gems/ruby-1.9.3-p392/gems/cucumber-1.2.3/lib/cucumber/ast/features.rb:17:in `each'
/usr/local/rvm/gems/ruby-1.9.3-p392/gems/cucumber-1.2.3/lib/cucumber/ast/features.rb:17:in `each'
/usr/local/rvm/gems/ruby-1.9.3-p392/gems/cucumber-1.2.3/lib/cucumber/ast/features.rb:28:in `accept'
/usr/local/rvm/gems/ruby-1.9.3-p392/gems/cucumber-1.2.3/lib/cucumber/ast/tree_walker.rb:14:in `block in visit_features'
/usr/local/rvm/gems/ruby-1.9.3-p392/gems/cucumber-1.2.3/lib/cucumber/ast/tree_walker.rb:163:in `broadcast'
/usr/local/rvm/gems/ruby-1.9.3-p392/gems/cucumber-1.2.3/lib/cucumber/ast/tree_walker.rb:13:in `visit_features'
/usr/local/rvm/gems/ruby-1.9.3-p392/gems/cucumber-1.2.3/lib/cucumber/runtime.rb:47:in `run!'
/usr/local/rvm/gems/ruby-1.9.3-p392/gems/cucumber-1.2.3/lib/cucumber/cli/main.rb:43:in `execute!'
/usr/local/rvm/gems/ruby-1.9.3-p392/gems/cucumber-1.2.3/lib/cucumber/cli/main.rb:20:in `execute'
/usr/local/rvm/gems/ruby-1.9.3-p392/gems/cucumber-1.2.3/bin/cucumber:14:in `<top (required)>'
/usr/local/rvm/gems/ruby-1.9.3-p392/bin/cucumber:19:in `load'
/usr/local/rvm/gems/ruby-1.9.3-p392/bin/cucumber:19:in `<main>'
/usr/local/rvm/gems/ruby-1.9.3-p392/bin/ruby_noexec_wrapper:14:in `eval'
/usr/local/rvm/gems/ruby-1.9.3-p392/bin/ruby_noexec_wrapper:14:in `<main>'
features/login.feature:17:in `Given I open '<service>' site for the opco '<opco>' in a logged out state']]>
  </failure>
  <system-out/>
  <system-err/>
</testcase>
<testcase classname="LOGIN" name="Group Login (outline example : | bg | contacts | usual_msisdn_2 | usual_password |)" time="0.494613">
  <failure message="failed Group Login (outline example : | bg | contacts | usual_msisdn_2 | usual_password |)" type="failed">
    <![CDATA[Scenario Outline: Group Login

Example row: | gb | music | usual_msisdn_2 | usual_password |

Message:
Example row: | ie | contacts | usual_msisdn_2 | usual_password |

Message:
Example row: | ie | nwab | usual_msisdn_2 | usual_password |

Message:
Example row: | ie | contentbackup | usual_msisdn_2 | usual_password |

Message:
Example row: | ie | music | usual_msisdn_2 | usual_password |

Message:
Example row: | it | music | usual_msisdn_2 | usual_password |

Message:
Example row: | it | contacts | usual_msisdn_2 | usual_password |

Message:
Example row: | it | nwab | usual_msisdn_2 | usual_password |

Message:
Example row: | it | contentbackup | usual_msisdn_2 | usual_password |

Message:
Example row: | it | mobileprotect | usual_msisdn_2 | usual_password |

Message:
Example row: | gr | music | usual_msisdn_2 | usual_password |

Message:
Example row: | gr | contacts | usual_msisdn_2 | usual_password |

Message:
Example row: | gr | cloud | usual_msisdn_2 | usual_password |

Message:
Example row: | gr | contentbackup | usual_msisdn_2 | usual_password |

Message:
Example row: | nl | music | usual_msisdn_2 | usual_password |

Message:
Example row: | nl | contentbackup | usual_msisdn_2 | usual_password |

Message:
Example row: | es | music | usual_msisdn_2 | usual_password |

Message:
Example row: | de | contentbackup | usual_msisdn_2 | usual_password |

Message:
Example row: | hr | contacts | usual_msisdn_2 | usual_password |

Message:
Example row: | hr | contentbackup | usual_msisdn_2 | usual_password |

Message:
Example row: | hr | mobileprotect | usual_msisdn_2 | usual_password |

Message:
Example row: | bg | contacts | usual_msisdn_2 | usual_password |

Message:
]]>
    <![CDATA[unexpected response, code=404, content-type=""
unknown command: session/61a9d9f6391e38daf5d133be8708e330/element/name (Selenium::WebDriver::Error::WebDriverError)
/usr/local/rvm/gems/ruby-1.9.3-p392/gems/selenium-webdriver-2.31.0/lib/selenium/webdriver/remote/http/common.rb:66:in `create_response'
/usr/local/rvm/gems/ruby-1.9.3-p392/gems/selenium-webdriver-2.31.0/lib/selenium/webdriver/remote/http/default.rb:66:in `request'
/usr/local/rvm/gems/ruby-1.9.3-p392/gems/selenium-webdriver-2.31.0/lib/selenium/webdriver/remote/http/common.rb:40:in `call'
/usr/local/rvm/gems/ruby-1.9.3-p392/gems/selenium-webdriver-2.31.0/lib/selenium/webdriver/remote/bridge.rb:616:in `raw_execute'
/usr/local/rvm/gems/ruby-1.9.3-p392/gems/selenium-webdriver-2.31.0/lib/selenium/webdriver/remote/bridge.rb:594:in `execute'
/usr/local/rvm/gems/ruby-1.9.3-p392/gems/selenium-webdriver-2.31.0/lib/selenium/webdriver/remote/bridge.rb:493:in `getElementTagName'
/usr/local/rvm/gems/ruby-1.9.3-p392/gems/selenium-webdriver-2.31.0/lib/selenium/webdriver/common/element.rb:68:in `tag_name'
/usr/local/rvm/gems/ruby-1.9.3-p392/gems/watir-webdriver-0.6.2/lib/watir-webdriver/locators/element_locator.rb:387:in `validate_element'
/usr/local/rvm/gems/ruby-1.9.3-p392/gems/watir-webdriver-0.6.2/lib/watir-webdriver/locators/element_locator.rb:37:in `locate'
/usr/local/rvm/gems/ruby-1.9.3-p392/gems/watir-webdriver-0.6.2/lib/watir-webdriver/elements/element.rb:509:in `locate'
/usr/local/rvm/gems/ruby-1.9.3-p392/gems/watir-webdriver-0.6.2/lib/watir-webdriver/elements/element.rb:487:in `assert_exists'
/usr/local/rvm/gems/ruby-1.9.3-p392/gems/watir-webdriver-0.6.2/lib/watir-webdriver/elements/element.rb:118:in `click'
/Users/Subhash/git/automated_tests_web_login_app/features/pages/MockServicePage.rb:13:in `visit'
/Users/Subhash/git/automated_tests_web_login_app/features/step_definitions/loginapp_steps.rb:17:in `block in <top (required)>'
/usr/local/rvm/gems/ruby-1.9.3-p392/gems/cucumber-1.2.3/lib/cucumber/core_ext/instance_exec.rb:48:in `instance_exec'
/usr/local/rvm/gems/ruby-1.9.3-p392/gems/cucumber-1.2.3/lib/cucumber/core_ext/instance_exec.rb:48:in `block in cucumber_instance_exec'
/usr/local/rvm/gems/ruby-1.9.3-p392/gems/cucumber-1.2.3/lib/cucumber/core_ext/instance_exec.rb:69:in `cucumber_run_with_backtrace_filtering'
/usr/local/rvm/gems/ruby-1.9.3-p392/gems/cucumber-1.2.3/lib/cucumber/core_ext/instance_exec.rb:36:in `cucumber_instance_exec'
/usr/local/rvm/gems/ruby-1.9.3-p392/gems/cucumber-1.2.3/lib/cucumber/rb_support/rb_step_definition.rb:97:in `invoke'
/usr/local/rvm/gems/ruby-1.9.3-p392/gems/cucumber-1.2.3/lib/cucumber/step_match.rb:25:in `invoke'
/usr/local/rvm/gems/ruby-1.9.3-p392/gems/cucumber-1.2.3/lib/cucumber/ast/step_invocation.rb:60:in `invoke'
/usr/local/rvm/gems/ruby-1.9.3-p392/gems/cucumber-1.2.3/lib/cucumber/ast/outline_table.rb:119:in `block (2 levels) in accept_plain'
/usr/local/rvm/gems/ruby-1.9.3-p392/gems/cucumber-1.2.3/lib/cucumber/ast/step_collection.rb:37:in `each'
/usr/local/rvm/gems/ruby-1.9.3-p392/gems/cucumber-1.2.3/lib/cucumber/ast/step_collection.rb:37:in `each'
/usr/local/rvm/gems/ruby-1.9.3-p392/gems/cucumber-1.2.3/lib/cucumber/ast/outline_table.rb:118:in `block in accept_plain'
/usr/local/rvm/gems/ruby-1.9.3-p392/gems/cucumber-1.2.3/lib/cucumber/runtime.rb:81:in `block (2 levels) in with_hooks'
/usr/local/rvm/gems/ruby-1.9.3-p392/gems/cucumber-1.2.3/lib/cucumber/runtime.rb:97:in `before_and_after'
/usr/local/rvm/gems/ruby-1.9.3-p392/gems/cucumber-1.2.3/lib/cucumber/runtime.rb:80:in `block in with_hooks'
/usr/local/rvm/gems/ruby-1.9.3-p392/gems/cucumber-1.2.3/lib/cucumber/runtime/support_code.rb:120:in `call'
/usr/local/rvm/gems/ruby-1.9.3-p392/gems/cucumber-1.2.3/lib/cucumber/runtime/support_code.rb:120:in `block (3 levels) in around'
/usr/local/rvm/gems/ruby-1.9.3-p392/gems/cucumber-1.2.3/lib/cucumber/language_support/language_methods.rb:9:in `block in around'
/usr/local/rvm/gems/ruby-1.9.3-p392/gems/cucumber-1.2.3/lib/cucumber/language_support/language_methods.rb:91:in `call'
/usr/local/rvm/gems/ruby-1.9.3-p392/gems/cucumber-1.2.3/lib/cucumber/language_support/language_methods.rb:91:in `execute_around'
/usr/local/rvm/gems/ruby-1.9.3-p392/gems/cucumber-1.2.3/lib/cucumber/language_support/language_methods.rb:8:in `around'
/usr/local/rvm/gems/ruby-1.9.3-p392/gems/cucumber-1.2.3/lib/cucumber/runtime/support_code.rb:119:in `block (2 levels) in around'
/usr/local/rvm/gems/ruby-1.9.3-p392/gems/cucumber-1.2.3/lib/cucumber/runtime/support_code.rb:117:in `call'
/usr/local/rvm/gems/ruby-1.9.3-p392/gems/cucumber-1.2.3/lib/cucumber/runtime/support_code.rb:117:in `around'
/usr/local/rvm/gems/ruby-1.9.3-p392/gems/cucumber-1.2.3/lib/cucumber/runtime.rb:92:in `around'
/usr/local/rvm/gems/ruby-1.9.3-p392/gems/cucumber-1.2.3/lib/cucumber/runtime.rb:79:in `with_hooks'
/usr/local/rvm/gems/ruby-1.9.3-p392/gems/cucumber-1.2.3/lib/cucumber/ast/outline_table.rb:117:in `accept_plain'
/usr/local/rvm/gems/ruby-1.9.3-p392/gems/cucumber-1.2.3/lib/cucumber/ast/outline_table.rb:107:in `accept'
/usr/local/rvm/gems/ruby-1.9.3-p392/gems/cucumber-1.2.3/lib/cucumber/ast/tree_walker.rb:131:in `block in visit_table_row'
/usr/local/rvm/gems/ruby-1.9.3-p392/gems/cucumber-1.2.3/lib/cucumber/ast/tree_walker.rb:163:in `broadcast'
/usr/local/rvm/gems/ruby-1.9.3-p392/gems/cucumber-1.2.3/lib/cucumber/ast/tree_walker.rb:130:in `visit_table_row'
/usr/local/rvm/gems/ruby-1.9.3-p392/gems/cucumber-1.2.3/lib/cucumber/ast/outline_table.rb:27:in `block in accept'
/usr/local/rvm/gems/ruby-1.9.3-p392/gems/cucumber-1.2.3/lib/cucumber/ast/outline_table.rb:23:in `each'
/usr/local/rvm/gems/ruby-1.9.3-p392/gems/cucumber-1.2.3/lib/cucumber/ast/outline_table.rb:23:in `each_with_index'
/usr/local/rvm/gems/ruby-1.9.3-p392/gems/cucumber-1.2.3/lib/cucumber/ast/outline_table.rb:23:in `accept'
/usr/local/rvm/gems/ruby-1.9.3-p392/gems/cucumber-1.2.3/lib/cucumber/ast/tree_walker.rb:83:in `block in visit_outline_table'
/usr/local/rvm/gems/ruby-1.9.3-p392/gems/cucumber-1.2.3/lib/cucumber/ast/tree_walker.rb:163:in `broadcast'
/usr/local/rvm/gems/ruby-1.9.3-p392/gems/cucumber-1.2.3/lib/cucumber/ast/tree_walker.rb:82:in `visit_outline_table'
/usr/local/rvm/gems/ruby-1.9.3-p392/gems/cucumber-1.2.3/lib/cucumber/ast/examples.rb:22:in `accept'
/usr/local/rvm/gems/ruby-1.9.3-p392/gems/cucumber-1.2.3/lib/cucumber/ast/tree_walker.rb:73:in `block in visit_examples'
/usr/local/rvm/gems/ruby-1.9.3-p392/gems/cucumber-1.2.3/lib/cucumber/ast/tree_walker.rb:163:in `broadcast'
/usr/local/rvm/gems/ruby-1.9.3-p392/gems/cucumber-1.2.3/lib/cucumber/ast/tree_walker.rb:72:in `visit_examples'
/usr/local/rvm/gems/ruby-1.9.3-p392/gems/cucumber-1.2.3/lib/cucumber/ast/scenario_outline.rb:14:in `block in accept'
/usr/local/rvm/gems/ruby-1.9.3-p392/gems/cucumber-1.2.3/lib/cucumber/ast/scenario_outline.rb:13:in `each'
/usr/local/rvm/gems/ruby-1.9.3-p392/gems/cucumber-1.2.3/lib/cucumber/ast/scenario_outline.rb:13:in `accept'
/usr/local/rvm/gems/ruby-1.9.3-p392/gems/cucumber-1.2.3/lib/cucumber/ast/tree_walker.rb:67:in `block in visit_examples_array'
/usr/local/rvm/gems/ruby-1.9.3-p392/gems/cucumber-1.2.3/lib/cucumber/ast/tree_walker.rb:163:in `broadcast'
/usr/local/rvm/gems/ruby-1.9.3-p392/gems/cucumber-1.2.3/lib/cucumber/ast/tree_walker.rb:66:in `visit_examples_array'
/usr/local/rvm/gems/ruby-1.9.3-p392/gems/cucumber-1.2.3/lib/cucumber/ast/scenario_outline.rb:68:in `accept'
/usr/local/rvm/gems/ruby-1.9.3-p392/gems/cucumber-1.2.3/lib/cucumber/ast/tree_walker.rb:51:in `block in visit_feature_element'
/usr/local/rvm/gems/ruby-1.9.3-p392/gems/cucumber-1.2.3/lib/cucumber/ast/tree_walker.rb:163:in `broadcast'
/usr/local/rvm/gems/ruby-1.9.3-p392/gems/cucumber-1.2.3/lib/cucumber/ast/tree_walker.rb:50:in `visit_feature_element'
/usr/local/rvm/gems/ruby-1.9.3-p392/gems/cucumber-1.2.3/lib/cucumber/ast/feature.rb:43:in `block in accept'
/usr/local/rvm/gems/ruby-1.9.3-p392/gems/cucumber-1.2.3/lib/cucumber/ast/feature.rb:42:in `each'
/usr/local/rvm/gems/ruby-1.9.3-p392/gems/cucumber-1.2.3/lib/cucumber/ast/feature.rb:42:in `accept'
/usr/local/rvm/gems/ruby-1.9.3-p392/gems/cucumber-1.2.3/lib/cucumber/ast/tree_walker.rb:20:in `block in visit_feature'
/usr/local/rvm/gems/ruby-1.9.3-p392/gems/cucumber-1.2.3/lib/cucumber/ast/tree_walker.rb:163:in `broadcast'
/usr/local/rvm/gems/ruby-1.9.3-p392/gems/cucumber-1.2.3/lib/cucumber/ast/tree_walker.rb:19:in `visit_feature'
/usr/local/rvm/gems/ruby-1.9.3-p392/gems/cucumber-1.2.3/lib/cucumber/ast/features.rb:29:in `block in accept'
/usr/local/rvm/gems/ruby-1.9.3-p392/gems/cucumber-1.2.3/lib/cucumber/ast/features.rb:17:in `each'
/usr/local/rvm/gems/ruby-1.9.3-p392/gems/cucumber-1.2.3/lib/cucumber/ast/features.rb:17:in `each'
/usr/local/rvm/gems/ruby-1.9.3-p392/gems/cucumber-1.2.3/lib/cucumber/ast/features.rb:28:in `accept'
/usr/local/rvm/gems/ruby-1.9.3-p392/gems/cucumber-1.2.3/lib/cucumber/ast/tree_walker.rb:14:in `block in visit_features'
/usr/local/rvm/gems/ruby-1.9.3-p392/gems/cucumber-1.2.3/lib/cucumber/ast/tree_walker.rb:163:in `broadcast'
/usr/local/rvm/gems/ruby-1.9.3-p392/gems/cucumber-1.2.3/lib/cucumber/ast/tree_walker.rb:13:in `visit_features'
/usr/local/rvm/gems/ruby-1.9.3-p392/gems/cucumber-1.2.3/lib/cucumber/runtime.rb:47:in `run!'
/usr/local/rvm/gems/ruby-1.9.3-p392/gems/cucumber-1.2.3/lib/cucumber/cli/main.rb:43:in `execute!'
/usr/local/rvm/gems/ruby-1.9.3-p392/gems/cucumber-1.2.3/lib/cucumber/cli/main.rb:20:in `execute'
/usr/local/rvm/gems/ruby-1.9.3-p392/gems/cucumber-1.2.3/bin/cucumber:14:in `<top (required)>'
/usr/local/rvm/gems/ruby-1.9.3-p392/bin/cucumber:19:in `load'
/usr/local/rvm/gems/ruby-1.9.3-p392/bin/cucumber:19:in `<main>'
/usr/local/rvm/gems/ruby-1.9.3-p392/bin/ruby_noexec_wrapper:14:in `eval'
/usr/local/rvm/gems/ruby-1.9.3-p392/bin/ruby_noexec_wrapper:14:in `<main>'
features/login.feature:17:in `Given I open '<service>' site for the opco '<opco>' in a logged out state']]>
  </failure>
  <system-out/>
  <system-err/>
</testcase>
<testcase classname="LOGIN" name="Group Login (outline example : | bg | contentbackup | usual_msisdn_2 | usual_password |)" time="0.427580">
  <failure message="failed Group Login (outline example : | bg | contentbackup | usual_msisdn_2 | usual_password |)" type="failed">
    <![CDATA[Scenario Outline: Group Login

Example row: | gb | music | usual_msisdn_2 | usual_password |

Message:
Example row: | ie | contacts | usual_msisdn_2 | usual_password |

Message:
Example row: | ie | nwab | usual_msisdn_2 | usual_password |

Message:
Example row: | ie | contentbackup | usual_msisdn_2 | usual_password |

Message:
Example row: | ie | music | usual_msisdn_2 | usual_password |

Message:
Example row: | it | music | usual_msisdn_2 | usual_password |

Message:
Example row: | it | contacts | usual_msisdn_2 | usual_password |

Message:
Example row: | it | nwab | usual_msisdn_2 | usual_password |

Message:
Example row: | it | contentbackup | usual_msisdn_2 | usual_password |

Message:
Example row: | it | mobileprotect | usual_msisdn_2 | usual_password |

Message:
Example row: | gr | music | usual_msisdn_2 | usual_password |

Message:
Example row: | gr | contacts | usual_msisdn_2 | usual_password |

Message:
Example row: | gr | cloud | usual_msisdn_2 | usual_password |

Message:
Example row: | gr | contentbackup | usual_msisdn_2 | usual_password |

Message:
Example row: | nl | music | usual_msisdn_2 | usual_password |

Message:
Example row: | nl | contentbackup | usual_msisdn_2 | usual_password |

Message:
Example row: | es | music | usual_msisdn_2 | usual_password |

Message:
Example row: | de | contentbackup | usual_msisdn_2 | usual_password |

Message:
Example row: | hr | contacts | usual_msisdn_2 | usual_password |

Message:
Example row: | hr | contentbackup | usual_msisdn_2 | usual_password |

Message:
Example row: | hr | mobileprotect | usual_msisdn_2 | usual_password |

Message:
Example row: | bg | contacts | usual_msisdn_2 | usual_password |

Message:
Example row: | bg | contentbackup | usual_msisdn_2 | usual_password |

Message:
]]>
    <![CDATA[unexpected response, code=404, content-type=""
unknown command: session/61a9d9f6391e38daf5d133be8708e330/element/name (Selenium::WebDriver::Error::WebDriverError)
/usr/local/rvm/gems/ruby-1.9.3-p392/gems/selenium-webdriver-2.31.0/lib/selenium/webdriver/remote/http/common.rb:66:in `create_response'
/usr/local/rvm/gems/ruby-1.9.3-p392/gems/selenium-webdriver-2.31.0/lib/selenium/webdriver/remote/http/default.rb:66:in `request'
/usr/local/rvm/gems/ruby-1.9.3-p392/gems/selenium-webdriver-2.31.0/lib/selenium/webdriver/remote/http/common.rb:40:in `call'
/usr/local/rvm/gems/ruby-1.9.3-p392/gems/selenium-webdriver-2.31.0/lib/selenium/webdriver/remote/bridge.rb:616:in `raw_execute'
/usr/local/rvm/gems/ruby-1.9.3-p392/gems/selenium-webdriver-2.31.0/lib/selenium/webdriver/remote/bridge.rb:594:in `execute'
/usr/local/rvm/gems/ruby-1.9.3-p392/gems/selenium-webdriver-2.31.0/lib/selenium/webdriver/remote/bridge.rb:493:in `getElementTagName'
/usr/local/rvm/gems/ruby-1.9.3-p392/gems/selenium-webdriver-2.31.0/lib/selenium/webdriver/common/element.rb:68:in `tag_name'
/usr/local/rvm/gems/ruby-1.9.3-p392/gems/watir-webdriver-0.6.2/lib/watir-webdriver/locators/element_locator.rb:387:in `validate_element'
/usr/local/rvm/gems/ruby-1.9.3-p392/gems/watir-webdriver-0.6.2/lib/watir-webdriver/locators/element_locator.rb:37:in `locate'
/usr/local/rvm/gems/ruby-1.9.3-p392/gems/watir-webdriver-0.6.2/lib/watir-webdriver/elements/element.rb:509:in `locate'
/usr/local/rvm/gems/ruby-1.9.3-p392/gems/watir-webdriver-0.6.2/lib/watir-webdriver/elements/element.rb:487:in `assert_exists'
/usr/local/rvm/gems/ruby-1.9.3-p392/gems/watir-webdriver-0.6.2/lib/watir-webdriver/elements/element.rb:118:in `click'
/Users/Subhash/git/automated_tests_web_login_app/features/pages/MockServicePage.rb:13:in `visit'
/Users/Subhash/git/automated_tests_web_login_app/features/step_definitions/loginapp_steps.rb:17:in `block in <top (required)>'
/usr/local/rvm/gems/ruby-1.9.3-p392/gems/cucumber-1.2.3/lib/cucumber/core_ext/instance_exec.rb:48:in `instance_exec'
/usr/local/rvm/gems/ruby-1.9.3-p392/gems/cucumber-1.2.3/lib/cucumber/core_ext/instance_exec.rb:48:in `block in cucumber_instance_exec'
/usr/local/rvm/gems/ruby-1.9.3-p392/gems/cucumber-1.2.3/lib/cucumber/core_ext/instance_exec.rb:69:in `cucumber_run_with_backtrace_filtering'
/usr/local/rvm/gems/ruby-1.9.3-p392/gems/cucumber-1.2.3/lib/cucumber/core_ext/instance_exec.rb:36:in `cucumber_instance_exec'
/usr/local/rvm/gems/ruby-1.9.3-p392/gems/cucumber-1.2.3/lib/cucumber/rb_support/rb_step_definition.rb:97:in `invoke'
/usr/local/rvm/gems/ruby-1.9.3-p392/gems/cucumber-1.2.3/lib/cucumber/step_match.rb:25:in `invoke'
/usr/local/rvm/gems/ruby-1.9.3-p392/gems/cucumber-1.2.3/lib/cucumber/ast/step_invocation.rb:60:in `invoke'
/usr/local/rvm/gems/ruby-1.9.3-p392/gems/cucumber-1.2.3/lib/cucumber/ast/outline_table.rb:119:in `block (2 levels) in accept_plain'
/usr/local/rvm/gems/ruby-1.9.3-p392/gems/cucumber-1.2.3/lib/cucumber/ast/step_collection.rb:37:in `each'
/usr/local/rvm/gems/ruby-1.9.3-p392/gems/cucumber-1.2.3/lib/cucumber/ast/step_collection.rb:37:in `each'
/usr/local/rvm/gems/ruby-1.9.3-p392/gems/cucumber-1.2.3/lib/cucumber/ast/outline_table.rb:118:in `block in accept_plain'
/usr/local/rvm/gems/ruby-1.9.3-p392/gems/cucumber-1.2.3/lib/cucumber/runtime.rb:81:in `block (2 levels) in with_hooks'
/usr/local/rvm/gems/ruby-1.9.3-p392/gems/cucumber-1.2.3/lib/cucumber/runtime.rb:97:in `before_and_after'
/usr/local/rvm/gems/ruby-1.9.3-p392/gems/cucumber-1.2.3/lib/cucumber/runtime.rb:80:in `block in with_hooks'
/usr/local/rvm/gems/ruby-1.9.3-p392/gems/cucumber-1.2.3/lib/cucumber/runtime/support_code.rb:120:in `call'
/usr/local/rvm/gems/ruby-1.9.3-p392/gems/cucumber-1.2.3/lib/cucumber/runtime/support_code.rb:120:in `block (3 levels) in around'
/usr/local/rvm/gems/ruby-1.9.3-p392/gems/cucumber-1.2.3/lib/cucumber/language_support/language_methods.rb:9:in `block in around'
/usr/local/rvm/gems/ruby-1.9.3-p392/gems/cucumber-1.2.3/lib/cucumber/language_support/language_methods.rb:91:in `call'
/usr/local/rvm/gems/ruby-1.9.3-p392/gems/cucumber-1.2.3/lib/cucumber/language_support/language_methods.rb:91:in `execute_around'
/usr/local/rvm/gems/ruby-1.9.3-p392/gems/cucumber-1.2.3/lib/cucumber/language_support/language_methods.rb:8:in `around'
/usr/local/rvm/gems/ruby-1.9.3-p392/gems/cucumber-1.2.3/lib/cucumber/runtime/support_code.rb:119:in `block (2 levels) in around'
/usr/local/rvm/gems/ruby-1.9.3-p392/gems/cucumber-1.2.3/lib/cucumber/runtime/support_code.rb:117:in `call'
/usr/local/rvm/gems/ruby-1.9.3-p392/gems/cucumber-1.2.3/lib/cucumber/runtime/support_code.rb:117:in `around'
/usr/local/rvm/gems/ruby-1.9.3-p392/gems/cucumber-1.2.3/lib/cucumber/runtime.rb:92:in `around'
/usr/local/rvm/gems/ruby-1.9.3-p392/gems/cucumber-1.2.3/lib/cucumber/runtime.rb:79:in `with_hooks'
/usr/local/rvm/gems/ruby-1.9.3-p392/gems/cucumber-1.2.3/lib/cucumber/ast/outline_table.rb:117:in `accept_plain'
/usr/local/rvm/gems/ruby-1.9.3-p392/gems/cucumber-1.2.3/lib/cucumber/ast/outline_table.rb:107:in `accept'
/usr/local/rvm/gems/ruby-1.9.3-p392/gems/cucumber-1.2.3/lib/cucumber/ast/tree_walker.rb:131:in `block in visit_table_row'
/usr/local/rvm/gems/ruby-1.9.3-p392/gems/cucumber-1.2.3/lib/cucumber/ast/tree_walker.rb:163:in `broadcast'
/usr/local/rvm/gems/ruby-1.9.3-p392/gems/cucumber-1.2.3/lib/cucumber/ast/tree_walker.rb:130:in `visit_table_row'
/usr/local/rvm/gems/ruby-1.9.3-p392/gems/cucumber-1.2.3/lib/cucumber/ast/outline_table.rb:27:in `block in accept'
/usr/local/rvm/gems/ruby-1.9.3-p392/gems/cucumber-1.2.3/lib/cucumber/ast/outline_table.rb:23:in `each'
/usr/local/rvm/gems/ruby-1.9.3-p392/gems/cucumber-1.2.3/lib/cucumber/ast/outline_table.rb:23:in `each_with_index'
/usr/local/rvm/gems/ruby-1.9.3-p392/gems/cucumber-1.2.3/lib/cucumber/ast/outline_table.rb:23:in `accept'
/usr/local/rvm/gems/ruby-1.9.3-p392/gems/cucumber-1.2.3/lib/cucumber/ast/tree_walker.rb:83:in `block in visit_outline_table'
/usr/local/rvm/gems/ruby-1.9.3-p392/gems/cucumber-1.2.3/lib/cucumber/ast/tree_walker.rb:163:in `broadcast'
/usr/local/rvm/gems/ruby-1.9.3-p392/gems/cucumber-1.2.3/lib/cucumber/ast/tree_walker.rb:82:in `visit_outline_table'
/usr/local/rvm/gems/ruby-1.9.3-p392/gems/cucumber-1.2.3/lib/cucumber/ast/examples.rb:22:in `accept'
/usr/local/rvm/gems/ruby-1.9.3-p392/gems/cucumber-1.2.3/lib/cucumber/ast/tree_walker.rb:73:in `block in visit_examples'
/usr/local/rvm/gems/ruby-1.9.3-p392/gems/cucumber-1.2.3/lib/cucumber/ast/tree_walker.rb:163:in `broadcast'
/usr/local/rvm/gems/ruby-1.9.3-p392/gems/cucumber-1.2.3/lib/cucumber/ast/tree_walker.rb:72:in `visit_examples'
/usr/local/rvm/gems/ruby-1.9.3-p392/gems/cucumber-1.2.3/lib/cucumber/ast/scenario_outline.rb:14:in `block in accept'
/usr/local/rvm/gems/ruby-1.9.3-p392/gems/cucumber-1.2.3/lib/cucumber/ast/scenario_outline.rb:13:in `each'
/usr/local/rvm/gems/ruby-1.9.3-p392/gems/cucumber-1.2.3/lib/cucumber/ast/scenario_outline.rb:13:in `accept'
/usr/local/rvm/gems/ruby-1.9.3-p392/gems/cucumber-1.2.3/lib/cucumber/ast/tree_walker.rb:67:in `block in visit_examples_array'
/usr/local/rvm/gems/ruby-1.9.3-p392/gems/cucumber-1.2.3/lib/cucumber/ast/tree_walker.rb:163:in `broadcast'
/usr/local/rvm/gems/ruby-1.9.3-p392/gems/cucumber-1.2.3/lib/cucumber/ast/tree_walker.rb:66:in `visit_examples_array'
/usr/local/rvm/gems/ruby-1.9.3-p392/gems/cucumber-1.2.3/lib/cucumber/ast/scenario_outline.rb:68:in `accept'
/usr/local/rvm/gems/ruby-1.9.3-p392/gems/cucumber-1.2.3/lib/cucumber/ast/tree_walker.rb:51:in `block in visit_feature_element'
/usr/local/rvm/gems/ruby-1.9.3-p392/gems/cucumber-1.2.3/lib/cucumber/ast/tree_walker.rb:163:in `broadcast'
/usr/local/rvm/gems/ruby-1.9.3-p392/gems/cucumber-1.2.3/lib/cucumber/ast/tree_walker.rb:50:in `visit_feature_element'
/usr/local/rvm/gems/ruby-1.9.3-p392/gems/cucumber-1.2.3/lib/cucumber/ast/feature.rb:43:in `block in accept'
/usr/local/rvm/gems/ruby-1.9.3-p392/gems/cucumber-1.2.3/lib/cucumber/ast/feature.rb:42:in `each'
/usr/local/rvm/gems/ruby-1.9.3-p392/gems/cucumber-1.2.3/lib/cucumber/ast/feature.rb:42:in `accept'
/usr/local/rvm/gems/ruby-1.9.3-p392/gems/cucumber-1.2.3/lib/cucumber/ast/tree_walker.rb:20:in `block in visit_feature'
/usr/local/rvm/gems/ruby-1.9.3-p392/gems/cucumber-1.2.3/lib/cucumber/ast/tree_walker.rb:163:in `broadcast'
/usr/local/rvm/gems/ruby-1.9.3-p392/gems/cucumber-1.2.3/lib/cucumber/ast/tree_walker.rb:19:in `visit_feature'
/usr/local/rvm/gems/ruby-1.9.3-p392/gems/cucumber-1.2.3/lib/cucumber/ast/features.rb:29:in `block in accept'
/usr/local/rvm/gems/ruby-1.9.3-p392/gems/cucumber-1.2.3/lib/cucumber/ast/features.rb:17:in `each'
/usr/local/rvm/gems/ruby-1.9.3-p392/gems/cucumber-1.2.3/lib/cucumber/ast/features.rb:17:in `each'
/usr/local/rvm/gems/ruby-1.9.3-p392/gems/cucumber-1.2.3/lib/cucumber/ast/features.rb:28:in `accept'
/usr/local/rvm/gems/ruby-1.9.3-p392/gems/cucumber-1.2.3/lib/cucumber/ast/tree_walker.rb:14:in `block in visit_features'
/usr/local/rvm/gems/ruby-1.9.3-p392/gems/cucumber-1.2.3/lib/cucumber/ast/tree_walker.rb:163:in `broadcast'
/usr/local/rvm/gems/ruby-1.9.3-p392/gems/cucumber-1.2.3/lib/cucumber/ast/tree_walker.rb:13:in `visit_features'
/usr/local/rvm/gems/ruby-1.9.3-p392/gems/cucumber-1.2.3/lib/cucumber/runtime.rb:47:in `run!'
/usr/local/rvm/gems/ruby-1.9.3-p392/gems/cucumber-1.2.3/lib/cucumber/cli/main.rb:43:in `execute!'
/usr/local/rvm/gems/ruby-1.9.3-p392/gems/cucumber-1.2.3/lib/cucumber/cli/main.rb:20:in `execute'
/usr/local/rvm/gems/ruby-1.9.3-p392/gems/cucumber-1.2.3/bin/cucumber:14:in `<top (required)>'
/usr/local/rvm/gems/ruby-1.9.3-p392/bin/cucumber:19:in `load'
/usr/local/rvm/gems/ruby-1.9.3-p392/bin/cucumber:19:in `<main>'
/usr/local/rvm/gems/ruby-1.9.3-p392/bin/ruby_noexec_wrapper:14:in `eval'
/usr/local/rvm/gems/ruby-1.9.3-p392/bin/ruby_noexec_wrapper:14:in `<main>'
features/login.feature:17:in `Given I open '<service>' site for the opco '<opco>' in a logged out state']]>
  </failure>
  <system-out/>
  <system-err/>
</testcase>
<testcase classname="LOGIN" name="Group Login (outline example : | bg | mobileprotect | usual_msisdn_2 | usual_password |)" time="0.469025">
  <failure message="failed Group Login (outline example : | bg | mobileprotect | usual_msisdn_2 | usual_password |)" type="failed">
    <![CDATA[Scenario Outline: Group Login

Example row: | gb | music | usual_msisdn_2 | usual_password |

Message:
Example row: | ie | contacts | usual_msisdn_2 | usual_password |

Message:
Example row: | ie | nwab | usual_msisdn_2 | usual_password |

Message:
Example row: | ie | contentbackup | usual_msisdn_2 | usual_password |

Message:
Example row: | ie | music | usual_msisdn_2 | usual_password |

Message:
Example row: | it | music | usual_msisdn_2 | usual_password |

Message:
Example row: | it | contacts | usual_msisdn_2 | usual_password |

Message:
Example row: | it | nwab | usual_msisdn_2 | usual_password |

Message:
Example row: | it | contentbackup | usual_msisdn_2 | usual_password |

Message:
Example row: | it | mobileprotect | usual_msisdn_2 | usual_password |

Message:
Example row: | gr | music | usual_msisdn_2 | usual_password |

Message:
Example row: | gr | contacts | usual_msisdn_2 | usual_password |

Message:
Example row: | gr | cloud | usual_msisdn_2 | usual_password |

Message:
Example row: | gr | contentbackup | usual_msisdn_2 | usual_password |

Message:
Example row: | nl | music | usual_msisdn_2 | usual_password |

Message:
Example row: | nl | contentbackup | usual_msisdn_2 | usual_password |

Message:
Example row: | es | music | usual_msisdn_2 | usual_password |

Message:
Example row: | de | contentbackup | usual_msisdn_2 | usual_password |

Message:
Example row: | hr | contacts | usual_msisdn_2 | usual_password |

Message:
Example row: | hr | contentbackup | usual_msisdn_2 | usual_password |

Message:
Example row: | hr | mobileprotect | usual_msisdn_2 | usual_password |

Message:
Example row: | bg | contacts | usual_msisdn_2 | usual_password |

Message:
Example row: | bg | contentbackup | usual_msisdn_2 | usual_password |

Message:
Example row: | bg | mobileprotect | usual_msisdn_2 | usual_password |

Message:
]]>
    <![CDATA[unexpected response, code=404, content-type=""
unknown command: session/61a9d9f6391e38daf5d133be8708e330/element/name (Selenium::WebDriver::Error::WebDriverError)
/usr/local/rvm/gems/ruby-1.9.3-p392/gems/selenium-webdriver-2.31.0/lib/selenium/webdriver/remote/http/common.rb:66:in `create_response'
/usr/local/rvm/gems/ruby-1.9.3-p392/gems/selenium-webdriver-2.31.0/lib/selenium/webdriver/remote/http/default.rb:66:in `request'
/usr/local/rvm/gems/ruby-1.9.3-p392/gems/selenium-webdriver-2.31.0/lib/selenium/webdriver/remote/http/common.rb:40:in `call'
/usr/local/rvm/gems/ruby-1.9.3-p392/gems/selenium-webdriver-2.31.0/lib/selenium/webdriver/remote/bridge.rb:616:in `raw_execute'
/usr/local/rvm/gems/ruby-1.9.3-p392/gems/selenium-webdriver-2.31.0/lib/selenium/webdriver/remote/bridge.rb:594:in `execute'
/usr/local/rvm/gems/ruby-1.9.3-p392/gems/selenium-webdriver-2.31.0/lib/selenium/webdriver/remote/bridge.rb:493:in `getElementTagName'
/usr/local/rvm/gems/ruby-1.9.3-p392/gems/selenium-webdriver-2.31.0/lib/selenium/webdriver/common/element.rb:68:in `tag_name'
/usr/local/rvm/gems/ruby-1.9.3-p392/gems/watir-webdriver-0.6.2/lib/watir-webdriver/locators/element_locator.rb:387:in `validate_element'
/usr/local/rvm/gems/ruby-1.9.3-p392/gems/watir-webdriver-0.6.2/lib/watir-webdriver/locators/element_locator.rb:37:in `locate'
/usr/local/rvm/gems/ruby-1.9.3-p392/gems/watir-webdriver-0.6.2/lib/watir-webdriver/elements/element.rb:509:in `locate'
/usr/local/rvm/gems/ruby-1.9.3-p392/gems/watir-webdriver-0.6.2/lib/watir-webdriver/elements/element.rb:487:in `assert_exists'
/usr/local/rvm/gems/ruby-1.9.3-p392/gems/watir-webdriver-0.6.2/lib/watir-webdriver/elements/element.rb:118:in `click'
/Users/Subhash/git/automated_tests_web_login_app/features/pages/MockServicePage.rb:13:in `visit'
/Users/Subhash/git/automated_tests_web_login_app/features/step_definitions/loginapp_steps.rb:17:in `block in <top (required)>'
/usr/local/rvm/gems/ruby-1.9.3-p392/gems/cucumber-1.2.3/lib/cucumber/core_ext/instance_exec.rb:48:in `instance_exec'
/usr/local/rvm/gems/ruby-1.9.3-p392/gems/cucumber-1.2.3/lib/cucumber/core_ext/instance_exec.rb:48:in `block in cucumber_instance_exec'
/usr/local/rvm/gems/ruby-1.9.3-p392/gems/cucumber-1.2.3/lib/cucumber/core_ext/instance_exec.rb:69:in `cucumber_run_with_backtrace_filtering'
/usr/local/rvm/gems/ruby-1.9.3-p392/gems/cucumber-1.2.3/lib/cucumber/core_ext/instance_exec.rb:36:in `cucumber_instance_exec'
/usr/local/rvm/gems/ruby-1.9.3-p392/gems/cucumber-1.2.3/lib/cucumber/rb_support/rb_step_definition.rb:97:in `invoke'
/usr/local/rvm/gems/ruby-1.9.3-p392/gems/cucumber-1.2.3/lib/cucumber/step_match.rb:25:in `invoke'
/usr/local/rvm/gems/ruby-1.9.3-p392/gems/cucumber-1.2.3/lib/cucumber/ast/step_invocation.rb:60:in `invoke'
/usr/local/rvm/gems/ruby-1.9.3-p392/gems/cucumber-1.2.3/lib/cucumber/ast/outline_table.rb:119:in `block (2 levels) in accept_plain'
/usr/local/rvm/gems/ruby-1.9.3-p392/gems/cucumber-1.2.3/lib/cucumber/ast/step_collection.rb:37:in `each'
/usr/local/rvm/gems/ruby-1.9.3-p392/gems/cucumber-1.2.3/lib/cucumber/ast/step_collection.rb:37:in `each'
/usr/local/rvm/gems/ruby-1.9.3-p392/gems/cucumber-1.2.3/lib/cucumber/ast/outline_table.rb:118:in `block in accept_plain'
/usr/local/rvm/gems/ruby-1.9.3-p392/gems/cucumber-1.2.3/lib/cucumber/runtime.rb:81:in `block (2 levels) in with_hooks'
/usr/local/rvm/gems/ruby-1.9.3-p392/gems/cucumber-1.2.3/lib/cucumber/runtime.rb:97:in `before_and_after'
/usr/local/rvm/gems/ruby-1.9.3-p392/gems/cucumber-1.2.3/lib/cucumber/runtime.rb:80:in `block in with_hooks'
/usr/local/rvm/gems/ruby-1.9.3-p392/gems/cucumber-1.2.3/lib/cucumber/runtime/support_code.rb:120:in `call'
/usr/local/rvm/gems/ruby-1.9.3-p392/gems/cucumber-1.2.3/lib/cucumber/runtime/support_code.rb:120:in `block (3 levels) in around'
/usr/local/rvm/gems/ruby-1.9.3-p392/gems/cucumber-1.2.3/lib/cucumber/language_support/language_methods.rb:9:in `block in around'
/usr/local/rvm/gems/ruby-1.9.3-p392/gems/cucumber-1.2.3/lib/cucumber/language_support/language_methods.rb:91:in `call'
/usr/local/rvm/gems/ruby-1.9.3-p392/gems/cucumber-1.2.3/lib/cucumber/language_support/language_methods.rb:91:in `execute_around'
/usr/local/rvm/gems/ruby-1.9.3-p392/gems/cucumber-1.2.3/lib/cucumber/language_support/language_methods.rb:8:in `around'
/usr/local/rvm/gems/ruby-1.9.3-p392/gems/cucumber-1.2.3/lib/cucumber/runtime/support_code.rb:119:in `block (2 levels) in around'
/usr/local/rvm/gems/ruby-1.9.3-p392/gems/cucumber-1.2.3/lib/cucumber/runtime/support_code.rb:117:in `call'
/usr/local/rvm/gems/ruby-1.9.3-p392/gems/cucumber-1.2.3/lib/cucumber/runtime/support_code.rb:117:in `around'
/usr/local/rvm/gems/ruby-1.9.3-p392/gems/cucumber-1.2.3/lib/cucumber/runtime.rb:92:in `around'
/usr/local/rvm/gems/ruby-1.9.3-p392/gems/cucumber-1.2.3/lib/cucumber/runtime.rb:79:in `with_hooks'
/usr/local/rvm/gems/ruby-1.9.3-p392/gems/cucumber-1.2.3/lib/cucumber/ast/outline_table.rb:117:in `accept_plain'
/usr/local/rvm/gems/ruby-1.9.3-p392/gems/cucumber-1.2.3/lib/cucumber/ast/outline_table.rb:107:in `accept'
/usr/local/rvm/gems/ruby-1.9.3-p392/gems/cucumber-1.2.3/lib/cucumber/ast/tree_walker.rb:131:in `block in visit_table_row'
/usr/local/rvm/gems/ruby-1.9.3-p392/gems/cucumber-1.2.3/lib/cucumber/ast/tree_walker.rb:163:in `broadcast'
/usr/local/rvm/gems/ruby-1.9.3-p392/gems/cucumber-1.2.3/lib/cucumber/ast/tree_walker.rb:130:in `visit_table_row'
/usr/local/rvm/gems/ruby-1.9.3-p392/gems/cucumber-1.2.3/lib/cucumber/ast/outline_table.rb:27:in `block in accept'
/usr/local/rvm/gems/ruby-1.9.3-p392/gems/cucumber-1.2.3/lib/cucumber/ast/outline_table.rb:23:in `each'
/usr/local/rvm/gems/ruby-1.9.3-p392/gems/cucumber-1.2.3/lib/cucumber/ast/outline_table.rb:23:in `each_with_index'
/usr/local/rvm/gems/ruby-1.9.3-p392/gems/cucumber-1.2.3/lib/cucumber/ast/outline_table.rb:23:in `accept'
/usr/local/rvm/gems/ruby-1.9.3-p392/gems/cucumber-1.2.3/lib/cucumber/ast/tree_walker.rb:83:in `block in visit_outline_table'
/usr/local/rvm/gems/ruby-1.9.3-p392/gems/cucumber-1.2.3/lib/cucumber/ast/tree_walker.rb:163:in `broadcast'
/usr/local/rvm/gems/ruby-1.9.3-p392/gems/cucumber-1.2.3/lib/cucumber/ast/tree_walker.rb:82:in `visit_outline_table'
/usr/local/rvm/gems/ruby-1.9.3-p392/gems/cucumber-1.2.3/lib/cucumber/ast/examples.rb:22:in `accept'
/usr/local/rvm/gems/ruby-1.9.3-p392/gems/cucumber-1.2.3/lib/cucumber/ast/tree_walker.rb:73:in `block in visit_examples'
/usr/local/rvm/gems/ruby-1.9.3-p392/gems/cucumber-1.2.3/lib/cucumber/ast/tree_walker.rb:163:in `broadcast'
/usr/local/rvm/gems/ruby-1.9.3-p392/gems/cucumber-1.2.3/lib/cucumber/ast/tree_walker.rb:72:in `visit_examples'
/usr/local/rvm/gems/ruby-1.9.3-p392/gems/cucumber-1.2.3/lib/cucumber/ast/scenario_outline.rb:14:in `block in accept'
/usr/local/rvm/gems/ruby-1.9.3-p392/gems/cucumber-1.2.3/lib/cucumber/ast/scenario_outline.rb:13:in `each'
/usr/local/rvm/gems/ruby-1.9.3-p392/gems/cucumber-1.2.3/lib/cucumber/ast/scenario_outline.rb:13:in `accept'
/usr/local/rvm/gems/ruby-1.9.3-p392/gems/cucumber-1.2.3/lib/cucumber/ast/tree_walker.rb:67:in `block in visit_examples_array'
/usr/local/rvm/gems/ruby-1.9.3-p392/gems/cucumber-1.2.3/lib/cucumber/ast/tree_walker.rb:163:in `broadcast'
/usr/local/rvm/gems/ruby-1.9.3-p392/gems/cucumber-1.2.3/lib/cucumber/ast/tree_walker.rb:66:in `visit_examples_array'
/usr/local/rvm/gems/ruby-1.9.3-p392/gems/cucumber-1.2.3/lib/cucumber/ast/scenario_outline.rb:68:in `accept'
/usr/local/rvm/gems/ruby-1.9.3-p392/gems/cucumber-1.2.3/lib/cucumber/ast/tree_walker.rb:51:in `block in visit_feature_element'
/usr/local/rvm/gems/ruby-1.9.3-p392/gems/cucumber-1.2.3/lib/cucumber/ast/tree_walker.rb:163:in `broadcast'
/usr/local/rvm/gems/ruby-1.9.3-p392/gems/cucumber-1.2.3/lib/cucumber/ast/tree_walker.rb:50:in `visit_feature_element'
/usr/local/rvm/gems/ruby-1.9.3-p392/gems/cucumber-1.2.3/lib/cucumber/ast/feature.rb:43:in `block in accept'
/usr/local/rvm/gems/ruby-1.9.3-p392/gems/cucumber-1.2.3/lib/cucumber/ast/feature.rb:42:in `each'
/usr/local/rvm/gems/ruby-1.9.3-p392/gems/cucumber-1.2.3/lib/cucumber/ast/feature.rb:42:in `accept'
/usr/local/rvm/gems/ruby-1.9.3-p392/gems/cucumber-1.2.3/lib/cucumber/ast/tree_walker.rb:20:in `block in visit_feature'
/usr/local/rvm/gems/ruby-1.9.3-p392/gems/cucumber-1.2.3/lib/cucumber/ast/tree_walker.rb:163:in `broadcast'
/usr/local/rvm/gems/ruby-1.9.3-p392/gems/cucumber-1.2.3/lib/cucumber/ast/tree_walker.rb:19:in `visit_feature'
/usr/local/rvm/gems/ruby-1.9.3-p392/gems/cucumber-1.2.3/lib/cucumber/ast/features.rb:29:in `block in accept'
/usr/local/rvm/gems/ruby-1.9.3-p392/gems/cucumber-1.2.3/lib/cucumber/ast/features.rb:17:in `each'
/usr/local/rvm/gems/ruby-1.9.3-p392/gems/cucumber-1.2.3/lib/cucumber/ast/features.rb:17:in `each'
/usr/local/rvm/gems/ruby-1.9.3-p392/gems/cucumber-1.2.3/lib/cucumber/ast/features.rb:28:in `accept'
/usr/local/rvm/gems/ruby-1.9.3-p392/gems/cucumber-1.2.3/lib/cucumber/ast/tree_walker.rb:14:in `block in visit_features'
/usr/local/rvm/gems/ruby-1.9.3-p392/gems/cucumber-1.2.3/lib/cucumber/ast/tree_walker.rb:163:in `broadcast'
/usr/local/rvm/gems/ruby-1.9.3-p392/gems/cucumber-1.2.3/lib/cucumber/ast/tree_walker.rb:13:in `visit_features'
/usr/local/rvm/gems/ruby-1.9.3-p392/gems/cucumber-1.2.3/lib/cucumber/runtime.rb:47:in `run!'
/usr/local/rvm/gems/ruby-1.9.3-p392/gems/cucumber-1.2.3/lib/cucumber/cli/main.rb:43:in `execute!'
/usr/local/rvm/gems/ruby-1.9.3-p392/gems/cucumber-1.2.3/lib/cucumber/cli/main.rb:20:in `execute'
/usr/local/rvm/gems/ruby-1.9.3-p392/gems/cucumber-1.2.3/bin/cucumber:14:in `<top (required)>'
/usr/local/rvm/gems/ruby-1.9.3-p392/bin/cucumber:19:in `load'
/usr/local/rvm/gems/ruby-1.9.3-p392/bin/cucumber:19:in `<main>'
/usr/local/rvm/gems/ruby-1.9.3-p392/bin/ruby_noexec_wrapper:14:in `eval'
/usr/local/rvm/gems/ruby-1.9.3-p392/bin/ruby_noexec_wrapper:14:in `<main>'
features/login.feature:17:in `Given I open '<service>' site for the opco '<opco>' in a logged out state']]>
  </failure>
  <system-out/>
  <system-err/>
</testcase>
<testcase classname="LOGIN" name="Group Login (outline example : | za | mobileprotect | usual_msisdn_2 | usual_password |)" time="0.449994">
  <failure message="failed Group Login (outline example : | za | mobileprotect | usual_msisdn_2 | usual_password |)" type="failed">
    <![CDATA[Scenario Outline: Group Login

Example row: | gb | music | usual_msisdn_2 | usual_password |

Message:
Example row: | ie | contacts | usual_msisdn_2 | usual_password |

Message:
Example row: | ie | nwab | usual_msisdn_2 | usual_password |

Message:
Example row: | ie | contentbackup | usual_msisdn_2 | usual_password |

Message:
Example row: | ie | music | usual_msisdn_2 | usual_password |

Message:
Example row: | it | music | usual_msisdn_2 | usual_password |

Message:
Example row: | it | contacts | usual_msisdn_2 | usual_password |

Message:
Example row: | it | nwab | usual_msisdn_2 | usual_password |

Message:
Example row: | it | contentbackup | usual_msisdn_2 | usual_password |

Message:
Example row: | it | mobileprotect | usual_msisdn_2 | usual_password |

Message:
Example row: | gr | music | usual_msisdn_2 | usual_password |

Message:
Example row: | gr | contacts | usual_msisdn_2 | usual_password |

Message:
Example row: | gr | cloud | usual_msisdn_2 | usual_password |

Message:
Example row: | gr | contentbackup | usual_msisdn_2 | usual_password |

Message:
Example row: | nl | music | usual_msisdn_2 | usual_password |

Message:
Example row: | nl | contentbackup | usual_msisdn_2 | usual_password |

Message:
Example row: | es | music | usual_msisdn_2 | usual_password |

Message:
Example row: | de | contentbackup | usual_msisdn_2 | usual_password |

Message:
Example row: | hr | contacts | usual_msisdn_2 | usual_password |

Message:
Example row: | hr | contentbackup | usual_msisdn_2 | usual_password |

Message:
Example row: | hr | mobileprotect | usual_msisdn_2 | usual_password |

Message:
Example row: | bg | contacts | usual_msisdn_2 | usual_password |

Message:
Example row: | bg | contentbackup | usual_msisdn_2 | usual_password |

Message:
Example row: | bg | mobileprotect | usual_msisdn_2 | usual_password |

Message:
Example row: | za | mobileprotect | usual_msisdn_2 | usual_password |

Message:
]]>
    <![CDATA[unexpected response, code=404, content-type=""
unknown command: session/61a9d9f6391e38daf5d133be8708e330/element/name (Selenium::WebDriver::Error::WebDriverError)
/usr/local/rvm/gems/ruby-1.9.3-p392/gems/selenium-webdriver-2.31.0/lib/selenium/webdriver/remote/http/common.rb:66:in `create_response'
/usr/local/rvm/gems/ruby-1.9.3-p392/gems/selenium-webdriver-2.31.0/lib/selenium/webdriver/remote/http/default.rb:66:in `request'
/usr/local/rvm/gems/ruby-1.9.3-p392/gems/selenium-webdriver-2.31.0/lib/selenium/webdriver/remote/http/common.rb:40:in `call'
/usr/local/rvm/gems/ruby-1.9.3-p392/gems/selenium-webdriver-2.31.0/lib/selenium/webdriver/remote/bridge.rb:616:in `raw_execute'
/usr/local/rvm/gems/ruby-1.9.3-p392/gems/selenium-webdriver-2.31.0/lib/selenium/webdriver/remote/bridge.rb:594:in `execute'
/usr/local/rvm/gems/ruby-1.9.3-p392/gems/selenium-webdriver-2.31.0/lib/selenium/webdriver/remote/bridge.rb:493:in `getElementTagName'
/usr/local/rvm/gems/ruby-1.9.3-p392/gems/selenium-webdriver-2.31.0/lib/selenium/webdriver/common/element.rb:68:in `tag_name'
/usr/local/rvm/gems/ruby-1.9.3-p392/gems/watir-webdriver-0.6.2/lib/watir-webdriver/locators/element_locator.rb:387:in `validate_element'
/usr/local/rvm/gems/ruby-1.9.3-p392/gems/watir-webdriver-0.6.2/lib/watir-webdriver/locators/element_locator.rb:37:in `locate'
/usr/local/rvm/gems/ruby-1.9.3-p392/gems/watir-webdriver-0.6.2/lib/watir-webdriver/elements/element.rb:509:in `locate'
/usr/local/rvm/gems/ruby-1.9.3-p392/gems/watir-webdriver-0.6.2/lib/watir-webdriver/elements/element.rb:487:in `assert_exists'
/usr/local/rvm/gems/ruby-1.9.3-p392/gems/watir-webdriver-0.6.2/lib/watir-webdriver/elements/element.rb:118:in `click'
/Users/Subhash/git/automated_tests_web_login_app/features/pages/MockServicePage.rb:13:in `visit'
/Users/Subhash/git/automated_tests_web_login_app/features/step_definitions/loginapp_steps.rb:17:in `block in <top (required)>'
/usr/local/rvm/gems/ruby-1.9.3-p392/gems/cucumber-1.2.3/lib/cucumber/core_ext/instance_exec.rb:48:in `instance_exec'
/usr/local/rvm/gems/ruby-1.9.3-p392/gems/cucumber-1.2.3/lib/cucumber/core_ext/instance_exec.rb:48:in `block in cucumber_instance_exec'
/usr/local/rvm/gems/ruby-1.9.3-p392/gems/cucumber-1.2.3/lib/cucumber/core_ext/instance_exec.rb:69:in `cucumber_run_with_backtrace_filtering'
/usr/local/rvm/gems/ruby-1.9.3-p392/gems/cucumber-1.2.3/lib/cucumber/core_ext/instance_exec.rb:36:in `cucumber_instance_exec'
/usr/local/rvm/gems/ruby-1.9.3-p392/gems/cucumber-1.2.3/lib/cucumber/rb_support/rb_step_definition.rb:97:in `invoke'
/usr/local/rvm/gems/ruby-1.9.3-p392/gems/cucumber-1.2.3/lib/cucumber/step_match.rb:25:in `invoke'
/usr/local/rvm/gems/ruby-1.9.3-p392/gems/cucumber-1.2.3/lib/cucumber/ast/step_invocation.rb:60:in `invoke'
/usr/local/rvm/gems/ruby-1.9.3-p392/gems/cucumber-1.2.3/lib/cucumber/ast/outline_table.rb:119:in `block (2 levels) in accept_plain'
/usr/local/rvm/gems/ruby-1.9.3-p392/gems/cucumber-1.2.3/lib/cucumber/ast/step_collection.rb:37:in `each'
/usr/local/rvm/gems/ruby-1.9.3-p392/gems/cucumber-1.2.3/lib/cucumber/ast/step_collection.rb:37:in `each'
/usr/local/rvm/gems/ruby-1.9.3-p392/gems/cucumber-1.2.3/lib/cucumber/ast/outline_table.rb:118:in `block in accept_plain'
/usr/local/rvm/gems/ruby-1.9.3-p392/gems/cucumber-1.2.3/lib/cucumber/runtime.rb:81:in `block (2 levels) in with_hooks'
/usr/local/rvm/gems/ruby-1.9.3-p392/gems/cucumber-1.2.3/lib/cucumber/runtime.rb:97:in `before_and_after'
/usr/local/rvm/gems/ruby-1.9.3-p392/gems/cucumber-1.2.3/lib/cucumber/runtime.rb:80:in `block in with_hooks'
/usr/local/rvm/gems/ruby-1.9.3-p392/gems/cucumber-1.2.3/lib/cucumber/runtime/support_code.rb:120:in `call'
/usr/local/rvm/gems/ruby-1.9.3-p392/gems/cucumber-1.2.3/lib/cucumber/runtime/support_code.rb:120:in `block (3 levels) in around'
/usr/local/rvm/gems/ruby-1.9.3-p392/gems/cucumber-1.2.3/lib/cucumber/language_support/language_methods.rb:9:in `block in around'
/usr/local/rvm/gems/ruby-1.9.3-p392/gems/cucumber-1.2.3/lib/cucumber/language_support/language_methods.rb:91:in `call'
/usr/local/rvm/gems/ruby-1.9.3-p392/gems/cucumber-1.2.3/lib/cucumber/language_support/language_methods.rb:91:in `execute_around'
/usr/local/rvm/gems/ruby-1.9.3-p392/gems/cucumber-1.2.3/lib/cucumber/language_support/language_methods.rb:8:in `around'
/usr/local/rvm/gems/ruby-1.9.3-p392/gems/cucumber-1.2.3/lib/cucumber/runtime/support_code.rb:119:in `block (2 levels) in around'
/usr/local/rvm/gems/ruby-1.9.3-p392/gems/cucumber-1.2.3/lib/cucumber/runtime/support_code.rb:117:in `call'
/usr/local/rvm/gems/ruby-1.9.3-p392/gems/cucumber-1.2.3/lib/cucumber/runtime/support_code.rb:117:in `around'
/usr/local/rvm/gems/ruby-1.9.3-p392/gems/cucumber-1.2.3/lib/cucumber/runtime.rb:92:in `around'
/usr/local/rvm/gems/ruby-1.9.3-p392/gems/cucumber-1.2.3/lib/cucumber/runtime.rb:79:in `with_hooks'
/usr/local/rvm/gems/ruby-1.9.3-p392/gems/cucumber-1.2.3/lib/cucumber/ast/outline_table.rb:117:in `accept_plain'
/usr/local/rvm/gems/ruby-1.9.3-p392/gems/cucumber-1.2.3/lib/cucumber/ast/outline_table.rb:107:in `accept'
/usr/local/rvm/gems/ruby-1.9.3-p392/gems/cucumber-1.2.3/lib/cucumber/ast/tree_walker.rb:131:in `block in visit_table_row'
/usr/local/rvm/gems/ruby-1.9.3-p392/gems/cucumber-1.2.3/lib/cucumber/ast/tree_walker.rb:163:in `broadcast'
/usr/local/rvm/gems/ruby-1.9.3-p392/gems/cucumber-1.2.3/lib/cucumber/ast/tree_walker.rb:130:in `visit_table_row'
/usr/local/rvm/gems/ruby-1.9.3-p392/gems/cucumber-1.2.3/lib/cucumber/ast/outline_table.rb:27:in `block in accept'
/usr/local/rvm/gems/ruby-1.9.3-p392/gems/cucumber-1.2.3/lib/cucumber/ast/outline_table.rb:23:in `each'
/usr/local/rvm/gems/ruby-1.9.3-p392/gems/cucumber-1.2.3/lib/cucumber/ast/outline_table.rb:23:in `each_with_index'
/usr/local/rvm/gems/ruby-1.9.3-p392/gems/cucumber-1.2.3/lib/cucumber/ast/outline_table.rb:23:in `accept'
/usr/local/rvm/gems/ruby-1.9.3-p392/gems/cucumber-1.2.3/lib/cucumber/ast/tree_walker.rb:83:in `block in visit_outline_table'
/usr/local/rvm/gems/ruby-1.9.3-p392/gems/cucumber-1.2.3/lib/cucumber/ast/tree_walker.rb:163:in `broadcast'
/usr/local/rvm/gems/ruby-1.9.3-p392/gems/cucumber-1.2.3/lib/cucumber/ast/tree_walker.rb:82:in `visit_outline_table'
/usr/local/rvm/gems/ruby-1.9.3-p392/gems/cucumber-1.2.3/lib/cucumber/ast/examples.rb:22:in `accept'
/usr/local/rvm/gems/ruby-1.9.3-p392/gems/cucumber-1.2.3/lib/cucumber/ast/tree_walker.rb:73:in `block in visit_examples'
/usr/local/rvm/gems/ruby-1.9.3-p392/gems/cucumber-1.2.3/lib/cucumber/ast/tree_walker.rb:163:in `broadcast'
/usr/local/rvm/gems/ruby-1.9.3-p392/gems/cucumber-1.2.3/lib/cucumber/ast/tree_walker.rb:72:in `visit_examples'
/usr/local/rvm/gems/ruby-1.9.3-p392/gems/cucumber-1.2.3/lib/cucumber/ast/scenario_outline.rb:14:in `block in accept'
/usr/local/rvm/gems/ruby-1.9.3-p392/gems/cucumber-1.2.3/lib/cucumber/ast/scenario_outline.rb:13:in `each'
/usr/local/rvm/gems/ruby-1.9.3-p392/gems/cucumber-1.2.3/lib/cucumber/ast/scenario_outline.rb:13:in `accept'
/usr/local/rvm/gems/ruby-1.9.3-p392/gems/cucumber-1.2.3/lib/cucumber/ast/tree_walker.rb:67:in `block in visit_examples_array'
/usr/local/rvm/gems/ruby-1.9.3-p392/gems/cucumber-1.2.3/lib/cucumber/ast/tree_walker.rb:163:in `broadcast'
/usr/local/rvm/gems/ruby-1.9.3-p392/gems/cucumber-1.2.3/lib/cucumber/ast/tree_walker.rb:66:in `visit_examples_array'
/usr/local/rvm/gems/ruby-1.9.3-p392/gems/cucumber-1.2.3/lib/cucumber/ast/scenario_outline.rb:68:in `accept'
/usr/local/rvm/gems/ruby-1.9.3-p392/gems/cucumber-1.2.3/lib/cucumber/ast/tree_walker.rb:51:in `block in visit_feature_element'
/usr/local/rvm/gems/ruby-1.9.3-p392/gems/cucumber-1.2.3/lib/cucumber/ast/tree_walker.rb:163:in `broadcast'
/usr/local/rvm/gems/ruby-1.9.3-p392/gems/cucumber-1.2.3/lib/cucumber/ast/tree_walker.rb:50:in `visit_feature_element'
/usr/local/rvm/gems/ruby-1.9.3-p392/gems/cucumber-1.2.3/lib/cucumber/ast/feature.rb:43:in `block in accept'
/usr/local/rvm/gems/ruby-1.9.3-p392/gems/cucumber-1.2.3/lib/cucumber/ast/feature.rb:42:in `each'
/usr/local/rvm/gems/ruby-1.9.3-p392/gems/cucumber-1.2.3/lib/cucumber/ast/feature.rb:42:in `accept'
/usr/local/rvm/gems/ruby-1.9.3-p392/gems/cucumber-1.2.3/lib/cucumber/ast/tree_walker.rb:20:in `block in visit_feature'
/usr/local/rvm/gems/ruby-1.9.3-p392/gems/cucumber-1.2.3/lib/cucumber/ast/tree_walker.rb:163:in `broadcast'
/usr/local/rvm/gems/ruby-1.9.3-p392/gems/cucumber-1.2.3/lib/cucumber/ast/tree_walker.rb:19:in `visit_feature'
/usr/local/rvm/gems/ruby-1.9.3-p392/gems/cucumber-1.2.3/lib/cucumber/ast/features.rb:29:in `block in accept'
/usr/local/rvm/gems/ruby-1.9.3-p392/gems/cucumber-1.2.3/lib/cucumber/ast/features.rb:17:in `each'
/usr/local/rvm/gems/ruby-1.9.3-p392/gems/cucumber-1.2.3/lib/cucumber/ast/features.rb:17:in `each'
/usr/local/rvm/gems/ruby-1.9.3-p392/gems/cucumber-1.2.3/lib/cucumber/ast/features.rb:28:in `accept'
/usr/local/rvm/gems/ruby-1.9.3-p392/gems/cucumber-1.2.3/lib/cucumber/ast/tree_walker.rb:14:in `block in visit_features'
/usr/local/rvm/gems/ruby-1.9.3-p392/gems/cucumber-1.2.3/lib/cucumber/ast/tree_walker.rb:163:in `broadcast'
/usr/local/rvm/gems/ruby-1.9.3-p392/gems/cucumber-1.2.3/lib/cucumber/ast/tree_walker.rb:13:in `visit_features'
/usr/local/rvm/gems/ruby-1.9.3-p392/gems/cucumber-1.2.3/lib/cucumber/runtime.rb:47:in `run!'
/usr/local/rvm/gems/ruby-1.9.3-p392/gems/cucumber-1.2.3/lib/cucumber/cli/main.rb:43:in `execute!'
/usr/local/rvm/gems/ruby-1.9.3-p392/gems/cucumber-1.2.3/lib/cucumber/cli/main.rb:20:in `execute'
/usr/local/rvm/gems/ruby-1.9.3-p392/gems/cucumber-1.2.3/bin/cucumber:14:in `<top (required)>'
/usr/local/rvm/gems/ruby-1.9.3-p392/bin/cucumber:19:in `load'
/usr/local/rvm/gems/ruby-1.9.3-p392/bin/cucumber:19:in `<main>'
/usr/local/rvm/gems/ruby-1.9.3-p392/bin/ruby_noexec_wrapper:14:in `eval'
/usr/local/rvm/gems/ruby-1.9.3-p392/bin/ruby_noexec_wrapper:14:in `<main>'
features/login.feature:17:in `Given I open '<service>' site for the opco '<opco>' in a logged out state']]>
  </failure>
  <system-out/>
  <system-err/>
</testcase>
<testcase classname="LOGIN" name="Group Login (outline example : | za | contacts | usual_msisdn_2 | usual_password |)" time="0.418786">
  <failure message="failed Group Login (outline example : | za | contacts | usual_msisdn_2 | usual_password |)" type="failed">
    <![CDATA[Scenario Outline: Group Login

Example row: | gb | music | usual_msisdn_2 | usual_password |

Message:
Example row: | ie | contacts | usual_msisdn_2 | usual_password |

Message:
Example row: | ie | nwab | usual_msisdn_2 | usual_password |

Message:
Example row: | ie | contentbackup | usual_msisdn_2 | usual_password |

Message:
Example row: | ie | music | usual_msisdn_2 | usual_password |

Message:
Example row: | it | music | usual_msisdn_2 | usual_password |

Message:
Example row: | it | contacts | usual_msisdn_2 | usual_password |

Message:
Example row: | it | nwab | usual_msisdn_2 | usual_password |

Message:
Example row: | it | contentbackup | usual_msisdn_2 | usual_password |

Message:
Example row: | it | mobileprotect | usual_msisdn_2 | usual_password |

Message:
Example row: | gr | music | usual_msisdn_2 | usual_password |

Message:
Example row: | gr | contacts | usual_msisdn_2 | usual_password |

Message:
Example row: | gr | cloud | usual_msisdn_2 | usual_password |

Message:
Example row: | gr | contentbackup | usual_msisdn_2 | usual_password |

Message:
Example row: | nl | music | usual_msisdn_2 | usual_password |

Message:
Example row: | nl | contentbackup | usual_msisdn_2 | usual_password |

Message:
Example row: | es | music | usual_msisdn_2 | usual_password |

Message:
Example row: | de | contentbackup | usual_msisdn_2 | usual_password |

Message:
Example row: | hr | contacts | usual_msisdn_2 | usual_password |

Message:
Example row: | hr | contentbackup | usual_msisdn_2 | usual_password |

Message:
Example row: | hr | mobileprotect | usual_msisdn_2 | usual_password |

Message:
Example row: | bg | contacts | usual_msisdn_2 | usual_password |

Message:
Example row: | bg | contentbackup | usual_msisdn_2 | usual_password |

Message:
Example row: | bg | mobileprotect | usual_msisdn_2 | usual_password |

Message:
Example row: | za | mobileprotect | usual_msisdn_2 | usual_password |

Message:
Example row: | za | contacts | usual_msisdn_2 | usual_password |

Message:
]]>
    <![CDATA[unexpected response, code=404, content-type=""
unknown command: session/61a9d9f6391e38daf5d133be8708e330/element/name (Selenium::WebDriver::Error::WebDriverError)
/usr/local/rvm/gems/ruby-1.9.3-p392/gems/selenium-webdriver-2.31.0/lib/selenium/webdriver/remote/http/common.rb:66:in `create_response'
/usr/local/rvm/gems/ruby-1.9.3-p392/gems/selenium-webdriver-2.31.0/lib/selenium/webdriver/remote/http/default.rb:66:in `request'
/usr/local/rvm/gems/ruby-1.9.3-p392/gems/selenium-webdriver-2.31.0/lib/selenium/webdriver/remote/http/common.rb:40:in `call'
/usr/local/rvm/gems/ruby-1.9.3-p392/gems/selenium-webdriver-2.31.0/lib/selenium/webdriver/remote/bridge.rb:616:in `raw_execute'
/usr/local/rvm/gems/ruby-1.9.3-p392/gems/selenium-webdriver-2.31.0/lib/selenium/webdriver/remote/bridge.rb:594:in `execute'
/usr/local/rvm/gems/ruby-1.9.3-p392/gems/selenium-webdriver-2.31.0/lib/selenium/webdriver/remote/bridge.rb:493:in `getElementTagName'
/usr/local/rvm/gems/ruby-1.9.3-p392/gems/selenium-webdriver-2.31.0/lib/selenium/webdriver/common/element.rb:68:in `tag_name'
/usr/local/rvm/gems/ruby-1.9.3-p392/gems/watir-webdriver-0.6.2/lib/watir-webdriver/locators/element_locator.rb:387:in `validate_element'
/usr/local/rvm/gems/ruby-1.9.3-p392/gems/watir-webdriver-0.6.2/lib/watir-webdriver/locators/element_locator.rb:37:in `locate'
/usr/local/rvm/gems/ruby-1.9.3-p392/gems/watir-webdriver-0.6.2/lib/watir-webdriver/elements/element.rb:509:in `locate'
/usr/local/rvm/gems/ruby-1.9.3-p392/gems/watir-webdriver-0.6.2/lib/watir-webdriver/elements/element.rb:487:in `assert_exists'
/usr/local/rvm/gems/ruby-1.9.3-p392/gems/watir-webdriver-0.6.2/lib/watir-webdriver/elements/element.rb:118:in `click'
/Users/Subhash/git/automated_tests_web_login_app/features/pages/MockServicePage.rb:13:in `visit'
/Users/Subhash/git/automated_tests_web_login_app/features/step_definitions/loginapp_steps.rb:17:in `block in <top (required)>'
/usr/local/rvm/gems/ruby-1.9.3-p392/gems/cucumber-1.2.3/lib/cucumber/core_ext/instance_exec.rb:48:in `instance_exec'
/usr/local/rvm/gems/ruby-1.9.3-p392/gems/cucumber-1.2.3/lib/cucumber/core_ext/instance_exec.rb:48:in `block in cucumber_instance_exec'
/usr/local/rvm/gems/ruby-1.9.3-p392/gems/cucumber-1.2.3/lib/cucumber/core_ext/instance_exec.rb:69:in `cucumber_run_with_backtrace_filtering'
/usr/local/rvm/gems/ruby-1.9.3-p392/gems/cucumber-1.2.3/lib/cucumber/core_ext/instance_exec.rb:36:in `cucumber_instance_exec'
/usr/local/rvm/gems/ruby-1.9.3-p392/gems/cucumber-1.2.3/lib/cucumber/rb_support/rb_step_definition.rb:97:in `invoke'
/usr/local/rvm/gems/ruby-1.9.3-p392/gems/cucumber-1.2.3/lib/cucumber/step_match.rb:25:in `invoke'
/usr/local/rvm/gems/ruby-1.9.3-p392/gems/cucumber-1.2.3/lib/cucumber/ast/step_invocation.rb:60:in `invoke'
/usr/local/rvm/gems/ruby-1.9.3-p392/gems/cucumber-1.2.3/lib/cucumber/ast/outline_table.rb:119:in `block (2 levels) in accept_plain'
/usr/local/rvm/gems/ruby-1.9.3-p392/gems/cucumber-1.2.3/lib/cucumber/ast/step_collection.rb:37:in `each'
/usr/local/rvm/gems/ruby-1.9.3-p392/gems/cucumber-1.2.3/lib/cucumber/ast/step_collection.rb:37:in `each'
/usr/local/rvm/gems/ruby-1.9.3-p392/gems/cucumber-1.2.3/lib/cucumber/ast/outline_table.rb:118:in `block in accept_plain'
/usr/local/rvm/gems/ruby-1.9.3-p392/gems/cucumber-1.2.3/lib/cucumber/runtime.rb:81:in `block (2 levels) in with_hooks'
/usr/local/rvm/gems/ruby-1.9.3-p392/gems/cucumber-1.2.3/lib/cucumber/runtime.rb:97:in `before_and_after'
/usr/local/rvm/gems/ruby-1.9.3-p392/gems/cucumber-1.2.3/lib/cucumber/runtime.rb:80:in `block in with_hooks'
/usr/local/rvm/gems/ruby-1.9.3-p392/gems/cucumber-1.2.3/lib/cucumber/runtime/support_code.rb:120:in `call'
/usr/local/rvm/gems/ruby-1.9.3-p392/gems/cucumber-1.2.3/lib/cucumber/runtime/support_code.rb:120:in `block (3 levels) in around'
/usr/local/rvm/gems/ruby-1.9.3-p392/gems/cucumber-1.2.3/lib/cucumber/language_support/language_methods.rb:9:in `block in around'
/usr/local/rvm/gems/ruby-1.9.3-p392/gems/cucumber-1.2.3/lib/cucumber/language_support/language_methods.rb:91:in `call'
/usr/local/rvm/gems/ruby-1.9.3-p392/gems/cucumber-1.2.3/lib/cucumber/language_support/language_methods.rb:91:in `execute_around'
/usr/local/rvm/gems/ruby-1.9.3-p392/gems/cucumber-1.2.3/lib/cucumber/language_support/language_methods.rb:8:in `around'
/usr/local/rvm/gems/ruby-1.9.3-p392/gems/cucumber-1.2.3/lib/cucumber/runtime/support_code.rb:119:in `block (2 levels) in around'
/usr/local/rvm/gems/ruby-1.9.3-p392/gems/cucumber-1.2.3/lib/cucumber/runtime/support_code.rb:117:in `call'
/usr/local/rvm/gems/ruby-1.9.3-p392/gems/cucumber-1.2.3/lib/cucumber/runtime/support_code.rb:117:in `around'
/usr/local/rvm/gems/ruby-1.9.3-p392/gems/cucumber-1.2.3/lib/cucumber/runtime.rb:92:in `around'
/usr/local/rvm/gems/ruby-1.9.3-p392/gems/cucumber-1.2.3/lib/cucumber/runtime.rb:79:in `with_hooks'
/usr/local/rvm/gems/ruby-1.9.3-p392/gems/cucumber-1.2.3/lib/cucumber/ast/outline_table.rb:117:in `accept_plain'
/usr/local/rvm/gems/ruby-1.9.3-p392/gems/cucumber-1.2.3/lib/cucumber/ast/outline_table.rb:107:in `accept'
/usr/local/rvm/gems/ruby-1.9.3-p392/gems/cucumber-1.2.3/lib/cucumber/ast/tree_walker.rb:131:in `block in visit_table_row'
/usr/local/rvm/gems/ruby-1.9.3-p392/gems/cucumber-1.2.3/lib/cucumber/ast/tree_walker.rb:163:in `broadcast'
/usr/local/rvm/gems/ruby-1.9.3-p392/gems/cucumber-1.2.3/lib/cucumber/ast/tree_walker.rb:130:in `visit_table_row'
/usr/local/rvm/gems/ruby-1.9.3-p392/gems/cucumber-1.2.3/lib/cucumber/ast/outline_table.rb:27:in `block in accept'
/usr/local/rvm/gems/ruby-1.9.3-p392/gems/cucumber-1.2.3/lib/cucumber/ast/outline_table.rb:23:in `each'
/usr/local/rvm/gems/ruby-1.9.3-p392/gems/cucumber-1.2.3/lib/cucumber/ast/outline_table.rb:23:in `each_with_index'
/usr/local/rvm/gems/ruby-1.9.3-p392/gems/cucumber-1.2.3/lib/cucumber/ast/outline_table.rb:23:in `accept'
/usr/local/rvm/gems/ruby-1.9.3-p392/gems/cucumber-1.2.3/lib/cucumber/ast/tree_walker.rb:83:in `block in visit_outline_table'
/usr/local/rvm/gems/ruby-1.9.3-p392/gems/cucumber-1.2.3/lib/cucumber/ast/tree_walker.rb:163:in `broadcast'
/usr/local/rvm/gems/ruby-1.9.3-p392/gems/cucumber-1.2.3/lib/cucumber/ast/tree_walker.rb:82:in `visit_outline_table'
/usr/local/rvm/gems/ruby-1.9.3-p392/gems/cucumber-1.2.3/lib/cucumber/ast/examples.rb:22:in `accept'
/usr/local/rvm/gems/ruby-1.9.3-p392/gems/cucumber-1.2.3/lib/cucumber/ast/tree_walker.rb:73:in `block in visit_examples'
/usr/local/rvm/gems/ruby-1.9.3-p392/gems/cucumber-1.2.3/lib/cucumber/ast/tree_walker.rb:163:in `broadcast'
/usr/local/rvm/gems/ruby-1.9.3-p392/gems/cucumber-1.2.3/lib/cucumber/ast/tree_walker.rb:72:in `visit_examples'
/usr/local/rvm/gems/ruby-1.9.3-p392/gems/cucumber-1.2.3/lib/cucumber/ast/scenario_outline.rb:14:in `block in accept'
/usr/local/rvm/gems/ruby-1.9.3-p392/gems/cucumber-1.2.3/lib/cucumber/ast/scenario_outline.rb:13:in `each'
/usr/local/rvm/gems/ruby-1.9.3-p392/gems/cucumber-1.2.3/lib/cucumber/ast/scenario_outline.rb:13:in `accept'
/usr/local/rvm/gems/ruby-1.9.3-p392/gems/cucumber-1.2.3/lib/cucumber/ast/tree_walker.rb:67:in `block in visit_examples_array'
/usr/local/rvm/gems/ruby-1.9.3-p392/gems/cucumber-1.2.3/lib/cucumber/ast/tree_walker.rb:163:in `broadcast'
/usr/local/rvm/gems/ruby-1.9.3-p392/gems/cucumber-1.2.3/lib/cucumber/ast/tree_walker.rb:66:in `visit_examples_array'
/usr/local/rvm/gems/ruby-1.9.3-p392/gems/cucumber-1.2.3/lib/cucumber/ast/scenario_outline.rb:68:in `accept'
/usr/local/rvm/gems/ruby-1.9.3-p392/gems/cucumber-1.2.3/lib/cucumber/ast/tree_walker.rb:51:in `block in visit_feature_element'
/usr/local/rvm/gems/ruby-1.9.3-p392/gems/cucumber-1.2.3/lib/cucumber/ast/tree_walker.rb:163:in `broadcast'
/usr/local/rvm/gems/ruby-1.9.3-p392/gems/cucumber-1.2.3/lib/cucumber/ast/tree_walker.rb:50:in `visit_feature_element'
/usr/local/rvm/gems/ruby-1.9.3-p392/gems/cucumber-1.2.3/lib/cucumber/ast/feature.rb:43:in `block in accept'
/usr/local/rvm/gems/ruby-1.9.3-p392/gems/cucumber-1.2.3/lib/cucumber/ast/feature.rb:42:in `each'
/usr/local/rvm/gems/ruby-1.9.3-p392/gems/cucumber-1.2.3/lib/cucumber/ast/feature.rb:42:in `accept'
/usr/local/rvm/gems/ruby-1.9.3-p392/gems/cucumber-1.2.3/lib/cucumber/ast/tree_walker.rb:20:in `block in visit_feature'
/usr/local/rvm/gems/ruby-1.9.3-p392/gems/cucumber-1.2.3/lib/cucumber/ast/tree_walker.rb:163:in `broadcast'
/usr/local/rvm/gems/ruby-1.9.3-p392/gems/cucumber-1.2.3/lib/cucumber/ast/tree_walker.rb:19:in `visit_feature'
/usr/local/rvm/gems/ruby-1.9.3-p392/gems/cucumber-1.2.3/lib/cucumber/ast/features.rb:29:in `block in accept'
/usr/local/rvm/gems/ruby-1.9.3-p392/gems/cucumber-1.2.3/lib/cucumber/ast/features.rb:17:in `each'
/usr/local/rvm/gems/ruby-1.9.3-p392/gems/cucumber-1.2.3/lib/cucumber/ast/features.rb:17:in `each'
/usr/local/rvm/gems/ruby-1.9.3-p392/gems/cucumber-1.2.3/lib/cucumber/ast/features.rb:28:in `accept'
/usr/local/rvm/gems/ruby-1.9.3-p392/gems/cucumber-1.2.3/lib/cucumber/ast/tree_walker.rb:14:in `block in visit_features'
/usr/local/rvm/gems/ruby-1.9.3-p392/gems/cucumber-1.2.3/lib/cucumber/ast/tree_walker.rb:163:in `broadcast'
/usr/local/rvm/gems/ruby-1.9.3-p392/gems/cucumber-1.2.3/lib/cucumber/ast/tree_walker.rb:13:in `visit_features'
/usr/local/rvm/gems/ruby-1.9.3-p392/gems/cucumber-1.2.3/lib/cucumber/runtime.rb:47:in `run!'
/usr/local/rvm/gems/ruby-1.9.3-p392/gems/cucumber-1.2.3/lib/cucumber/cli/main.rb:43:in `execute!'
/usr/local/rvm/gems/ruby-1.9.3-p392/gems/cucumber-1.2.3/lib/cucumber/cli/main.rb:20:in `execute'
/usr/local/rvm/gems/ruby-1.9.3-p392/gems/cucumber-1.2.3/bin/cucumber:14:in `<top (required)>'
/usr/local/rvm/gems/ruby-1.9.3-p392/bin/cucumber:19:in `load'
/usr/local/rvm/gems/ruby-1.9.3-p392/bin/cucumber:19:in `<main>'
/usr/local/rvm/gems/ruby-1.9.3-p392/bin/ruby_noexec_wrapper:14:in `eval'
/usr/local/rvm/gems/ruby-1.9.3-p392/bin/ruby_noexec_wrapper:14:in `<main>'
features/login.feature:17:in `Given I open '<service>' site for the opco '<opco>' in a logged out state']]>
  </failure>
  <system-out/>
  <system-err/>
</testcase>
<testcase classname="LOGIN" name="Group Login (outline example : | za | contentbackup | usual_msisdn_2 | usual_password |)" time="0.543663">
  <failure message="failed Group Login (outline example : | za | contentbackup | usual_msisdn_2 | usual_password |)" type="failed">
    <![CDATA[Scenario Outline: Group Login

Example row: | gb | music | usual_msisdn_2 | usual_password |

Message:
Example row: | ie | contacts | usual_msisdn_2 | usual_password |

Message:
Example row: | ie | nwab | usual_msisdn_2 | usual_password |

Message:
Example row: | ie | contentbackup | usual_msisdn_2 | usual_password |

Message:
Example row: | ie | music | usual_msisdn_2 | usual_password |

Message:
Example row: | it | music | usual_msisdn_2 | usual_password |

Message:
Example row: | it | contacts | usual_msisdn_2 | usual_password |

Message:
Example row: | it | nwab | usual_msisdn_2 | usual_password |

Message:
Example row: | it | contentbackup | usual_msisdn_2 | usual_password |

Message:
Example row: | it | mobileprotect | usual_msisdn_2 | usual_password |

Message:
Example row: | gr | music | usual_msisdn_2 | usual_password |

Message:
Example row: | gr | contacts | usual_msisdn_2 | usual_password |

Message:
Example row: | gr | cloud | usual_msisdn_2 | usual_password |

Message:
Example row: | gr | contentbackup | usual_msisdn_2 | usual_password |

Message:
Example row: | nl | music | usual_msisdn_2 | usual_password |

Message:
Example row: | nl | contentbackup | usual_msisdn_2 | usual_password |

Message:
Example row: | es | music | usual_msisdn_2 | usual_password |

Message:
Example row: | de | contentbackup | usual_msisdn_2 | usual_password |

Message:
Example row: | hr | contacts | usual_msisdn_2 | usual_password |

Message:
Example row: | hr | contentbackup | usual_msisdn_2 | usual_password |

Message:
Example row: | hr | mobileprotect | usual_msisdn_2 | usual_password |

Message:
Example row: | bg | contacts | usual_msisdn_2 | usual_password |

Message:
Example row: | bg | contentbackup | usual_msisdn_2 | usual_password |

Message:
Example row: | bg | mobileprotect | usual_msisdn_2 | usual_password |

Message:
Example row: | za | mobileprotect | usual_msisdn_2 | usual_password |

Message:
Example row: | za | contacts | usual_msisdn_2 | usual_password |

Message:
Example row: | za | contentbackup | usual_msisdn_2 | usual_password |

Message:
]]>
    <![CDATA[unexpected response, code=404, content-type=""
unknown command: session/61a9d9f6391e38daf5d133be8708e330/element/name (Selenium::WebDriver::Error::WebDriverError)
/usr/local/rvm/gems/ruby-1.9.3-p392/gems/selenium-webdriver-2.31.0/lib/selenium/webdriver/remote/http/common.rb:66:in `create_response'
/usr/local/rvm/gems/ruby-1.9.3-p392/gems/selenium-webdriver-2.31.0/lib/selenium/webdriver/remote/http/default.rb:66:in `request'
/usr/local/rvm/gems/ruby-1.9.3-p392/gems/selenium-webdriver-2.31.0/lib/selenium/webdriver/remote/http/common.rb:40:in `call'
/usr/local/rvm/gems/ruby-1.9.3-p392/gems/selenium-webdriver-2.31.0/lib/selenium/webdriver/remote/bridge.rb:616:in `raw_execute'
/usr/local/rvm/gems/ruby-1.9.3-p392/gems/selenium-webdriver-2.31.0/lib/selenium/webdriver/remote/bridge.rb:594:in `execute'
/usr/local/rvm/gems/ruby-1.9.3-p392/gems/selenium-webdriver-2.31.0/lib/selenium/webdriver/remote/bridge.rb:493:in `getElementTagName'
/usr/local/rvm/gems/ruby-1.9.3-p392/gems/selenium-webdriver-2.31.0/lib/selenium/webdriver/common/element.rb:68:in `tag_name'
/usr/local/rvm/gems/ruby-1.9.3-p392/gems/watir-webdriver-0.6.2/lib/watir-webdriver/locators/element_locator.rb:387:in `validate_element'
/usr/local/rvm/gems/ruby-1.9.3-p392/gems/watir-webdriver-0.6.2/lib/watir-webdriver/locators/element_locator.rb:37:in `locate'
/usr/local/rvm/gems/ruby-1.9.3-p392/gems/watir-webdriver-0.6.2/lib/watir-webdriver/elements/element.rb:509:in `locate'
/usr/local/rvm/gems/ruby-1.9.3-p392/gems/watir-webdriver-0.6.2/lib/watir-webdriver/elements/element.rb:487:in `assert_exists'
/usr/local/rvm/gems/ruby-1.9.3-p392/gems/watir-webdriver-0.6.2/lib/watir-webdriver/elements/element.rb:118:in `click'
/Users/Subhash/git/automated_tests_web_login_app/features/pages/MockServicePage.rb:13:in `visit'
/Users/Subhash/git/automated_tests_web_login_app/features/step_definitions/loginapp_steps.rb:17:in `block in <top (required)>'
/usr/local/rvm/gems/ruby-1.9.3-p392/gems/cucumber-1.2.3/lib/cucumber/core_ext/instance_exec.rb:48:in `instance_exec'
/usr/local/rvm/gems/ruby-1.9.3-p392/gems/cucumber-1.2.3/lib/cucumber/core_ext/instance_exec.rb:48:in `block in cucumber_instance_exec'
/usr/local/rvm/gems/ruby-1.9.3-p392/gems/cucumber-1.2.3/lib/cucumber/core_ext/instance_exec.rb:69:in `cucumber_run_with_backtrace_filtering'
/usr/local/rvm/gems/ruby-1.9.3-p392/gems/cucumber-1.2.3/lib/cucumber/core_ext/instance_exec.rb:36:in `cucumber_instance_exec'
/usr/local/rvm/gems/ruby-1.9.3-p392/gems/cucumber-1.2.3/lib/cucumber/rb_support/rb_step_definition.rb:97:in `invoke'
/usr/local/rvm/gems/ruby-1.9.3-p392/gems/cucumber-1.2.3/lib/cucumber/step_match.rb:25:in `invoke'
/usr/local/rvm/gems/ruby-1.9.3-p392/gems/cucumber-1.2.3/lib/cucumber/ast/step_invocation.rb:60:in `invoke'
/usr/local/rvm/gems/ruby-1.9.3-p392/gems/cucumber-1.2.3/lib/cucumber/ast/outline_table.rb:119:in `block (2 levels) in accept_plain'
/usr/local/rvm/gems/ruby-1.9.3-p392/gems/cucumber-1.2.3/lib/cucumber/ast/step_collection.rb:37:in `each'
/usr/local/rvm/gems/ruby-1.9.3-p392/gems/cucumber-1.2.3/lib/cucumber/ast/step_collection.rb:37:in `each'
/usr/local/rvm/gems/ruby-1.9.3-p392/gems/cucumber-1.2.3/lib/cucumber/ast/outline_table.rb:118:in `block in accept_plain'
/usr/local/rvm/gems/ruby-1.9.3-p392/gems/cucumber-1.2.3/lib/cucumber/runtime.rb:81:in `block (2 levels) in with_hooks'
/usr/local/rvm/gems/ruby-1.9.3-p392/gems/cucumber-1.2.3/lib/cucumber/runtime.rb:97:in `before_and_after'
/usr/local/rvm/gems/ruby-1.9.3-p392/gems/cucumber-1.2.3/lib/cucumber/runtime.rb:80:in `block in with_hooks'
/usr/local/rvm/gems/ruby-1.9.3-p392/gems/cucumber-1.2.3/lib/cucumber/runtime/support_code.rb:120:in `call'
/usr/local/rvm/gems/ruby-1.9.3-p392/gems/cucumber-1.2.3/lib/cucumber/runtime/support_code.rb:120:in `block (3 levels) in around'
/usr/local/rvm/gems/ruby-1.9.3-p392/gems/cucumber-1.2.3/lib/cucumber/language_support/language_methods.rb:9:in `block in around'
/usr/local/rvm/gems/ruby-1.9.3-p392/gems/cucumber-1.2.3/lib/cucumber/language_support/language_methods.rb:91:in `call'
/usr/local/rvm/gems/ruby-1.9.3-p392/gems/cucumber-1.2.3/lib/cucumber/language_support/language_methods.rb:91:in `execute_around'
/usr/local/rvm/gems/ruby-1.9.3-p392/gems/cucumber-1.2.3/lib/cucumber/language_support/language_methods.rb:8:in `around'
/usr/local/rvm/gems/ruby-1.9.3-p392/gems/cucumber-1.2.3/lib/cucumber/runtime/support_code.rb:119:in `block (2 levels) in around'
/usr/local/rvm/gems/ruby-1.9.3-p392/gems/cucumber-1.2.3/lib/cucumber/runtime/support_code.rb:117:in `call'
/usr/local/rvm/gems/ruby-1.9.3-p392/gems/cucumber-1.2.3/lib/cucumber/runtime/support_code.rb:117:in `around'
/usr/local/rvm/gems/ruby-1.9.3-p392/gems/cucumber-1.2.3/lib/cucumber/runtime.rb:92:in `around'
/usr/local/rvm/gems/ruby-1.9.3-p392/gems/cucumber-1.2.3/lib/cucumber/runtime.rb:79:in `with_hooks'
/usr/local/rvm/gems/ruby-1.9.3-p392/gems/cucumber-1.2.3/lib/cucumber/ast/outline_table.rb:117:in `accept_plain'
/usr/local/rvm/gems/ruby-1.9.3-p392/gems/cucumber-1.2.3/lib/cucumber/ast/outline_table.rb:107:in `accept'
/usr/local/rvm/gems/ruby-1.9.3-p392/gems/cucumber-1.2.3/lib/cucumber/ast/tree_walker.rb:131:in `block in visit_table_row'
/usr/local/rvm/gems/ruby-1.9.3-p392/gems/cucumber-1.2.3/lib/cucumber/ast/tree_walker.rb:163:in `broadcast'
/usr/local/rvm/gems/ruby-1.9.3-p392/gems/cucumber-1.2.3/lib/cucumber/ast/tree_walker.rb:130:in `visit_table_row'
/usr/local/rvm/gems/ruby-1.9.3-p392/gems/cucumber-1.2.3/lib/cucumber/ast/outline_table.rb:27:in `block in accept'
/usr/local/rvm/gems/ruby-1.9.3-p392/gems/cucumber-1.2.3/lib/cucumber/ast/outline_table.rb:23:in `each'
/usr/local/rvm/gems/ruby-1.9.3-p392/gems/cucumber-1.2.3/lib/cucumber/ast/outline_table.rb:23:in `each_with_index'
/usr/local/rvm/gems/ruby-1.9.3-p392/gems/cucumber-1.2.3/lib/cucumber/ast/outline_table.rb:23:in `accept'
/usr/local/rvm/gems/ruby-1.9.3-p392/gems/cucumber-1.2.3/lib/cucumber/ast/tree_walker.rb:83:in `block in visit_outline_table'
/usr/local/rvm/gems/ruby-1.9.3-p392/gems/cucumber-1.2.3/lib/cucumber/ast/tree_walker.rb:163:in `broadcast'
/usr/local/rvm/gems/ruby-1.9.3-p392/gems/cucumber-1.2.3/lib/cucumber/ast/tree_walker.rb:82:in `visit_outline_table'
/usr/local/rvm/gems/ruby-1.9.3-p392/gems/cucumber-1.2.3/lib/cucumber/ast/examples.rb:22:in `accept'
/usr/local/rvm/gems/ruby-1.9.3-p392/gems/cucumber-1.2.3/lib/cucumber/ast/tree_walker.rb:73:in `block in visit_examples'
/usr/local/rvm/gems/ruby-1.9.3-p392/gems/cucumber-1.2.3/lib/cucumber/ast/tree_walker.rb:163:in `broadcast'
/usr/local/rvm/gems/ruby-1.9.3-p392/gems/cucumber-1.2.3/lib/cucumber/ast/tree_walker.rb:72:in `visit_examples'
/usr/local/rvm/gems/ruby-1.9.3-p392/gems/cucumber-1.2.3/lib/cucumber/ast/scenario_outline.rb:14:in `block in accept'
/usr/local/rvm/gems/ruby-1.9.3-p392/gems/cucumber-1.2.3/lib/cucumber/ast/scenario_outline.rb:13:in `each'
/usr/local/rvm/gems/ruby-1.9.3-p392/gems/cucumber-1.2.3/lib/cucumber/ast/scenario_outline.rb:13:in `accept'
/usr/local/rvm/gems/ruby-1.9.3-p392/gems/cucumber-1.2.3/lib/cucumber/ast/tree_walker.rb:67:in `block in visit_examples_array'
/usr/local/rvm/gems/ruby-1.9.3-p392/gems/cucumber-1.2.3/lib/cucumber/ast/tree_walker.rb:163:in `broadcast'
/usr/local/rvm/gems/ruby-1.9.3-p392/gems/cucumber-1.2.3/lib/cucumber/ast/tree_walker.rb:66:in `visit_examples_array'
/usr/local/rvm/gems/ruby-1.9.3-p392/gems/cucumber-1.2.3/lib/cucumber/ast/scenario_outline.rb:68:in `accept'
/usr/local/rvm/gems/ruby-1.9.3-p392/gems/cucumber-1.2.3/lib/cucumber/ast/tree_walker.rb:51:in `block in visit_feature_element'
/usr/local/rvm/gems/ruby-1.9.3-p392/gems/cucumber-1.2.3/lib/cucumber/ast/tree_walker.rb:163:in `broadcast'
/usr/local/rvm/gems/ruby-1.9.3-p392/gems/cucumber-1.2.3/lib/cucumber/ast/tree_walker.rb:50:in `visit_feature_element'
/usr/local/rvm/gems/ruby-1.9.3-p392/gems/cucumber-1.2.3/lib/cucumber/ast/feature.rb:43:in `block in accept'
/usr/local/rvm/gems/ruby-1.9.3-p392/gems/cucumber-1.2.3/lib/cucumber/ast/feature.rb:42:in `each'
/usr/local/rvm/gems/ruby-1.9.3-p392/gems/cucumber-1.2.3/lib/cucumber/ast/feature.rb:42:in `accept'
/usr/local/rvm/gems/ruby-1.9.3-p392/gems/cucumber-1.2.3/lib/cucumber/ast/tree_walker.rb:20:in `block in visit_feature'
/usr/local/rvm/gems/ruby-1.9.3-p392/gems/cucumber-1.2.3/lib/cucumber/ast/tree_walker.rb:163:in `broadcast'
/usr/local/rvm/gems/ruby-1.9.3-p392/gems/cucumber-1.2.3/lib/cucumber/ast/tree_walker.rb:19:in `visit_feature'
/usr/local/rvm/gems/ruby-1.9.3-p392/gems/cucumber-1.2.3/lib/cucumber/ast/features.rb:29:in `block in accept'
/usr/local/rvm/gems/ruby-1.9.3-p392/gems/cucumber-1.2.3/lib/cucumber/ast/features.rb:17:in `each'
/usr/local/rvm/gems/ruby-1.9.3-p392/gems/cucumber-1.2.3/lib/cucumber/ast/features.rb:17:in `each'
/usr/local/rvm/gems/ruby-1.9.3-p392/gems/cucumber-1.2.3/lib/cucumber/ast/features.rb:28:in `accept'
/usr/local/rvm/gems/ruby-1.9.3-p392/gems/cucumber-1.2.3/lib/cucumber/ast/tree_walker.rb:14:in `block in visit_features'
/usr/local/rvm/gems/ruby-1.9.3-p392/gems/cucumber-1.2.3/lib/cucumber/ast/tree_walker.rb:163:in `broadcast'
/usr/local/rvm/gems/ruby-1.9.3-p392/gems/cucumber-1.2.3/lib/cucumber/ast/tree_walker.rb:13:in `visit_features'
/usr/local/rvm/gems/ruby-1.9.3-p392/gems/cucumber-1.2.3/lib/cucumber/runtime.rb:47:in `run!'
/usr/local/rvm/gems/ruby-1.9.3-p392/gems/cucumber-1.2.3/lib/cucumber/cli/main.rb:43:in `execute!'
/usr/local/rvm/gems/ruby-1.9.3-p392/gems/cucumber-1.2.3/lib/cucumber/cli/main.rb:20:in `execute'
/usr/local/rvm/gems/ruby-1.9.3-p392/gems/cucumber-1.2.3/bin/cucumber:14:in `<top (required)>'
/usr/local/rvm/gems/ruby-1.9.3-p392/bin/cucumber:19:in `load'
/usr/local/rvm/gems/ruby-1.9.3-p392/bin/cucumber:19:in `<main>'
/usr/local/rvm/gems/ruby-1.9.3-p392/bin/ruby_noexec_wrapper:14:in `eval'
/usr/local/rvm/gems/ruby-1.9.3-p392/bin/ruby_noexec_wrapper:14:in `<main>'
features/login.feature:17:in `Given I open '<service>' site for the opco '<opco>' in a logged out state']]>
  </failure>
  <system-out/>
  <system-err/>
</testcase>
<testcase classname="LOGIN" name="Group Logout (outline example : | gb | music | usual_msisdn_2 | usual_password |)" time="0.464343">
  <failure message="failed Group Logout (outline example : | gb | music | usual_msisdn_2 | usual_password |)" type="failed">
    <![CDATA[Scenario Outline: Group Logout

Example row: | gb | music | usual_msisdn_2 | usual_password |

Message:
]]>
    <![CDATA[unexpected response, code=404, content-type=""
unknown command: session/61a9d9f6391e38daf5d133be8708e330/element/name (Selenium::WebDriver::Error::WebDriverError)
/usr/local/rvm/gems/ruby-1.9.3-p392/gems/selenium-webdriver-2.31.0/lib/selenium/webdriver/remote/http/common.rb:66:in `create_response'
/usr/local/rvm/gems/ruby-1.9.3-p392/gems/selenium-webdriver-2.31.0/lib/selenium/webdriver/remote/http/default.rb:66:in `request'
/usr/local/rvm/gems/ruby-1.9.3-p392/gems/selenium-webdriver-2.31.0/lib/selenium/webdriver/remote/http/common.rb:40:in `call'
/usr/local/rvm/gems/ruby-1.9.3-p392/gems/selenium-webdriver-2.31.0/lib/selenium/webdriver/remote/bridge.rb:616:in `raw_execute'
/usr/local/rvm/gems/ruby-1.9.3-p392/gems/selenium-webdriver-2.31.0/lib/selenium/webdriver/remote/bridge.rb:594:in `execute'
/usr/local/rvm/gems/ruby-1.9.3-p392/gems/selenium-webdriver-2.31.0/lib/selenium/webdriver/remote/bridge.rb:493:in `getElementTagName'
/usr/local/rvm/gems/ruby-1.9.3-p392/gems/selenium-webdriver-2.31.0/lib/selenium/webdriver/common/element.rb:68:in `tag_name'
/usr/local/rvm/gems/ruby-1.9.3-p392/gems/watir-webdriver-0.6.2/lib/watir-webdriver/locators/element_locator.rb:387:in `validate_element'
/usr/local/rvm/gems/ruby-1.9.3-p392/gems/watir-webdriver-0.6.2/lib/watir-webdriver/locators/element_locator.rb:37:in `locate'
/usr/local/rvm/gems/ruby-1.9.3-p392/gems/watir-webdriver-0.6.2/lib/watir-webdriver/elements/element.rb:509:in `locate'
/usr/local/rvm/gems/ruby-1.9.3-p392/gems/watir-webdriver-0.6.2/lib/watir-webdriver/elements/element.rb:487:in `assert_exists'
/usr/local/rvm/gems/ruby-1.9.3-p392/gems/watir-webdriver-0.6.2/lib/watir-webdriver/elements/element.rb:118:in `click'
/Users/Subhash/git/automated_tests_web_login_app/features/pages/MockServicePage.rb:13:in `visit'
/Users/Subhash/git/automated_tests_web_login_app/features/step_definitions/loginapp_steps.rb:17:in `block in <top (required)>'
/usr/local/rvm/gems/ruby-1.9.3-p392/gems/cucumber-1.2.3/lib/cucumber/core_ext/instance_exec.rb:48:in `instance_exec'
/usr/local/rvm/gems/ruby-1.9.3-p392/gems/cucumber-1.2.3/lib/cucumber/core_ext/instance_exec.rb:48:in `block in cucumber_instance_exec'
/usr/local/rvm/gems/ruby-1.9.3-p392/gems/cucumber-1.2.3/lib/cucumber/core_ext/instance_exec.rb:69:in `cucumber_run_with_backtrace_filtering'
/usr/local/rvm/gems/ruby-1.9.3-p392/gems/cucumber-1.2.3/lib/cucumber/core_ext/instance_exec.rb:36:in `cucumber_instance_exec'
/usr/local/rvm/gems/ruby-1.9.3-p392/gems/cucumber-1.2.3/lib/cucumber/rb_support/rb_step_definition.rb:97:in `invoke'
/usr/local/rvm/gems/ruby-1.9.3-p392/gems/cucumber-1.2.3/lib/cucumber/step_match.rb:25:in `invoke'
/usr/local/rvm/gems/ruby-1.9.3-p392/gems/cucumber-1.2.3/lib/cucumber/ast/step_invocation.rb:60:in `invoke'
/usr/local/rvm/gems/ruby-1.9.3-p392/gems/cucumber-1.2.3/lib/cucumber/ast/outline_table.rb:119:in `block (2 levels) in accept_plain'
/usr/local/rvm/gems/ruby-1.9.3-p392/gems/cucumber-1.2.3/lib/cucumber/ast/step_collection.rb:37:in `each'
/usr/local/rvm/gems/ruby-1.9.3-p392/gems/cucumber-1.2.3/lib/cucumber/ast/step_collection.rb:37:in `each'
/usr/local/rvm/gems/ruby-1.9.3-p392/gems/cucumber-1.2.3/lib/cucumber/ast/outline_table.rb:118:in `block in accept_plain'
/usr/local/rvm/gems/ruby-1.9.3-p392/gems/cucumber-1.2.3/lib/cucumber/runtime.rb:81:in `block (2 levels) in with_hooks'
/usr/local/rvm/gems/ruby-1.9.3-p392/gems/cucumber-1.2.3/lib/cucumber/runtime.rb:97:in `before_and_after'
/usr/local/rvm/gems/ruby-1.9.3-p392/gems/cucumber-1.2.3/lib/cucumber/runtime.rb:80:in `block in with_hooks'
/usr/local/rvm/gems/ruby-1.9.3-p392/gems/cucumber-1.2.3/lib/cucumber/runtime/support_code.rb:120:in `call'
/usr/local/rvm/gems/ruby-1.9.3-p392/gems/cucumber-1.2.3/lib/cucumber/runtime/support_code.rb:120:in `block (3 levels) in around'
/usr/local/rvm/gems/ruby-1.9.3-p392/gems/cucumber-1.2.3/lib/cucumber/language_support/language_methods.rb:9:in `block in around'
/usr/local/rvm/gems/ruby-1.9.3-p392/gems/cucumber-1.2.3/lib/cucumber/language_support/language_methods.rb:91:in `call'
/usr/local/rvm/gems/ruby-1.9.3-p392/gems/cucumber-1.2.3/lib/cucumber/language_support/language_methods.rb:91:in `execute_around'
/usr/local/rvm/gems/ruby-1.9.3-p392/gems/cucumber-1.2.3/lib/cucumber/language_support/language_methods.rb:8:in `around'
/usr/local/rvm/gems/ruby-1.9.3-p392/gems/cucumber-1.2.3/lib/cucumber/runtime/support_code.rb:119:in `block (2 levels) in around'
/usr/local/rvm/gems/ruby-1.9.3-p392/gems/cucumber-1.2.3/lib/cucumber/runtime/support_code.rb:117:in `call'
/usr/local/rvm/gems/ruby-1.9.3-p392/gems/cucumber-1.2.3/lib/cucumber/runtime/support_code.rb:117:in `around'
/usr/local/rvm/gems/ruby-1.9.3-p392/gems/cucumber-1.2.3/lib/cucumber/runtime.rb:92:in `around'
/usr/local/rvm/gems/ruby-1.9.3-p392/gems/cucumber-1.2.3/lib/cucumber/runtime.rb:79:in `with_hooks'
/usr/local/rvm/gems/ruby-1.9.3-p392/gems/cucumber-1.2.3/lib/cucumber/ast/outline_table.rb:117:in `accept_plain'
/usr/local/rvm/gems/ruby-1.9.3-p392/gems/cucumber-1.2.3/lib/cucumber/ast/outline_table.rb:107:in `accept'
/usr/local/rvm/gems/ruby-1.9.3-p392/gems/cucumber-1.2.3/lib/cucumber/ast/tree_walker.rb:131:in `block in visit_table_row'
/usr/local/rvm/gems/ruby-1.9.3-p392/gems/cucumber-1.2.3/lib/cucumber/ast/tree_walker.rb:163:in `broadcast'
/usr/local/rvm/gems/ruby-1.9.3-p392/gems/cucumber-1.2.3/lib/cucumber/ast/tree_walker.rb:130:in `visit_table_row'
/usr/local/rvm/gems/ruby-1.9.3-p392/gems/cucumber-1.2.3/lib/cucumber/ast/outline_table.rb:27:in `block in accept'
/usr/local/rvm/gems/ruby-1.9.3-p392/gems/cucumber-1.2.3/lib/cucumber/ast/outline_table.rb:23:in `each'
/usr/local/rvm/gems/ruby-1.9.3-p392/gems/cucumber-1.2.3/lib/cucumber/ast/outline_table.rb:23:in `each_with_index'
/usr/local/rvm/gems/ruby-1.9.3-p392/gems/cucumber-1.2.3/lib/cucumber/ast/outline_table.rb:23:in `accept'
/usr/local/rvm/gems/ruby-1.9.3-p392/gems/cucumber-1.2.3/lib/cucumber/ast/tree_walker.rb:83:in `block in visit_outline_table'
/usr/local/rvm/gems/ruby-1.9.3-p392/gems/cucumber-1.2.3/lib/cucumber/ast/tree_walker.rb:163:in `broadcast'
/usr/local/rvm/gems/ruby-1.9.3-p392/gems/cucumber-1.2.3/lib/cucumber/ast/tree_walker.rb:82:in `visit_outline_table'
/usr/local/rvm/gems/ruby-1.9.3-p392/gems/cucumber-1.2.3/lib/cucumber/ast/examples.rb:22:in `accept'
/usr/local/rvm/gems/ruby-1.9.3-p392/gems/cucumber-1.2.3/lib/cucumber/ast/tree_walker.rb:73:in `block in visit_examples'
/usr/local/rvm/gems/ruby-1.9.3-p392/gems/cucumber-1.2.3/lib/cucumber/ast/tree_walker.rb:163:in `broadcast'
/usr/local/rvm/gems/ruby-1.9.3-p392/gems/cucumber-1.2.3/lib/cucumber/ast/tree_walker.rb:72:in `visit_examples'
/usr/local/rvm/gems/ruby-1.9.3-p392/gems/cucumber-1.2.3/lib/cucumber/ast/scenario_outline.rb:14:in `block in accept'
/usr/local/rvm/gems/ruby-1.9.3-p392/gems/cucumber-1.2.3/lib/cucumber/ast/scenario_outline.rb:13:in `each'
/usr/local/rvm/gems/ruby-1.9.3-p392/gems/cucumber-1.2.3/lib/cucumber/ast/scenario_outline.rb:13:in `accept'
/usr/local/rvm/gems/ruby-1.9.3-p392/gems/cucumber-1.2.3/lib/cucumber/ast/tree_walker.rb:67:in `block in visit_examples_array'
/usr/local/rvm/gems/ruby-1.9.3-p392/gems/cucumber-1.2.3/lib/cucumber/ast/tree_walker.rb:163:in `broadcast'
/usr/local/rvm/gems/ruby-1.9.3-p392/gems/cucumber-1.2.3/lib/cucumber/ast/tree_walker.rb:66:in `visit_examples_array'
/usr/local/rvm/gems/ruby-1.9.3-p392/gems/cucumber-1.2.3/lib/cucumber/ast/scenario_outline.rb:68:in `accept'
/usr/local/rvm/gems/ruby-1.9.3-p392/gems/cucumber-1.2.3/lib/cucumber/ast/tree_walker.rb:51:in `block in visit_feature_element'
/usr/local/rvm/gems/ruby-1.9.3-p392/gems/cucumber-1.2.3/lib/cucumber/ast/tree_walker.rb:163:in `broadcast'
/usr/local/rvm/gems/ruby-1.9.3-p392/gems/cucumber-1.2.3/lib/cucumber/ast/tree_walker.rb:50:in `visit_feature_element'
/usr/local/rvm/gems/ruby-1.9.3-p392/gems/cucumber-1.2.3/lib/cucumber/ast/feature.rb:43:in `block in accept'
/usr/local/rvm/gems/ruby-1.9.3-p392/gems/cucumber-1.2.3/lib/cucumber/ast/feature.rb:42:in `each'
/usr/local/rvm/gems/ruby-1.9.3-p392/gems/cucumber-1.2.3/lib/cucumber/ast/feature.rb:42:in `accept'
/usr/local/rvm/gems/ruby-1.9.3-p392/gems/cucumber-1.2.3/lib/cucumber/ast/tree_walker.rb:20:in `block in visit_feature'
/usr/local/rvm/gems/ruby-1.9.3-p392/gems/cucumber-1.2.3/lib/cucumber/ast/tree_walker.rb:163:in `broadcast'
/usr/local/rvm/gems/ruby-1.9.3-p392/gems/cucumber-1.2.3/lib/cucumber/ast/tree_walker.rb:19:in `visit_feature'
/usr/local/rvm/gems/ruby-1.9.3-p392/gems/cucumber-1.2.3/lib/cucumber/ast/features.rb:29:in `block in accept'
/usr/local/rvm/gems/ruby-1.9.3-p392/gems/cucumber-1.2.3/lib/cucumber/ast/features.rb:17:in `each'
/usr/local/rvm/gems/ruby-1.9.3-p392/gems/cucumber-1.2.3/lib/cucumber/ast/features.rb:17:in `each'
/usr/local/rvm/gems/ruby-1.9.3-p392/gems/cucumber-1.2.3/lib/cucumber/ast/features.rb:28:in `accept'
/usr/local/rvm/gems/ruby-1.9.3-p392/gems/cucumber-1.2.3/lib/cucumber/ast/tree_walker.rb:14:in `block in visit_features'
/usr/local/rvm/gems/ruby-1.9.3-p392/gems/cucumber-1.2.3/lib/cucumber/ast/tree_walker.rb:163:in `broadcast'
/usr/local/rvm/gems/ruby-1.9.3-p392/gems/cucumber-1.2.3/lib/cucumber/ast/tree_walker.rb:13:in `visit_features'
/usr/local/rvm/gems/ruby-1.9.3-p392/gems/cucumber-1.2.3/lib/cucumber/runtime.rb:47:in `run!'
/usr/local/rvm/gems/ruby-1.9.3-p392/gems/cucumber-1.2.3/lib/cucumber/cli/main.rb:43:in `execute!'
/usr/local/rvm/gems/ruby-1.9.3-p392/gems/cucumber-1.2.3/lib/cucumber/cli/main.rb:20:in `execute'
/usr/local/rvm/gems/ruby-1.9.3-p392/gems/cucumber-1.2.3/bin/cucumber:14:in `<top (required)>'
/usr/local/rvm/gems/ruby-1.9.3-p392/bin/cucumber:19:in `load'
/usr/local/rvm/gems/ruby-1.9.3-p392/bin/cucumber:19:in `<main>'
/usr/local/rvm/gems/ruby-1.9.3-p392/bin/ruby_noexec_wrapper:14:in `eval'
/usr/local/rvm/gems/ruby-1.9.3-p392/bin/ruby_noexec_wrapper:14:in `<main>'
features/login.feature:64:in `Given I open '<service>' site for the opco '<opco>' in a logged out state']]>
  </failure>
  <system-out/>
  <system-err/>
</testcase>
<testcase classname="LOGIN" name="Group Logout (outline example : | ie | contacts | usual_msisdn_2 | usual_password |)" time="0.415766">
  <failure message="failed Group Logout (outline example : | ie | contacts | usual_msisdn_2 | usual_password |)" type="failed">
    <![CDATA[Scenario Outline: Group Logout

Example row: | gb | music | usual_msisdn_2 | usual_password |

Message:
Example row: | ie | contacts | usual_msisdn_2 | usual_password |

Message:
]]>
    <![CDATA[unexpected response, code=404, content-type=""
unknown command: session/61a9d9f6391e38daf5d133be8708e330/element/name (Selenium::WebDriver::Error::WebDriverError)
/usr/local/rvm/gems/ruby-1.9.3-p392/gems/selenium-webdriver-2.31.0/lib/selenium/webdriver/remote/http/common.rb:66:in `create_response'
/usr/local/rvm/gems/ruby-1.9.3-p392/gems/selenium-webdriver-2.31.0/lib/selenium/webdriver/remote/http/default.rb:66:in `request'
/usr/local/rvm/gems/ruby-1.9.3-p392/gems/selenium-webdriver-2.31.0/lib/selenium/webdriver/remote/http/common.rb:40:in `call'
/usr/local/rvm/gems/ruby-1.9.3-p392/gems/selenium-webdriver-2.31.0/lib/selenium/webdriver/remote/bridge.rb:616:in `raw_execute'
/usr/local/rvm/gems/ruby-1.9.3-p392/gems/selenium-webdriver-2.31.0/lib/selenium/webdriver/remote/bridge.rb:594:in `execute'
/usr/local/rvm/gems/ruby-1.9.3-p392/gems/selenium-webdriver-2.31.0/lib/selenium/webdriver/remote/bridge.rb:493:in `getElementTagName'
/usr/local/rvm/gems/ruby-1.9.3-p392/gems/selenium-webdriver-2.31.0/lib/selenium/webdriver/common/element.rb:68:in `tag_name'
/usr/local/rvm/gems/ruby-1.9.3-p392/gems/watir-webdriver-0.6.2/lib/watir-webdriver/locators/element_locator.rb:387:in `validate_element'
/usr/local/rvm/gems/ruby-1.9.3-p392/gems/watir-webdriver-0.6.2/lib/watir-webdriver/locators/element_locator.rb:37:in `locate'
/usr/local/rvm/gems/ruby-1.9.3-p392/gems/watir-webdriver-0.6.2/lib/watir-webdriver/elements/element.rb:509:in `locate'
/usr/local/rvm/gems/ruby-1.9.3-p392/gems/watir-webdriver-0.6.2/lib/watir-webdriver/elements/element.rb:487:in `assert_exists'
/usr/local/rvm/gems/ruby-1.9.3-p392/gems/watir-webdriver-0.6.2/lib/watir-webdriver/elements/element.rb:118:in `click'
/Users/Subhash/git/automated_tests_web_login_app/features/pages/MockServicePage.rb:13:in `visit'
/Users/Subhash/git/automated_tests_web_login_app/features/step_definitions/loginapp_steps.rb:17:in `block in <top (required)>'
/usr/local/rvm/gems/ruby-1.9.3-p392/gems/cucumber-1.2.3/lib/cucumber/core_ext/instance_exec.rb:48:in `instance_exec'
/usr/local/rvm/gems/ruby-1.9.3-p392/gems/cucumber-1.2.3/lib/cucumber/core_ext/instance_exec.rb:48:in `block in cucumber_instance_exec'
/usr/local/rvm/gems/ruby-1.9.3-p392/gems/cucumber-1.2.3/lib/cucumber/core_ext/instance_exec.rb:69:in `cucumber_run_with_backtrace_filtering'
/usr/local/rvm/gems/ruby-1.9.3-p392/gems/cucumber-1.2.3/lib/cucumber/core_ext/instance_exec.rb:36:in `cucumber_instance_exec'
/usr/local/rvm/gems/ruby-1.9.3-p392/gems/cucumber-1.2.3/lib/cucumber/rb_support/rb_step_definition.rb:97:in `invoke'
/usr/local/rvm/gems/ruby-1.9.3-p392/gems/cucumber-1.2.3/lib/cucumber/step_match.rb:25:in `invoke'
/usr/local/rvm/gems/ruby-1.9.3-p392/gems/cucumber-1.2.3/lib/cucumber/ast/step_invocation.rb:60:in `invoke'
/usr/local/rvm/gems/ruby-1.9.3-p392/gems/cucumber-1.2.3/lib/cucumber/ast/outline_table.rb:119:in `block (2 levels) in accept_plain'
/usr/local/rvm/gems/ruby-1.9.3-p392/gems/cucumber-1.2.3/lib/cucumber/ast/step_collection.rb:37:in `each'
/usr/local/rvm/gems/ruby-1.9.3-p392/gems/cucumber-1.2.3/lib/cucumber/ast/step_collection.rb:37:in `each'
/usr/local/rvm/gems/ruby-1.9.3-p392/gems/cucumber-1.2.3/lib/cucumber/ast/outline_table.rb:118:in `block in accept_plain'
/usr/local/rvm/gems/ruby-1.9.3-p392/gems/cucumber-1.2.3/lib/cucumber/runtime.rb:81:in `block (2 levels) in with_hooks'
/usr/local/rvm/gems/ruby-1.9.3-p392/gems/cucumber-1.2.3/lib/cucumber/runtime.rb:97:in `before_and_after'
/usr/local/rvm/gems/ruby-1.9.3-p392/gems/cucumber-1.2.3/lib/cucumber/runtime.rb:80:in `block in with_hooks'
/usr/local/rvm/gems/ruby-1.9.3-p392/gems/cucumber-1.2.3/lib/cucumber/runtime/support_code.rb:120:in `call'
/usr/local/rvm/gems/ruby-1.9.3-p392/gems/cucumber-1.2.3/lib/cucumber/runtime/support_code.rb:120:in `block (3 levels) in around'
/usr/local/rvm/gems/ruby-1.9.3-p392/gems/cucumber-1.2.3/lib/cucumber/language_support/language_methods.rb:9:in `block in around'
/usr/local/rvm/gems/ruby-1.9.3-p392/gems/cucumber-1.2.3/lib/cucumber/language_support/language_methods.rb:91:in `call'
/usr/local/rvm/gems/ruby-1.9.3-p392/gems/cucumber-1.2.3/lib/cucumber/language_support/language_methods.rb:91:in `execute_around'
/usr/local/rvm/gems/ruby-1.9.3-p392/gems/cucumber-1.2.3/lib/cucumber/language_support/language_methods.rb:8:in `around'
/usr/local/rvm/gems/ruby-1.9.3-p392/gems/cucumber-1.2.3/lib/cucumber/runtime/support_code.rb:119:in `block (2 levels) in around'
/usr/local/rvm/gems/ruby-1.9.3-p392/gems/cucumber-1.2.3/lib/cucumber/runtime/support_code.rb:117:in `call'
/usr/local/rvm/gems/ruby-1.9.3-p392/gems/cucumber-1.2.3/lib/cucumber/runtime/support_code.rb:117:in `around'
/usr/local/rvm/gems/ruby-1.9.3-p392/gems/cucumber-1.2.3/lib/cucumber/runtime.rb:92:in `around'
/usr/local/rvm/gems/ruby-1.9.3-p392/gems/cucumber-1.2.3/lib/cucumber/runtime.rb:79:in `with_hooks'
/usr/local/rvm/gems/ruby-1.9.3-p392/gems/cucumber-1.2.3/lib/cucumber/ast/outline_table.rb:117:in `accept_plain'
/usr/local/rvm/gems/ruby-1.9.3-p392/gems/cucumber-1.2.3/lib/cucumber/ast/outline_table.rb:107:in `accept'
/usr/local/rvm/gems/ruby-1.9.3-p392/gems/cucumber-1.2.3/lib/cucumber/ast/tree_walker.rb:131:in `block in visit_table_row'
/usr/local/rvm/gems/ruby-1.9.3-p392/gems/cucumber-1.2.3/lib/cucumber/ast/tree_walker.rb:163:in `broadcast'
/usr/local/rvm/gems/ruby-1.9.3-p392/gems/cucumber-1.2.3/lib/cucumber/ast/tree_walker.rb:130:in `visit_table_row'
/usr/local/rvm/gems/ruby-1.9.3-p392/gems/cucumber-1.2.3/lib/cucumber/ast/outline_table.rb:27:in `block in accept'
/usr/local/rvm/gems/ruby-1.9.3-p392/gems/cucumber-1.2.3/lib/cucumber/ast/outline_table.rb:23:in `each'
/usr/local/rvm/gems/ruby-1.9.3-p392/gems/cucumber-1.2.3/lib/cucumber/ast/outline_table.rb:23:in `each_with_index'
/usr/local/rvm/gems/ruby-1.9.3-p392/gems/cucumber-1.2.3/lib/cucumber/ast/outline_table.rb:23:in `accept'
/usr/local/rvm/gems/ruby-1.9.3-p392/gems/cucumber-1.2.3/lib/cucumber/ast/tree_walker.rb:83:in `block in visit_outline_table'
/usr/local/rvm/gems/ruby-1.9.3-p392/gems/cucumber-1.2.3/lib/cucumber/ast/tree_walker.rb:163:in `broadcast'
/usr/local/rvm/gems/ruby-1.9.3-p392/gems/cucumber-1.2.3/lib/cucumber/ast/tree_walker.rb:82:in `visit_outline_table'
/usr/local/rvm/gems/ruby-1.9.3-p392/gems/cucumber-1.2.3/lib/cucumber/ast/examples.rb:22:in `accept'
/usr/local/rvm/gems/ruby-1.9.3-p392/gems/cucumber-1.2.3/lib/cucumber/ast/tree_walker.rb:73:in `block in visit_examples'
/usr/local/rvm/gems/ruby-1.9.3-p392/gems/cucumber-1.2.3/lib/cucumber/ast/tree_walker.rb:163:in `broadcast'
/usr/local/rvm/gems/ruby-1.9.3-p392/gems/cucumber-1.2.3/lib/cucumber/ast/tree_walker.rb:72:in `visit_examples'
/usr/local/rvm/gems/ruby-1.9.3-p392/gems/cucumber-1.2.3/lib/cucumber/ast/scenario_outline.rb:14:in `block in accept'
/usr/local/rvm/gems/ruby-1.9.3-p392/gems/cucumber-1.2.3/lib/cucumber/ast/scenario_outline.rb:13:in `each'
/usr/local/rvm/gems/ruby-1.9.3-p392/gems/cucumber-1.2.3/lib/cucumber/ast/scenario_outline.rb:13:in `accept'
/usr/local/rvm/gems/ruby-1.9.3-p392/gems/cucumber-1.2.3/lib/cucumber/ast/tree_walker.rb:67:in `block in visit_examples_array'
/usr/local/rvm/gems/ruby-1.9.3-p392/gems/cucumber-1.2.3/lib/cucumber/ast/tree_walker.rb:163:in `broadcast'
/usr/local/rvm/gems/ruby-1.9.3-p392/gems/cucumber-1.2.3/lib/cucumber/ast/tree_walker.rb:66:in `visit_examples_array'
/usr/local/rvm/gems/ruby-1.9.3-p392/gems/cucumber-1.2.3/lib/cucumber/ast/scenario_outline.rb:68:in `accept'
/usr/local/rvm/gems/ruby-1.9.3-p392/gems/cucumber-1.2.3/lib/cucumber/ast/tree_walker.rb:51:in `block in visit_feature_element'
/usr/local/rvm/gems/ruby-1.9.3-p392/gems/cucumber-1.2.3/lib/cucumber/ast/tree_walker.rb:163:in `broadcast'
/usr/local/rvm/gems/ruby-1.9.3-p392/gems/cucumber-1.2.3/lib/cucumber/ast/tree_walker.rb:50:in `visit_feature_element'
/usr/local/rvm/gems/ruby-1.9.3-p392/gems/cucumber-1.2.3/lib/cucumber/ast/feature.rb:43:in `block in accept'
/usr/local/rvm/gems/ruby-1.9.3-p392/gems/cucumber-1.2.3/lib/cucumber/ast/feature.rb:42:in `each'
/usr/local/rvm/gems/ruby-1.9.3-p392/gems/cucumber-1.2.3/lib/cucumber/ast/feature.rb:42:in `accept'
/usr/local/rvm/gems/ruby-1.9.3-p392/gems/cucumber-1.2.3/lib/cucumber/ast/tree_walker.rb:20:in `block in visit_feature'
/usr/local/rvm/gems/ruby-1.9.3-p392/gems/cucumber-1.2.3/lib/cucumber/ast/tree_walker.rb:163:in `broadcast'
/usr/local/rvm/gems/ruby-1.9.3-p392/gems/cucumber-1.2.3/lib/cucumber/ast/tree_walker.rb:19:in `visit_feature'
/usr/local/rvm/gems/ruby-1.9.3-p392/gems/cucumber-1.2.3/lib/cucumber/ast/features.rb:29:in `block in accept'
/usr/local/rvm/gems/ruby-1.9.3-p392/gems/cucumber-1.2.3/lib/cucumber/ast/features.rb:17:in `each'
/usr/local/rvm/gems/ruby-1.9.3-p392/gems/cucumber-1.2.3/lib/cucumber/ast/features.rb:17:in `each'
/usr/local/rvm/gems/ruby-1.9.3-p392/gems/cucumber-1.2.3/lib/cucumber/ast/features.rb:28:in `accept'
/usr/local/rvm/gems/ruby-1.9.3-p392/gems/cucumber-1.2.3/lib/cucumber/ast/tree_walker.rb:14:in `block in visit_features'
/usr/local/rvm/gems/ruby-1.9.3-p392/gems/cucumber-1.2.3/lib/cucumber/ast/tree_walker.rb:163:in `broadcast'
/usr/local/rvm/gems/ruby-1.9.3-p392/gems/cucumber-1.2.3/lib/cucumber/ast/tree_walker.rb:13:in `visit_features'
/usr/local/rvm/gems/ruby-1.9.3-p392/gems/cucumber-1.2.3/lib/cucumber/runtime.rb:47:in `run!'
/usr/local/rvm/gems/ruby-1.9.3-p392/gems/cucumber-1.2.3/lib/cucumber/cli/main.rb:43:in `execute!'
/usr/local/rvm/gems/ruby-1.9.3-p392/gems/cucumber-1.2.3/lib/cucumber/cli/main.rb:20:in `execute'
/usr/local/rvm/gems/ruby-1.9.3-p392/gems/cucumber-1.2.3/bin/cucumber:14:in `<top (required)>'
/usr/local/rvm/gems/ruby-1.9.3-p392/bin/cucumber:19:in `load'
/usr/local/rvm/gems/ruby-1.9.3-p392/bin/cucumber:19:in `<main>'
/usr/local/rvm/gems/ruby-1.9.3-p392/bin/ruby_noexec_wrapper:14:in `eval'
/usr/local/rvm/gems/ruby-1.9.3-p392/bin/ruby_noexec_wrapper:14:in `<main>'
features/login.feature:64:in `Given I open '<service>' site for the opco '<opco>' in a logged out state']]>
  </failure>
  <system-out/>
  <system-err/>
</testcase>
<testcase classname="LOGIN" name="Group Logout (outline example : | ie | nwab | usual_msisdn_2 | usual_password |)" time="0.432515">
  <failure message="failed Group Logout (outline example : | ie | nwab | usual_msisdn_2 | usual_password |)" type="failed">
    <![CDATA[Scenario Outline: Group Logout

Example row: | gb | music | usual_msisdn_2 | usual_password |

Message:
Example row: | ie | contacts | usual_msisdn_2 | usual_password |

Message:
Example row: | ie | nwab | usual_msisdn_2 | usual_password |

Message:
]]>
    <![CDATA[unexpected response, code=404, content-type=""
unknown command: session/61a9d9f6391e38daf5d133be8708e330/element/name (Selenium::WebDriver::Error::WebDriverError)
/usr/local/rvm/gems/ruby-1.9.3-p392/gems/selenium-webdriver-2.31.0/lib/selenium/webdriver/remote/http/common.rb:66:in `create_response'
/usr/local/rvm/gems/ruby-1.9.3-p392/gems/selenium-webdriver-2.31.0/lib/selenium/webdriver/remote/http/default.rb:66:in `request'
/usr/local/rvm/gems/ruby-1.9.3-p392/gems/selenium-webdriver-2.31.0/lib/selenium/webdriver/remote/http/common.rb:40:in `call'
/usr/local/rvm/gems/ruby-1.9.3-p392/gems/selenium-webdriver-2.31.0/lib/selenium/webdriver/remote/bridge.rb:616:in `raw_execute'
/usr/local/rvm/gems/ruby-1.9.3-p392/gems/selenium-webdriver-2.31.0/lib/selenium/webdriver/remote/bridge.rb:594:in `execute'
/usr/local/rvm/gems/ruby-1.9.3-p392/gems/selenium-webdriver-2.31.0/lib/selenium/webdriver/remote/bridge.rb:493:in `getElementTagName'
/usr/local/rvm/gems/ruby-1.9.3-p392/gems/selenium-webdriver-2.31.0/lib/selenium/webdriver/common/element.rb:68:in `tag_name'
/usr/local/rvm/gems/ruby-1.9.3-p392/gems/watir-webdriver-0.6.2/lib/watir-webdriver/locators/element_locator.rb:387:in `validate_element'
/usr/local/rvm/gems/ruby-1.9.3-p392/gems/watir-webdriver-0.6.2/lib/watir-webdriver/locators/element_locator.rb:37:in `locate'
/usr/local/rvm/gems/ruby-1.9.3-p392/gems/watir-webdriver-0.6.2/lib/watir-webdriver/elements/element.rb:509:in `locate'
/usr/local/rvm/gems/ruby-1.9.3-p392/gems/watir-webdriver-0.6.2/lib/watir-webdriver/elements/element.rb:487:in `assert_exists'
/usr/local/rvm/gems/ruby-1.9.3-p392/gems/watir-webdriver-0.6.2/lib/watir-webdriver/elements/element.rb:118:in `click'
/Users/Subhash/git/automated_tests_web_login_app/features/pages/MockServicePage.rb:13:in `visit'
/Users/Subhash/git/automated_tests_web_login_app/features/step_definitions/loginapp_steps.rb:17:in `block in <top (required)>'
/usr/local/rvm/gems/ruby-1.9.3-p392/gems/cucumber-1.2.3/lib/cucumber/core_ext/instance_exec.rb:48:in `instance_exec'
/usr/local/rvm/gems/ruby-1.9.3-p392/gems/cucumber-1.2.3/lib/cucumber/core_ext/instance_exec.rb:48:in `block in cucumber_instance_exec'
/usr/local/rvm/gems/ruby-1.9.3-p392/gems/cucumber-1.2.3/lib/cucumber/core_ext/instance_exec.rb:69:in `cucumber_run_with_backtrace_filtering'
/usr/local/rvm/gems/ruby-1.9.3-p392/gems/cucumber-1.2.3/lib/cucumber/core_ext/instance_exec.rb:36:in `cucumber_instance_exec'
/usr/local/rvm/gems/ruby-1.9.3-p392/gems/cucumber-1.2.3/lib/cucumber/rb_support/rb_step_definition.rb:97:in `invoke'
/usr/local/rvm/gems/ruby-1.9.3-p392/gems/cucumber-1.2.3/lib/cucumber/step_match.rb:25:in `invoke'
/usr/local/rvm/gems/ruby-1.9.3-p392/gems/cucumber-1.2.3/lib/cucumber/ast/step_invocation.rb:60:in `invoke'
/usr/local/rvm/gems/ruby-1.9.3-p392/gems/cucumber-1.2.3/lib/cucumber/ast/outline_table.rb:119:in `block (2 levels) in accept_plain'
/usr/local/rvm/gems/ruby-1.9.3-p392/gems/cucumber-1.2.3/lib/cucumber/ast/step_collection.rb:37:in `each'
/usr/local/rvm/gems/ruby-1.9.3-p392/gems/cucumber-1.2.3/lib/cucumber/ast/step_collection.rb:37:in `each'
/usr/local/rvm/gems/ruby-1.9.3-p392/gems/cucumber-1.2.3/lib/cucumber/ast/outline_table.rb:118:in `block in accept_plain'
/usr/local/rvm/gems/ruby-1.9.3-p392/gems/cucumber-1.2.3/lib/cucumber/runtime.rb:81:in `block (2 levels) in with_hooks'
/usr/local/rvm/gems/ruby-1.9.3-p392/gems/cucumber-1.2.3/lib/cucumber/runtime.rb:97:in `before_and_after'
/usr/local/rvm/gems/ruby-1.9.3-p392/gems/cucumber-1.2.3/lib/cucumber/runtime.rb:80:in `block in with_hooks'
/usr/local/rvm/gems/ruby-1.9.3-p392/gems/cucumber-1.2.3/lib/cucumber/runtime/support_code.rb:120:in `call'
/usr/local/rvm/gems/ruby-1.9.3-p392/gems/cucumber-1.2.3/lib/cucumber/runtime/support_code.rb:120:in `block (3 levels) in around'
/usr/local/rvm/gems/ruby-1.9.3-p392/gems/cucumber-1.2.3/lib/cucumber/language_support/language_methods.rb:9:in `block in around'
/usr/local/rvm/gems/ruby-1.9.3-p392/gems/cucumber-1.2.3/lib/cucumber/language_support/language_methods.rb:91:in `call'
/usr/local/rvm/gems/ruby-1.9.3-p392/gems/cucumber-1.2.3/lib/cucumber/language_support/language_methods.rb:91:in `execute_around'
/usr/local/rvm/gems/ruby-1.9.3-p392/gems/cucumber-1.2.3/lib/cucumber/language_support/language_methods.rb:8:in `around'
/usr/local/rvm/gems/ruby-1.9.3-p392/gems/cucumber-1.2.3/lib/cucumber/runtime/support_code.rb:119:in `block (2 levels) in around'
/usr/local/rvm/gems/ruby-1.9.3-p392/gems/cucumber-1.2.3/lib/cucumber/runtime/support_code.rb:117:in `call'
/usr/local/rvm/gems/ruby-1.9.3-p392/gems/cucumber-1.2.3/lib/cucumber/runtime/support_code.rb:117:in `around'
/usr/local/rvm/gems/ruby-1.9.3-p392/gems/cucumber-1.2.3/lib/cucumber/runtime.rb:92:in `around'
/usr/local/rvm/gems/ruby-1.9.3-p392/gems/cucumber-1.2.3/lib/cucumber/runtime.rb:79:in `with_hooks'
/usr/local/rvm/gems/ruby-1.9.3-p392/gems/cucumber-1.2.3/lib/cucumber/ast/outline_table.rb:117:in `accept_plain'
/usr/local/rvm/gems/ruby-1.9.3-p392/gems/cucumber-1.2.3/lib/cucumber/ast/outline_table.rb:107:in `accept'
/usr/local/rvm/gems/ruby-1.9.3-p392/gems/cucumber-1.2.3/lib/cucumber/ast/tree_walker.rb:131:in `block in visit_table_row'
/usr/local/rvm/gems/ruby-1.9.3-p392/gems/cucumber-1.2.3/lib/cucumber/ast/tree_walker.rb:163:in `broadcast'
/usr/local/rvm/gems/ruby-1.9.3-p392/gems/cucumber-1.2.3/lib/cucumber/ast/tree_walker.rb:130:in `visit_table_row'
/usr/local/rvm/gems/ruby-1.9.3-p392/gems/cucumber-1.2.3/lib/cucumber/ast/outline_table.rb:27:in `block in accept'
/usr/local/rvm/gems/ruby-1.9.3-p392/gems/cucumber-1.2.3/lib/cucumber/ast/outline_table.rb:23:in `each'
/usr/local/rvm/gems/ruby-1.9.3-p392/gems/cucumber-1.2.3/lib/cucumber/ast/outline_table.rb:23:in `each_with_index'
/usr/local/rvm/gems/ruby-1.9.3-p392/gems/cucumber-1.2.3/lib/cucumber/ast/outline_table.rb:23:in `accept'
/usr/local/rvm/gems/ruby-1.9.3-p392/gems/cucumber-1.2.3/lib/cucumber/ast/tree_walker.rb:83:in `block in visit_outline_table'
/usr/local/rvm/gems/ruby-1.9.3-p392/gems/cucumber-1.2.3/lib/cucumber/ast/tree_walker.rb:163:in `broadcast'
/usr/local/rvm/gems/ruby-1.9.3-p392/gems/cucumber-1.2.3/lib/cucumber/ast/tree_walker.rb:82:in `visit_outline_table'
/usr/local/rvm/gems/ruby-1.9.3-p392/gems/cucumber-1.2.3/lib/cucumber/ast/examples.rb:22:in `accept'
/usr/local/rvm/gems/ruby-1.9.3-p392/gems/cucumber-1.2.3/lib/cucumber/ast/tree_walker.rb:73:in `block in visit_examples'
/usr/local/rvm/gems/ruby-1.9.3-p392/gems/cucumber-1.2.3/lib/cucumber/ast/tree_walker.rb:163:in `broadcast'
/usr/local/rvm/gems/ruby-1.9.3-p392/gems/cucumber-1.2.3/lib/cucumber/ast/tree_walker.rb:72:in `visit_examples'
/usr/local/rvm/gems/ruby-1.9.3-p392/gems/cucumber-1.2.3/lib/cucumber/ast/scenario_outline.rb:14:in `block in accept'
/usr/local/rvm/gems/ruby-1.9.3-p392/gems/cucumber-1.2.3/lib/cucumber/ast/scenario_outline.rb:13:in `each'
/usr/local/rvm/gems/ruby-1.9.3-p392/gems/cucumber-1.2.3/lib/cucumber/ast/scenario_outline.rb:13:in `accept'
/usr/local/rvm/gems/ruby-1.9.3-p392/gems/cucumber-1.2.3/lib/cucumber/ast/tree_walker.rb:67:in `block in visit_examples_array'
/usr/local/rvm/gems/ruby-1.9.3-p392/gems/cucumber-1.2.3/lib/cucumber/ast/tree_walker.rb:163:in `broadcast'
/usr/local/rvm/gems/ruby-1.9.3-p392/gems/cucumber-1.2.3/lib/cucumber/ast/tree_walker.rb:66:in `visit_examples_array'
/usr/local/rvm/gems/ruby-1.9.3-p392/gems/cucumber-1.2.3/lib/cucumber/ast/scenario_outline.rb:68:in `accept'
/usr/local/rvm/gems/ruby-1.9.3-p392/gems/cucumber-1.2.3/lib/cucumber/ast/tree_walker.rb:51:in `block in visit_feature_element'
/usr/local/rvm/gems/ruby-1.9.3-p392/gems/cucumber-1.2.3/lib/cucumber/ast/tree_walker.rb:163:in `broadcast'
/usr/local/rvm/gems/ruby-1.9.3-p392/gems/cucumber-1.2.3/lib/cucumber/ast/tree_walker.rb:50:in `visit_feature_element'
/usr/local/rvm/gems/ruby-1.9.3-p392/gems/cucumber-1.2.3/lib/cucumber/ast/feature.rb:43:in `block in accept'
/usr/local/rvm/gems/ruby-1.9.3-p392/gems/cucumber-1.2.3/lib/cucumber/ast/feature.rb:42:in `each'
/usr/local/rvm/gems/ruby-1.9.3-p392/gems/cucumber-1.2.3/lib/cucumber/ast/feature.rb:42:in `accept'
/usr/local/rvm/gems/ruby-1.9.3-p392/gems/cucumber-1.2.3/lib/cucumber/ast/tree_walker.rb:20:in `block in visit_feature'
/usr/local/rvm/gems/ruby-1.9.3-p392/gems/cucumber-1.2.3/lib/cucumber/ast/tree_walker.rb:163:in `broadcast'
/usr/local/rvm/gems/ruby-1.9.3-p392/gems/cucumber-1.2.3/lib/cucumber/ast/tree_walker.rb:19:in `visit_feature'
/usr/local/rvm/gems/ruby-1.9.3-p392/gems/cucumber-1.2.3/lib/cucumber/ast/features.rb:29:in `block in accept'
/usr/local/rvm/gems/ruby-1.9.3-p392/gems/cucumber-1.2.3/lib/cucumber/ast/features.rb:17:in `each'
/usr/local/rvm/gems/ruby-1.9.3-p392/gems/cucumber-1.2.3/lib/cucumber/ast/features.rb:17:in `each'
/usr/local/rvm/gems/ruby-1.9.3-p392/gems/cucumber-1.2.3/lib/cucumber/ast/features.rb:28:in `accept'
/usr/local/rvm/gems/ruby-1.9.3-p392/gems/cucumber-1.2.3/lib/cucumber/ast/tree_walker.rb:14:in `block in visit_features'
/usr/local/rvm/gems/ruby-1.9.3-p392/gems/cucumber-1.2.3/lib/cucumber/ast/tree_walker.rb:163:in `broadcast'
/usr/local/rvm/gems/ruby-1.9.3-p392/gems/cucumber-1.2.3/lib/cucumber/ast/tree_walker.rb:13:in `visit_features'
/usr/local/rvm/gems/ruby-1.9.3-p392/gems/cucumber-1.2.3/lib/cucumber/runtime.rb:47:in `run!'
/usr/local/rvm/gems/ruby-1.9.3-p392/gems/cucumber-1.2.3/lib/cucumber/cli/main.rb:43:in `execute!'
/usr/local/rvm/gems/ruby-1.9.3-p392/gems/cucumber-1.2.3/lib/cucumber/cli/main.rb:20:in `execute'
/usr/local/rvm/gems/ruby-1.9.3-p392/gems/cucumber-1.2.3/bin/cucumber:14:in `<top (required)>'
/usr/local/rvm/gems/ruby-1.9.3-p392/bin/cucumber:19:in `load'
/usr/local/rvm/gems/ruby-1.9.3-p392/bin/cucumber:19:in `<main>'
/usr/local/rvm/gems/ruby-1.9.3-p392/bin/ruby_noexec_wrapper:14:in `eval'
/usr/local/rvm/gems/ruby-1.9.3-p392/bin/ruby_noexec_wrapper:14:in `<main>'
features/login.feature:64:in `Given I open '<service>' site for the opco '<opco>' in a logged out state']]>
  </failure>
  <system-out/>
  <system-err/>
</testcase>
<testcase classname="LOGIN" name="Group Logout (outline example : | ie | contentbackup | usual_msisdn_2 | usual_password |)" time="0.415518">
  <failure message="failed Group Logout (outline example : | ie | contentbackup | usual_msisdn_2 | usual_password |)" type="failed">
    <![CDATA[Scenario Outline: Group Logout

Example row: | gb | music | usual_msisdn_2 | usual_password |

Message:
Example row: | ie | contacts | usual_msisdn_2 | usual_password |

Message:
Example row: | ie | nwab | usual_msisdn_2 | usual_password |

Message:
Example row: | ie | contentbackup | usual_msisdn_2 | usual_password |

Message:
]]>
    <![CDATA[unexpected response, code=404, content-type=""
unknown command: session/61a9d9f6391e38daf5d133be8708e330/element/name (Selenium::WebDriver::Error::WebDriverError)
/usr/local/rvm/gems/ruby-1.9.3-p392/gems/selenium-webdriver-2.31.0/lib/selenium/webdriver/remote/http/common.rb:66:in `create_response'
/usr/local/rvm/gems/ruby-1.9.3-p392/gems/selenium-webdriver-2.31.0/lib/selenium/webdriver/remote/http/default.rb:66:in `request'
/usr/local/rvm/gems/ruby-1.9.3-p392/gems/selenium-webdriver-2.31.0/lib/selenium/webdriver/remote/http/common.rb:40:in `call'
/usr/local/rvm/gems/ruby-1.9.3-p392/gems/selenium-webdriver-2.31.0/lib/selenium/webdriver/remote/bridge.rb:616:in `raw_execute'
/usr/local/rvm/gems/ruby-1.9.3-p392/gems/selenium-webdriver-2.31.0/lib/selenium/webdriver/remote/bridge.rb:594:in `execute'
/usr/local/rvm/gems/ruby-1.9.3-p392/gems/selenium-webdriver-2.31.0/lib/selenium/webdriver/remote/bridge.rb:493:in `getElementTagName'
/usr/local/rvm/gems/ruby-1.9.3-p392/gems/selenium-webdriver-2.31.0/lib/selenium/webdriver/common/element.rb:68:in `tag_name'
/usr/local/rvm/gems/ruby-1.9.3-p392/gems/watir-webdriver-0.6.2/lib/watir-webdriver/locators/element_locator.rb:387:in `validate_element'
/usr/local/rvm/gems/ruby-1.9.3-p392/gems/watir-webdriver-0.6.2/lib/watir-webdriver/locators/element_locator.rb:37:in `locate'
/usr/local/rvm/gems/ruby-1.9.3-p392/gems/watir-webdriver-0.6.2/lib/watir-webdriver/elements/element.rb:509:in `locate'
/usr/local/rvm/gems/ruby-1.9.3-p392/gems/watir-webdriver-0.6.2/lib/watir-webdriver/elements/element.rb:487:in `assert_exists'
/usr/local/rvm/gems/ruby-1.9.3-p392/gems/watir-webdriver-0.6.2/lib/watir-webdriver/elements/element.rb:118:in `click'
/Users/Subhash/git/automated_tests_web_login_app/features/pages/MockServicePage.rb:13:in `visit'
/Users/Subhash/git/automated_tests_web_login_app/features/step_definitions/loginapp_steps.rb:17:in `block in <top (required)>'
/usr/local/rvm/gems/ruby-1.9.3-p392/gems/cucumber-1.2.3/lib/cucumber/core_ext/instance_exec.rb:48:in `instance_exec'
/usr/local/rvm/gems/ruby-1.9.3-p392/gems/cucumber-1.2.3/lib/cucumber/core_ext/instance_exec.rb:48:in `block in cucumber_instance_exec'
/usr/local/rvm/gems/ruby-1.9.3-p392/gems/cucumber-1.2.3/lib/cucumber/core_ext/instance_exec.rb:69:in `cucumber_run_with_backtrace_filtering'
/usr/local/rvm/gems/ruby-1.9.3-p392/gems/cucumber-1.2.3/lib/cucumber/core_ext/instance_exec.rb:36:in `cucumber_instance_exec'
/usr/local/rvm/gems/ruby-1.9.3-p392/gems/cucumber-1.2.3/lib/cucumber/rb_support/rb_step_definition.rb:97:in `invoke'
/usr/local/rvm/gems/ruby-1.9.3-p392/gems/cucumber-1.2.3/lib/cucumber/step_match.rb:25:in `invoke'
/usr/local/rvm/gems/ruby-1.9.3-p392/gems/cucumber-1.2.3/lib/cucumber/ast/step_invocation.rb:60:in `invoke'
/usr/local/rvm/gems/ruby-1.9.3-p392/gems/cucumber-1.2.3/lib/cucumber/ast/outline_table.rb:119:in `block (2 levels) in accept_plain'
/usr/local/rvm/gems/ruby-1.9.3-p392/gems/cucumber-1.2.3/lib/cucumber/ast/step_collection.rb:37:in `each'
/usr/local/rvm/gems/ruby-1.9.3-p392/gems/cucumber-1.2.3/lib/cucumber/ast/step_collection.rb:37:in `each'
/usr/local/rvm/gems/ruby-1.9.3-p392/gems/cucumber-1.2.3/lib/cucumber/ast/outline_table.rb:118:in `block in accept_plain'
/usr/local/rvm/gems/ruby-1.9.3-p392/gems/cucumber-1.2.3/lib/cucumber/runtime.rb:81:in `block (2 levels) in with_hooks'
/usr/local/rvm/gems/ruby-1.9.3-p392/gems/cucumber-1.2.3/lib/cucumber/runtime.rb:97:in `before_and_after'
/usr/local/rvm/gems/ruby-1.9.3-p392/gems/cucumber-1.2.3/lib/cucumber/runtime.rb:80:in `block in with_hooks'
/usr/local/rvm/gems/ruby-1.9.3-p392/gems/cucumber-1.2.3/lib/cucumber/runtime/support_code.rb:120:in `call'
/usr/local/rvm/gems/ruby-1.9.3-p392/gems/cucumber-1.2.3/lib/cucumber/runtime/support_code.rb:120:in `block (3 levels) in around'
/usr/local/rvm/gems/ruby-1.9.3-p392/gems/cucumber-1.2.3/lib/cucumber/language_support/language_methods.rb:9:in `block in around'
/usr/local/rvm/gems/ruby-1.9.3-p392/gems/cucumber-1.2.3/lib/cucumber/language_support/language_methods.rb:91:in `call'
/usr/local/rvm/gems/ruby-1.9.3-p392/gems/cucumber-1.2.3/lib/cucumber/language_support/language_methods.rb:91:in `execute_around'
/usr/local/rvm/gems/ruby-1.9.3-p392/gems/cucumber-1.2.3/lib/cucumber/language_support/language_methods.rb:8:in `around'
/usr/local/rvm/gems/ruby-1.9.3-p392/gems/cucumber-1.2.3/lib/cucumber/runtime/support_code.rb:119:in `block (2 levels) in around'
/usr/local/rvm/gems/ruby-1.9.3-p392/gems/cucumber-1.2.3/lib/cucumber/runtime/support_code.rb:117:in `call'
/usr/local/rvm/gems/ruby-1.9.3-p392/gems/cucumber-1.2.3/lib/cucumber/runtime/support_code.rb:117:in `around'
/usr/local/rvm/gems/ruby-1.9.3-p392/gems/cucumber-1.2.3/lib/cucumber/runtime.rb:92:in `around'
/usr/local/rvm/gems/ruby-1.9.3-p392/gems/cucumber-1.2.3/lib/cucumber/runtime.rb:79:in `with_hooks'
/usr/local/rvm/gems/ruby-1.9.3-p392/gems/cucumber-1.2.3/lib/cucumber/ast/outline_table.rb:117:in `accept_plain'
/usr/local/rvm/gems/ruby-1.9.3-p392/gems/cucumber-1.2.3/lib/cucumber/ast/outline_table.rb:107:in `accept'
/usr/local/rvm/gems/ruby-1.9.3-p392/gems/cucumber-1.2.3/lib/cucumber/ast/tree_walker.rb:131:in `block in visit_table_row'
/usr/local/rvm/gems/ruby-1.9.3-p392/gems/cucumber-1.2.3/lib/cucumber/ast/tree_walker.rb:163:in `broadcast'
/usr/local/rvm/gems/ruby-1.9.3-p392/gems/cucumber-1.2.3/lib/cucumber/ast/tree_walker.rb:130:in `visit_table_row'
/usr/local/rvm/gems/ruby-1.9.3-p392/gems/cucumber-1.2.3/lib/cucumber/ast/outline_table.rb:27:in `block in accept'
/usr/local/rvm/gems/ruby-1.9.3-p392/gems/cucumber-1.2.3/lib/cucumber/ast/outline_table.rb:23:in `each'
/usr/local/rvm/gems/ruby-1.9.3-p392/gems/cucumber-1.2.3/lib/cucumber/ast/outline_table.rb:23:in `each_with_index'
/usr/local/rvm/gems/ruby-1.9.3-p392/gems/cucumber-1.2.3/lib/cucumber/ast/outline_table.rb:23:in `accept'
/usr/local/rvm/gems/ruby-1.9.3-p392/gems/cucumber-1.2.3/lib/cucumber/ast/tree_walker.rb:83:in `block in visit_outline_table'
/usr/local/rvm/gems/ruby-1.9.3-p392/gems/cucumber-1.2.3/lib/cucumber/ast/tree_walker.rb:163:in `broadcast'
/usr/local/rvm/gems/ruby-1.9.3-p392/gems/cucumber-1.2.3/lib/cucumber/ast/tree_walker.rb:82:in `visit_outline_table'
/usr/local/rvm/gems/ruby-1.9.3-p392/gems/cucumber-1.2.3/lib/cucumber/ast/examples.rb:22:in `accept'
/usr/local/rvm/gems/ruby-1.9.3-p392/gems/cucumber-1.2.3/lib/cucumber/ast/tree_walker.rb:73:in `block in visit_examples'
/usr/local/rvm/gems/ruby-1.9.3-p392/gems/cucumber-1.2.3/lib/cucumber/ast/tree_walker.rb:163:in `broadcast'
/usr/local/rvm/gems/ruby-1.9.3-p392/gems/cucumber-1.2.3/lib/cucumber/ast/tree_walker.rb:72:in `visit_examples'
/usr/local/rvm/gems/ruby-1.9.3-p392/gems/cucumber-1.2.3/lib/cucumber/ast/scenario_outline.rb:14:in `block in accept'
/usr/local/rvm/gems/ruby-1.9.3-p392/gems/cucumber-1.2.3/lib/cucumber/ast/scenario_outline.rb:13:in `each'
/usr/local/rvm/gems/ruby-1.9.3-p392/gems/cucumber-1.2.3/lib/cucumber/ast/scenario_outline.rb:13:in `accept'
/usr/local/rvm/gems/ruby-1.9.3-p392/gems/cucumber-1.2.3/lib/cucumber/ast/tree_walker.rb:67:in `block in visit_examples_array'
/usr/local/rvm/gems/ruby-1.9.3-p392/gems/cucumber-1.2.3/lib/cucumber/ast/tree_walker.rb:163:in `broadcast'
/usr/local/rvm/gems/ruby-1.9.3-p392/gems/cucumber-1.2.3/lib/cucumber/ast/tree_walker.rb:66:in `visit_examples_array'
/usr/local/rvm/gems/ruby-1.9.3-p392/gems/cucumber-1.2.3/lib/cucumber/ast/scenario_outline.rb:68:in `accept'
/usr/local/rvm/gems/ruby-1.9.3-p392/gems/cucumber-1.2.3/lib/cucumber/ast/tree_walker.rb:51:in `block in visit_feature_element'
/usr/local/rvm/gems/ruby-1.9.3-p392/gems/cucumber-1.2.3/lib/cucumber/ast/tree_walker.rb:163:in `broadcast'
/usr/local/rvm/gems/ruby-1.9.3-p392/gems/cucumber-1.2.3/lib/cucumber/ast/tree_walker.rb:50:in `visit_feature_element'
/usr/local/rvm/gems/ruby-1.9.3-p392/gems/cucumber-1.2.3/lib/cucumber/ast/feature.rb:43:in `block in accept'
/usr/local/rvm/gems/ruby-1.9.3-p392/gems/cucumber-1.2.3/lib/cucumber/ast/feature.rb:42:in `each'
/usr/local/rvm/gems/ruby-1.9.3-p392/gems/cucumber-1.2.3/lib/cucumber/ast/feature.rb:42:in `accept'
/usr/local/rvm/gems/ruby-1.9.3-p392/gems/cucumber-1.2.3/lib/cucumber/ast/tree_walker.rb:20:in `block in visit_feature'
/usr/local/rvm/gems/ruby-1.9.3-p392/gems/cucumber-1.2.3/lib/cucumber/ast/tree_walker.rb:163:in `broadcast'
/usr/local/rvm/gems/ruby-1.9.3-p392/gems/cucumber-1.2.3/lib/cucumber/ast/tree_walker.rb:19:in `visit_feature'
/usr/local/rvm/gems/ruby-1.9.3-p392/gems/cucumber-1.2.3/lib/cucumber/ast/features.rb:29:in `block in accept'
/usr/local/rvm/gems/ruby-1.9.3-p392/gems/cucumber-1.2.3/lib/cucumber/ast/features.rb:17:in `each'
/usr/local/rvm/gems/ruby-1.9.3-p392/gems/cucumber-1.2.3/lib/cucumber/ast/features.rb:17:in `each'
/usr/local/rvm/gems/ruby-1.9.3-p392/gems/cucumber-1.2.3/lib/cucumber/ast/features.rb:28:in `accept'
/usr/local/rvm/gems/ruby-1.9.3-p392/gems/cucumber-1.2.3/lib/cucumber/ast/tree_walker.rb:14:in `block in visit_features'
/usr/local/rvm/gems/ruby-1.9.3-p392/gems/cucumber-1.2.3/lib/cucumber/ast/tree_walker.rb:163:in `broadcast'
/usr/local/rvm/gems/ruby-1.9.3-p392/gems/cucumber-1.2.3/lib/cucumber/ast/tree_walker.rb:13:in `visit_features'
/usr/local/rvm/gems/ruby-1.9.3-p392/gems/cucumber-1.2.3/lib/cucumber/runtime.rb:47:in `run!'
/usr/local/rvm/gems/ruby-1.9.3-p392/gems/cucumber-1.2.3/lib/cucumber/cli/main.rb:43:in `execute!'
/usr/local/rvm/gems/ruby-1.9.3-p392/gems/cucumber-1.2.3/lib/cucumber/cli/main.rb:20:in `execute'
/usr/local/rvm/gems/ruby-1.9.3-p392/gems/cucumber-1.2.3/bin/cucumber:14:in `<top (required)>'
/usr/local/rvm/gems/ruby-1.9.3-p392/bin/cucumber:19:in `load'
/usr/local/rvm/gems/ruby-1.9.3-p392/bin/cucumber:19:in `<main>'
/usr/local/rvm/gems/ruby-1.9.3-p392/bin/ruby_noexec_wrapper:14:in `eval'
/usr/local/rvm/gems/ruby-1.9.3-p392/bin/ruby_noexec_wrapper:14:in `<main>'
features/login.feature:64:in `Given I open '<service>' site for the opco '<opco>' in a logged out state']]>
  </failure>
  <system-out/>
  <system-err/>
</testcase>
<testcase classname="LOGIN" name="Group Logout (outline example : | ie | music | usual_msisdn_2 | usual_password |)" time="0.423107">
  <failure message="failed Group Logout (outline example : | ie | music | usual_msisdn_2 | usual_password |)" type="failed">
    <![CDATA[Scenario Outline: Group Logout

Example row: | gb | music | usual_msisdn_2 | usual_password |

Message:
Example row: | ie | contacts | usual_msisdn_2 | usual_password |

Message:
Example row: | ie | nwab | usual_msisdn_2 | usual_password |

Message:
Example row: | ie | contentbackup | usual_msisdn_2 | usual_password |

Message:
Example row: | ie | music | usual_msisdn_2 | usual_password |

Message:
]]>
    <![CDATA[unexpected response, code=404, content-type=""
unknown command: session/61a9d9f6391e38daf5d133be8708e330/element/name (Selenium::WebDriver::Error::WebDriverError)
/usr/local/rvm/gems/ruby-1.9.3-p392/gems/selenium-webdriver-2.31.0/lib/selenium/webdriver/remote/http/common.rb:66:in `create_response'
/usr/local/rvm/gems/ruby-1.9.3-p392/gems/selenium-webdriver-2.31.0/lib/selenium/webdriver/remote/http/default.rb:66:in `request'
/usr/local/rvm/gems/ruby-1.9.3-p392/gems/selenium-webdriver-2.31.0/lib/selenium/webdriver/remote/http/common.rb:40:in `call'
/usr/local/rvm/gems/ruby-1.9.3-p392/gems/selenium-webdriver-2.31.0/lib/selenium/webdriver/remote/bridge.rb:616:in `raw_execute'
/usr/local/rvm/gems/ruby-1.9.3-p392/gems/selenium-webdriver-2.31.0/lib/selenium/webdriver/remote/bridge.rb:594:in `execute'
/usr/local/rvm/gems/ruby-1.9.3-p392/gems/selenium-webdriver-2.31.0/lib/selenium/webdriver/remote/bridge.rb:493:in `getElementTagName'
/usr/local/rvm/gems/ruby-1.9.3-p392/gems/selenium-webdriver-2.31.0/lib/selenium/webdriver/common/element.rb:68:in `tag_name'
/usr/local/rvm/gems/ruby-1.9.3-p392/gems/watir-webdriver-0.6.2/lib/watir-webdriver/locators/element_locator.rb:387:in `validate_element'
/usr/local/rvm/gems/ruby-1.9.3-p392/gems/watir-webdriver-0.6.2/lib/watir-webdriver/locators/element_locator.rb:37:in `locate'
/usr/local/rvm/gems/ruby-1.9.3-p392/gems/watir-webdriver-0.6.2/lib/watir-webdriver/elements/element.rb:509:in `locate'
/usr/local/rvm/gems/ruby-1.9.3-p392/gems/watir-webdriver-0.6.2/lib/watir-webdriver/elements/element.rb:487:in `assert_exists'
/usr/local/rvm/gems/ruby-1.9.3-p392/gems/watir-webdriver-0.6.2/lib/watir-webdriver/elements/element.rb:118:in `click'
/Users/Subhash/git/automated_tests_web_login_app/features/pages/MockServicePage.rb:13:in `visit'
/Users/Subhash/git/automated_tests_web_login_app/features/step_definitions/loginapp_steps.rb:17:in `block in <top (required)>'
/usr/local/rvm/gems/ruby-1.9.3-p392/gems/cucumber-1.2.3/lib/cucumber/core_ext/instance_exec.rb:48:in `instance_exec'
/usr/local/rvm/gems/ruby-1.9.3-p392/gems/cucumber-1.2.3/lib/cucumber/core_ext/instance_exec.rb:48:in `block in cucumber_instance_exec'
/usr/local/rvm/gems/ruby-1.9.3-p392/gems/cucumber-1.2.3/lib/cucumber/core_ext/instance_exec.rb:69:in `cucumber_run_with_backtrace_filtering'
/usr/local/rvm/gems/ruby-1.9.3-p392/gems/cucumber-1.2.3/lib/cucumber/core_ext/instance_exec.rb:36:in `cucumber_instance_exec'
/usr/local/rvm/gems/ruby-1.9.3-p392/gems/cucumber-1.2.3/lib/cucumber/rb_support/rb_step_definition.rb:97:in `invoke'
/usr/local/rvm/gems/ruby-1.9.3-p392/gems/cucumber-1.2.3/lib/cucumber/step_match.rb:25:in `invoke'
/usr/local/rvm/gems/ruby-1.9.3-p392/gems/cucumber-1.2.3/lib/cucumber/ast/step_invocation.rb:60:in `invoke'
/usr/local/rvm/gems/ruby-1.9.3-p392/gems/cucumber-1.2.3/lib/cucumber/ast/outline_table.rb:119:in `block (2 levels) in accept_plain'
/usr/local/rvm/gems/ruby-1.9.3-p392/gems/cucumber-1.2.3/lib/cucumber/ast/step_collection.rb:37:in `each'
/usr/local/rvm/gems/ruby-1.9.3-p392/gems/cucumber-1.2.3/lib/cucumber/ast/step_collection.rb:37:in `each'
/usr/local/rvm/gems/ruby-1.9.3-p392/gems/cucumber-1.2.3/lib/cucumber/ast/outline_table.rb:118:in `block in accept_plain'
/usr/local/rvm/gems/ruby-1.9.3-p392/gems/cucumber-1.2.3/lib/cucumber/runtime.rb:81:in `block (2 levels) in with_hooks'
/usr/local/rvm/gems/ruby-1.9.3-p392/gems/cucumber-1.2.3/lib/cucumber/runtime.rb:97:in `before_and_after'
/usr/local/rvm/gems/ruby-1.9.3-p392/gems/cucumber-1.2.3/lib/cucumber/runtime.rb:80:in `block in with_hooks'
/usr/local/rvm/gems/ruby-1.9.3-p392/gems/cucumber-1.2.3/lib/cucumber/runtime/support_code.rb:120:in `call'
/usr/local/rvm/gems/ruby-1.9.3-p392/gems/cucumber-1.2.3/lib/cucumber/runtime/support_code.rb:120:in `block (3 levels) in around'
/usr/local/rvm/gems/ruby-1.9.3-p392/gems/cucumber-1.2.3/lib/cucumber/language_support/language_methods.rb:9:in `block in around'
/usr/local/rvm/gems/ruby-1.9.3-p392/gems/cucumber-1.2.3/lib/cucumber/language_support/language_methods.rb:91:in `call'
/usr/local/rvm/gems/ruby-1.9.3-p392/gems/cucumber-1.2.3/lib/cucumber/language_support/language_methods.rb:91:in `execute_around'
/usr/local/rvm/gems/ruby-1.9.3-p392/gems/cucumber-1.2.3/lib/cucumber/language_support/language_methods.rb:8:in `around'
/usr/local/rvm/gems/ruby-1.9.3-p392/gems/cucumber-1.2.3/lib/cucumber/runtime/support_code.rb:119:in `block (2 levels) in around'
/usr/local/rvm/gems/ruby-1.9.3-p392/gems/cucumber-1.2.3/lib/cucumber/runtime/support_code.rb:117:in `call'
/usr/local/rvm/gems/ruby-1.9.3-p392/gems/cucumber-1.2.3/lib/cucumber/runtime/support_code.rb:117:in `around'
/usr/local/rvm/gems/ruby-1.9.3-p392/gems/cucumber-1.2.3/lib/cucumber/runtime.rb:92:in `around'
/usr/local/rvm/gems/ruby-1.9.3-p392/gems/cucumber-1.2.3/lib/cucumber/runtime.rb:79:in `with_hooks'
/usr/local/rvm/gems/ruby-1.9.3-p392/gems/cucumber-1.2.3/lib/cucumber/ast/outline_table.rb:117:in `accept_plain'
/usr/local/rvm/gems/ruby-1.9.3-p392/gems/cucumber-1.2.3/lib/cucumber/ast/outline_table.rb:107:in `accept'
/usr/local/rvm/gems/ruby-1.9.3-p392/gems/cucumber-1.2.3/lib/cucumber/ast/tree_walker.rb:131:in `block in visit_table_row'
/usr/local/rvm/gems/ruby-1.9.3-p392/gems/cucumber-1.2.3/lib/cucumber/ast/tree_walker.rb:163:in `broadcast'
/usr/local/rvm/gems/ruby-1.9.3-p392/gems/cucumber-1.2.3/lib/cucumber/ast/tree_walker.rb:130:in `visit_table_row'
/usr/local/rvm/gems/ruby-1.9.3-p392/gems/cucumber-1.2.3/lib/cucumber/ast/outline_table.rb:27:in `block in accept'
/usr/local/rvm/gems/ruby-1.9.3-p392/gems/cucumber-1.2.3/lib/cucumber/ast/outline_table.rb:23:in `each'
/usr/local/rvm/gems/ruby-1.9.3-p392/gems/cucumber-1.2.3/lib/cucumber/ast/outline_table.rb:23:in `each_with_index'
/usr/local/rvm/gems/ruby-1.9.3-p392/gems/cucumber-1.2.3/lib/cucumber/ast/outline_table.rb:23:in `accept'
/usr/local/rvm/gems/ruby-1.9.3-p392/gems/cucumber-1.2.3/lib/cucumber/ast/tree_walker.rb:83:in `block in visit_outline_table'
/usr/local/rvm/gems/ruby-1.9.3-p392/gems/cucumber-1.2.3/lib/cucumber/ast/tree_walker.rb:163:in `broadcast'
/usr/local/rvm/gems/ruby-1.9.3-p392/gems/cucumber-1.2.3/lib/cucumber/ast/tree_walker.rb:82:in `visit_outline_table'
/usr/local/rvm/gems/ruby-1.9.3-p392/gems/cucumber-1.2.3/lib/cucumber/ast/examples.rb:22:in `accept'
/usr/local/rvm/gems/ruby-1.9.3-p392/gems/cucumber-1.2.3/lib/cucumber/ast/tree_walker.rb:73:in `block in visit_examples'
/usr/local/rvm/gems/ruby-1.9.3-p392/gems/cucumber-1.2.3/lib/cucumber/ast/tree_walker.rb:163:in `broadcast'
/usr/local/rvm/gems/ruby-1.9.3-p392/gems/cucumber-1.2.3/lib/cucumber/ast/tree_walker.rb:72:in `visit_examples'
/usr/local/rvm/gems/ruby-1.9.3-p392/gems/cucumber-1.2.3/lib/cucumber/ast/scenario_outline.rb:14:in `block in accept'
/usr/local/rvm/gems/ruby-1.9.3-p392/gems/cucumber-1.2.3/lib/cucumber/ast/scenario_outline.rb:13:in `each'
/usr/local/rvm/gems/ruby-1.9.3-p392/gems/cucumber-1.2.3/lib/cucumber/ast/scenario_outline.rb:13:in `accept'
/usr/local/rvm/gems/ruby-1.9.3-p392/gems/cucumber-1.2.3/lib/cucumber/ast/tree_walker.rb:67:in `block in visit_examples_array'
/usr/local/rvm/gems/ruby-1.9.3-p392/gems/cucumber-1.2.3/lib/cucumber/ast/tree_walker.rb:163:in `broadcast'
/usr/local/rvm/gems/ruby-1.9.3-p392/gems/cucumber-1.2.3/lib/cucumber/ast/tree_walker.rb:66:in `visit_examples_array'
/usr/local/rvm/gems/ruby-1.9.3-p392/gems/cucumber-1.2.3/lib/cucumber/ast/scenario_outline.rb:68:in `accept'
/usr/local/rvm/gems/ruby-1.9.3-p392/gems/cucumber-1.2.3/lib/cucumber/ast/tree_walker.rb:51:in `block in visit_feature_element'
/usr/local/rvm/gems/ruby-1.9.3-p392/gems/cucumber-1.2.3/lib/cucumber/ast/tree_walker.rb:163:in `broadcast'
/usr/local/rvm/gems/ruby-1.9.3-p392/gems/cucumber-1.2.3/lib/cucumber/ast/tree_walker.rb:50:in `visit_feature_element'
/usr/local/rvm/gems/ruby-1.9.3-p392/gems/cucumber-1.2.3/lib/cucumber/ast/feature.rb:43:in `block in accept'
/usr/local/rvm/gems/ruby-1.9.3-p392/gems/cucumber-1.2.3/lib/cucumber/ast/feature.rb:42:in `each'
/usr/local/rvm/gems/ruby-1.9.3-p392/gems/cucumber-1.2.3/lib/cucumber/ast/feature.rb:42:in `accept'
/usr/local/rvm/gems/ruby-1.9.3-p392/gems/cucumber-1.2.3/lib/cucumber/ast/tree_walker.rb:20:in `block in visit_feature'
/usr/local/rvm/gems/ruby-1.9.3-p392/gems/cucumber-1.2.3/lib/cucumber/ast/tree_walker.rb:163:in `broadcast'
/usr/local/rvm/gems/ruby-1.9.3-p392/gems/cucumber-1.2.3/lib/cucumber/ast/tree_walker.rb:19:in `visit_feature'
/usr/local/rvm/gems/ruby-1.9.3-p392/gems/cucumber-1.2.3/lib/cucumber/ast/features.rb:29:in `block in accept'
/usr/local/rvm/gems/ruby-1.9.3-p392/gems/cucumber-1.2.3/lib/cucumber/ast/features.rb:17:in `each'
/usr/local/rvm/gems/ruby-1.9.3-p392/gems/cucumber-1.2.3/lib/cucumber/ast/features.rb:17:in `each'
/usr/local/rvm/gems/ruby-1.9.3-p392/gems/cucumber-1.2.3/lib/cucumber/ast/features.rb:28:in `accept'
/usr/local/rvm/gems/ruby-1.9.3-p392/gems/cucumber-1.2.3/lib/cucumber/ast/tree_walker.rb:14:in `block in visit_features'
/usr/local/rvm/gems/ruby-1.9.3-p392/gems/cucumber-1.2.3/lib/cucumber/ast/tree_walker.rb:163:in `broadcast'
/usr/local/rvm/gems/ruby-1.9.3-p392/gems/cucumber-1.2.3/lib/cucumber/ast/tree_walker.rb:13:in `visit_features'
/usr/local/rvm/gems/ruby-1.9.3-p392/gems/cucumber-1.2.3/lib/cucumber/runtime.rb:47:in `run!'
/usr/local/rvm/gems/ruby-1.9.3-p392/gems/cucumber-1.2.3/lib/cucumber/cli/main.rb:43:in `execute!'
/usr/local/rvm/gems/ruby-1.9.3-p392/gems/cucumber-1.2.3/lib/cucumber/cli/main.rb:20:in `execute'
/usr/local/rvm/gems/ruby-1.9.3-p392/gems/cucumber-1.2.3/bin/cucumber:14:in `<top (required)>'
/usr/local/rvm/gems/ruby-1.9.3-p392/bin/cucumber:19:in `load'
/usr/local/rvm/gems/ruby-1.9.3-p392/bin/cucumber:19:in `<main>'
/usr/local/rvm/gems/ruby-1.9.3-p392/bin/ruby_noexec_wrapper:14:in `eval'
/usr/local/rvm/gems/ruby-1.9.3-p392/bin/ruby_noexec_wrapper:14:in `<main>'
features/login.feature:64:in `Given I open '<service>' site for the opco '<opco>' in a logged out state']]>
  </failure>
  <system-out/>
  <system-err/>
</testcase>
<testcase classname="LOGIN" name="Group Logout (outline example : | it | music | usual_msisdn_2 | usual_password |)" time="0.439906">
  <failure message="failed Group Logout (outline example : | it | music | usual_msisdn_2 | usual_password |)" type="failed">
    <![CDATA[Scenario Outline: Group Logout

Example row: | gb | music | usual_msisdn_2 | usual_password |

Message:
Example row: | ie | contacts | usual_msisdn_2 | usual_password |

Message:
Example row: | ie | nwab | usual_msisdn_2 | usual_password |

Message:
Example row: | ie | contentbackup | usual_msisdn_2 | usual_password |

Message:
Example row: | ie | music | usual_msisdn_2 | usual_password |

Message:
Example row: | it | music | usual_msisdn_2 | usual_password |

Message:
]]>
    <![CDATA[unexpected response, code=404, content-type=""
unknown command: session/61a9d9f6391e38daf5d133be8708e330/element/name (Selenium::WebDriver::Error::WebDriverError)
/usr/local/rvm/gems/ruby-1.9.3-p392/gems/selenium-webdriver-2.31.0/lib/selenium/webdriver/remote/http/common.rb:66:in `create_response'
/usr/local/rvm/gems/ruby-1.9.3-p392/gems/selenium-webdriver-2.31.0/lib/selenium/webdriver/remote/http/default.rb:66:in `request'
/usr/local/rvm/gems/ruby-1.9.3-p392/gems/selenium-webdriver-2.31.0/lib/selenium/webdriver/remote/http/common.rb:40:in `call'
/usr/local/rvm/gems/ruby-1.9.3-p392/gems/selenium-webdriver-2.31.0/lib/selenium/webdriver/remote/bridge.rb:616:in `raw_execute'
/usr/local/rvm/gems/ruby-1.9.3-p392/gems/selenium-webdriver-2.31.0/lib/selenium/webdriver/remote/bridge.rb:594:in `execute'
/usr/local/rvm/gems/ruby-1.9.3-p392/gems/selenium-webdriver-2.31.0/lib/selenium/webdriver/remote/bridge.rb:493:in `getElementTagName'
/usr/local/rvm/gems/ruby-1.9.3-p392/gems/selenium-webdriver-2.31.0/lib/selenium/webdriver/common/element.rb:68:in `tag_name'
/usr/local/rvm/gems/ruby-1.9.3-p392/gems/watir-webdriver-0.6.2/lib/watir-webdriver/locators/element_locator.rb:387:in `validate_element'
/usr/local/rvm/gems/ruby-1.9.3-p392/gems/watir-webdriver-0.6.2/lib/watir-webdriver/locators/element_locator.rb:37:in `locate'
/usr/local/rvm/gems/ruby-1.9.3-p392/gems/watir-webdriver-0.6.2/lib/watir-webdriver/elements/element.rb:509:in `locate'
/usr/local/rvm/gems/ruby-1.9.3-p392/gems/watir-webdriver-0.6.2/lib/watir-webdriver/elements/element.rb:487:in `assert_exists'
/usr/local/rvm/gems/ruby-1.9.3-p392/gems/watir-webdriver-0.6.2/lib/watir-webdriver/elements/element.rb:118:in `click'
/Users/Subhash/git/automated_tests_web_login_app/features/pages/MockServicePage.rb:13:in `visit'
/Users/Subhash/git/automated_tests_web_login_app/features/step_definitions/loginapp_steps.rb:17:in `block in <top (required)>'
/usr/local/rvm/gems/ruby-1.9.3-p392/gems/cucumber-1.2.3/lib/cucumber/core_ext/instance_exec.rb:48:in `instance_exec'
/usr/local/rvm/gems/ruby-1.9.3-p392/gems/cucumber-1.2.3/lib/cucumber/core_ext/instance_exec.rb:48:in `block in cucumber_instance_exec'
/usr/local/rvm/gems/ruby-1.9.3-p392/gems/cucumber-1.2.3/lib/cucumber/core_ext/instance_exec.rb:69:in `cucumber_run_with_backtrace_filtering'
/usr/local/rvm/gems/ruby-1.9.3-p392/gems/cucumber-1.2.3/lib/cucumber/core_ext/instance_exec.rb:36:in `cucumber_instance_exec'
/usr/local/rvm/gems/ruby-1.9.3-p392/gems/cucumber-1.2.3/lib/cucumber/rb_support/rb_step_definition.rb:97:in `invoke'
/usr/local/rvm/gems/ruby-1.9.3-p392/gems/cucumber-1.2.3/lib/cucumber/step_match.rb:25:in `invoke'
/usr/local/rvm/gems/ruby-1.9.3-p392/gems/cucumber-1.2.3/lib/cucumber/ast/step_invocation.rb:60:in `invoke'
/usr/local/rvm/gems/ruby-1.9.3-p392/gems/cucumber-1.2.3/lib/cucumber/ast/outline_table.rb:119:in `block (2 levels) in accept_plain'
/usr/local/rvm/gems/ruby-1.9.3-p392/gems/cucumber-1.2.3/lib/cucumber/ast/step_collection.rb:37:in `each'
/usr/local/rvm/gems/ruby-1.9.3-p392/gems/cucumber-1.2.3/lib/cucumber/ast/step_collection.rb:37:in `each'
/usr/local/rvm/gems/ruby-1.9.3-p392/gems/cucumber-1.2.3/lib/cucumber/ast/outline_table.rb:118:in `block in accept_plain'
/usr/local/rvm/gems/ruby-1.9.3-p392/gems/cucumber-1.2.3/lib/cucumber/runtime.rb:81:in `block (2 levels) in with_hooks'
/usr/local/rvm/gems/ruby-1.9.3-p392/gems/cucumber-1.2.3/lib/cucumber/runtime.rb:97:in `before_and_after'
/usr/local/rvm/gems/ruby-1.9.3-p392/gems/cucumber-1.2.3/lib/cucumber/runtime.rb:80:in `block in with_hooks'
/usr/local/rvm/gems/ruby-1.9.3-p392/gems/cucumber-1.2.3/lib/cucumber/runtime/support_code.rb:120:in `call'
/usr/local/rvm/gems/ruby-1.9.3-p392/gems/cucumber-1.2.3/lib/cucumber/runtime/support_code.rb:120:in `block (3 levels) in around'
/usr/local/rvm/gems/ruby-1.9.3-p392/gems/cucumber-1.2.3/lib/cucumber/language_support/language_methods.rb:9:in `block in around'
/usr/local/rvm/gems/ruby-1.9.3-p392/gems/cucumber-1.2.3/lib/cucumber/language_support/language_methods.rb:91:in `call'
/usr/local/rvm/gems/ruby-1.9.3-p392/gems/cucumber-1.2.3/lib/cucumber/language_support/language_methods.rb:91:in `execute_around'
/usr/local/rvm/gems/ruby-1.9.3-p392/gems/cucumber-1.2.3/lib/cucumber/language_support/language_methods.rb:8:in `around'
/usr/local/rvm/gems/ruby-1.9.3-p392/gems/cucumber-1.2.3/lib/cucumber/runtime/support_code.rb:119:in `block (2 levels) in around'
/usr/local/rvm/gems/ruby-1.9.3-p392/gems/cucumber-1.2.3/lib/cucumber/runtime/support_code.rb:117:in `call'
/usr/local/rvm/gems/ruby-1.9.3-p392/gems/cucumber-1.2.3/lib/cucumber/runtime/support_code.rb:117:in `around'
/usr/local/rvm/gems/ruby-1.9.3-p392/gems/cucumber-1.2.3/lib/cucumber/runtime.rb:92:in `around'
/usr/local/rvm/gems/ruby-1.9.3-p392/gems/cucumber-1.2.3/lib/cucumber/runtime.rb:79:in `with_hooks'
/usr/local/rvm/gems/ruby-1.9.3-p392/gems/cucumber-1.2.3/lib/cucumber/ast/outline_table.rb:117:in `accept_plain'
/usr/local/rvm/gems/ruby-1.9.3-p392/gems/cucumber-1.2.3/lib/cucumber/ast/outline_table.rb:107:in `accept'
/usr/local/rvm/gems/ruby-1.9.3-p392/gems/cucumber-1.2.3/lib/cucumber/ast/tree_walker.rb:131:in `block in visit_table_row'
/usr/local/rvm/gems/ruby-1.9.3-p392/gems/cucumber-1.2.3/lib/cucumber/ast/tree_walker.rb:163:in `broadcast'
/usr/local/rvm/gems/ruby-1.9.3-p392/gems/cucumber-1.2.3/lib/cucumber/ast/tree_walker.rb:130:in `visit_table_row'
/usr/local/rvm/gems/ruby-1.9.3-p392/gems/cucumber-1.2.3/lib/cucumber/ast/outline_table.rb:27:in `block in accept'
/usr/local/rvm/gems/ruby-1.9.3-p392/gems/cucumber-1.2.3/lib/cucumber/ast/outline_table.rb:23:in `each'
/usr/local/rvm/gems/ruby-1.9.3-p392/gems/cucumber-1.2.3/lib/cucumber/ast/outline_table.rb:23:in `each_with_index'
/usr/local/rvm/gems/ruby-1.9.3-p392/gems/cucumber-1.2.3/lib/cucumber/ast/outline_table.rb:23:in `accept'
/usr/local/rvm/gems/ruby-1.9.3-p392/gems/cucumber-1.2.3/lib/cucumber/ast/tree_walker.rb:83:in `block in visit_outline_table'
/usr/local/rvm/gems/ruby-1.9.3-p392/gems/cucumber-1.2.3/lib/cucumber/ast/tree_walker.rb:163:in `broadcast'
/usr/local/rvm/gems/ruby-1.9.3-p392/gems/cucumber-1.2.3/lib/cucumber/ast/tree_walker.rb:82:in `visit_outline_table'
/usr/local/rvm/gems/ruby-1.9.3-p392/gems/cucumber-1.2.3/lib/cucumber/ast/examples.rb:22:in `accept'
/usr/local/rvm/gems/ruby-1.9.3-p392/gems/cucumber-1.2.3/lib/cucumber/ast/tree_walker.rb:73:in `block in visit_examples'
/usr/local/rvm/gems/ruby-1.9.3-p392/gems/cucumber-1.2.3/lib/cucumber/ast/tree_walker.rb:163:in `broadcast'
/usr/local/rvm/gems/ruby-1.9.3-p392/gems/cucumber-1.2.3/lib/cucumber/ast/tree_walker.rb:72:in `visit_examples'
/usr/local/rvm/gems/ruby-1.9.3-p392/gems/cucumber-1.2.3/lib/cucumber/ast/scenario_outline.rb:14:in `block in accept'
/usr/local/rvm/gems/ruby-1.9.3-p392/gems/cucumber-1.2.3/lib/cucumber/ast/scenario_outline.rb:13:in `each'
/usr/local/rvm/gems/ruby-1.9.3-p392/gems/cucumber-1.2.3/lib/cucumber/ast/scenario_outline.rb:13:in `accept'
/usr/local/rvm/gems/ruby-1.9.3-p392/gems/cucumber-1.2.3/lib/cucumber/ast/tree_walker.rb:67:in `block in visit_examples_array'
/usr/local/rvm/gems/ruby-1.9.3-p392/gems/cucumber-1.2.3/lib/cucumber/ast/tree_walker.rb:163:in `broadcast'
/usr/local/rvm/gems/ruby-1.9.3-p392/gems/cucumber-1.2.3/lib/cucumber/ast/tree_walker.rb:66:in `visit_examples_array'
/usr/local/rvm/gems/ruby-1.9.3-p392/gems/cucumber-1.2.3/lib/cucumber/ast/scenario_outline.rb:68:in `accept'
/usr/local/rvm/gems/ruby-1.9.3-p392/gems/cucumber-1.2.3/lib/cucumber/ast/tree_walker.rb:51:in `block in visit_feature_element'
/usr/local/rvm/gems/ruby-1.9.3-p392/gems/cucumber-1.2.3/lib/cucumber/ast/tree_walker.rb:163:in `broadcast'
/usr/local/rvm/gems/ruby-1.9.3-p392/gems/cucumber-1.2.3/lib/cucumber/ast/tree_walker.rb:50:in `visit_feature_element'
/usr/local/rvm/gems/ruby-1.9.3-p392/gems/cucumber-1.2.3/lib/cucumber/ast/feature.rb:43:in `block in accept'
/usr/local/rvm/gems/ruby-1.9.3-p392/gems/cucumber-1.2.3/lib/cucumber/ast/feature.rb:42:in `each'
/usr/local/rvm/gems/ruby-1.9.3-p392/gems/cucumber-1.2.3/lib/cucumber/ast/feature.rb:42:in `accept'
/usr/local/rvm/gems/ruby-1.9.3-p392/gems/cucumber-1.2.3/lib/cucumber/ast/tree_walker.rb:20:in `block in visit_feature'
/usr/local/rvm/gems/ruby-1.9.3-p392/gems/cucumber-1.2.3/lib/cucumber/ast/tree_walker.rb:163:in `broadcast'
/usr/local/rvm/gems/ruby-1.9.3-p392/gems/cucumber-1.2.3/lib/cucumber/ast/tree_walker.rb:19:in `visit_feature'
/usr/local/rvm/gems/ruby-1.9.3-p392/gems/cucumber-1.2.3/lib/cucumber/ast/features.rb:29:in `block in accept'
/usr/local/rvm/gems/ruby-1.9.3-p392/gems/cucumber-1.2.3/lib/cucumber/ast/features.rb:17:in `each'
/usr/local/rvm/gems/ruby-1.9.3-p392/gems/cucumber-1.2.3/lib/cucumber/ast/features.rb:17:in `each'
/usr/local/rvm/gems/ruby-1.9.3-p392/gems/cucumber-1.2.3/lib/cucumber/ast/features.rb:28:in `accept'
/usr/local/rvm/gems/ruby-1.9.3-p392/gems/cucumber-1.2.3/lib/cucumber/ast/tree_walker.rb:14:in `block in visit_features'
/usr/local/rvm/gems/ruby-1.9.3-p392/gems/cucumber-1.2.3/lib/cucumber/ast/tree_walker.rb:163:in `broadcast'
/usr/local/rvm/gems/ruby-1.9.3-p392/gems/cucumber-1.2.3/lib/cucumber/ast/tree_walker.rb:13:in `visit_features'
/usr/local/rvm/gems/ruby-1.9.3-p392/gems/cucumber-1.2.3/lib/cucumber/runtime.rb:47:in `run!'
/usr/local/rvm/gems/ruby-1.9.3-p392/gems/cucumber-1.2.3/lib/cucumber/cli/main.rb:43:in `execute!'
/usr/local/rvm/gems/ruby-1.9.3-p392/gems/cucumber-1.2.3/lib/cucumber/cli/main.rb:20:in `execute'
/usr/local/rvm/gems/ruby-1.9.3-p392/gems/cucumber-1.2.3/bin/cucumber:14:in `<top (required)>'
/usr/local/rvm/gems/ruby-1.9.3-p392/bin/cucumber:19:in `load'
/usr/local/rvm/gems/ruby-1.9.3-p392/bin/cucumber:19:in `<main>'
/usr/local/rvm/gems/ruby-1.9.3-p392/bin/ruby_noexec_wrapper:14:in `eval'
/usr/local/rvm/gems/ruby-1.9.3-p392/bin/ruby_noexec_wrapper:14:in `<main>'
features/login.feature:64:in `Given I open '<service>' site for the opco '<opco>' in a logged out state']]>
  </failure>
  <system-out/>
  <system-err/>
</testcase>
<testcase classname="LOGIN" name="Group Logout (outline example : | it | contacts | usual_msisdn_2 | usual_password |)" time="0.426980">
  <failure message="failed Group Logout (outline example : | it | contacts | usual_msisdn_2 | usual_password |)" type="failed">
    <![CDATA[Scenario Outline: Group Logout

Example row: | gb | music | usual_msisdn_2 | usual_password |

Message:
Example row: | ie | contacts | usual_msisdn_2 | usual_password |

Message:
Example row: | ie | nwab | usual_msisdn_2 | usual_password |

Message:
Example row: | ie | contentbackup | usual_msisdn_2 | usual_password |

Message:
Example row: | ie | music | usual_msisdn_2 | usual_password |

Message:
Example row: | it | music | usual_msisdn_2 | usual_password |

Message:
Example row: | it | contacts | usual_msisdn_2 | usual_password |

Message:
]]>
    <![CDATA[unexpected response, code=404, content-type=""
unknown command: session/61a9d9f6391e38daf5d133be8708e330/element/name (Selenium::WebDriver::Error::WebDriverError)
/usr/local/rvm/gems/ruby-1.9.3-p392/gems/selenium-webdriver-2.31.0/lib/selenium/webdriver/remote/http/common.rb:66:in `create_response'
/usr/local/rvm/gems/ruby-1.9.3-p392/gems/selenium-webdriver-2.31.0/lib/selenium/webdriver/remote/http/default.rb:66:in `request'
/usr/local/rvm/gems/ruby-1.9.3-p392/gems/selenium-webdriver-2.31.0/lib/selenium/webdriver/remote/http/common.rb:40:in `call'
/usr/local/rvm/gems/ruby-1.9.3-p392/gems/selenium-webdriver-2.31.0/lib/selenium/webdriver/remote/bridge.rb:616:in `raw_execute'
/usr/local/rvm/gems/ruby-1.9.3-p392/gems/selenium-webdriver-2.31.0/lib/selenium/webdriver/remote/bridge.rb:594:in `execute'
/usr/local/rvm/gems/ruby-1.9.3-p392/gems/selenium-webdriver-2.31.0/lib/selenium/webdriver/remote/bridge.rb:493:in `getElementTagName'
/usr/local/rvm/gems/ruby-1.9.3-p392/gems/selenium-webdriver-2.31.0/lib/selenium/webdriver/common/element.rb:68:in `tag_name'
/usr/local/rvm/gems/ruby-1.9.3-p392/gems/watir-webdriver-0.6.2/lib/watir-webdriver/locators/element_locator.rb:387:in `validate_element'
/usr/local/rvm/gems/ruby-1.9.3-p392/gems/watir-webdriver-0.6.2/lib/watir-webdriver/locators/element_locator.rb:37:in `locate'
/usr/local/rvm/gems/ruby-1.9.3-p392/gems/watir-webdriver-0.6.2/lib/watir-webdriver/elements/element.rb:509:in `locate'
/usr/local/rvm/gems/ruby-1.9.3-p392/gems/watir-webdriver-0.6.2/lib/watir-webdriver/elements/element.rb:487:in `assert_exists'
/usr/local/rvm/gems/ruby-1.9.3-p392/gems/watir-webdriver-0.6.2/lib/watir-webdriver/elements/element.rb:118:in `click'
/Users/Subhash/git/automated_tests_web_login_app/features/pages/MockServicePage.rb:13:in `visit'
/Users/Subhash/git/automated_tests_web_login_app/features/step_definitions/loginapp_steps.rb:17:in `block in <top (required)>'
/usr/local/rvm/gems/ruby-1.9.3-p392/gems/cucumber-1.2.3/lib/cucumber/core_ext/instance_exec.rb:48:in `instance_exec'
/usr/local/rvm/gems/ruby-1.9.3-p392/gems/cucumber-1.2.3/lib/cucumber/core_ext/instance_exec.rb:48:in `block in cucumber_instance_exec'
/usr/local/rvm/gems/ruby-1.9.3-p392/gems/cucumber-1.2.3/lib/cucumber/core_ext/instance_exec.rb:69:in `cucumber_run_with_backtrace_filtering'
/usr/local/rvm/gems/ruby-1.9.3-p392/gems/cucumber-1.2.3/lib/cucumber/core_ext/instance_exec.rb:36:in `cucumber_instance_exec'
/usr/local/rvm/gems/ruby-1.9.3-p392/gems/cucumber-1.2.3/lib/cucumber/rb_support/rb_step_definition.rb:97:in `invoke'
/usr/local/rvm/gems/ruby-1.9.3-p392/gems/cucumber-1.2.3/lib/cucumber/step_match.rb:25:in `invoke'
/usr/local/rvm/gems/ruby-1.9.3-p392/gems/cucumber-1.2.3/lib/cucumber/ast/step_invocation.rb:60:in `invoke'
/usr/local/rvm/gems/ruby-1.9.3-p392/gems/cucumber-1.2.3/lib/cucumber/ast/outline_table.rb:119:in `block (2 levels) in accept_plain'
/usr/local/rvm/gems/ruby-1.9.3-p392/gems/cucumber-1.2.3/lib/cucumber/ast/step_collection.rb:37:in `each'
/usr/local/rvm/gems/ruby-1.9.3-p392/gems/cucumber-1.2.3/lib/cucumber/ast/step_collection.rb:37:in `each'
/usr/local/rvm/gems/ruby-1.9.3-p392/gems/cucumber-1.2.3/lib/cucumber/ast/outline_table.rb:118:in `block in accept_plain'
/usr/local/rvm/gems/ruby-1.9.3-p392/gems/cucumber-1.2.3/lib/cucumber/runtime.rb:81:in `block (2 levels) in with_hooks'
/usr/local/rvm/gems/ruby-1.9.3-p392/gems/cucumber-1.2.3/lib/cucumber/runtime.rb:97:in `before_and_after'
/usr/local/rvm/gems/ruby-1.9.3-p392/gems/cucumber-1.2.3/lib/cucumber/runtime.rb:80:in `block in with_hooks'
/usr/local/rvm/gems/ruby-1.9.3-p392/gems/cucumber-1.2.3/lib/cucumber/runtime/support_code.rb:120:in `call'
/usr/local/rvm/gems/ruby-1.9.3-p392/gems/cucumber-1.2.3/lib/cucumber/runtime/support_code.rb:120:in `block (3 levels) in around'
/usr/local/rvm/gems/ruby-1.9.3-p392/gems/cucumber-1.2.3/lib/cucumber/language_support/language_methods.rb:9:in `block in around'
/usr/local/rvm/gems/ruby-1.9.3-p392/gems/cucumber-1.2.3/lib/cucumber/language_support/language_methods.rb:91:in `call'
/usr/local/rvm/gems/ruby-1.9.3-p392/gems/cucumber-1.2.3/lib/cucumber/language_support/language_methods.rb:91:in `execute_around'
/usr/local/rvm/gems/ruby-1.9.3-p392/gems/cucumber-1.2.3/lib/cucumber/language_support/language_methods.rb:8:in `around'
/usr/local/rvm/gems/ruby-1.9.3-p392/gems/cucumber-1.2.3/lib/cucumber/runtime/support_code.rb:119:in `block (2 levels) in around'
/usr/local/rvm/gems/ruby-1.9.3-p392/gems/cucumber-1.2.3/lib/cucumber/runtime/support_code.rb:117:in `call'
/usr/local/rvm/gems/ruby-1.9.3-p392/gems/cucumber-1.2.3/lib/cucumber/runtime/support_code.rb:117:in `around'
/usr/local/rvm/gems/ruby-1.9.3-p392/gems/cucumber-1.2.3/lib/cucumber/runtime.rb:92:in `around'
/usr/local/rvm/gems/ruby-1.9.3-p392/gems/cucumber-1.2.3/lib/cucumber/runtime.rb:79:in `with_hooks'
/usr/local/rvm/gems/ruby-1.9.3-p392/gems/cucumber-1.2.3/lib/cucumber/ast/outline_table.rb:117:in `accept_plain'
/usr/local/rvm/gems/ruby-1.9.3-p392/gems/cucumber-1.2.3/lib/cucumber/ast/outline_table.rb:107:in `accept'
/usr/local/rvm/gems/ruby-1.9.3-p392/gems/cucumber-1.2.3/lib/cucumber/ast/tree_walker.rb:131:in `block in visit_table_row'
/usr/local/rvm/gems/ruby-1.9.3-p392/gems/cucumber-1.2.3/lib/cucumber/ast/tree_walker.rb:163:in `broadcast'
/usr/local/rvm/gems/ruby-1.9.3-p392/gems/cucumber-1.2.3/lib/cucumber/ast/tree_walker.rb:130:in `visit_table_row'
/usr/local/rvm/gems/ruby-1.9.3-p392/gems/cucumber-1.2.3/lib/cucumber/ast/outline_table.rb:27:in `block in accept'
/usr/local/rvm/gems/ruby-1.9.3-p392/gems/cucumber-1.2.3/lib/cucumber/ast/outline_table.rb:23:in `each'
/usr/local/rvm/gems/ruby-1.9.3-p392/gems/cucumber-1.2.3/lib/cucumber/ast/outline_table.rb:23:in `each_with_index'
/usr/local/rvm/gems/ruby-1.9.3-p392/gems/cucumber-1.2.3/lib/cucumber/ast/outline_table.rb:23:in `accept'
/usr/local/rvm/gems/ruby-1.9.3-p392/gems/cucumber-1.2.3/lib/cucumber/ast/tree_walker.rb:83:in `block in visit_outline_table'
/usr/local/rvm/gems/ruby-1.9.3-p392/gems/cucumber-1.2.3/lib/cucumber/ast/tree_walker.rb:163:in `broadcast'
/usr/local/rvm/gems/ruby-1.9.3-p392/gems/cucumber-1.2.3/lib/cucumber/ast/tree_walker.rb:82:in `visit_outline_table'
/usr/local/rvm/gems/ruby-1.9.3-p392/gems/cucumber-1.2.3/lib/cucumber/ast/examples.rb:22:in `accept'
/usr/local/rvm/gems/ruby-1.9.3-p392/gems/cucumber-1.2.3/lib/cucumber/ast/tree_walker.rb:73:in `block in visit_examples'
/usr/local/rvm/gems/ruby-1.9.3-p392/gems/cucumber-1.2.3/lib/cucumber/ast/tree_walker.rb:163:in `broadcast'
/usr/local/rvm/gems/ruby-1.9.3-p392/gems/cucumber-1.2.3/lib/cucumber/ast/tree_walker.rb:72:in `visit_examples'
/usr/local/rvm/gems/ruby-1.9.3-p392/gems/cucumber-1.2.3/lib/cucumber/ast/scenario_outline.rb:14:in `block in accept'
/usr/local/rvm/gems/ruby-1.9.3-p392/gems/cucumber-1.2.3/lib/cucumber/ast/scenario_outline.rb:13:in `each'
/usr/local/rvm/gems/ruby-1.9.3-p392/gems/cucumber-1.2.3/lib/cucumber/ast/scenario_outline.rb:13:in `accept'
/usr/local/rvm/gems/ruby-1.9.3-p392/gems/cucumber-1.2.3/lib/cucumber/ast/tree_walker.rb:67:in `block in visit_examples_array'
/usr/local/rvm/gems/ruby-1.9.3-p392/gems/cucumber-1.2.3/lib/cucumber/ast/tree_walker.rb:163:in `broadcast'
/usr/local/rvm/gems/ruby-1.9.3-p392/gems/cucumber-1.2.3/lib/cucumber/ast/tree_walker.rb:66:in `visit_examples_array'
/usr/local/rvm/gems/ruby-1.9.3-p392/gems/cucumber-1.2.3/lib/cucumber/ast/scenario_outline.rb:68:in `accept'
/usr/local/rvm/gems/ruby-1.9.3-p392/gems/cucumber-1.2.3/lib/cucumber/ast/tree_walker.rb:51:in `block in visit_feature_element'
/usr/local/rvm/gems/ruby-1.9.3-p392/gems/cucumber-1.2.3/lib/cucumber/ast/tree_walker.rb:163:in `broadcast'
/usr/local/rvm/gems/ruby-1.9.3-p392/gems/cucumber-1.2.3/lib/cucumber/ast/tree_walker.rb:50:in `visit_feature_element'
/usr/local/rvm/gems/ruby-1.9.3-p392/gems/cucumber-1.2.3/lib/cucumber/ast/feature.rb:43:in `block in accept'
/usr/local/rvm/gems/ruby-1.9.3-p392/gems/cucumber-1.2.3/lib/cucumber/ast/feature.rb:42:in `each'
/usr/local/rvm/gems/ruby-1.9.3-p392/gems/cucumber-1.2.3/lib/cucumber/ast/feature.rb:42:in `accept'
/usr/local/rvm/gems/ruby-1.9.3-p392/gems/cucumber-1.2.3/lib/cucumber/ast/tree_walker.rb:20:in `block in visit_feature'
/usr/local/rvm/gems/ruby-1.9.3-p392/gems/cucumber-1.2.3/lib/cucumber/ast/tree_walker.rb:163:in `broadcast'
/usr/local/rvm/gems/ruby-1.9.3-p392/gems/cucumber-1.2.3/lib/cucumber/ast/tree_walker.rb:19:in `visit_feature'
/usr/local/rvm/gems/ruby-1.9.3-p392/gems/cucumber-1.2.3/lib/cucumber/ast/features.rb:29:in `block in accept'
/usr/local/rvm/gems/ruby-1.9.3-p392/gems/cucumber-1.2.3/lib/cucumber/ast/features.rb:17:in `each'
/usr/local/rvm/gems/ruby-1.9.3-p392/gems/cucumber-1.2.3/lib/cucumber/ast/features.rb:17:in `each'
/usr/local/rvm/gems/ruby-1.9.3-p392/gems/cucumber-1.2.3/lib/cucumber/ast/features.rb:28:in `accept'
/usr/local/rvm/gems/ruby-1.9.3-p392/gems/cucumber-1.2.3/lib/cucumber/ast/tree_walker.rb:14:in `block in visit_features'
/usr/local/rvm/gems/ruby-1.9.3-p392/gems/cucumber-1.2.3/lib/cucumber/ast/tree_walker.rb:163:in `broadcast'
/usr/local/rvm/gems/ruby-1.9.3-p392/gems/cucumber-1.2.3/lib/cucumber/ast/tree_walker.rb:13:in `visit_features'
/usr/local/rvm/gems/ruby-1.9.3-p392/gems/cucumber-1.2.3/lib/cucumber/runtime.rb:47:in `run!'
/usr/local/rvm/gems/ruby-1.9.3-p392/gems/cucumber-1.2.3/lib/cucumber/cli/main.rb:43:in `execute!'
/usr/local/rvm/gems/ruby-1.9.3-p392/gems/cucumber-1.2.3/lib/cucumber/cli/main.rb:20:in `execute'
/usr/local/rvm/gems/ruby-1.9.3-p392/gems/cucumber-1.2.3/bin/cucumber:14:in `<top (required)>'
/usr/local/rvm/gems/ruby-1.9.3-p392/bin/cucumber:19:in `load'
/usr/local/rvm/gems/ruby-1.9.3-p392/bin/cucumber:19:in `<main>'
/usr/local/rvm/gems/ruby-1.9.3-p392/bin/ruby_noexec_wrapper:14:in `eval'
/usr/local/rvm/gems/ruby-1.9.3-p392/bin/ruby_noexec_wrapper:14:in `<main>'
features/login.feature:64:in `Given I open '<service>' site for the opco '<opco>' in a logged out state']]>
  </failure>
  <system-out/>
  <system-err/>
</testcase>
<testcase classname="LOGIN" name="Group Logout (outline example : | it | nwab | usual_msisdn_2 | usual_password |)" time="0.455623">
  <failure message="failed Group Logout (outline example : | it | nwab | usual_msisdn_2 | usual_password |)" type="failed">
    <![CDATA[Scenario Outline: Group Logout

Example row: | gb | music | usual_msisdn_2 | usual_password |

Message:
Example row: | ie | contacts | usual_msisdn_2 | usual_password |

Message:
Example row: | ie | nwab | usual_msisdn_2 | usual_password |

Message:
Example row: | ie | contentbackup | usual_msisdn_2 | usual_password |

Message:
Example row: | ie | music | usual_msisdn_2 | usual_password |

Message:
Example row: | it | music | usual_msisdn_2 | usual_password |

Message:
Example row: | it | contacts | usual_msisdn_2 | usual_password |

Message:
Example row: | it | nwab | usual_msisdn_2 | usual_password |

Message:
]]>
    <![CDATA[unexpected response, code=404, content-type=""
unknown command: session/61a9d9f6391e38daf5d133be8708e330/element/name (Selenium::WebDriver::Error::WebDriverError)
/usr/local/rvm/gems/ruby-1.9.3-p392/gems/selenium-webdriver-2.31.0/lib/selenium/webdriver/remote/http/common.rb:66:in `create_response'
/usr/local/rvm/gems/ruby-1.9.3-p392/gems/selenium-webdriver-2.31.0/lib/selenium/webdriver/remote/http/default.rb:66:in `request'
/usr/local/rvm/gems/ruby-1.9.3-p392/gems/selenium-webdriver-2.31.0/lib/selenium/webdriver/remote/http/common.rb:40:in `call'
/usr/local/rvm/gems/ruby-1.9.3-p392/gems/selenium-webdriver-2.31.0/lib/selenium/webdriver/remote/bridge.rb:616:in `raw_execute'
/usr/local/rvm/gems/ruby-1.9.3-p392/gems/selenium-webdriver-2.31.0/lib/selenium/webdriver/remote/bridge.rb:594:in `execute'
/usr/local/rvm/gems/ruby-1.9.3-p392/gems/selenium-webdriver-2.31.0/lib/selenium/webdriver/remote/bridge.rb:493:in `getElementTagName'
/usr/local/rvm/gems/ruby-1.9.3-p392/gems/selenium-webdriver-2.31.0/lib/selenium/webdriver/common/element.rb:68:in `tag_name'
/usr/local/rvm/gems/ruby-1.9.3-p392/gems/watir-webdriver-0.6.2/lib/watir-webdriver/locators/element_locator.rb:387:in `validate_element'
/usr/local/rvm/gems/ruby-1.9.3-p392/gems/watir-webdriver-0.6.2/lib/watir-webdriver/locators/element_locator.rb:37:in `locate'
/usr/local/rvm/gems/ruby-1.9.3-p392/gems/watir-webdriver-0.6.2/lib/watir-webdriver/elements/element.rb:509:in `locate'
/usr/local/rvm/gems/ruby-1.9.3-p392/gems/watir-webdriver-0.6.2/lib/watir-webdriver/elements/element.rb:487:in `assert_exists'
/usr/local/rvm/gems/ruby-1.9.3-p392/gems/watir-webdriver-0.6.2/lib/watir-webdriver/elements/element.rb:118:in `click'
/Users/Subhash/git/automated_tests_web_login_app/features/pages/MockServicePage.rb:13:in `visit'
/Users/Subhash/git/automated_tests_web_login_app/features/step_definitions/loginapp_steps.rb:17:in `block in <top (required)>'
/usr/local/rvm/gems/ruby-1.9.3-p392/gems/cucumber-1.2.3/lib/cucumber/core_ext/instance_exec.rb:48:in `instance_exec'
/usr/local/rvm/gems/ruby-1.9.3-p392/gems/cucumber-1.2.3/lib/cucumber/core_ext/instance_exec.rb:48:in `block in cucumber_instance_exec'
/usr/local/rvm/gems/ruby-1.9.3-p392/gems/cucumber-1.2.3/lib/cucumber/core_ext/instance_exec.rb:69:in `cucumber_run_with_backtrace_filtering'
/usr/local/rvm/gems/ruby-1.9.3-p392/gems/cucumber-1.2.3/lib/cucumber/core_ext/instance_exec.rb:36:in `cucumber_instance_exec'
/usr/local/rvm/gems/ruby-1.9.3-p392/gems/cucumber-1.2.3/lib/cucumber/rb_support/rb_step_definition.rb:97:in `invoke'
/usr/local/rvm/gems/ruby-1.9.3-p392/gems/cucumber-1.2.3/lib/cucumber/step_match.rb:25:in `invoke'
/usr/local/rvm/gems/ruby-1.9.3-p392/gems/cucumber-1.2.3/lib/cucumber/ast/step_invocation.rb:60:in `invoke'
/usr/local/rvm/gems/ruby-1.9.3-p392/gems/cucumber-1.2.3/lib/cucumber/ast/outline_table.rb:119:in `block (2 levels) in accept_plain'
/usr/local/rvm/gems/ruby-1.9.3-p392/gems/cucumber-1.2.3/lib/cucumber/ast/step_collection.rb:37:in `each'
/usr/local/rvm/gems/ruby-1.9.3-p392/gems/cucumber-1.2.3/lib/cucumber/ast/step_collection.rb:37:in `each'
/usr/local/rvm/gems/ruby-1.9.3-p392/gems/cucumber-1.2.3/lib/cucumber/ast/outline_table.rb:118:in `block in accept_plain'
/usr/local/rvm/gems/ruby-1.9.3-p392/gems/cucumber-1.2.3/lib/cucumber/runtime.rb:81:in `block (2 levels) in with_hooks'
/usr/local/rvm/gems/ruby-1.9.3-p392/gems/cucumber-1.2.3/lib/cucumber/runtime.rb:97:in `before_and_after'
/usr/local/rvm/gems/ruby-1.9.3-p392/gems/cucumber-1.2.3/lib/cucumber/runtime.rb:80:in `block in with_hooks'
/usr/local/rvm/gems/ruby-1.9.3-p392/gems/cucumber-1.2.3/lib/cucumber/runtime/support_code.rb:120:in `call'
/usr/local/rvm/gems/ruby-1.9.3-p392/gems/cucumber-1.2.3/lib/cucumber/runtime/support_code.rb:120:in `block (3 levels) in around'
/usr/local/rvm/gems/ruby-1.9.3-p392/gems/cucumber-1.2.3/lib/cucumber/language_support/language_methods.rb:9:in `block in around'
/usr/local/rvm/gems/ruby-1.9.3-p392/gems/cucumber-1.2.3/lib/cucumber/language_support/language_methods.rb:91:in `call'
/usr/local/rvm/gems/ruby-1.9.3-p392/gems/cucumber-1.2.3/lib/cucumber/language_support/language_methods.rb:91:in `execute_around'
/usr/local/rvm/gems/ruby-1.9.3-p392/gems/cucumber-1.2.3/lib/cucumber/language_support/language_methods.rb:8:in `around'
/usr/local/rvm/gems/ruby-1.9.3-p392/gems/cucumber-1.2.3/lib/cucumber/runtime/support_code.rb:119:in `block (2 levels) in around'
/usr/local/rvm/gems/ruby-1.9.3-p392/gems/cucumber-1.2.3/lib/cucumber/runtime/support_code.rb:117:in `call'
/usr/local/rvm/gems/ruby-1.9.3-p392/gems/cucumber-1.2.3/lib/cucumber/runtime/support_code.rb:117:in `around'
/usr/local/rvm/gems/ruby-1.9.3-p392/gems/cucumber-1.2.3/lib/cucumber/runtime.rb:92:in `around'
/usr/local/rvm/gems/ruby-1.9.3-p392/gems/cucumber-1.2.3/lib/cucumber/runtime.rb:79:in `with_hooks'
/usr/local/rvm/gems/ruby-1.9.3-p392/gems/cucumber-1.2.3/lib/cucumber/ast/outline_table.rb:117:in `accept_plain'
/usr/local/rvm/gems/ruby-1.9.3-p392/gems/cucumber-1.2.3/lib/cucumber/ast/outline_table.rb:107:in `accept'
/usr/local/rvm/gems/ruby-1.9.3-p392/gems/cucumber-1.2.3/lib/cucumber/ast/tree_walker.rb:131:in `block in visit_table_row'
/usr/local/rvm/gems/ruby-1.9.3-p392/gems/cucumber-1.2.3/lib/cucumber/ast/tree_walker.rb:163:in `broadcast'
/usr/local/rvm/gems/ruby-1.9.3-p392/gems/cucumber-1.2.3/lib/cucumber/ast/tree_walker.rb:130:in `visit_table_row'
/usr/local/rvm/gems/ruby-1.9.3-p392/gems/cucumber-1.2.3/lib/cucumber/ast/outline_table.rb:27:in `block in accept'
/usr/local/rvm/gems/ruby-1.9.3-p392/gems/cucumber-1.2.3/lib/cucumber/ast/outline_table.rb:23:in `each'
/usr/local/rvm/gems/ruby-1.9.3-p392/gems/cucumber-1.2.3/lib/cucumber/ast/outline_table.rb:23:in `each_with_index'
/usr/local/rvm/gems/ruby-1.9.3-p392/gems/cucumber-1.2.3/lib/cucumber/ast/outline_table.rb:23:in `accept'
/usr/local/rvm/gems/ruby-1.9.3-p392/gems/cucumber-1.2.3/lib/cucumber/ast/tree_walker.rb:83:in `block in visit_outline_table'
/usr/local/rvm/gems/ruby-1.9.3-p392/gems/cucumber-1.2.3/lib/cucumber/ast/tree_walker.rb:163:in `broadcast'
/usr/local/rvm/gems/ruby-1.9.3-p392/gems/cucumber-1.2.3/lib/cucumber/ast/tree_walker.rb:82:in `visit_outline_table'
/usr/local/rvm/gems/ruby-1.9.3-p392/gems/cucumber-1.2.3/lib/cucumber/ast/examples.rb:22:in `accept'
/usr/local/rvm/gems/ruby-1.9.3-p392/gems/cucumber-1.2.3/lib/cucumber/ast/tree_walker.rb:73:in `block in visit_examples'
/usr/local/rvm/gems/ruby-1.9.3-p392/gems/cucumber-1.2.3/lib/cucumber/ast/tree_walker.rb:163:in `broadcast'
/usr/local/rvm/gems/ruby-1.9.3-p392/gems/cucumber-1.2.3/lib/cucumber/ast/tree_walker.rb:72:in `visit_examples'
/usr/local/rvm/gems/ruby-1.9.3-p392/gems/cucumber-1.2.3/lib/cucumber/ast/scenario_outline.rb:14:in `block in accept'
/usr/local/rvm/gems/ruby-1.9.3-p392/gems/cucumber-1.2.3/lib/cucumber/ast/scenario_outline.rb:13:in `each'
/usr/local/rvm/gems/ruby-1.9.3-p392/gems/cucumber-1.2.3/lib/cucumber/ast/scenario_outline.rb:13:in `accept'
/usr/local/rvm/gems/ruby-1.9.3-p392/gems/cucumber-1.2.3/lib/cucumber/ast/tree_walker.rb:67:in `block in visit_examples_array'
/usr/local/rvm/gems/ruby-1.9.3-p392/gems/cucumber-1.2.3/lib/cucumber/ast/tree_walker.rb:163:in `broadcast'
/usr/local/rvm/gems/ruby-1.9.3-p392/gems/cucumber-1.2.3/lib/cucumber/ast/tree_walker.rb:66:in `visit_examples_array'
/usr/local/rvm/gems/ruby-1.9.3-p392/gems/cucumber-1.2.3/lib/cucumber/ast/scenario_outline.rb:68:in `accept'
/usr/local/rvm/gems/ruby-1.9.3-p392/gems/cucumber-1.2.3/lib/cucumber/ast/tree_walker.rb:51:in `block in visit_feature_element'
/usr/local/rvm/gems/ruby-1.9.3-p392/gems/cucumber-1.2.3/lib/cucumber/ast/tree_walker.rb:163:in `broadcast'
/usr/local/rvm/gems/ruby-1.9.3-p392/gems/cucumber-1.2.3/lib/cucumber/ast/tree_walker.rb:50:in `visit_feature_element'
/usr/local/rvm/gems/ruby-1.9.3-p392/gems/cucumber-1.2.3/lib/cucumber/ast/feature.rb:43:in `block in accept'
/usr/local/rvm/gems/ruby-1.9.3-p392/gems/cucumber-1.2.3/lib/cucumber/ast/feature.rb:42:in `each'
/usr/local/rvm/gems/ruby-1.9.3-p392/gems/cucumber-1.2.3/lib/cucumber/ast/feature.rb:42:in `accept'
/usr/local/rvm/gems/ruby-1.9.3-p392/gems/cucumber-1.2.3/lib/cucumber/ast/tree_walker.rb:20:in `block in visit_feature'
/usr/local/rvm/gems/ruby-1.9.3-p392/gems/cucumber-1.2.3/lib/cucumber/ast/tree_walker.rb:163:in `broadcast'
/usr/local/rvm/gems/ruby-1.9.3-p392/gems/cucumber-1.2.3/lib/cucumber/ast/tree_walker.rb:19:in `visit_feature'
/usr/local/rvm/gems/ruby-1.9.3-p392/gems/cucumber-1.2.3/lib/cucumber/ast/features.rb:29:in `block in accept'
/usr/local/rvm/gems/ruby-1.9.3-p392/gems/cucumber-1.2.3/lib/cucumber/ast/features.rb:17:in `each'
/usr/local/rvm/gems/ruby-1.9.3-p392/gems/cucumber-1.2.3/lib/cucumber/ast/features.rb:17:in `each'
/usr/local/rvm/gems/ruby-1.9.3-p392/gems/cucumber-1.2.3/lib/cucumber/ast/features.rb:28:in `accept'
/usr/local/rvm/gems/ruby-1.9.3-p392/gems/cucumber-1.2.3/lib/cucumber/ast/tree_walker.rb:14:in `block in visit_features'
/usr/local/rvm/gems/ruby-1.9.3-p392/gems/cucumber-1.2.3/lib/cucumber/ast/tree_walker.rb:163:in `broadcast'
/usr/local/rvm/gems/ruby-1.9.3-p392/gems/cucumber-1.2.3/lib/cucumber/ast/tree_walker.rb:13:in `visit_features'
/usr/local/rvm/gems/ruby-1.9.3-p392/gems/cucumber-1.2.3/lib/cucumber/runtime.rb:47:in `run!'
/usr/local/rvm/gems/ruby-1.9.3-p392/gems/cucumber-1.2.3/lib/cucumber/cli/main.rb:43:in `execute!'
/usr/local/rvm/gems/ruby-1.9.3-p392/gems/cucumber-1.2.3/lib/cucumber/cli/main.rb:20:in `execute'
/usr/local/rvm/gems/ruby-1.9.3-p392/gems/cucumber-1.2.3/bin/cucumber:14:in `<top (required)>'
/usr/local/rvm/gems/ruby-1.9.3-p392/bin/cucumber:19:in `load'
/usr/local/rvm/gems/ruby-1.9.3-p392/bin/cucumber:19:in `<main>'
/usr/local/rvm/gems/ruby-1.9.3-p392/bin/ruby_noexec_wrapper:14:in `eval'
/usr/local/rvm/gems/ruby-1.9.3-p392/bin/ruby_noexec_wrapper:14:in `<main>'
features/login.feature:64:in `Given I open '<service>' site for the opco '<opco>' in a logged out state']]>
  </failure>
  <system-out/>
  <system-err/>
</testcase>
<testcase classname="LOGIN" name="Group Logout (outline example : | it | contentbackup | usual_msisdn_2 | usual_password |)" time="0.427463">
  <failure message="failed Group Logout (outline example : | it | contentbackup | usual_msisdn_2 | usual_password |)" type="failed">
    <![CDATA[Scenario Outline: Group Logout

Example row: | gb | music | usual_msisdn_2 | usual_password |

Message:
Example row: | ie | contacts | usual_msisdn_2 | usual_password |

Message:
Example row: | ie | nwab | usual_msisdn_2 | usual_password |

Message:
Example row: | ie | contentbackup | usual_msisdn_2 | usual_password |

Message:
Example row: | ie | music | usual_msisdn_2 | usual_password |

Message:
Example row: | it | music | usual_msisdn_2 | usual_password |

Message:
Example row: | it | contacts | usual_msisdn_2 | usual_password |

Message:
Example row: | it | nwab | usual_msisdn_2 | usual_password |

Message:
Example row: | it | contentbackup | usual_msisdn_2 | usual_password |

Message:
]]>
    <![CDATA[unexpected response, code=404, content-type=""
unknown command: session/61a9d9f6391e38daf5d133be8708e330/element/name (Selenium::WebDriver::Error::WebDriverError)
/usr/local/rvm/gems/ruby-1.9.3-p392/gems/selenium-webdriver-2.31.0/lib/selenium/webdriver/remote/http/common.rb:66:in `create_response'
/usr/local/rvm/gems/ruby-1.9.3-p392/gems/selenium-webdriver-2.31.0/lib/selenium/webdriver/remote/http/default.rb:66:in `request'
/usr/local/rvm/gems/ruby-1.9.3-p392/gems/selenium-webdriver-2.31.0/lib/selenium/webdriver/remote/http/common.rb:40:in `call'
/usr/local/rvm/gems/ruby-1.9.3-p392/gems/selenium-webdriver-2.31.0/lib/selenium/webdriver/remote/bridge.rb:616:in `raw_execute'
/usr/local/rvm/gems/ruby-1.9.3-p392/gems/selenium-webdriver-2.31.0/lib/selenium/webdriver/remote/bridge.rb:594:in `execute'
/usr/local/rvm/gems/ruby-1.9.3-p392/gems/selenium-webdriver-2.31.0/lib/selenium/webdriver/remote/bridge.rb:493:in `getElementTagName'
/usr/local/rvm/gems/ruby-1.9.3-p392/gems/selenium-webdriver-2.31.0/lib/selenium/webdriver/common/element.rb:68:in `tag_name'
/usr/local/rvm/gems/ruby-1.9.3-p392/gems/watir-webdriver-0.6.2/lib/watir-webdriver/locators/element_locator.rb:387:in `validate_element'
/usr/local/rvm/gems/ruby-1.9.3-p392/gems/watir-webdriver-0.6.2/lib/watir-webdriver/locators/element_locator.rb:37:in `locate'
/usr/local/rvm/gems/ruby-1.9.3-p392/gems/watir-webdriver-0.6.2/lib/watir-webdriver/elements/element.rb:509:in `locate'
/usr/local/rvm/gems/ruby-1.9.3-p392/gems/watir-webdriver-0.6.2/lib/watir-webdriver/elements/element.rb:487:in `assert_exists'
/usr/local/rvm/gems/ruby-1.9.3-p392/gems/watir-webdriver-0.6.2/lib/watir-webdriver/elements/element.rb:118:in `click'
/Users/Subhash/git/automated_tests_web_login_app/features/pages/MockServicePage.rb:13:in `visit'
/Users/Subhash/git/automated_tests_web_login_app/features/step_definitions/loginapp_steps.rb:17:in `block in <top (required)>'
/usr/local/rvm/gems/ruby-1.9.3-p392/gems/cucumber-1.2.3/lib/cucumber/core_ext/instance_exec.rb:48:in `instance_exec'
/usr/local/rvm/gems/ruby-1.9.3-p392/gems/cucumber-1.2.3/lib/cucumber/core_ext/instance_exec.rb:48:in `block in cucumber_instance_exec'
/usr/local/rvm/gems/ruby-1.9.3-p392/gems/cucumber-1.2.3/lib/cucumber/core_ext/instance_exec.rb:69:in `cucumber_run_with_backtrace_filtering'
/usr/local/rvm/gems/ruby-1.9.3-p392/gems/cucumber-1.2.3/lib/cucumber/core_ext/instance_exec.rb:36:in `cucumber_instance_exec'
/usr/local/rvm/gems/ruby-1.9.3-p392/gems/cucumber-1.2.3/lib/cucumber/rb_support/rb_step_definition.rb:97:in `invoke'
/usr/local/rvm/gems/ruby-1.9.3-p392/gems/cucumber-1.2.3/lib/cucumber/step_match.rb:25:in `invoke'
/usr/local/rvm/gems/ruby-1.9.3-p392/gems/cucumber-1.2.3/lib/cucumber/ast/step_invocation.rb:60:in `invoke'
/usr/local/rvm/gems/ruby-1.9.3-p392/gems/cucumber-1.2.3/lib/cucumber/ast/outline_table.rb:119:in `block (2 levels) in accept_plain'
/usr/local/rvm/gems/ruby-1.9.3-p392/gems/cucumber-1.2.3/lib/cucumber/ast/step_collection.rb:37:in `each'
/usr/local/rvm/gems/ruby-1.9.3-p392/gems/cucumber-1.2.3/lib/cucumber/ast/step_collection.rb:37:in `each'
/usr/local/rvm/gems/ruby-1.9.3-p392/gems/cucumber-1.2.3/lib/cucumber/ast/outline_table.rb:118:in `block in accept_plain'
/usr/local/rvm/gems/ruby-1.9.3-p392/gems/cucumber-1.2.3/lib/cucumber/runtime.rb:81:in `block (2 levels) in with_hooks'
/usr/local/rvm/gems/ruby-1.9.3-p392/gems/cucumber-1.2.3/lib/cucumber/runtime.rb:97:in `before_and_after'
/usr/local/rvm/gems/ruby-1.9.3-p392/gems/cucumber-1.2.3/lib/cucumber/runtime.rb:80:in `block in with_hooks'
/usr/local/rvm/gems/ruby-1.9.3-p392/gems/cucumber-1.2.3/lib/cucumber/runtime/support_code.rb:120:in `call'
/usr/local/rvm/gems/ruby-1.9.3-p392/gems/cucumber-1.2.3/lib/cucumber/runtime/support_code.rb:120:in `block (3 levels) in around'
/usr/local/rvm/gems/ruby-1.9.3-p392/gems/cucumber-1.2.3/lib/cucumber/language_support/language_methods.rb:9:in `block in around'
/usr/local/rvm/gems/ruby-1.9.3-p392/gems/cucumber-1.2.3/lib/cucumber/language_support/language_methods.rb:91:in `call'
/usr/local/rvm/gems/ruby-1.9.3-p392/gems/cucumber-1.2.3/lib/cucumber/language_support/language_methods.rb:91:in `execute_around'
/usr/local/rvm/gems/ruby-1.9.3-p392/gems/cucumber-1.2.3/lib/cucumber/language_support/language_methods.rb:8:in `around'
/usr/local/rvm/gems/ruby-1.9.3-p392/gems/cucumber-1.2.3/lib/cucumber/runtime/support_code.rb:119:in `block (2 levels) in around'
/usr/local/rvm/gems/ruby-1.9.3-p392/gems/cucumber-1.2.3/lib/cucumber/runtime/support_code.rb:117:in `call'
/usr/local/rvm/gems/ruby-1.9.3-p392/gems/cucumber-1.2.3/lib/cucumber/runtime/support_code.rb:117:in `around'
/usr/local/rvm/gems/ruby-1.9.3-p392/gems/cucumber-1.2.3/lib/cucumber/runtime.rb:92:in `around'
/usr/local/rvm/gems/ruby-1.9.3-p392/gems/cucumber-1.2.3/lib/cucumber/runtime.rb:79:in `with_hooks'
/usr/local/rvm/gems/ruby-1.9.3-p392/gems/cucumber-1.2.3/lib/cucumber/ast/outline_table.rb:117:in `accept_plain'
/usr/local/rvm/gems/ruby-1.9.3-p392/gems/cucumber-1.2.3/lib/cucumber/ast/outline_table.rb:107:in `accept'
/usr/local/rvm/gems/ruby-1.9.3-p392/gems/cucumber-1.2.3/lib/cucumber/ast/tree_walker.rb:131:in `block in visit_table_row'
/usr/local/rvm/gems/ruby-1.9.3-p392/gems/cucumber-1.2.3/lib/cucumber/ast/tree_walker.rb:163:in `broadcast'
/usr/local/rvm/gems/ruby-1.9.3-p392/gems/cucumber-1.2.3/lib/cucumber/ast/tree_walker.rb:130:in `visit_table_row'
/usr/local/rvm/gems/ruby-1.9.3-p392/gems/cucumber-1.2.3/lib/cucumber/ast/outline_table.rb:27:in `block in accept'
/usr/local/rvm/gems/ruby-1.9.3-p392/gems/cucumber-1.2.3/lib/cucumber/ast/outline_table.rb:23:in `each'
/usr/local/rvm/gems/ruby-1.9.3-p392/gems/cucumber-1.2.3/lib/cucumber/ast/outline_table.rb:23:in `each_with_index'
/usr/local/rvm/gems/ruby-1.9.3-p392/gems/cucumber-1.2.3/lib/cucumber/ast/outline_table.rb:23:in `accept'
/usr/local/rvm/gems/ruby-1.9.3-p392/gems/cucumber-1.2.3/lib/cucumber/ast/tree_walker.rb:83:in `block in visit_outline_table'
/usr/local/rvm/gems/ruby-1.9.3-p392/gems/cucumber-1.2.3/lib/cucumber/ast/tree_walker.rb:163:in `broadcast'
/usr/local/rvm/gems/ruby-1.9.3-p392/gems/cucumber-1.2.3/lib/cucumber/ast/tree_walker.rb:82:in `visit_outline_table'
/usr/local/rvm/gems/ruby-1.9.3-p392/gems/cucumber-1.2.3/lib/cucumber/ast/examples.rb:22:in `accept'
/usr/local/rvm/gems/ruby-1.9.3-p392/gems/cucumber-1.2.3/lib/cucumber/ast/tree_walker.rb:73:in `block in visit_examples'
/usr/local/rvm/gems/ruby-1.9.3-p392/gems/cucumber-1.2.3/lib/cucumber/ast/tree_walker.rb:163:in `broadcast'
/usr/local/rvm/gems/ruby-1.9.3-p392/gems/cucumber-1.2.3/lib/cucumber/ast/tree_walker.rb:72:in `visit_examples'
/usr/local/rvm/gems/ruby-1.9.3-p392/gems/cucumber-1.2.3/lib/cucumber/ast/scenario_outline.rb:14:in `block in accept'
/usr/local/rvm/gems/ruby-1.9.3-p392/gems/cucumber-1.2.3/lib/cucumber/ast/scenario_outline.rb:13:in `each'
/usr/local/rvm/gems/ruby-1.9.3-p392/gems/cucumber-1.2.3/lib/cucumber/ast/scenario_outline.rb:13:in `accept'
/usr/local/rvm/gems/ruby-1.9.3-p392/gems/cucumber-1.2.3/lib/cucumber/ast/tree_walker.rb:67:in `block in visit_examples_array'
/usr/local/rvm/gems/ruby-1.9.3-p392/gems/cucumber-1.2.3/lib/cucumber/ast/tree_walker.rb:163:in `broadcast'
/usr/local/rvm/gems/ruby-1.9.3-p392/gems/cucumber-1.2.3/lib/cucumber/ast/tree_walker.rb:66:in `visit_examples_array'
/usr/local/rvm/gems/ruby-1.9.3-p392/gems/cucumber-1.2.3/lib/cucumber/ast/scenario_outline.rb:68:in `accept'
/usr/local/rvm/gems/ruby-1.9.3-p392/gems/cucumber-1.2.3/lib/cucumber/ast/tree_walker.rb:51:in `block in visit_feature_element'
/usr/local/rvm/gems/ruby-1.9.3-p392/gems/cucumber-1.2.3/lib/cucumber/ast/tree_walker.rb:163:in `broadcast'
/usr/local/rvm/gems/ruby-1.9.3-p392/gems/cucumber-1.2.3/lib/cucumber/ast/tree_walker.rb:50:in `visit_feature_element'
/usr/local/rvm/gems/ruby-1.9.3-p392/gems/cucumber-1.2.3/lib/cucumber/ast/feature.rb:43:in `block in accept'
/usr/local/rvm/gems/ruby-1.9.3-p392/gems/cucumber-1.2.3/lib/cucumber/ast/feature.rb:42:in `each'
/usr/local/rvm/gems/ruby-1.9.3-p392/gems/cucumber-1.2.3/lib/cucumber/ast/feature.rb:42:in `accept'
/usr/local/rvm/gems/ruby-1.9.3-p392/gems/cucumber-1.2.3/lib/cucumber/ast/tree_walker.rb:20:in `block in visit_feature'
/usr/local/rvm/gems/ruby-1.9.3-p392/gems/cucumber-1.2.3/lib/cucumber/ast/tree_walker.rb:163:in `broadcast'
/usr/local/rvm/gems/ruby-1.9.3-p392/gems/cucumber-1.2.3/lib/cucumber/ast/tree_walker.rb:19:in `visit_feature'
/usr/local/rvm/gems/ruby-1.9.3-p392/gems/cucumber-1.2.3/lib/cucumber/ast/features.rb:29:in `block in accept'
/usr/local/rvm/gems/ruby-1.9.3-p392/gems/cucumber-1.2.3/lib/cucumber/ast/features.rb:17:in `each'
/usr/local/rvm/gems/ruby-1.9.3-p392/gems/cucumber-1.2.3/lib/cucumber/ast/features.rb:17:in `each'
/usr/local/rvm/gems/ruby-1.9.3-p392/gems/cucumber-1.2.3/lib/cucumber/ast/features.rb:28:in `accept'
/usr/local/rvm/gems/ruby-1.9.3-p392/gems/cucumber-1.2.3/lib/cucumber/ast/tree_walker.rb:14:in `block in visit_features'
/usr/local/rvm/gems/ruby-1.9.3-p392/gems/cucumber-1.2.3/lib/cucumber/ast/tree_walker.rb:163:in `broadcast'
/usr/local/rvm/gems/ruby-1.9.3-p392/gems/cucumber-1.2.3/lib/cucumber/ast/tree_walker.rb:13:in `visit_features'
/usr/local/rvm/gems/ruby-1.9.3-p392/gems/cucumber-1.2.3/lib/cucumber/runtime.rb:47:in `run!'
/usr/local/rvm/gems/ruby-1.9.3-p392/gems/cucumber-1.2.3/lib/cucumber/cli/main.rb:43:in `execute!'
/usr/local/rvm/gems/ruby-1.9.3-p392/gems/cucumber-1.2.3/lib/cucumber/cli/main.rb:20:in `execute'
/usr/local/rvm/gems/ruby-1.9.3-p392/gems/cucumber-1.2.3/bin/cucumber:14:in `<top (required)>'
/usr/local/rvm/gems/ruby-1.9.3-p392/bin/cucumber:19:in `load'
/usr/local/rvm/gems/ruby-1.9.3-p392/bin/cucumber:19:in `<main>'
/usr/local/rvm/gems/ruby-1.9.3-p392/bin/ruby_noexec_wrapper:14:in `eval'
/usr/local/rvm/gems/ruby-1.9.3-p392/bin/ruby_noexec_wrapper:14:in `<main>'
features/login.feature:64:in `Given I open '<service>' site for the opco '<opco>' in a logged out state']]>
  </failure>
  <system-out/>
  <system-err/>
</testcase>
<testcase classname="LOGIN" name="Group Logout (outline example : | it | mobileprotect | usual_msisdn_2 | usual_password |)" time="0.399047">
  <failure message="failed Group Logout (outline example : | it | mobileprotect | usual_msisdn_2 | usual_password |)" type="failed">
    <![CDATA[Scenario Outline: Group Logout

Example row: | gb | music | usual_msisdn_2 | usual_password |

Message:
Example row: | ie | contacts | usual_msisdn_2 | usual_password |

Message:
Example row: | ie | nwab | usual_msisdn_2 | usual_password |

Message:
Example row: | ie | contentbackup | usual_msisdn_2 | usual_password |

Message:
Example row: | ie | music | usual_msisdn_2 | usual_password |

Message:
Example row: | it | music | usual_msisdn_2 | usual_password |

Message:
Example row: | it | contacts | usual_msisdn_2 | usual_password |

Message:
Example row: | it | nwab | usual_msisdn_2 | usual_password |

Message:
Example row: | it | contentbackup | usual_msisdn_2 | usual_password |

Message:
Example row: | it | mobileprotect | usual_msisdn_2 | usual_password |

Message:
]]>
    <![CDATA[unexpected response, code=404, content-type=""
unknown command: session/61a9d9f6391e38daf5d133be8708e330/element/name (Selenium::WebDriver::Error::WebDriverError)
/usr/local/rvm/gems/ruby-1.9.3-p392/gems/selenium-webdriver-2.31.0/lib/selenium/webdriver/remote/http/common.rb:66:in `create_response'
/usr/local/rvm/gems/ruby-1.9.3-p392/gems/selenium-webdriver-2.31.0/lib/selenium/webdriver/remote/http/default.rb:66:in `request'
/usr/local/rvm/gems/ruby-1.9.3-p392/gems/selenium-webdriver-2.31.0/lib/selenium/webdriver/remote/http/common.rb:40:in `call'
/usr/local/rvm/gems/ruby-1.9.3-p392/gems/selenium-webdriver-2.31.0/lib/selenium/webdriver/remote/bridge.rb:616:in `raw_execute'
/usr/local/rvm/gems/ruby-1.9.3-p392/gems/selenium-webdriver-2.31.0/lib/selenium/webdriver/remote/bridge.rb:594:in `execute'
/usr/local/rvm/gems/ruby-1.9.3-p392/gems/selenium-webdriver-2.31.0/lib/selenium/webdriver/remote/bridge.rb:493:in `getElementTagName'
/usr/local/rvm/gems/ruby-1.9.3-p392/gems/selenium-webdriver-2.31.0/lib/selenium/webdriver/common/element.rb:68:in `tag_name'
/usr/local/rvm/gems/ruby-1.9.3-p392/gems/watir-webdriver-0.6.2/lib/watir-webdriver/locators/element_locator.rb:387:in `validate_element'
/usr/local/rvm/gems/ruby-1.9.3-p392/gems/watir-webdriver-0.6.2/lib/watir-webdriver/locators/element_locator.rb:37:in `locate'
/usr/local/rvm/gems/ruby-1.9.3-p392/gems/watir-webdriver-0.6.2/lib/watir-webdriver/elements/element.rb:509:in `locate'
/usr/local/rvm/gems/ruby-1.9.3-p392/gems/watir-webdriver-0.6.2/lib/watir-webdriver/elements/element.rb:487:in `assert_exists'
/usr/local/rvm/gems/ruby-1.9.3-p392/gems/watir-webdriver-0.6.2/lib/watir-webdriver/elements/element.rb:118:in `click'
/Users/Subhash/git/automated_tests_web_login_app/features/pages/MockServicePage.rb:13:in `visit'
/Users/Subhash/git/automated_tests_web_login_app/features/step_definitions/loginapp_steps.rb:17:in `block in <top (required)>'
/usr/local/rvm/gems/ruby-1.9.3-p392/gems/cucumber-1.2.3/lib/cucumber/core_ext/instance_exec.rb:48:in `instance_exec'
/usr/local/rvm/gems/ruby-1.9.3-p392/gems/cucumber-1.2.3/lib/cucumber/core_ext/instance_exec.rb:48:in `block in cucumber_instance_exec'
/usr/local/rvm/gems/ruby-1.9.3-p392/gems/cucumber-1.2.3/lib/cucumber/core_ext/instance_exec.rb:69:in `cucumber_run_with_backtrace_filtering'
/usr/local/rvm/gems/ruby-1.9.3-p392/gems/cucumber-1.2.3/lib/cucumber/core_ext/instance_exec.rb:36:in `cucumber_instance_exec'
/usr/local/rvm/gems/ruby-1.9.3-p392/gems/cucumber-1.2.3/lib/cucumber/rb_support/rb_step_definition.rb:97:in `invoke'
/usr/local/rvm/gems/ruby-1.9.3-p392/gems/cucumber-1.2.3/lib/cucumber/step_match.rb:25:in `invoke'
/usr/local/rvm/gems/ruby-1.9.3-p392/gems/cucumber-1.2.3/lib/cucumber/ast/step_invocation.rb:60:in `invoke'
/usr/local/rvm/gems/ruby-1.9.3-p392/gems/cucumber-1.2.3/lib/cucumber/ast/outline_table.rb:119:in `block (2 levels) in accept_plain'
/usr/local/rvm/gems/ruby-1.9.3-p392/gems/cucumber-1.2.3/lib/cucumber/ast/step_collection.rb:37:in `each'
/usr/local/rvm/gems/ruby-1.9.3-p392/gems/cucumber-1.2.3/lib/cucumber/ast/step_collection.rb:37:in `each'
/usr/local/rvm/gems/ruby-1.9.3-p392/gems/cucumber-1.2.3/lib/cucumber/ast/outline_table.rb:118:in `block in accept_plain'
/usr/local/rvm/gems/ruby-1.9.3-p392/gems/cucumber-1.2.3/lib/cucumber/runtime.rb:81:in `block (2 levels) in with_hooks'
/usr/local/rvm/gems/ruby-1.9.3-p392/gems/cucumber-1.2.3/lib/cucumber/runtime.rb:97:in `before_and_after'
/usr/local/rvm/gems/ruby-1.9.3-p392/gems/cucumber-1.2.3/lib/cucumber/runtime.rb:80:in `block in with_hooks'
/usr/local/rvm/gems/ruby-1.9.3-p392/gems/cucumber-1.2.3/lib/cucumber/runtime/support_code.rb:120:in `call'
/usr/local/rvm/gems/ruby-1.9.3-p392/gems/cucumber-1.2.3/lib/cucumber/runtime/support_code.rb:120:in `block (3 levels) in around'
/usr/local/rvm/gems/ruby-1.9.3-p392/gems/cucumber-1.2.3/lib/cucumber/language_support/language_methods.rb:9:in `block in around'
/usr/local/rvm/gems/ruby-1.9.3-p392/gems/cucumber-1.2.3/lib/cucumber/language_support/language_methods.rb:91:in `call'
/usr/local/rvm/gems/ruby-1.9.3-p392/gems/cucumber-1.2.3/lib/cucumber/language_support/language_methods.rb:91:in `execute_around'
/usr/local/rvm/gems/ruby-1.9.3-p392/gems/cucumber-1.2.3/lib/cucumber/language_support/language_methods.rb:8:in `around'
/usr/local/rvm/gems/ruby-1.9.3-p392/gems/cucumber-1.2.3/lib/cucumber/runtime/support_code.rb:119:in `block (2 levels) in around'
/usr/local/rvm/gems/ruby-1.9.3-p392/gems/cucumber-1.2.3/lib/cucumber/runtime/support_code.rb:117:in `call'
/usr/local/rvm/gems/ruby-1.9.3-p392/gems/cucumber-1.2.3/lib/cucumber/runtime/support_code.rb:117:in `around'
/usr/local/rvm/gems/ruby-1.9.3-p392/gems/cucumber-1.2.3/lib/cucumber/runtime.rb:92:in `around'
/usr/local/rvm/gems/ruby-1.9.3-p392/gems/cucumber-1.2.3/lib/cucumber/runtime.rb:79:in `with_hooks'
/usr/local/rvm/gems/ruby-1.9.3-p392/gems/cucumber-1.2.3/lib/cucumber/ast/outline_table.rb:117:in `accept_plain'
/usr/local/rvm/gems/ruby-1.9.3-p392/gems/cucumber-1.2.3/lib/cucumber/ast/outline_table.rb:107:in `accept'
/usr/local/rvm/gems/ruby-1.9.3-p392/gems/cucumber-1.2.3/lib/cucumber/ast/tree_walker.rb:131:in `block in visit_table_row'
/usr/local/rvm/gems/ruby-1.9.3-p392/gems/cucumber-1.2.3/lib/cucumber/ast/tree_walker.rb:163:in `broadcast'
/usr/local/rvm/gems/ruby-1.9.3-p392/gems/cucumber-1.2.3/lib/cucumber/ast/tree_walker.rb:130:in `visit_table_row'
/usr/local/rvm/gems/ruby-1.9.3-p392/gems/cucumber-1.2.3/lib/cucumber/ast/outline_table.rb:27:in `block in accept'
/usr/local/rvm/gems/ruby-1.9.3-p392/gems/cucumber-1.2.3/lib/cucumber/ast/outline_table.rb:23:in `each'
/usr/local/rvm/gems/ruby-1.9.3-p392/gems/cucumber-1.2.3/lib/cucumber/ast/outline_table.rb:23:in `each_with_index'
/usr/local/rvm/gems/ruby-1.9.3-p392/gems/cucumber-1.2.3/lib/cucumber/ast/outline_table.rb:23:in `accept'
/usr/local/rvm/gems/ruby-1.9.3-p392/gems/cucumber-1.2.3/lib/cucumber/ast/tree_walker.rb:83:in `block in visit_outline_table'
/usr/local/rvm/gems/ruby-1.9.3-p392/gems/cucumber-1.2.3/lib/cucumber/ast/tree_walker.rb:163:in `broadcast'
/usr/local/rvm/gems/ruby-1.9.3-p392/gems/cucumber-1.2.3/lib/cucumber/ast/tree_walker.rb:82:in `visit_outline_table'
/usr/local/rvm/gems/ruby-1.9.3-p392/gems/cucumber-1.2.3/lib/cucumber/ast/examples.rb:22:in `accept'
/usr/local/rvm/gems/ruby-1.9.3-p392/gems/cucumber-1.2.3/lib/cucumber/ast/tree_walker.rb:73:in `block in visit_examples'
/usr/local/rvm/gems/ruby-1.9.3-p392/gems/cucumber-1.2.3/lib/cucumber/ast/tree_walker.rb:163:in `broadcast'
/usr/local/rvm/gems/ruby-1.9.3-p392/gems/cucumber-1.2.3/lib/cucumber/ast/tree_walker.rb:72:in `visit_examples'
/usr/local/rvm/gems/ruby-1.9.3-p392/gems/cucumber-1.2.3/lib/cucumber/ast/scenario_outline.rb:14:in `block in accept'
/usr/local/rvm/gems/ruby-1.9.3-p392/gems/cucumber-1.2.3/lib/cucumber/ast/scenario_outline.rb:13:in `each'
/usr/local/rvm/gems/ruby-1.9.3-p392/gems/cucumber-1.2.3/lib/cucumber/ast/scenario_outline.rb:13:in `accept'
/usr/local/rvm/gems/ruby-1.9.3-p392/gems/cucumber-1.2.3/lib/cucumber/ast/tree_walker.rb:67:in `block in visit_examples_array'
/usr/local/rvm/gems/ruby-1.9.3-p392/gems/cucumber-1.2.3/lib/cucumber/ast/tree_walker.rb:163:in `broadcast'
/usr/local/rvm/gems/ruby-1.9.3-p392/gems/cucumber-1.2.3/lib/cucumber/ast/tree_walker.rb:66:in `visit_examples_array'
/usr/local/rvm/gems/ruby-1.9.3-p392/gems/cucumber-1.2.3/lib/cucumber/ast/scenario_outline.rb:68:in `accept'
/usr/local/rvm/gems/ruby-1.9.3-p392/gems/cucumber-1.2.3/lib/cucumber/ast/tree_walker.rb:51:in `block in visit_feature_element'
/usr/local/rvm/gems/ruby-1.9.3-p392/gems/cucumber-1.2.3/lib/cucumber/ast/tree_walker.rb:163:in `broadcast'
/usr/local/rvm/gems/ruby-1.9.3-p392/gems/cucumber-1.2.3/lib/cucumber/ast/tree_walker.rb:50:in `visit_feature_element'
/usr/local/rvm/gems/ruby-1.9.3-p392/gems/cucumber-1.2.3/lib/cucumber/ast/feature.rb:43:in `block in accept'
/usr/local/rvm/gems/ruby-1.9.3-p392/gems/cucumber-1.2.3/lib/cucumber/ast/feature.rb:42:in `each'
/usr/local/rvm/gems/ruby-1.9.3-p392/gems/cucumber-1.2.3/lib/cucumber/ast/feature.rb:42:in `accept'
/usr/local/rvm/gems/ruby-1.9.3-p392/gems/cucumber-1.2.3/lib/cucumber/ast/tree_walker.rb:20:in `block in visit_feature'
/usr/local/rvm/gems/ruby-1.9.3-p392/gems/cucumber-1.2.3/lib/cucumber/ast/tree_walker.rb:163:in `broadcast'
/usr/local/rvm/gems/ruby-1.9.3-p392/gems/cucumber-1.2.3/lib/cucumber/ast/tree_walker.rb:19:in `visit_feature'
/usr/local/rvm/gems/ruby-1.9.3-p392/gems/cucumber-1.2.3/lib/cucumber/ast/features.rb:29:in `block in accept'
/usr/local/rvm/gems/ruby-1.9.3-p392/gems/cucumber-1.2.3/lib/cucumber/ast/features.rb:17:in `each'
/usr/local/rvm/gems/ruby-1.9.3-p392/gems/cucumber-1.2.3/lib/cucumber/ast/features.rb:17:in `each'
/usr/local/rvm/gems/ruby-1.9.3-p392/gems/cucumber-1.2.3/lib/cucumber/ast/features.rb:28:in `accept'
/usr/local/rvm/gems/ruby-1.9.3-p392/gems/cucumber-1.2.3/lib/cucumber/ast/tree_walker.rb:14:in `block in visit_features'
/usr/local/rvm/gems/ruby-1.9.3-p392/gems/cucumber-1.2.3/lib/cucumber/ast/tree_walker.rb:163:in `broadcast'
/usr/local/rvm/gems/ruby-1.9.3-p392/gems/cucumber-1.2.3/lib/cucumber/ast/tree_walker.rb:13:in `visit_features'
/usr/local/rvm/gems/ruby-1.9.3-p392/gems/cucumber-1.2.3/lib/cucumber/runtime.rb:47:in `run!'
/usr/local/rvm/gems/ruby-1.9.3-p392/gems/cucumber-1.2.3/lib/cucumber/cli/main.rb:43:in `execute!'
/usr/local/rvm/gems/ruby-1.9.3-p392/gems/cucumber-1.2.3/lib/cucumber/cli/main.rb:20:in `execute'
/usr/local/rvm/gems/ruby-1.9.3-p392/gems/cucumber-1.2.3/bin/cucumber:14:in `<top (required)>'
/usr/local/rvm/gems/ruby-1.9.3-p392/bin/cucumber:19:in `load'
/usr/local/rvm/gems/ruby-1.9.3-p392/bin/cucumber:19:in `<main>'
/usr/local/rvm/gems/ruby-1.9.3-p392/bin/ruby_noexec_wrapper:14:in `eval'
/usr/local/rvm/gems/ruby-1.9.3-p392/bin/ruby_noexec_wrapper:14:in `<main>'
features/login.feature:64:in `Given I open '<service>' site for the opco '<opco>' in a logged out state']]>
  </failure>
  <system-out/>
  <system-err/>
</testcase>
<testcase classname="LOGIN" name="Group Logout (outline example : | gr | music | usual_msisdn_2 | usual_password |)" time="0.443419">
  <failure message="failed Group Logout (outline example : | gr | music | usual_msisdn_2 | usual_password |)" type="failed">
    <![CDATA[Scenario Outline: Group Logout

Example row: | gb | music | usual_msisdn_2 | usual_password |

Message:
Example row: | ie | contacts | usual_msisdn_2 | usual_password |

Message:
Example row: | ie | nwab | usual_msisdn_2 | usual_password |

Message:
Example row: | ie | contentbackup | usual_msisdn_2 | usual_password |

Message:
Example row: | ie | music | usual_msisdn_2 | usual_password |

Message:
Example row: | it | music | usual_msisdn_2 | usual_password |

Message:
Example row: | it | contacts | usual_msisdn_2 | usual_password |

Message:
Example row: | it | nwab | usual_msisdn_2 | usual_password |

Message:
Example row: | it | contentbackup | usual_msisdn_2 | usual_password |

Message:
Example row: | it | mobileprotect | usual_msisdn_2 | usual_password |

Message:
Example row: | gr | music | usual_msisdn_2 | usual_password |

Message:
]]>
    <![CDATA[unexpected response, code=404, content-type=""
unknown command: session/61a9d9f6391e38daf5d133be8708e330/element/name (Selenium::WebDriver::Error::WebDriverError)
/usr/local/rvm/gems/ruby-1.9.3-p392/gems/selenium-webdriver-2.31.0/lib/selenium/webdriver/remote/http/common.rb:66:in `create_response'
/usr/local/rvm/gems/ruby-1.9.3-p392/gems/selenium-webdriver-2.31.0/lib/selenium/webdriver/remote/http/default.rb:66:in `request'
/usr/local/rvm/gems/ruby-1.9.3-p392/gems/selenium-webdriver-2.31.0/lib/selenium/webdriver/remote/http/common.rb:40:in `call'
/usr/local/rvm/gems/ruby-1.9.3-p392/gems/selenium-webdriver-2.31.0/lib/selenium/webdriver/remote/bridge.rb:616:in `raw_execute'
/usr/local/rvm/gems/ruby-1.9.3-p392/gems/selenium-webdriver-2.31.0/lib/selenium/webdriver/remote/bridge.rb:594:in `execute'
/usr/local/rvm/gems/ruby-1.9.3-p392/gems/selenium-webdriver-2.31.0/lib/selenium/webdriver/remote/bridge.rb:493:in `getElementTagName'
/usr/local/rvm/gems/ruby-1.9.3-p392/gems/selenium-webdriver-2.31.0/lib/selenium/webdriver/common/element.rb:68:in `tag_name'
/usr/local/rvm/gems/ruby-1.9.3-p392/gems/watir-webdriver-0.6.2/lib/watir-webdriver/locators/element_locator.rb:387:in `validate_element'
/usr/local/rvm/gems/ruby-1.9.3-p392/gems/watir-webdriver-0.6.2/lib/watir-webdriver/locators/element_locator.rb:37:in `locate'
/usr/local/rvm/gems/ruby-1.9.3-p392/gems/watir-webdriver-0.6.2/lib/watir-webdriver/elements/element.rb:509:in `locate'
/usr/local/rvm/gems/ruby-1.9.3-p392/gems/watir-webdriver-0.6.2/lib/watir-webdriver/elements/element.rb:487:in `assert_exists'
/usr/local/rvm/gems/ruby-1.9.3-p392/gems/watir-webdriver-0.6.2/lib/watir-webdriver/elements/element.rb:118:in `click'
/Users/Subhash/git/automated_tests_web_login_app/features/pages/MockServicePage.rb:13:in `visit'
/Users/Subhash/git/automated_tests_web_login_app/features/step_definitions/loginapp_steps.rb:17:in `block in <top (required)>'
/usr/local/rvm/gems/ruby-1.9.3-p392/gems/cucumber-1.2.3/lib/cucumber/core_ext/instance_exec.rb:48:in `instance_exec'
/usr/local/rvm/gems/ruby-1.9.3-p392/gems/cucumber-1.2.3/lib/cucumber/core_ext/instance_exec.rb:48:in `block in cucumber_instance_exec'
/usr/local/rvm/gems/ruby-1.9.3-p392/gems/cucumber-1.2.3/lib/cucumber/core_ext/instance_exec.rb:69:in `cucumber_run_with_backtrace_filtering'
/usr/local/rvm/gems/ruby-1.9.3-p392/gems/cucumber-1.2.3/lib/cucumber/core_ext/instance_exec.rb:36:in `cucumber_instance_exec'
/usr/local/rvm/gems/ruby-1.9.3-p392/gems/cucumber-1.2.3/lib/cucumber/rb_support/rb_step_definition.rb:97:in `invoke'
/usr/local/rvm/gems/ruby-1.9.3-p392/gems/cucumber-1.2.3/lib/cucumber/step_match.rb:25:in `invoke'
/usr/local/rvm/gems/ruby-1.9.3-p392/gems/cucumber-1.2.3/lib/cucumber/ast/step_invocation.rb:60:in `invoke'
/usr/local/rvm/gems/ruby-1.9.3-p392/gems/cucumber-1.2.3/lib/cucumber/ast/outline_table.rb:119:in `block (2 levels) in accept_plain'
/usr/local/rvm/gems/ruby-1.9.3-p392/gems/cucumber-1.2.3/lib/cucumber/ast/step_collection.rb:37:in `each'
/usr/local/rvm/gems/ruby-1.9.3-p392/gems/cucumber-1.2.3/lib/cucumber/ast/step_collection.rb:37:in `each'
/usr/local/rvm/gems/ruby-1.9.3-p392/gems/cucumber-1.2.3/lib/cucumber/ast/outline_table.rb:118:in `block in accept_plain'
/usr/local/rvm/gems/ruby-1.9.3-p392/gems/cucumber-1.2.3/lib/cucumber/runtime.rb:81:in `block (2 levels) in with_hooks'
/usr/local/rvm/gems/ruby-1.9.3-p392/gems/cucumber-1.2.3/lib/cucumber/runtime.rb:97:in `before_and_after'
/usr/local/rvm/gems/ruby-1.9.3-p392/gems/cucumber-1.2.3/lib/cucumber/runtime.rb:80:in `block in with_hooks'
/usr/local/rvm/gems/ruby-1.9.3-p392/gems/cucumber-1.2.3/lib/cucumber/runtime/support_code.rb:120:in `call'
/usr/local/rvm/gems/ruby-1.9.3-p392/gems/cucumber-1.2.3/lib/cucumber/runtime/support_code.rb:120:in `block (3 levels) in around'
/usr/local/rvm/gems/ruby-1.9.3-p392/gems/cucumber-1.2.3/lib/cucumber/language_support/language_methods.rb:9:in `block in around'
/usr/local/rvm/gems/ruby-1.9.3-p392/gems/cucumber-1.2.3/lib/cucumber/language_support/language_methods.rb:91:in `call'
/usr/local/rvm/gems/ruby-1.9.3-p392/gems/cucumber-1.2.3/lib/cucumber/language_support/language_methods.rb:91:in `execute_around'
/usr/local/rvm/gems/ruby-1.9.3-p392/gems/cucumber-1.2.3/lib/cucumber/language_support/language_methods.rb:8:in `around'
/usr/local/rvm/gems/ruby-1.9.3-p392/gems/cucumber-1.2.3/lib/cucumber/runtime/support_code.rb:119:in `block (2 levels) in around'
/usr/local/rvm/gems/ruby-1.9.3-p392/gems/cucumber-1.2.3/lib/cucumber/runtime/support_code.rb:117:in `call'
/usr/local/rvm/gems/ruby-1.9.3-p392/gems/cucumber-1.2.3/lib/cucumber/runtime/support_code.rb:117:in `around'
/usr/local/rvm/gems/ruby-1.9.3-p392/gems/cucumber-1.2.3/lib/cucumber/runtime.rb:92:in `around'
/usr/local/rvm/gems/ruby-1.9.3-p392/gems/cucumber-1.2.3/lib/cucumber/runtime.rb:79:in `with_hooks'
/usr/local/rvm/gems/ruby-1.9.3-p392/gems/cucumber-1.2.3/lib/cucumber/ast/outline_table.rb:117:in `accept_plain'
/usr/local/rvm/gems/ruby-1.9.3-p392/gems/cucumber-1.2.3/lib/cucumber/ast/outline_table.rb:107:in `accept'
/usr/local/rvm/gems/ruby-1.9.3-p392/gems/cucumber-1.2.3/lib/cucumber/ast/tree_walker.rb:131:in `block in visit_table_row'
/usr/local/rvm/gems/ruby-1.9.3-p392/gems/cucumber-1.2.3/lib/cucumber/ast/tree_walker.rb:163:in `broadcast'
/usr/local/rvm/gems/ruby-1.9.3-p392/gems/cucumber-1.2.3/lib/cucumber/ast/tree_walker.rb:130:in `visit_table_row'
/usr/local/rvm/gems/ruby-1.9.3-p392/gems/cucumber-1.2.3/lib/cucumber/ast/outline_table.rb:27:in `block in accept'
/usr/local/rvm/gems/ruby-1.9.3-p392/gems/cucumber-1.2.3/lib/cucumber/ast/outline_table.rb:23:in `each'
/usr/local/rvm/gems/ruby-1.9.3-p392/gems/cucumber-1.2.3/lib/cucumber/ast/outline_table.rb:23:in `each_with_index'
/usr/local/rvm/gems/ruby-1.9.3-p392/gems/cucumber-1.2.3/lib/cucumber/ast/outline_table.rb:23:in `accept'
/usr/local/rvm/gems/ruby-1.9.3-p392/gems/cucumber-1.2.3/lib/cucumber/ast/tree_walker.rb:83:in `block in visit_outline_table'
/usr/local/rvm/gems/ruby-1.9.3-p392/gems/cucumber-1.2.3/lib/cucumber/ast/tree_walker.rb:163:in `broadcast'
/usr/local/rvm/gems/ruby-1.9.3-p392/gems/cucumber-1.2.3/lib/cucumber/ast/tree_walker.rb:82:in `visit_outline_table'
/usr/local/rvm/gems/ruby-1.9.3-p392/gems/cucumber-1.2.3/lib/cucumber/ast/examples.rb:22:in `accept'
/usr/local/rvm/gems/ruby-1.9.3-p392/gems/cucumber-1.2.3/lib/cucumber/ast/tree_walker.rb:73:in `block in visit_examples'
/usr/local/rvm/gems/ruby-1.9.3-p392/gems/cucumber-1.2.3/lib/cucumber/ast/tree_walker.rb:163:in `broadcast'
/usr/local/rvm/gems/ruby-1.9.3-p392/gems/cucumber-1.2.3/lib/cucumber/ast/tree_walker.rb:72:in `visit_examples'
/usr/local/rvm/gems/ruby-1.9.3-p392/gems/cucumber-1.2.3/lib/cucumber/ast/scenario_outline.rb:14:in `block in accept'
/usr/local/rvm/gems/ruby-1.9.3-p392/gems/cucumber-1.2.3/lib/cucumber/ast/scenario_outline.rb:13:in `each'
/usr/local/rvm/gems/ruby-1.9.3-p392/gems/cucumber-1.2.3/lib/cucumber/ast/scenario_outline.rb:13:in `accept'
/usr/local/rvm/gems/ruby-1.9.3-p392/gems/cucumber-1.2.3/lib/cucumber/ast/tree_walker.rb:67:in `block in visit_examples_array'
/usr/local/rvm/gems/ruby-1.9.3-p392/gems/cucumber-1.2.3/lib/cucumber/ast/tree_walker.rb:163:in `broadcast'
/usr/local/rvm/gems/ruby-1.9.3-p392/gems/cucumber-1.2.3/lib/cucumber/ast/tree_walker.rb:66:in `visit_examples_array'
/usr/local/rvm/gems/ruby-1.9.3-p392/gems/cucumber-1.2.3/lib/cucumber/ast/scenario_outline.rb:68:in `accept'
/usr/local/rvm/gems/ruby-1.9.3-p392/gems/cucumber-1.2.3/lib/cucumber/ast/tree_walker.rb:51:in `block in visit_feature_element'
/usr/local/rvm/gems/ruby-1.9.3-p392/gems/cucumber-1.2.3/lib/cucumber/ast/tree_walker.rb:163:in `broadcast'
/usr/local/rvm/gems/ruby-1.9.3-p392/gems/cucumber-1.2.3/lib/cucumber/ast/tree_walker.rb:50:in `visit_feature_element'
/usr/local/rvm/gems/ruby-1.9.3-p392/gems/cucumber-1.2.3/lib/cucumber/ast/feature.rb:43:in `block in accept'
/usr/local/rvm/gems/ruby-1.9.3-p392/gems/cucumber-1.2.3/lib/cucumber/ast/feature.rb:42:in `each'
/usr/local/rvm/gems/ruby-1.9.3-p392/gems/cucumber-1.2.3/lib/cucumber/ast/feature.rb:42:in `accept'
/usr/local/rvm/gems/ruby-1.9.3-p392/gems/cucumber-1.2.3/lib/cucumber/ast/tree_walker.rb:20:in `block in visit_feature'
/usr/local/rvm/gems/ruby-1.9.3-p392/gems/cucumber-1.2.3/lib/cucumber/ast/tree_walker.rb:163:in `broadcast'
/usr/local/rvm/gems/ruby-1.9.3-p392/gems/cucumber-1.2.3/lib/cucumber/ast/tree_walker.rb:19:in `visit_feature'
/usr/local/rvm/gems/ruby-1.9.3-p392/gems/cucumber-1.2.3/lib/cucumber/ast/features.rb:29:in `block in accept'
/usr/local/rvm/gems/ruby-1.9.3-p392/gems/cucumber-1.2.3/lib/cucumber/ast/features.rb:17:in `each'
/usr/local/rvm/gems/ruby-1.9.3-p392/gems/cucumber-1.2.3/lib/cucumber/ast/features.rb:17:in `each'
/usr/local/rvm/gems/ruby-1.9.3-p392/gems/cucumber-1.2.3/lib/cucumber/ast/features.rb:28:in `accept'
/usr/local/rvm/gems/ruby-1.9.3-p392/gems/cucumber-1.2.3/lib/cucumber/ast/tree_walker.rb:14:in `block in visit_features'
/usr/local/rvm/gems/ruby-1.9.3-p392/gems/cucumber-1.2.3/lib/cucumber/ast/tree_walker.rb:163:in `broadcast'
/usr/local/rvm/gems/ruby-1.9.3-p392/gems/cucumber-1.2.3/lib/cucumber/ast/tree_walker.rb:13:in `visit_features'
/usr/local/rvm/gems/ruby-1.9.3-p392/gems/cucumber-1.2.3/lib/cucumber/runtime.rb:47:in `run!'
/usr/local/rvm/gems/ruby-1.9.3-p392/gems/cucumber-1.2.3/lib/cucumber/cli/main.rb:43:in `execute!'
/usr/local/rvm/gems/ruby-1.9.3-p392/gems/cucumber-1.2.3/lib/cucumber/cli/main.rb:20:in `execute'
/usr/local/rvm/gems/ruby-1.9.3-p392/gems/cucumber-1.2.3/bin/cucumber:14:in `<top (required)>'
/usr/local/rvm/gems/ruby-1.9.3-p392/bin/cucumber:19:in `load'
/usr/local/rvm/gems/ruby-1.9.3-p392/bin/cucumber:19:in `<main>'
/usr/local/rvm/gems/ruby-1.9.3-p392/bin/ruby_noexec_wrapper:14:in `eval'
/usr/local/rvm/gems/ruby-1.9.3-p392/bin/ruby_noexec_wrapper:14:in `<main>'
features/login.feature:64:in `Given I open '<service>' site for the opco '<opco>' in a logged out state']]>
  </failure>
  <system-out/>
  <system-err/>
</testcase>
<testcase classname="LOGIN" name="Group Logout (outline example : | gr | contacts | usual_msisdn_2 | usual_password |)" time="0.453487">
  <failure message="failed Group Logout (outline example : | gr | contacts | usual_msisdn_2 | usual_password |)" type="failed">
    <![CDATA[Scenario Outline: Group Logout

Example row: | gb | music | usual_msisdn_2 | usual_password |

Message:
Example row: | ie | contacts | usual_msisdn_2 | usual_password |

Message:
Example row: | ie | nwab | usual_msisdn_2 | usual_password |

Message:
Example row: | ie | contentbackup | usual_msisdn_2 | usual_password |

Message:
Example row: | ie | music | usual_msisdn_2 | usual_password |

Message:
Example row: | it | music | usual_msisdn_2 | usual_password |

Message:
Example row: | it | contacts | usual_msisdn_2 | usual_password |

Message:
Example row: | it | nwab | usual_msisdn_2 | usual_password |

Message:
Example row: | it | contentbackup | usual_msisdn_2 | usual_password |

Message:
Example row: | it | mobileprotect | usual_msisdn_2 | usual_password |

Message:
Example row: | gr | music | usual_msisdn_2 | usual_password |

Message:
Example row: | gr | contacts | usual_msisdn_2 | usual_password |

Message:
]]>
    <![CDATA[unexpected response, code=404, content-type=""
unknown command: session/61a9d9f6391e38daf5d133be8708e330/element/name (Selenium::WebDriver::Error::WebDriverError)
/usr/local/rvm/gems/ruby-1.9.3-p392/gems/selenium-webdriver-2.31.0/lib/selenium/webdriver/remote/http/common.rb:66:in `create_response'
/usr/local/rvm/gems/ruby-1.9.3-p392/gems/selenium-webdriver-2.31.0/lib/selenium/webdriver/remote/http/default.rb:66:in `request'
/usr/local/rvm/gems/ruby-1.9.3-p392/gems/selenium-webdriver-2.31.0/lib/selenium/webdriver/remote/http/common.rb:40:in `call'
/usr/local/rvm/gems/ruby-1.9.3-p392/gems/selenium-webdriver-2.31.0/lib/selenium/webdriver/remote/bridge.rb:616:in `raw_execute'
/usr/local/rvm/gems/ruby-1.9.3-p392/gems/selenium-webdriver-2.31.0/lib/selenium/webdriver/remote/bridge.rb:594:in `execute'
/usr/local/rvm/gems/ruby-1.9.3-p392/gems/selenium-webdriver-2.31.0/lib/selenium/webdriver/remote/bridge.rb:493:in `getElementTagName'
/usr/local/rvm/gems/ruby-1.9.3-p392/gems/selenium-webdriver-2.31.0/lib/selenium/webdriver/common/element.rb:68:in `tag_name'
/usr/local/rvm/gems/ruby-1.9.3-p392/gems/watir-webdriver-0.6.2/lib/watir-webdriver/locators/element_locator.rb:387:in `validate_element'
/usr/local/rvm/gems/ruby-1.9.3-p392/gems/watir-webdriver-0.6.2/lib/watir-webdriver/locators/element_locator.rb:37:in `locate'
/usr/local/rvm/gems/ruby-1.9.3-p392/gems/watir-webdriver-0.6.2/lib/watir-webdriver/elements/element.rb:509:in `locate'
/usr/local/rvm/gems/ruby-1.9.3-p392/gems/watir-webdriver-0.6.2/lib/watir-webdriver/elements/element.rb:487:in `assert_exists'
/usr/local/rvm/gems/ruby-1.9.3-p392/gems/watir-webdriver-0.6.2/lib/watir-webdriver/elements/element.rb:118:in `click'
/Users/Subhash/git/automated_tests_web_login_app/features/pages/MockServicePage.rb:13:in `visit'
/Users/Subhash/git/automated_tests_web_login_app/features/step_definitions/loginapp_steps.rb:17:in `block in <top (required)>'
/usr/local/rvm/gems/ruby-1.9.3-p392/gems/cucumber-1.2.3/lib/cucumber/core_ext/instance_exec.rb:48:in `instance_exec'
/usr/local/rvm/gems/ruby-1.9.3-p392/gems/cucumber-1.2.3/lib/cucumber/core_ext/instance_exec.rb:48:in `block in cucumber_instance_exec'
/usr/local/rvm/gems/ruby-1.9.3-p392/gems/cucumber-1.2.3/lib/cucumber/core_ext/instance_exec.rb:69:in `cucumber_run_with_backtrace_filtering'
/usr/local/rvm/gems/ruby-1.9.3-p392/gems/cucumber-1.2.3/lib/cucumber/core_ext/instance_exec.rb:36:in `cucumber_instance_exec'
/usr/local/rvm/gems/ruby-1.9.3-p392/gems/cucumber-1.2.3/lib/cucumber/rb_support/rb_step_definition.rb:97:in `invoke'
/usr/local/rvm/gems/ruby-1.9.3-p392/gems/cucumber-1.2.3/lib/cucumber/step_match.rb:25:in `invoke'
/usr/local/rvm/gems/ruby-1.9.3-p392/gems/cucumber-1.2.3/lib/cucumber/ast/step_invocation.rb:60:in `invoke'
/usr/local/rvm/gems/ruby-1.9.3-p392/gems/cucumber-1.2.3/lib/cucumber/ast/outline_table.rb:119:in `block (2 levels) in accept_plain'
/usr/local/rvm/gems/ruby-1.9.3-p392/gems/cucumber-1.2.3/lib/cucumber/ast/step_collection.rb:37:in `each'
/usr/local/rvm/gems/ruby-1.9.3-p392/gems/cucumber-1.2.3/lib/cucumber/ast/step_collection.rb:37:in `each'
/usr/local/rvm/gems/ruby-1.9.3-p392/gems/cucumber-1.2.3/lib/cucumber/ast/outline_table.rb:118:in `block in accept_plain'
/usr/local/rvm/gems/ruby-1.9.3-p392/gems/cucumber-1.2.3/lib/cucumber/runtime.rb:81:in `block (2 levels) in with_hooks'
/usr/local/rvm/gems/ruby-1.9.3-p392/gems/cucumber-1.2.3/lib/cucumber/runtime.rb:97:in `before_and_after'
/usr/local/rvm/gems/ruby-1.9.3-p392/gems/cucumber-1.2.3/lib/cucumber/runtime.rb:80:in `block in with_hooks'
/usr/local/rvm/gems/ruby-1.9.3-p392/gems/cucumber-1.2.3/lib/cucumber/runtime/support_code.rb:120:in `call'
/usr/local/rvm/gems/ruby-1.9.3-p392/gems/cucumber-1.2.3/lib/cucumber/runtime/support_code.rb:120:in `block (3 levels) in around'
/usr/local/rvm/gems/ruby-1.9.3-p392/gems/cucumber-1.2.3/lib/cucumber/language_support/language_methods.rb:9:in `block in around'
/usr/local/rvm/gems/ruby-1.9.3-p392/gems/cucumber-1.2.3/lib/cucumber/language_support/language_methods.rb:91:in `call'
/usr/local/rvm/gems/ruby-1.9.3-p392/gems/cucumber-1.2.3/lib/cucumber/language_support/language_methods.rb:91:in `execute_around'
/usr/local/rvm/gems/ruby-1.9.3-p392/gems/cucumber-1.2.3/lib/cucumber/language_support/language_methods.rb:8:in `around'
/usr/local/rvm/gems/ruby-1.9.3-p392/gems/cucumber-1.2.3/lib/cucumber/runtime/support_code.rb:119:in `block (2 levels) in around'
/usr/local/rvm/gems/ruby-1.9.3-p392/gems/cucumber-1.2.3/lib/cucumber/runtime/support_code.rb:117:in `call'
/usr/local/rvm/gems/ruby-1.9.3-p392/gems/cucumber-1.2.3/lib/cucumber/runtime/support_code.rb:117:in `around'
/usr/local/rvm/gems/ruby-1.9.3-p392/gems/cucumber-1.2.3/lib/cucumber/runtime.rb:92:in `around'
/usr/local/rvm/gems/ruby-1.9.3-p392/gems/cucumber-1.2.3/lib/cucumber/runtime.rb:79:in `with_hooks'
/usr/local/rvm/gems/ruby-1.9.3-p392/gems/cucumber-1.2.3/lib/cucumber/ast/outline_table.rb:117:in `accept_plain'
/usr/local/rvm/gems/ruby-1.9.3-p392/gems/cucumber-1.2.3/lib/cucumber/ast/outline_table.rb:107:in `accept'
/usr/local/rvm/gems/ruby-1.9.3-p392/gems/cucumber-1.2.3/lib/cucumber/ast/tree_walker.rb:131:in `block in visit_table_row'
/usr/local/rvm/gems/ruby-1.9.3-p392/gems/cucumber-1.2.3/lib/cucumber/ast/tree_walker.rb:163:in `broadcast'
/usr/local/rvm/gems/ruby-1.9.3-p392/gems/cucumber-1.2.3/lib/cucumber/ast/tree_walker.rb:130:in `visit_table_row'
/usr/local/rvm/gems/ruby-1.9.3-p392/gems/cucumber-1.2.3/lib/cucumber/ast/outline_table.rb:27:in `block in accept'
/usr/local/rvm/gems/ruby-1.9.3-p392/gems/cucumber-1.2.3/lib/cucumber/ast/outline_table.rb:23:in `each'
/usr/local/rvm/gems/ruby-1.9.3-p392/gems/cucumber-1.2.3/lib/cucumber/ast/outline_table.rb:23:in `each_with_index'
/usr/local/rvm/gems/ruby-1.9.3-p392/gems/cucumber-1.2.3/lib/cucumber/ast/outline_table.rb:23:in `accept'
/usr/local/rvm/gems/ruby-1.9.3-p392/gems/cucumber-1.2.3/lib/cucumber/ast/tree_walker.rb:83:in `block in visit_outline_table'
/usr/local/rvm/gems/ruby-1.9.3-p392/gems/cucumber-1.2.3/lib/cucumber/ast/tree_walker.rb:163:in `broadcast'
/usr/local/rvm/gems/ruby-1.9.3-p392/gems/cucumber-1.2.3/lib/cucumber/ast/tree_walker.rb:82:in `visit_outline_table'
/usr/local/rvm/gems/ruby-1.9.3-p392/gems/cucumber-1.2.3/lib/cucumber/ast/examples.rb:22:in `accept'
/usr/local/rvm/gems/ruby-1.9.3-p392/gems/cucumber-1.2.3/lib/cucumber/ast/tree_walker.rb:73:in `block in visit_examples'
/usr/local/rvm/gems/ruby-1.9.3-p392/gems/cucumber-1.2.3/lib/cucumber/ast/tree_walker.rb:163:in `broadcast'
/usr/local/rvm/gems/ruby-1.9.3-p392/gems/cucumber-1.2.3/lib/cucumber/ast/tree_walker.rb:72:in `visit_examples'
/usr/local/rvm/gems/ruby-1.9.3-p392/gems/cucumber-1.2.3/lib/cucumber/ast/scenario_outline.rb:14:in `block in accept'
/usr/local/rvm/gems/ruby-1.9.3-p392/gems/cucumber-1.2.3/lib/cucumber/ast/scenario_outline.rb:13:in `each'
/usr/local/rvm/gems/ruby-1.9.3-p392/gems/cucumber-1.2.3/lib/cucumber/ast/scenario_outline.rb:13:in `accept'
/usr/local/rvm/gems/ruby-1.9.3-p392/gems/cucumber-1.2.3/lib/cucumber/ast/tree_walker.rb:67:in `block in visit_examples_array'
/usr/local/rvm/gems/ruby-1.9.3-p392/gems/cucumber-1.2.3/lib/cucumber/ast/tree_walker.rb:163:in `broadcast'
/usr/local/rvm/gems/ruby-1.9.3-p392/gems/cucumber-1.2.3/lib/cucumber/ast/tree_walker.rb:66:in `visit_examples_array'
/usr/local/rvm/gems/ruby-1.9.3-p392/gems/cucumber-1.2.3/lib/cucumber/ast/scenario_outline.rb:68:in `accept'
/usr/local/rvm/gems/ruby-1.9.3-p392/gems/cucumber-1.2.3/lib/cucumber/ast/tree_walker.rb:51:in `block in visit_feature_element'
/usr/local/rvm/gems/ruby-1.9.3-p392/gems/cucumber-1.2.3/lib/cucumber/ast/tree_walker.rb:163:in `broadcast'
/usr/local/rvm/gems/ruby-1.9.3-p392/gems/cucumber-1.2.3/lib/cucumber/ast/tree_walker.rb:50:in `visit_feature_element'
/usr/local/rvm/gems/ruby-1.9.3-p392/gems/cucumber-1.2.3/lib/cucumber/ast/feature.rb:43:in `block in accept'
/usr/local/rvm/gems/ruby-1.9.3-p392/gems/cucumber-1.2.3/lib/cucumber/ast/feature.rb:42:in `each'
/usr/local/rvm/gems/ruby-1.9.3-p392/gems/cucumber-1.2.3/lib/cucumber/ast/feature.rb:42:in `accept'
/usr/local/rvm/gems/ruby-1.9.3-p392/gems/cucumber-1.2.3/lib/cucumber/ast/tree_walker.rb:20:in `block in visit_feature'
/usr/local/rvm/gems/ruby-1.9.3-p392/gems/cucumber-1.2.3/lib/cucumber/ast/tree_walker.rb:163:in `broadcast'
/usr/local/rvm/gems/ruby-1.9.3-p392/gems/cucumber-1.2.3/lib/cucumber/ast/tree_walker.rb:19:in `visit_feature'
/usr/local/rvm/gems/ruby-1.9.3-p392/gems/cucumber-1.2.3/lib/cucumber/ast/features.rb:29:in `block in accept'
/usr/local/rvm/gems/ruby-1.9.3-p392/gems/cucumber-1.2.3/lib/cucumber/ast/features.rb:17:in `each'
/usr/local/rvm/gems/ruby-1.9.3-p392/gems/cucumber-1.2.3/lib/cucumber/ast/features.rb:17:in `each'
/usr/local/rvm/gems/ruby-1.9.3-p392/gems/cucumber-1.2.3/lib/cucumber/ast/features.rb:28:in `accept'
/usr/local/rvm/gems/ruby-1.9.3-p392/gems/cucumber-1.2.3/lib/cucumber/ast/tree_walker.rb:14:in `block in visit_features'
/usr/local/rvm/gems/ruby-1.9.3-p392/gems/cucumber-1.2.3/lib/cucumber/ast/tree_walker.rb:163:in `broadcast'
/usr/local/rvm/gems/ruby-1.9.3-p392/gems/cucumber-1.2.3/lib/cucumber/ast/tree_walker.rb:13:in `visit_features'
/usr/local/rvm/gems/ruby-1.9.3-p392/gems/cucumber-1.2.3/lib/cucumber/runtime.rb:47:in `run!'
/usr/local/rvm/gems/ruby-1.9.3-p392/gems/cucumber-1.2.3/lib/cucumber/cli/main.rb:43:in `execute!'
/usr/local/rvm/gems/ruby-1.9.3-p392/gems/cucumber-1.2.3/lib/cucumber/cli/main.rb:20:in `execute'
/usr/local/rvm/gems/ruby-1.9.3-p392/gems/cucumber-1.2.3/bin/cucumber:14:in `<top (required)>'
/usr/local/rvm/gems/ruby-1.9.3-p392/bin/cucumber:19:in `load'
/usr/local/rvm/gems/ruby-1.9.3-p392/bin/cucumber:19:in `<main>'
/usr/local/rvm/gems/ruby-1.9.3-p392/bin/ruby_noexec_wrapper:14:in `eval'
/usr/local/rvm/gems/ruby-1.9.3-p392/bin/ruby_noexec_wrapper:14:in `<main>'
features/login.feature:64:in `Given I open '<service>' site for the opco '<opco>' in a logged out state']]>
  </failure>
  <system-out/>
  <system-err/>
</testcase>
<testcase classname="LOGIN" name="Group Logout (outline example : | gr | cloud | usual_msisdn_2 | usual_password |)" time="0.530912">
  <failure message="failed Group Logout (outline example : | gr | cloud | usual_msisdn_2 | usual_password |)" type="failed">
    <![CDATA[Scenario Outline: Group Logout

Example row: | gb | music | usual_msisdn_2 | usual_password |

Message:
Example row: | ie | contacts | usual_msisdn_2 | usual_password |

Message:
Example row: | ie | nwab | usual_msisdn_2 | usual_password |

Message:
Example row: | ie | contentbackup | usual_msisdn_2 | usual_password |

Message:
Example row: | ie | music | usual_msisdn_2 | usual_password |

Message:
Example row: | it | music | usual_msisdn_2 | usual_password |

Message:
Example row: | it | contacts | usual_msisdn_2 | usual_password |

Message:
Example row: | it | nwab | usual_msisdn_2 | usual_password |

Message:
Example row: | it | contentbackup | usual_msisdn_2 | usual_password |

Message:
Example row: | it | mobileprotect | usual_msisdn_2 | usual_password |

Message:
Example row: | gr | music | usual_msisdn_2 | usual_password |

Message:
Example row: | gr | contacts | usual_msisdn_2 | usual_password |

Message:
Example row: | gr | cloud | usual_msisdn_2 | usual_password |

Message:
]]>
    <![CDATA[unexpected response, code=404, content-type=""
unknown command: session/61a9d9f6391e38daf5d133be8708e330/element/name (Selenium::WebDriver::Error::WebDriverError)
/usr/local/rvm/gems/ruby-1.9.3-p392/gems/selenium-webdriver-2.31.0/lib/selenium/webdriver/remote/http/common.rb:66:in `create_response'
/usr/local/rvm/gems/ruby-1.9.3-p392/gems/selenium-webdriver-2.31.0/lib/selenium/webdriver/remote/http/default.rb:66:in `request'
/usr/local/rvm/gems/ruby-1.9.3-p392/gems/selenium-webdriver-2.31.0/lib/selenium/webdriver/remote/http/common.rb:40:in `call'
/usr/local/rvm/gems/ruby-1.9.3-p392/gems/selenium-webdriver-2.31.0/lib/selenium/webdriver/remote/bridge.rb:616:in `raw_execute'
/usr/local/rvm/gems/ruby-1.9.3-p392/gems/selenium-webdriver-2.31.0/lib/selenium/webdriver/remote/bridge.rb:594:in `execute'
/usr/local/rvm/gems/ruby-1.9.3-p392/gems/selenium-webdriver-2.31.0/lib/selenium/webdriver/remote/bridge.rb:493:in `getElementTagName'
/usr/local/rvm/gems/ruby-1.9.3-p392/gems/selenium-webdriver-2.31.0/lib/selenium/webdriver/common/element.rb:68:in `tag_name'
/usr/local/rvm/gems/ruby-1.9.3-p392/gems/watir-webdriver-0.6.2/lib/watir-webdriver/locators/element_locator.rb:387:in `validate_element'
/usr/local/rvm/gems/ruby-1.9.3-p392/gems/watir-webdriver-0.6.2/lib/watir-webdriver/locators/element_locator.rb:37:in `locate'
/usr/local/rvm/gems/ruby-1.9.3-p392/gems/watir-webdriver-0.6.2/lib/watir-webdriver/elements/element.rb:509:in `locate'
/usr/local/rvm/gems/ruby-1.9.3-p392/gems/watir-webdriver-0.6.2/lib/watir-webdriver/elements/element.rb:487:in `assert_exists'
/usr/local/rvm/gems/ruby-1.9.3-p392/gems/watir-webdriver-0.6.2/lib/watir-webdriver/elements/element.rb:118:in `click'
/Users/Subhash/git/automated_tests_web_login_app/features/pages/MockServicePage.rb:13:in `visit'
/Users/Subhash/git/automated_tests_web_login_app/features/step_definitions/loginapp_steps.rb:17:in `block in <top (required)>'
/usr/local/rvm/gems/ruby-1.9.3-p392/gems/cucumber-1.2.3/lib/cucumber/core_ext/instance_exec.rb:48:in `instance_exec'
/usr/local/rvm/gems/ruby-1.9.3-p392/gems/cucumber-1.2.3/lib/cucumber/core_ext/instance_exec.rb:48:in `block in cucumber_instance_exec'
/usr/local/rvm/gems/ruby-1.9.3-p392/gems/cucumber-1.2.3/lib/cucumber/core_ext/instance_exec.rb:69:in `cucumber_run_with_backtrace_filtering'
/usr/local/rvm/gems/ruby-1.9.3-p392/gems/cucumber-1.2.3/lib/cucumber/core_ext/instance_exec.rb:36:in `cucumber_instance_exec'
/usr/local/rvm/gems/ruby-1.9.3-p392/gems/cucumber-1.2.3/lib/cucumber/rb_support/rb_step_definition.rb:97:in `invoke'
/usr/local/rvm/gems/ruby-1.9.3-p392/gems/cucumber-1.2.3/lib/cucumber/step_match.rb:25:in `invoke'
/usr/local/rvm/gems/ruby-1.9.3-p392/gems/cucumber-1.2.3/lib/cucumber/ast/step_invocation.rb:60:in `invoke'
/usr/local/rvm/gems/ruby-1.9.3-p392/gems/cucumber-1.2.3/lib/cucumber/ast/outline_table.rb:119:in `block (2 levels) in accept_plain'
/usr/local/rvm/gems/ruby-1.9.3-p392/gems/cucumber-1.2.3/lib/cucumber/ast/step_collection.rb:37:in `each'
/usr/local/rvm/gems/ruby-1.9.3-p392/gems/cucumber-1.2.3/lib/cucumber/ast/step_collection.rb:37:in `each'
/usr/local/rvm/gems/ruby-1.9.3-p392/gems/cucumber-1.2.3/lib/cucumber/ast/outline_table.rb:118:in `block in accept_plain'
/usr/local/rvm/gems/ruby-1.9.3-p392/gems/cucumber-1.2.3/lib/cucumber/runtime.rb:81:in `block (2 levels) in with_hooks'
/usr/local/rvm/gems/ruby-1.9.3-p392/gems/cucumber-1.2.3/lib/cucumber/runtime.rb:97:in `before_and_after'
/usr/local/rvm/gems/ruby-1.9.3-p392/gems/cucumber-1.2.3/lib/cucumber/runtime.rb:80:in `block in with_hooks'
/usr/local/rvm/gems/ruby-1.9.3-p392/gems/cucumber-1.2.3/lib/cucumber/runtime/support_code.rb:120:in `call'
/usr/local/rvm/gems/ruby-1.9.3-p392/gems/cucumber-1.2.3/lib/cucumber/runtime/support_code.rb:120:in `block (3 levels) in around'
/usr/local/rvm/gems/ruby-1.9.3-p392/gems/cucumber-1.2.3/lib/cucumber/language_support/language_methods.rb:9:in `block in around'
/usr/local/rvm/gems/ruby-1.9.3-p392/gems/cucumber-1.2.3/lib/cucumber/language_support/language_methods.rb:91:in `call'
/usr/local/rvm/gems/ruby-1.9.3-p392/gems/cucumber-1.2.3/lib/cucumber/language_support/language_methods.rb:91:in `execute_around'
/usr/local/rvm/gems/ruby-1.9.3-p392/gems/cucumber-1.2.3/lib/cucumber/language_support/language_methods.rb:8:in `around'
/usr/local/rvm/gems/ruby-1.9.3-p392/gems/cucumber-1.2.3/lib/cucumber/runtime/support_code.rb:119:in `block (2 levels) in around'
/usr/local/rvm/gems/ruby-1.9.3-p392/gems/cucumber-1.2.3/lib/cucumber/runtime/support_code.rb:117:in `call'
/usr/local/rvm/gems/ruby-1.9.3-p392/gems/cucumber-1.2.3/lib/cucumber/runtime/support_code.rb:117:in `around'
/usr/local/rvm/gems/ruby-1.9.3-p392/gems/cucumber-1.2.3/lib/cucumber/runtime.rb:92:in `around'
/usr/local/rvm/gems/ruby-1.9.3-p392/gems/cucumber-1.2.3/lib/cucumber/runtime.rb:79:in `with_hooks'
/usr/local/rvm/gems/ruby-1.9.3-p392/gems/cucumber-1.2.3/lib/cucumber/ast/outline_table.rb:117:in `accept_plain'
/usr/local/rvm/gems/ruby-1.9.3-p392/gems/cucumber-1.2.3/lib/cucumber/ast/outline_table.rb:107:in `accept'
/usr/local/rvm/gems/ruby-1.9.3-p392/gems/cucumber-1.2.3/lib/cucumber/ast/tree_walker.rb:131:in `block in visit_table_row'
/usr/local/rvm/gems/ruby-1.9.3-p392/gems/cucumber-1.2.3/lib/cucumber/ast/tree_walker.rb:163:in `broadcast'
/usr/local/rvm/gems/ruby-1.9.3-p392/gems/cucumber-1.2.3/lib/cucumber/ast/tree_walker.rb:130:in `visit_table_row'
/usr/local/rvm/gems/ruby-1.9.3-p392/gems/cucumber-1.2.3/lib/cucumber/ast/outline_table.rb:27:in `block in accept'
/usr/local/rvm/gems/ruby-1.9.3-p392/gems/cucumber-1.2.3/lib/cucumber/ast/outline_table.rb:23:in `each'
/usr/local/rvm/gems/ruby-1.9.3-p392/gems/cucumber-1.2.3/lib/cucumber/ast/outline_table.rb:23:in `each_with_index'
/usr/local/rvm/gems/ruby-1.9.3-p392/gems/cucumber-1.2.3/lib/cucumber/ast/outline_table.rb:23:in `accept'
/usr/local/rvm/gems/ruby-1.9.3-p392/gems/cucumber-1.2.3/lib/cucumber/ast/tree_walker.rb:83:in `block in visit_outline_table'
/usr/local/rvm/gems/ruby-1.9.3-p392/gems/cucumber-1.2.3/lib/cucumber/ast/tree_walker.rb:163:in `broadcast'
/usr/local/rvm/gems/ruby-1.9.3-p392/gems/cucumber-1.2.3/lib/cucumber/ast/tree_walker.rb:82:in `visit_outline_table'
/usr/local/rvm/gems/ruby-1.9.3-p392/gems/cucumber-1.2.3/lib/cucumber/ast/examples.rb:22:in `accept'
/usr/local/rvm/gems/ruby-1.9.3-p392/gems/cucumber-1.2.3/lib/cucumber/ast/tree_walker.rb:73:in `block in visit_examples'
/usr/local/rvm/gems/ruby-1.9.3-p392/gems/cucumber-1.2.3/lib/cucumber/ast/tree_walker.rb:163:in `broadcast'
/usr/local/rvm/gems/ruby-1.9.3-p392/gems/cucumber-1.2.3/lib/cucumber/ast/tree_walker.rb:72:in `visit_examples'
/usr/local/rvm/gems/ruby-1.9.3-p392/gems/cucumber-1.2.3/lib/cucumber/ast/scenario_outline.rb:14:in `block in accept'
/usr/local/rvm/gems/ruby-1.9.3-p392/gems/cucumber-1.2.3/lib/cucumber/ast/scenario_outline.rb:13:in `each'
/usr/local/rvm/gems/ruby-1.9.3-p392/gems/cucumber-1.2.3/lib/cucumber/ast/scenario_outline.rb:13:in `accept'
/usr/local/rvm/gems/ruby-1.9.3-p392/gems/cucumber-1.2.3/lib/cucumber/ast/tree_walker.rb:67:in `block in visit_examples_array'
/usr/local/rvm/gems/ruby-1.9.3-p392/gems/cucumber-1.2.3/lib/cucumber/ast/tree_walker.rb:163:in `broadcast'
/usr/local/rvm/gems/ruby-1.9.3-p392/gems/cucumber-1.2.3/lib/cucumber/ast/tree_walker.rb:66:in `visit_examples_array'
/usr/local/rvm/gems/ruby-1.9.3-p392/gems/cucumber-1.2.3/lib/cucumber/ast/scenario_outline.rb:68:in `accept'
/usr/local/rvm/gems/ruby-1.9.3-p392/gems/cucumber-1.2.3/lib/cucumber/ast/tree_walker.rb:51:in `block in visit_feature_element'
/usr/local/rvm/gems/ruby-1.9.3-p392/gems/cucumber-1.2.3/lib/cucumber/ast/tree_walker.rb:163:in `broadcast'
/usr/local/rvm/gems/ruby-1.9.3-p392/gems/cucumber-1.2.3/lib/cucumber/ast/tree_walker.rb:50:in `visit_feature_element'
/usr/local/rvm/gems/ruby-1.9.3-p392/gems/cucumber-1.2.3/lib/cucumber/ast/feature.rb:43:in `block in accept'
/usr/local/rvm/gems/ruby-1.9.3-p392/gems/cucumber-1.2.3/lib/cucumber/ast/feature.rb:42:in `each'
/usr/local/rvm/gems/ruby-1.9.3-p392/gems/cucumber-1.2.3/lib/cucumber/ast/feature.rb:42:in `accept'
/usr/local/rvm/gems/ruby-1.9.3-p392/gems/cucumber-1.2.3/lib/cucumber/ast/tree_walker.rb:20:in `block in visit_feature'
/usr/local/rvm/gems/ruby-1.9.3-p392/gems/cucumber-1.2.3/lib/cucumber/ast/tree_walker.rb:163:in `broadcast'
/usr/local/rvm/gems/ruby-1.9.3-p392/gems/cucumber-1.2.3/lib/cucumber/ast/tree_walker.rb:19:in `visit_feature'
/usr/local/rvm/gems/ruby-1.9.3-p392/gems/cucumber-1.2.3/lib/cucumber/ast/features.rb:29:in `block in accept'
/usr/local/rvm/gems/ruby-1.9.3-p392/gems/cucumber-1.2.3/lib/cucumber/ast/features.rb:17:in `each'
/usr/local/rvm/gems/ruby-1.9.3-p392/gems/cucumber-1.2.3/lib/cucumber/ast/features.rb:17:in `each'
/usr/local/rvm/gems/ruby-1.9.3-p392/gems/cucumber-1.2.3/lib/cucumber/ast/features.rb:28:in `accept'
/usr/local/rvm/gems/ruby-1.9.3-p392/gems/cucumber-1.2.3/lib/cucumber/ast/tree_walker.rb:14:in `block in visit_features'
/usr/local/rvm/gems/ruby-1.9.3-p392/gems/cucumber-1.2.3/lib/cucumber/ast/tree_walker.rb:163:in `broadcast'
/usr/local/rvm/gems/ruby-1.9.3-p392/gems/cucumber-1.2.3/lib/cucumber/ast/tree_walker.rb:13:in `visit_features'
/usr/local/rvm/gems/ruby-1.9.3-p392/gems/cucumber-1.2.3/lib/cucumber/runtime.rb:47:in `run!'
/usr/local/rvm/gems/ruby-1.9.3-p392/gems/cucumber-1.2.3/lib/cucumber/cli/main.rb:43:in `execute!'
/usr/local/rvm/gems/ruby-1.9.3-p392/gems/cucumber-1.2.3/lib/cucumber/cli/main.rb:20:in `execute'
/usr/local/rvm/gems/ruby-1.9.3-p392/gems/cucumber-1.2.3/bin/cucumber:14:in `<top (required)>'
/usr/local/rvm/gems/ruby-1.9.3-p392/bin/cucumber:19:in `load'
/usr/local/rvm/gems/ruby-1.9.3-p392/bin/cucumber:19:in `<main>'
/usr/local/rvm/gems/ruby-1.9.3-p392/bin/ruby_noexec_wrapper:14:in `eval'
/usr/local/rvm/gems/ruby-1.9.3-p392/bin/ruby_noexec_wrapper:14:in `<main>'
features/login.feature:64:in `Given I open '<service>' site for the opco '<opco>' in a logged out state']]>
  </failure>
  <system-out/>
  <system-err/>
</testcase>
<testcase classname="LOGIN" name="Group Logout (outline example : | gr | contentbackup | usual_msisdn_2 | usual_password |)" time="0.672259">
  <failure message="failed Group Logout (outline example : | gr | contentbackup | usual_msisdn_2 | usual_password |)" type="failed">
    <![CDATA[Scenario Outline: Group Logout

Example row: | gb | music | usual_msisdn_2 | usual_password |

Message:
Example row: | ie | contacts | usual_msisdn_2 | usual_password |

Message:
Example row: | ie | nwab | usual_msisdn_2 | usual_password |

Message:
Example row: | ie | contentbackup | usual_msisdn_2 | usual_password |

Message:
Example row: | ie | music | usual_msisdn_2 | usual_password |

Message:
Example row: | it | music | usual_msisdn_2 | usual_password |

Message:
Example row: | it | contacts | usual_msisdn_2 | usual_password |

Message:
Example row: | it | nwab | usual_msisdn_2 | usual_password |

Message:
Example row: | it | contentbackup | usual_msisdn_2 | usual_password |

Message:
Example row: | it | mobileprotect | usual_msisdn_2 | usual_password |

Message:
Example row: | gr | music | usual_msisdn_2 | usual_password |

Message:
Example row: | gr | contacts | usual_msisdn_2 | usual_password |

Message:
Example row: | gr | cloud | usual_msisdn_2 | usual_password |

Message:
Example row: | gr | contentbackup | usual_msisdn_2 | usual_password |

Message:
]]>
    <![CDATA[unexpected response, code=404, content-type=""
unknown command: session/61a9d9f6391e38daf5d133be8708e330/element/name (Selenium::WebDriver::Error::WebDriverError)
/usr/local/rvm/gems/ruby-1.9.3-p392/gems/selenium-webdriver-2.31.0/lib/selenium/webdriver/remote/http/common.rb:66:in `create_response'
/usr/local/rvm/gems/ruby-1.9.3-p392/gems/selenium-webdriver-2.31.0/lib/selenium/webdriver/remote/http/default.rb:66:in `request'
/usr/local/rvm/gems/ruby-1.9.3-p392/gems/selenium-webdriver-2.31.0/lib/selenium/webdriver/remote/http/common.rb:40:in `call'
/usr/local/rvm/gems/ruby-1.9.3-p392/gems/selenium-webdriver-2.31.0/lib/selenium/webdriver/remote/bridge.rb:616:in `raw_execute'
/usr/local/rvm/gems/ruby-1.9.3-p392/gems/selenium-webdriver-2.31.0/lib/selenium/webdriver/remote/bridge.rb:594:in `execute'
/usr/local/rvm/gems/ruby-1.9.3-p392/gems/selenium-webdriver-2.31.0/lib/selenium/webdriver/remote/bridge.rb:493:in `getElementTagName'
/usr/local/rvm/gems/ruby-1.9.3-p392/gems/selenium-webdriver-2.31.0/lib/selenium/webdriver/common/element.rb:68:in `tag_name'
/usr/local/rvm/gems/ruby-1.9.3-p392/gems/watir-webdriver-0.6.2/lib/watir-webdriver/locators/element_locator.rb:387:in `validate_element'
/usr/local/rvm/gems/ruby-1.9.3-p392/gems/watir-webdriver-0.6.2/lib/watir-webdriver/locators/element_locator.rb:37:in `locate'
/usr/local/rvm/gems/ruby-1.9.3-p392/gems/watir-webdriver-0.6.2/lib/watir-webdriver/elements/element.rb:509:in `locate'
/usr/local/rvm/gems/ruby-1.9.3-p392/gems/watir-webdriver-0.6.2/lib/watir-webdriver/elements/element.rb:487:in `assert_exists'
/usr/local/rvm/gems/ruby-1.9.3-p392/gems/watir-webdriver-0.6.2/lib/watir-webdriver/elements/element.rb:118:in `click'
/Users/Subhash/git/automated_tests_web_login_app/features/pages/MockServicePage.rb:13:in `visit'
/Users/Subhash/git/automated_tests_web_login_app/features/step_definitions/loginapp_steps.rb:17:in `block in <top (required)>'
/usr/local/rvm/gems/ruby-1.9.3-p392/gems/cucumber-1.2.3/lib/cucumber/core_ext/instance_exec.rb:48:in `instance_exec'
/usr/local/rvm/gems/ruby-1.9.3-p392/gems/cucumber-1.2.3/lib/cucumber/core_ext/instance_exec.rb:48:in `block in cucumber_instance_exec'
/usr/local/rvm/gems/ruby-1.9.3-p392/gems/cucumber-1.2.3/lib/cucumber/core_ext/instance_exec.rb:69:in `cucumber_run_with_backtrace_filtering'
/usr/local/rvm/gems/ruby-1.9.3-p392/gems/cucumber-1.2.3/lib/cucumber/core_ext/instance_exec.rb:36:in `cucumber_instance_exec'
/usr/local/rvm/gems/ruby-1.9.3-p392/gems/cucumber-1.2.3/lib/cucumber/rb_support/rb_step_definition.rb:97:in `invoke'
/usr/local/rvm/gems/ruby-1.9.3-p392/gems/cucumber-1.2.3/lib/cucumber/step_match.rb:25:in `invoke'
/usr/local/rvm/gems/ruby-1.9.3-p392/gems/cucumber-1.2.3/lib/cucumber/ast/step_invocation.rb:60:in `invoke'
/usr/local/rvm/gems/ruby-1.9.3-p392/gems/cucumber-1.2.3/lib/cucumber/ast/outline_table.rb:119:in `block (2 levels) in accept_plain'
/usr/local/rvm/gems/ruby-1.9.3-p392/gems/cucumber-1.2.3/lib/cucumber/ast/step_collection.rb:37:in `each'
/usr/local/rvm/gems/ruby-1.9.3-p392/gems/cucumber-1.2.3/lib/cucumber/ast/step_collection.rb:37:in `each'
/usr/local/rvm/gems/ruby-1.9.3-p392/gems/cucumber-1.2.3/lib/cucumber/ast/outline_table.rb:118:in `block in accept_plain'
/usr/local/rvm/gems/ruby-1.9.3-p392/gems/cucumber-1.2.3/lib/cucumber/runtime.rb:81:in `block (2 levels) in with_hooks'
/usr/local/rvm/gems/ruby-1.9.3-p392/gems/cucumber-1.2.3/lib/cucumber/runtime.rb:97:in `before_and_after'
/usr/local/rvm/gems/ruby-1.9.3-p392/gems/cucumber-1.2.3/lib/cucumber/runtime.rb:80:in `block in with_hooks'
/usr/local/rvm/gems/ruby-1.9.3-p392/gems/cucumber-1.2.3/lib/cucumber/runtime/support_code.rb:120:in `call'
/usr/local/rvm/gems/ruby-1.9.3-p392/gems/cucumber-1.2.3/lib/cucumber/runtime/support_code.rb:120:in `block (3 levels) in around'
/usr/local/rvm/gems/ruby-1.9.3-p392/gems/cucumber-1.2.3/lib/cucumber/language_support/language_methods.rb:9:in `block in around'
/usr/local/rvm/gems/ruby-1.9.3-p392/gems/cucumber-1.2.3/lib/cucumber/language_support/language_methods.rb:91:in `call'
/usr/local/rvm/gems/ruby-1.9.3-p392/gems/cucumber-1.2.3/lib/cucumber/language_support/language_methods.rb:91:in `execute_around'
/usr/local/rvm/gems/ruby-1.9.3-p392/gems/cucumber-1.2.3/lib/cucumber/language_support/language_methods.rb:8:in `around'
/usr/local/rvm/gems/ruby-1.9.3-p392/gems/cucumber-1.2.3/lib/cucumber/runtime/support_code.rb:119:in `block (2 levels) in around'
/usr/local/rvm/gems/ruby-1.9.3-p392/gems/cucumber-1.2.3/lib/cucumber/runtime/support_code.rb:117:in `call'
/usr/local/rvm/gems/ruby-1.9.3-p392/gems/cucumber-1.2.3/lib/cucumber/runtime/support_code.rb:117:in `around'
/usr/local/rvm/gems/ruby-1.9.3-p392/gems/cucumber-1.2.3/lib/cucumber/runtime.rb:92:in `around'
/usr/local/rvm/gems/ruby-1.9.3-p392/gems/cucumber-1.2.3/lib/cucumber/runtime.rb:79:in `with_hooks'
/usr/local/rvm/gems/ruby-1.9.3-p392/gems/cucumber-1.2.3/lib/cucumber/ast/outline_table.rb:117:in `accept_plain'
/usr/local/rvm/gems/ruby-1.9.3-p392/gems/cucumber-1.2.3/lib/cucumber/ast/outline_table.rb:107:in `accept'
/usr/local/rvm/gems/ruby-1.9.3-p392/gems/cucumber-1.2.3/lib/cucumber/ast/tree_walker.rb:131:in `block in visit_table_row'
/usr/local/rvm/gems/ruby-1.9.3-p392/gems/cucumber-1.2.3/lib/cucumber/ast/tree_walker.rb:163:in `broadcast'
/usr/local/rvm/gems/ruby-1.9.3-p392/gems/cucumber-1.2.3/lib/cucumber/ast/tree_walker.rb:130:in `visit_table_row'
/usr/local/rvm/gems/ruby-1.9.3-p392/gems/cucumber-1.2.3/lib/cucumber/ast/outline_table.rb:27:in `block in accept'
/usr/local/rvm/gems/ruby-1.9.3-p392/gems/cucumber-1.2.3/lib/cucumber/ast/outline_table.rb:23:in `each'
/usr/local/rvm/gems/ruby-1.9.3-p392/gems/cucumber-1.2.3/lib/cucumber/ast/outline_table.rb:23:in `each_with_index'
/usr/local/rvm/gems/ruby-1.9.3-p392/gems/cucumber-1.2.3/lib/cucumber/ast/outline_table.rb:23:in `accept'
/usr/local/rvm/gems/ruby-1.9.3-p392/gems/cucumber-1.2.3/lib/cucumber/ast/tree_walker.rb:83:in `block in visit_outline_table'
/usr/local/rvm/gems/ruby-1.9.3-p392/gems/cucumber-1.2.3/lib/cucumber/ast/tree_walker.rb:163:in `broadcast'
/usr/local/rvm/gems/ruby-1.9.3-p392/gems/cucumber-1.2.3/lib/cucumber/ast/tree_walker.rb:82:in `visit_outline_table'
/usr/local/rvm/gems/ruby-1.9.3-p392/gems/cucumber-1.2.3/lib/cucumber/ast/examples.rb:22:in `accept'
/usr/local/rvm/gems/ruby-1.9.3-p392/gems/cucumber-1.2.3/lib/cucumber/ast/tree_walker.rb:73:in `block in visit_examples'
/usr/local/rvm/gems/ruby-1.9.3-p392/gems/cucumber-1.2.3/lib/cucumber/ast/tree_walker.rb:163:in `broadcast'
/usr/local/rvm/gems/ruby-1.9.3-p392/gems/cucumber-1.2.3/lib/cucumber/ast/tree_walker.rb:72:in `visit_examples'
/usr/local/rvm/gems/ruby-1.9.3-p392/gems/cucumber-1.2.3/lib/cucumber/ast/scenario_outline.rb:14:in `block in accept'
/usr/local/rvm/gems/ruby-1.9.3-p392/gems/cucumber-1.2.3/lib/cucumber/ast/scenario_outline.rb:13:in `each'
/usr/local/rvm/gems/ruby-1.9.3-p392/gems/cucumber-1.2.3/lib/cucumber/ast/scenario_outline.rb:13:in `accept'
/usr/local/rvm/gems/ruby-1.9.3-p392/gems/cucumber-1.2.3/lib/cucumber/ast/tree_walker.rb:67:in `block in visit_examples_array'
/usr/local/rvm/gems/ruby-1.9.3-p392/gems/cucumber-1.2.3/lib/cucumber/ast/tree_walker.rb:163:in `broadcast'
/usr/local/rvm/gems/ruby-1.9.3-p392/gems/cucumber-1.2.3/lib/cucumber/ast/tree_walker.rb:66:in `visit_examples_array'
/usr/local/rvm/gems/ruby-1.9.3-p392/gems/cucumber-1.2.3/lib/cucumber/ast/scenario_outline.rb:68:in `accept'
/usr/local/rvm/gems/ruby-1.9.3-p392/gems/cucumber-1.2.3/lib/cucumber/ast/tree_walker.rb:51:in `block in visit_feature_element'
/usr/local/rvm/gems/ruby-1.9.3-p392/gems/cucumber-1.2.3/lib/cucumber/ast/tree_walker.rb:163:in `broadcast'
/usr/local/rvm/gems/ruby-1.9.3-p392/gems/cucumber-1.2.3/lib/cucumber/ast/tree_walker.rb:50:in `visit_feature_element'
/usr/local/rvm/gems/ruby-1.9.3-p392/gems/cucumber-1.2.3/lib/cucumber/ast/feature.rb:43:in `block in accept'
/usr/local/rvm/gems/ruby-1.9.3-p392/gems/cucumber-1.2.3/lib/cucumber/ast/feature.rb:42:in `each'
/usr/local/rvm/gems/ruby-1.9.3-p392/gems/cucumber-1.2.3/lib/cucumber/ast/feature.rb:42:in `accept'
/usr/local/rvm/gems/ruby-1.9.3-p392/gems/cucumber-1.2.3/lib/cucumber/ast/tree_walker.rb:20:in `block in visit_feature'
/usr/local/rvm/gems/ruby-1.9.3-p392/gems/cucumber-1.2.3/lib/cucumber/ast/tree_walker.rb:163:in `broadcast'
/usr/local/rvm/gems/ruby-1.9.3-p392/gems/cucumber-1.2.3/lib/cucumber/ast/tree_walker.rb:19:in `visit_feature'
/usr/local/rvm/gems/ruby-1.9.3-p392/gems/cucumber-1.2.3/lib/cucumber/ast/features.rb:29:in `block in accept'
/usr/local/rvm/gems/ruby-1.9.3-p392/gems/cucumber-1.2.3/lib/cucumber/ast/features.rb:17:in `each'
/usr/local/rvm/gems/ruby-1.9.3-p392/gems/cucumber-1.2.3/lib/cucumber/ast/features.rb:17:in `each'
/usr/local/rvm/gems/ruby-1.9.3-p392/gems/cucumber-1.2.3/lib/cucumber/ast/features.rb:28:in `accept'
/usr/local/rvm/gems/ruby-1.9.3-p392/gems/cucumber-1.2.3/lib/cucumber/ast/tree_walker.rb:14:in `block in visit_features'
/usr/local/rvm/gems/ruby-1.9.3-p392/gems/cucumber-1.2.3/lib/cucumber/ast/tree_walker.rb:163:in `broadcast'
/usr/local/rvm/gems/ruby-1.9.3-p392/gems/cucumber-1.2.3/lib/cucumber/ast/tree_walker.rb:13:in `visit_features'
/usr/local/rvm/gems/ruby-1.9.3-p392/gems/cucumber-1.2.3/lib/cucumber/runtime.rb:47:in `run!'
/usr/local/rvm/gems/ruby-1.9.3-p392/gems/cucumber-1.2.3/lib/cucumber/cli/main.rb:43:in `execute!'
/usr/local/rvm/gems/ruby-1.9.3-p392/gems/cucumber-1.2.3/lib/cucumber/cli/main.rb:20:in `execute'
/usr/local/rvm/gems/ruby-1.9.3-p392/gems/cucumber-1.2.3/bin/cucumber:14:in `<top (required)>'
/usr/local/rvm/gems/ruby-1.9.3-p392/bin/cucumber:19:in `load'
/usr/local/rvm/gems/ruby-1.9.3-p392/bin/cucumber:19:in `<main>'
/usr/local/rvm/gems/ruby-1.9.3-p392/bin/ruby_noexec_wrapper:14:in `eval'
/usr/local/rvm/gems/ruby-1.9.3-p392/bin/ruby_noexec_wrapper:14:in `<main>'
features/login.feature:64:in `Given I open '<service>' site for the opco '<opco>' in a logged out state']]>
  </failure>
  <system-out/>
  <system-err/>
</testcase>
<testcase classname="LOGIN" name="Group Logout (outline example : | nl | music | usual_msisdn_2 | usual_password |)" time="0.530493">
  <failure message="failed Group Logout (outline example : | nl | music | usual_msisdn_2 | usual_password |)" type="failed">
    <![CDATA[Scenario Outline: Group Logout

Example row: | gb | music | usual_msisdn_2 | usual_password |

Message:
Example row: | ie | contacts | usual_msisdn_2 | usual_password |

Message:
Example row: | ie | nwab | usual_msisdn_2 | usual_password |

Message:
Example row: | ie | contentbackup | usual_msisdn_2 | usual_password |

Message:
Example row: | ie | music | usual_msisdn_2 | usual_password |

Message:
Example row: | it | music | usual_msisdn_2 | usual_password |

Message:
Example row: | it | contacts | usual_msisdn_2 | usual_password |

Message:
Example row: | it | nwab | usual_msisdn_2 | usual_password |

Message:
Example row: | it | contentbackup | usual_msisdn_2 | usual_password |

Message:
Example row: | it | mobileprotect | usual_msisdn_2 | usual_password |

Message:
Example row: | gr | music | usual_msisdn_2 | usual_password |

Message:
Example row: | gr | contacts | usual_msisdn_2 | usual_password |

Message:
Example row: | gr | cloud | usual_msisdn_2 | usual_password |

Message:
Example row: | gr | contentbackup | usual_msisdn_2 | usual_password |

Message:
Example row: | nl | music | usual_msisdn_2 | usual_password |

Message:
]]>
    <![CDATA[unexpected response, code=404, content-type=""
unknown command: session/61a9d9f6391e38daf5d133be8708e330/element/name (Selenium::WebDriver::Error::WebDriverError)
/usr/local/rvm/gems/ruby-1.9.3-p392/gems/selenium-webdriver-2.31.0/lib/selenium/webdriver/remote/http/common.rb:66:in `create_response'
/usr/local/rvm/gems/ruby-1.9.3-p392/gems/selenium-webdriver-2.31.0/lib/selenium/webdriver/remote/http/default.rb:66:in `request'
/usr/local/rvm/gems/ruby-1.9.3-p392/gems/selenium-webdriver-2.31.0/lib/selenium/webdriver/remote/http/common.rb:40:in `call'
/usr/local/rvm/gems/ruby-1.9.3-p392/gems/selenium-webdriver-2.31.0/lib/selenium/webdriver/remote/bridge.rb:616:in `raw_execute'
/usr/local/rvm/gems/ruby-1.9.3-p392/gems/selenium-webdriver-2.31.0/lib/selenium/webdriver/remote/bridge.rb:594:in `execute'
/usr/local/rvm/gems/ruby-1.9.3-p392/gems/selenium-webdriver-2.31.0/lib/selenium/webdriver/remote/bridge.rb:493:in `getElementTagName'
/usr/local/rvm/gems/ruby-1.9.3-p392/gems/selenium-webdriver-2.31.0/lib/selenium/webdriver/common/element.rb:68:in `tag_name'
/usr/local/rvm/gems/ruby-1.9.3-p392/gems/watir-webdriver-0.6.2/lib/watir-webdriver/locators/element_locator.rb:387:in `validate_element'
/usr/local/rvm/gems/ruby-1.9.3-p392/gems/watir-webdriver-0.6.2/lib/watir-webdriver/locators/element_locator.rb:37:in `locate'
/usr/local/rvm/gems/ruby-1.9.3-p392/gems/watir-webdriver-0.6.2/lib/watir-webdriver/elements/element.rb:509:in `locate'
/usr/local/rvm/gems/ruby-1.9.3-p392/gems/watir-webdriver-0.6.2/lib/watir-webdriver/elements/element.rb:487:in `assert_exists'
/usr/local/rvm/gems/ruby-1.9.3-p392/gems/watir-webdriver-0.6.2/lib/watir-webdriver/elements/element.rb:118:in `click'
/Users/Subhash/git/automated_tests_web_login_app/features/pages/MockServicePage.rb:13:in `visit'
/Users/Subhash/git/automated_tests_web_login_app/features/step_definitions/loginapp_steps.rb:17:in `block in <top (required)>'
/usr/local/rvm/gems/ruby-1.9.3-p392/gems/cucumber-1.2.3/lib/cucumber/core_ext/instance_exec.rb:48:in `instance_exec'
/usr/local/rvm/gems/ruby-1.9.3-p392/gems/cucumber-1.2.3/lib/cucumber/core_ext/instance_exec.rb:48:in `block in cucumber_instance_exec'
/usr/local/rvm/gems/ruby-1.9.3-p392/gems/cucumber-1.2.3/lib/cucumber/core_ext/instance_exec.rb:69:in `cucumber_run_with_backtrace_filtering'
/usr/local/rvm/gems/ruby-1.9.3-p392/gems/cucumber-1.2.3/lib/cucumber/core_ext/instance_exec.rb:36:in `cucumber_instance_exec'
/usr/local/rvm/gems/ruby-1.9.3-p392/gems/cucumber-1.2.3/lib/cucumber/rb_support/rb_step_definition.rb:97:in `invoke'
/usr/local/rvm/gems/ruby-1.9.3-p392/gems/cucumber-1.2.3/lib/cucumber/step_match.rb:25:in `invoke'
/usr/local/rvm/gems/ruby-1.9.3-p392/gems/cucumber-1.2.3/lib/cucumber/ast/step_invocation.rb:60:in `invoke'
/usr/local/rvm/gems/ruby-1.9.3-p392/gems/cucumber-1.2.3/lib/cucumber/ast/outline_table.rb:119:in `block (2 levels) in accept_plain'
/usr/local/rvm/gems/ruby-1.9.3-p392/gems/cucumber-1.2.3/lib/cucumber/ast/step_collection.rb:37:in `each'
/usr/local/rvm/gems/ruby-1.9.3-p392/gems/cucumber-1.2.3/lib/cucumber/ast/step_collection.rb:37:in `each'
/usr/local/rvm/gems/ruby-1.9.3-p392/gems/cucumber-1.2.3/lib/cucumber/ast/outline_table.rb:118:in `block in accept_plain'
/usr/local/rvm/gems/ruby-1.9.3-p392/gems/cucumber-1.2.3/lib/cucumber/runtime.rb:81:in `block (2 levels) in with_hooks'
/usr/local/rvm/gems/ruby-1.9.3-p392/gems/cucumber-1.2.3/lib/cucumber/runtime.rb:97:in `before_and_after'
/usr/local/rvm/gems/ruby-1.9.3-p392/gems/cucumber-1.2.3/lib/cucumber/runtime.rb:80:in `block in with_hooks'
/usr/local/rvm/gems/ruby-1.9.3-p392/gems/cucumber-1.2.3/lib/cucumber/runtime/support_code.rb:120:in `call'
/usr/local/rvm/gems/ruby-1.9.3-p392/gems/cucumber-1.2.3/lib/cucumber/runtime/support_code.rb:120:in `block (3 levels) in around'
/usr/local/rvm/gems/ruby-1.9.3-p392/gems/cucumber-1.2.3/lib/cucumber/language_support/language_methods.rb:9:in `block in around'
/usr/local/rvm/gems/ruby-1.9.3-p392/gems/cucumber-1.2.3/lib/cucumber/language_support/language_methods.rb:91:in `call'
/usr/local/rvm/gems/ruby-1.9.3-p392/gems/cucumber-1.2.3/lib/cucumber/language_support/language_methods.rb:91:in `execute_around'
/usr/local/rvm/gems/ruby-1.9.3-p392/gems/cucumber-1.2.3/lib/cucumber/language_support/language_methods.rb:8:in `around'
/usr/local/rvm/gems/ruby-1.9.3-p392/gems/cucumber-1.2.3/lib/cucumber/runtime/support_code.rb:119:in `block (2 levels) in around'
/usr/local/rvm/gems/ruby-1.9.3-p392/gems/cucumber-1.2.3/lib/cucumber/runtime/support_code.rb:117:in `call'
/usr/local/rvm/gems/ruby-1.9.3-p392/gems/cucumber-1.2.3/lib/cucumber/runtime/support_code.rb:117:in `around'
/usr/local/rvm/gems/ruby-1.9.3-p392/gems/cucumber-1.2.3/lib/cucumber/runtime.rb:92:in `around'
/usr/local/rvm/gems/ruby-1.9.3-p392/gems/cucumber-1.2.3/lib/cucumber/runtime.rb:79:in `with_hooks'
/usr/local/rvm/gems/ruby-1.9.3-p392/gems/cucumber-1.2.3/lib/cucumber/ast/outline_table.rb:117:in `accept_plain'
/usr/local/rvm/gems/ruby-1.9.3-p392/gems/cucumber-1.2.3/lib/cucumber/ast/outline_table.rb:107:in `accept'
/usr/local/rvm/gems/ruby-1.9.3-p392/gems/cucumber-1.2.3/lib/cucumber/ast/tree_walker.rb:131:in `block in visit_table_row'
/usr/local/rvm/gems/ruby-1.9.3-p392/gems/cucumber-1.2.3/lib/cucumber/ast/tree_walker.rb:163:in `broadcast'
/usr/local/rvm/gems/ruby-1.9.3-p392/gems/cucumber-1.2.3/lib/cucumber/ast/tree_walker.rb:130:in `visit_table_row'
/usr/local/rvm/gems/ruby-1.9.3-p392/gems/cucumber-1.2.3/lib/cucumber/ast/outline_table.rb:27:in `block in accept'
/usr/local/rvm/gems/ruby-1.9.3-p392/gems/cucumber-1.2.3/lib/cucumber/ast/outline_table.rb:23:in `each'
/usr/local/rvm/gems/ruby-1.9.3-p392/gems/cucumber-1.2.3/lib/cucumber/ast/outline_table.rb:23:in `each_with_index'
/usr/local/rvm/gems/ruby-1.9.3-p392/gems/cucumber-1.2.3/lib/cucumber/ast/outline_table.rb:23:in `accept'
/usr/local/rvm/gems/ruby-1.9.3-p392/gems/cucumber-1.2.3/lib/cucumber/ast/tree_walker.rb:83:in `block in visit_outline_table'
/usr/local/rvm/gems/ruby-1.9.3-p392/gems/cucumber-1.2.3/lib/cucumber/ast/tree_walker.rb:163:in `broadcast'
/usr/local/rvm/gems/ruby-1.9.3-p392/gems/cucumber-1.2.3/lib/cucumber/ast/tree_walker.rb:82:in `visit_outline_table'
/usr/local/rvm/gems/ruby-1.9.3-p392/gems/cucumber-1.2.3/lib/cucumber/ast/examples.rb:22:in `accept'
/usr/local/rvm/gems/ruby-1.9.3-p392/gems/cucumber-1.2.3/lib/cucumber/ast/tree_walker.rb:73:in `block in visit_examples'
/usr/local/rvm/gems/ruby-1.9.3-p392/gems/cucumber-1.2.3/lib/cucumber/ast/tree_walker.rb:163:in `broadcast'
/usr/local/rvm/gems/ruby-1.9.3-p392/gems/cucumber-1.2.3/lib/cucumber/ast/tree_walker.rb:72:in `visit_examples'
/usr/local/rvm/gems/ruby-1.9.3-p392/gems/cucumber-1.2.3/lib/cucumber/ast/scenario_outline.rb:14:in `block in accept'
/usr/local/rvm/gems/ruby-1.9.3-p392/gems/cucumber-1.2.3/lib/cucumber/ast/scenario_outline.rb:13:in `each'
/usr/local/rvm/gems/ruby-1.9.3-p392/gems/cucumber-1.2.3/lib/cucumber/ast/scenario_outline.rb:13:in `accept'
/usr/local/rvm/gems/ruby-1.9.3-p392/gems/cucumber-1.2.3/lib/cucumber/ast/tree_walker.rb:67:in `block in visit_examples_array'
/usr/local/rvm/gems/ruby-1.9.3-p392/gems/cucumber-1.2.3/lib/cucumber/ast/tree_walker.rb:163:in `broadcast'
/usr/local/rvm/gems/ruby-1.9.3-p392/gems/cucumber-1.2.3/lib/cucumber/ast/tree_walker.rb:66:in `visit_examples_array'
/usr/local/rvm/gems/ruby-1.9.3-p392/gems/cucumber-1.2.3/lib/cucumber/ast/scenario_outline.rb:68:in `accept'
/usr/local/rvm/gems/ruby-1.9.3-p392/gems/cucumber-1.2.3/lib/cucumber/ast/tree_walker.rb:51:in `block in visit_feature_element'
/usr/local/rvm/gems/ruby-1.9.3-p392/gems/cucumber-1.2.3/lib/cucumber/ast/tree_walker.rb:163:in `broadcast'
/usr/local/rvm/gems/ruby-1.9.3-p392/gems/cucumber-1.2.3/lib/cucumber/ast/tree_walker.rb:50:in `visit_feature_element'
/usr/local/rvm/gems/ruby-1.9.3-p392/gems/cucumber-1.2.3/lib/cucumber/ast/feature.rb:43:in `block in accept'
/usr/local/rvm/gems/ruby-1.9.3-p392/gems/cucumber-1.2.3/lib/cucumber/ast/feature.rb:42:in `each'
/usr/local/rvm/gems/ruby-1.9.3-p392/gems/cucumber-1.2.3/lib/cucumber/ast/feature.rb:42:in `accept'
/usr/local/rvm/gems/ruby-1.9.3-p392/gems/cucumber-1.2.3/lib/cucumber/ast/tree_walker.rb:20:in `block in visit_feature'
/usr/local/rvm/gems/ruby-1.9.3-p392/gems/cucumber-1.2.3/lib/cucumber/ast/tree_walker.rb:163:in `broadcast'
/usr/local/rvm/gems/ruby-1.9.3-p392/gems/cucumber-1.2.3/lib/cucumber/ast/tree_walker.rb:19:in `visit_feature'
/usr/local/rvm/gems/ruby-1.9.3-p392/gems/cucumber-1.2.3/lib/cucumber/ast/features.rb:29:in `block in accept'
/usr/local/rvm/gems/ruby-1.9.3-p392/gems/cucumber-1.2.3/lib/cucumber/ast/features.rb:17:in `each'
/usr/local/rvm/gems/ruby-1.9.3-p392/gems/cucumber-1.2.3/lib/cucumber/ast/features.rb:17:in `each'
/usr/local/rvm/gems/ruby-1.9.3-p392/gems/cucumber-1.2.3/lib/cucumber/ast/features.rb:28:in `accept'
/usr/local/rvm/gems/ruby-1.9.3-p392/gems/cucumber-1.2.3/lib/cucumber/ast/tree_walker.rb:14:in `block in visit_features'
/usr/local/rvm/gems/ruby-1.9.3-p392/gems/cucumber-1.2.3/lib/cucumber/ast/tree_walker.rb:163:in `broadcast'
/usr/local/rvm/gems/ruby-1.9.3-p392/gems/cucumber-1.2.3/lib/cucumber/ast/tree_walker.rb:13:in `visit_features'
/usr/local/rvm/gems/ruby-1.9.3-p392/gems/cucumber-1.2.3/lib/cucumber/runtime.rb:47:in `run!'
/usr/local/rvm/gems/ruby-1.9.3-p392/gems/cucumber-1.2.3/lib/cucumber/cli/main.rb:43:in `execute!'
/usr/local/rvm/gems/ruby-1.9.3-p392/gems/cucumber-1.2.3/lib/cucumber/cli/main.rb:20:in `execute'
/usr/local/rvm/gems/ruby-1.9.3-p392/gems/cucumber-1.2.3/bin/cucumber:14:in `<top (required)>'
/usr/local/rvm/gems/ruby-1.9.3-p392/bin/cucumber:19:in `load'
/usr/local/rvm/gems/ruby-1.9.3-p392/bin/cucumber:19:in `<main>'
/usr/local/rvm/gems/ruby-1.9.3-p392/bin/ruby_noexec_wrapper:14:in `eval'
/usr/local/rvm/gems/ruby-1.9.3-p392/bin/ruby_noexec_wrapper:14:in `<main>'
features/login.feature:64:in `Given I open '<service>' site for the opco '<opco>' in a logged out state']]>
  </failure>
  <system-out/>
  <system-err/>
</testcase>
<testcase classname="LOGIN" name="Group Logout (outline example : | nl | contentbackup | usual_msisdn_2 | usual_password |)" time="0.465276">
  <failure message="failed Group Logout (outline example : | nl | contentbackup | usual_msisdn_2 | usual_password |)" type="failed">
    <![CDATA[Scenario Outline: Group Logout

Example row: | gb | music | usual_msisdn_2 | usual_password |

Message:
Example row: | ie | contacts | usual_msisdn_2 | usual_password |

Message:
Example row: | ie | nwab | usual_msisdn_2 | usual_password |

Message:
Example row: | ie | contentbackup | usual_msisdn_2 | usual_password |

Message:
Example row: | ie | music | usual_msisdn_2 | usual_password |

Message:
Example row: | it | music | usual_msisdn_2 | usual_password |

Message:
Example row: | it | contacts | usual_msisdn_2 | usual_password |

Message:
Example row: | it | nwab | usual_msisdn_2 | usual_password |

Message:
Example row: | it | contentbackup | usual_msisdn_2 | usual_password |

Message:
Example row: | it | mobileprotect | usual_msisdn_2 | usual_password |

Message:
Example row: | gr | music | usual_msisdn_2 | usual_password |

Message:
Example row: | gr | contacts | usual_msisdn_2 | usual_password |

Message:
Example row: | gr | cloud | usual_msisdn_2 | usual_password |

Message:
Example row: | gr | contentbackup | usual_msisdn_2 | usual_password |

Message:
Example row: | nl | music | usual_msisdn_2 | usual_password |

Message:
Example row: | nl | contentbackup | usual_msisdn_2 | usual_password |

Message:
]]>
    <![CDATA[unexpected response, code=404, content-type=""
unknown command: session/61a9d9f6391e38daf5d133be8708e330/element/name (Selenium::WebDriver::Error::WebDriverError)
/usr/local/rvm/gems/ruby-1.9.3-p392/gems/selenium-webdriver-2.31.0/lib/selenium/webdriver/remote/http/common.rb:66:in `create_response'
/usr/local/rvm/gems/ruby-1.9.3-p392/gems/selenium-webdriver-2.31.0/lib/selenium/webdriver/remote/http/default.rb:66:in `request'
/usr/local/rvm/gems/ruby-1.9.3-p392/gems/selenium-webdriver-2.31.0/lib/selenium/webdriver/remote/http/common.rb:40:in `call'
/usr/local/rvm/gems/ruby-1.9.3-p392/gems/selenium-webdriver-2.31.0/lib/selenium/webdriver/remote/bridge.rb:616:in `raw_execute'
/usr/local/rvm/gems/ruby-1.9.3-p392/gems/selenium-webdriver-2.31.0/lib/selenium/webdriver/remote/bridge.rb:594:in `execute'
/usr/local/rvm/gems/ruby-1.9.3-p392/gems/selenium-webdriver-2.31.0/lib/selenium/webdriver/remote/bridge.rb:493:in `getElementTagName'
/usr/local/rvm/gems/ruby-1.9.3-p392/gems/selenium-webdriver-2.31.0/lib/selenium/webdriver/common/element.rb:68:in `tag_name'
/usr/local/rvm/gems/ruby-1.9.3-p392/gems/watir-webdriver-0.6.2/lib/watir-webdriver/locators/element_locator.rb:387:in `validate_element'
/usr/local/rvm/gems/ruby-1.9.3-p392/gems/watir-webdriver-0.6.2/lib/watir-webdriver/locators/element_locator.rb:37:in `locate'
/usr/local/rvm/gems/ruby-1.9.3-p392/gems/watir-webdriver-0.6.2/lib/watir-webdriver/elements/element.rb:509:in `locate'
/usr/local/rvm/gems/ruby-1.9.3-p392/gems/watir-webdriver-0.6.2/lib/watir-webdriver/elements/element.rb:487:in `assert_exists'
/usr/local/rvm/gems/ruby-1.9.3-p392/gems/watir-webdriver-0.6.2/lib/watir-webdriver/elements/element.rb:118:in `click'
/Users/Subhash/git/automated_tests_web_login_app/features/pages/MockServicePage.rb:13:in `visit'
/Users/Subhash/git/automated_tests_web_login_app/features/step_definitions/loginapp_steps.rb:17:in `block in <top (required)>'
/usr/local/rvm/gems/ruby-1.9.3-p392/gems/cucumber-1.2.3/lib/cucumber/core_ext/instance_exec.rb:48:in `instance_exec'
/usr/local/rvm/gems/ruby-1.9.3-p392/gems/cucumber-1.2.3/lib/cucumber/core_ext/instance_exec.rb:48:in `block in cucumber_instance_exec'
/usr/local/rvm/gems/ruby-1.9.3-p392/gems/cucumber-1.2.3/lib/cucumber/core_ext/instance_exec.rb:69:in `cucumber_run_with_backtrace_filtering'
/usr/local/rvm/gems/ruby-1.9.3-p392/gems/cucumber-1.2.3/lib/cucumber/core_ext/instance_exec.rb:36:in `cucumber_instance_exec'
/usr/local/rvm/gems/ruby-1.9.3-p392/gems/cucumber-1.2.3/lib/cucumber/rb_support/rb_step_definition.rb:97:in `invoke'
/usr/local/rvm/gems/ruby-1.9.3-p392/gems/cucumber-1.2.3/lib/cucumber/step_match.rb:25:in `invoke'
/usr/local/rvm/gems/ruby-1.9.3-p392/gems/cucumber-1.2.3/lib/cucumber/ast/step_invocation.rb:60:in `invoke'
/usr/local/rvm/gems/ruby-1.9.3-p392/gems/cucumber-1.2.3/lib/cucumber/ast/outline_table.rb:119:in `block (2 levels) in accept_plain'
/usr/local/rvm/gems/ruby-1.9.3-p392/gems/cucumber-1.2.3/lib/cucumber/ast/step_collection.rb:37:in `each'
/usr/local/rvm/gems/ruby-1.9.3-p392/gems/cucumber-1.2.3/lib/cucumber/ast/step_collection.rb:37:in `each'
/usr/local/rvm/gems/ruby-1.9.3-p392/gems/cucumber-1.2.3/lib/cucumber/ast/outline_table.rb:118:in `block in accept_plain'
/usr/local/rvm/gems/ruby-1.9.3-p392/gems/cucumber-1.2.3/lib/cucumber/runtime.rb:81:in `block (2 levels) in with_hooks'
/usr/local/rvm/gems/ruby-1.9.3-p392/gems/cucumber-1.2.3/lib/cucumber/runtime.rb:97:in `before_and_after'
/usr/local/rvm/gems/ruby-1.9.3-p392/gems/cucumber-1.2.3/lib/cucumber/runtime.rb:80:in `block in with_hooks'
/usr/local/rvm/gems/ruby-1.9.3-p392/gems/cucumber-1.2.3/lib/cucumber/runtime/support_code.rb:120:in `call'
/usr/local/rvm/gems/ruby-1.9.3-p392/gems/cucumber-1.2.3/lib/cucumber/runtime/support_code.rb:120:in `block (3 levels) in around'
/usr/local/rvm/gems/ruby-1.9.3-p392/gems/cucumber-1.2.3/lib/cucumber/language_support/language_methods.rb:9:in `block in around'
/usr/local/rvm/gems/ruby-1.9.3-p392/gems/cucumber-1.2.3/lib/cucumber/language_support/language_methods.rb:91:in `call'
/usr/local/rvm/gems/ruby-1.9.3-p392/gems/cucumber-1.2.3/lib/cucumber/language_support/language_methods.rb:91:in `execute_around'
/usr/local/rvm/gems/ruby-1.9.3-p392/gems/cucumber-1.2.3/lib/cucumber/language_support/language_methods.rb:8:in `around'
/usr/local/rvm/gems/ruby-1.9.3-p392/gems/cucumber-1.2.3/lib/cucumber/runtime/support_code.rb:119:in `block (2 levels) in around'
/usr/local/rvm/gems/ruby-1.9.3-p392/gems/cucumber-1.2.3/lib/cucumber/runtime/support_code.rb:117:in `call'
/usr/local/rvm/gems/ruby-1.9.3-p392/gems/cucumber-1.2.3/lib/cucumber/runtime/support_code.rb:117:in `around'
/usr/local/rvm/gems/ruby-1.9.3-p392/gems/cucumber-1.2.3/lib/cucumber/runtime.rb:92:in `around'
/usr/local/rvm/gems/ruby-1.9.3-p392/gems/cucumber-1.2.3/lib/cucumber/runtime.rb:79:in `with_hooks'
/usr/local/rvm/gems/ruby-1.9.3-p392/gems/cucumber-1.2.3/lib/cucumber/ast/outline_table.rb:117:in `accept_plain'
/usr/local/rvm/gems/ruby-1.9.3-p392/gems/cucumber-1.2.3/lib/cucumber/ast/outline_table.rb:107:in `accept'
/usr/local/rvm/gems/ruby-1.9.3-p392/gems/cucumber-1.2.3/lib/cucumber/ast/tree_walker.rb:131:in `block in visit_table_row'
/usr/local/rvm/gems/ruby-1.9.3-p392/gems/cucumber-1.2.3/lib/cucumber/ast/tree_walker.rb:163:in `broadcast'
/usr/local/rvm/gems/ruby-1.9.3-p392/gems/cucumber-1.2.3/lib/cucumber/ast/tree_walker.rb:130:in `visit_table_row'
/usr/local/rvm/gems/ruby-1.9.3-p392/gems/cucumber-1.2.3/lib/cucumber/ast/outline_table.rb:27:in `block in accept'
/usr/local/rvm/gems/ruby-1.9.3-p392/gems/cucumber-1.2.3/lib/cucumber/ast/outline_table.rb:23:in `each'
/usr/local/rvm/gems/ruby-1.9.3-p392/gems/cucumber-1.2.3/lib/cucumber/ast/outline_table.rb:23:in `each_with_index'
/usr/local/rvm/gems/ruby-1.9.3-p392/gems/cucumber-1.2.3/lib/cucumber/ast/outline_table.rb:23:in `accept'
/usr/local/rvm/gems/ruby-1.9.3-p392/gems/cucumber-1.2.3/lib/cucumber/ast/tree_walker.rb:83:in `block in visit_outline_table'
/usr/local/rvm/gems/ruby-1.9.3-p392/gems/cucumber-1.2.3/lib/cucumber/ast/tree_walker.rb:163:in `broadcast'
/usr/local/rvm/gems/ruby-1.9.3-p392/gems/cucumber-1.2.3/lib/cucumber/ast/tree_walker.rb:82:in `visit_outline_table'
/usr/local/rvm/gems/ruby-1.9.3-p392/gems/cucumber-1.2.3/lib/cucumber/ast/examples.rb:22:in `accept'
/usr/local/rvm/gems/ruby-1.9.3-p392/gems/cucumber-1.2.3/lib/cucumber/ast/tree_walker.rb:73:in `block in visit_examples'
/usr/local/rvm/gems/ruby-1.9.3-p392/gems/cucumber-1.2.3/lib/cucumber/ast/tree_walker.rb:163:in `broadcast'
/usr/local/rvm/gems/ruby-1.9.3-p392/gems/cucumber-1.2.3/lib/cucumber/ast/tree_walker.rb:72:in `visit_examples'
/usr/local/rvm/gems/ruby-1.9.3-p392/gems/cucumber-1.2.3/lib/cucumber/ast/scenario_outline.rb:14:in `block in accept'
/usr/local/rvm/gems/ruby-1.9.3-p392/gems/cucumber-1.2.3/lib/cucumber/ast/scenario_outline.rb:13:in `each'
/usr/local/rvm/gems/ruby-1.9.3-p392/gems/cucumber-1.2.3/lib/cucumber/ast/scenario_outline.rb:13:in `accept'
/usr/local/rvm/gems/ruby-1.9.3-p392/gems/cucumber-1.2.3/lib/cucumber/ast/tree_walker.rb:67:in `block in visit_examples_array'
/usr/local/rvm/gems/ruby-1.9.3-p392/gems/cucumber-1.2.3/lib/cucumber/ast/tree_walker.rb:163:in `broadcast'
/usr/local/rvm/gems/ruby-1.9.3-p392/gems/cucumber-1.2.3/lib/cucumber/ast/tree_walker.rb:66:in `visit_examples_array'
/usr/local/rvm/gems/ruby-1.9.3-p392/gems/cucumber-1.2.3/lib/cucumber/ast/scenario_outline.rb:68:in `accept'
/usr/local/rvm/gems/ruby-1.9.3-p392/gems/cucumber-1.2.3/lib/cucumber/ast/tree_walker.rb:51:in `block in visit_feature_element'
/usr/local/rvm/gems/ruby-1.9.3-p392/gems/cucumber-1.2.3/lib/cucumber/ast/tree_walker.rb:163:in `broadcast'
/usr/local/rvm/gems/ruby-1.9.3-p392/gems/cucumber-1.2.3/lib/cucumber/ast/tree_walker.rb:50:in `visit_feature_element'
/usr/local/rvm/gems/ruby-1.9.3-p392/gems/cucumber-1.2.3/lib/cucumber/ast/feature.rb:43:in `block in accept'
/usr/local/rvm/gems/ruby-1.9.3-p392/gems/cucumber-1.2.3/lib/cucumber/ast/feature.rb:42:in `each'
/usr/local/rvm/gems/ruby-1.9.3-p392/gems/cucumber-1.2.3/lib/cucumber/ast/feature.rb:42:in `accept'
/usr/local/rvm/gems/ruby-1.9.3-p392/gems/cucumber-1.2.3/lib/cucumber/ast/tree_walker.rb:20:in `block in visit_feature'
/usr/local/rvm/gems/ruby-1.9.3-p392/gems/cucumber-1.2.3/lib/cucumber/ast/tree_walker.rb:163:in `broadcast'
/usr/local/rvm/gems/ruby-1.9.3-p392/gems/cucumber-1.2.3/lib/cucumber/ast/tree_walker.rb:19:in `visit_feature'
/usr/local/rvm/gems/ruby-1.9.3-p392/gems/cucumber-1.2.3/lib/cucumber/ast/features.rb:29:in `block in accept'
/usr/local/rvm/gems/ruby-1.9.3-p392/gems/cucumber-1.2.3/lib/cucumber/ast/features.rb:17:in `each'
/usr/local/rvm/gems/ruby-1.9.3-p392/gems/cucumber-1.2.3/lib/cucumber/ast/features.rb:17:in `each'
/usr/local/rvm/gems/ruby-1.9.3-p392/gems/cucumber-1.2.3/lib/cucumber/ast/features.rb:28:in `accept'
/usr/local/rvm/gems/ruby-1.9.3-p392/gems/cucumber-1.2.3/lib/cucumber/ast/tree_walker.rb:14:in `block in visit_features'
/usr/local/rvm/gems/ruby-1.9.3-p392/gems/cucumber-1.2.3/lib/cucumber/ast/tree_walker.rb:163:in `broadcast'
/usr/local/rvm/gems/ruby-1.9.3-p392/gems/cucumber-1.2.3/lib/cucumber/ast/tree_walker.rb:13:in `visit_features'
/usr/local/rvm/gems/ruby-1.9.3-p392/gems/cucumber-1.2.3/lib/cucumber/runtime.rb:47:in `run!'
/usr/local/rvm/gems/ruby-1.9.3-p392/gems/cucumber-1.2.3/lib/cucumber/cli/main.rb:43:in `execute!'
/usr/local/rvm/gems/ruby-1.9.3-p392/gems/cucumber-1.2.3/lib/cucumber/cli/main.rb:20:in `execute'
/usr/local/rvm/gems/ruby-1.9.3-p392/gems/cucumber-1.2.3/bin/cucumber:14:in `<top (required)>'
/usr/local/rvm/gems/ruby-1.9.3-p392/bin/cucumber:19:in `load'
/usr/local/rvm/gems/ruby-1.9.3-p392/bin/cucumber:19:in `<main>'
/usr/local/rvm/gems/ruby-1.9.3-p392/bin/ruby_noexec_wrapper:14:in `eval'
/usr/local/rvm/gems/ruby-1.9.3-p392/bin/ruby_noexec_wrapper:14:in `<main>'
features/login.feature:64:in `Given I open '<service>' site for the opco '<opco>' in a logged out state']]>
  </failure>
  <system-out/>
  <system-err/>
</testcase>
<testcase classname="LOGIN" name="Group Logout (outline example : | es | music | usual_msisdn_2 | usual_password |)" time="0.464445">
  <failure message="failed Group Logout (outline example : | es | music | usual_msisdn_2 | usual_password |)" type="failed">
    <![CDATA[Scenario Outline: Group Logout

Example row: | gb | music | usual_msisdn_2 | usual_password |

Message:
Example row: | ie | contacts | usual_msisdn_2 | usual_password |

Message:
Example row: | ie | nwab | usual_msisdn_2 | usual_password |

Message:
Example row: | ie | contentbackup | usual_msisdn_2 | usual_password |

Message:
Example row: | ie | music | usual_msisdn_2 | usual_password |

Message:
Example row: | it | music | usual_msisdn_2 | usual_password |

Message:
Example row: | it | contacts | usual_msisdn_2 | usual_password |

Message:
Example row: | it | nwab | usual_msisdn_2 | usual_password |

Message:
Example row: | it | contentbackup | usual_msisdn_2 | usual_password |

Message:
Example row: | it | mobileprotect | usual_msisdn_2 | usual_password |

Message:
Example row: | gr | music | usual_msisdn_2 | usual_password |

Message:
Example row: | gr | contacts | usual_msisdn_2 | usual_password |

Message:
Example row: | gr | cloud | usual_msisdn_2 | usual_password |

Message:
Example row: | gr | contentbackup | usual_msisdn_2 | usual_password |

Message:
Example row: | nl | music | usual_msisdn_2 | usual_password |

Message:
Example row: | nl | contentbackup | usual_msisdn_2 | usual_password |

Message:
Example row: | es | music | usual_msisdn_2 | usual_password |

Message:
]]>
    <![CDATA[unexpected response, code=404, content-type=""
unknown command: session/61a9d9f6391e38daf5d133be8708e330/element/name (Selenium::WebDriver::Error::WebDriverError)
/usr/local/rvm/gems/ruby-1.9.3-p392/gems/selenium-webdriver-2.31.0/lib/selenium/webdriver/remote/http/common.rb:66:in `create_response'
/usr/local/rvm/gems/ruby-1.9.3-p392/gems/selenium-webdriver-2.31.0/lib/selenium/webdriver/remote/http/default.rb:66:in `request'
/usr/local/rvm/gems/ruby-1.9.3-p392/gems/selenium-webdriver-2.31.0/lib/selenium/webdriver/remote/http/common.rb:40:in `call'
/usr/local/rvm/gems/ruby-1.9.3-p392/gems/selenium-webdriver-2.31.0/lib/selenium/webdriver/remote/bridge.rb:616:in `raw_execute'
/usr/local/rvm/gems/ruby-1.9.3-p392/gems/selenium-webdriver-2.31.0/lib/selenium/webdriver/remote/bridge.rb:594:in `execute'
/usr/local/rvm/gems/ruby-1.9.3-p392/gems/selenium-webdriver-2.31.0/lib/selenium/webdriver/remote/bridge.rb:493:in `getElementTagName'
/usr/local/rvm/gems/ruby-1.9.3-p392/gems/selenium-webdriver-2.31.0/lib/selenium/webdriver/common/element.rb:68:in `tag_name'
/usr/local/rvm/gems/ruby-1.9.3-p392/gems/watir-webdriver-0.6.2/lib/watir-webdriver/locators/element_locator.rb:387:in `validate_element'
/usr/local/rvm/gems/ruby-1.9.3-p392/gems/watir-webdriver-0.6.2/lib/watir-webdriver/locators/element_locator.rb:37:in `locate'
/usr/local/rvm/gems/ruby-1.9.3-p392/gems/watir-webdriver-0.6.2/lib/watir-webdriver/elements/element.rb:509:in `locate'
/usr/local/rvm/gems/ruby-1.9.3-p392/gems/watir-webdriver-0.6.2/lib/watir-webdriver/elements/element.rb:487:in `assert_exists'
/usr/local/rvm/gems/ruby-1.9.3-p392/gems/watir-webdriver-0.6.2/lib/watir-webdriver/elements/element.rb:118:in `click'
/Users/Subhash/git/automated_tests_web_login_app/features/pages/MockServicePage.rb:13:in `visit'
/Users/Subhash/git/automated_tests_web_login_app/features/step_definitions/loginapp_steps.rb:17:in `block in <top (required)>'
/usr/local/rvm/gems/ruby-1.9.3-p392/gems/cucumber-1.2.3/lib/cucumber/core_ext/instance_exec.rb:48:in `instance_exec'
/usr/local/rvm/gems/ruby-1.9.3-p392/gems/cucumber-1.2.3/lib/cucumber/core_ext/instance_exec.rb:48:in `block in cucumber_instance_exec'
/usr/local/rvm/gems/ruby-1.9.3-p392/gems/cucumber-1.2.3/lib/cucumber/core_ext/instance_exec.rb:69:in `cucumber_run_with_backtrace_filtering'
/usr/local/rvm/gems/ruby-1.9.3-p392/gems/cucumber-1.2.3/lib/cucumber/core_ext/instance_exec.rb:36:in `cucumber_instance_exec'
/usr/local/rvm/gems/ruby-1.9.3-p392/gems/cucumber-1.2.3/lib/cucumber/rb_support/rb_step_definition.rb:97:in `invoke'
/usr/local/rvm/gems/ruby-1.9.3-p392/gems/cucumber-1.2.3/lib/cucumber/step_match.rb:25:in `invoke'
/usr/local/rvm/gems/ruby-1.9.3-p392/gems/cucumber-1.2.3/lib/cucumber/ast/step_invocation.rb:60:in `invoke'
/usr/local/rvm/gems/ruby-1.9.3-p392/gems/cucumber-1.2.3/lib/cucumber/ast/outline_table.rb:119:in `block (2 levels) in accept_plain'
/usr/local/rvm/gems/ruby-1.9.3-p392/gems/cucumber-1.2.3/lib/cucumber/ast/step_collection.rb:37:in `each'
/usr/local/rvm/gems/ruby-1.9.3-p392/gems/cucumber-1.2.3/lib/cucumber/ast/step_collection.rb:37:in `each'
/usr/local/rvm/gems/ruby-1.9.3-p392/gems/cucumber-1.2.3/lib/cucumber/ast/outline_table.rb:118:in `block in accept_plain'
/usr/local/rvm/gems/ruby-1.9.3-p392/gems/cucumber-1.2.3/lib/cucumber/runtime.rb:81:in `block (2 levels) in with_hooks'
/usr/local/rvm/gems/ruby-1.9.3-p392/gems/cucumber-1.2.3/lib/cucumber/runtime.rb:97:in `before_and_after'
/usr/local/rvm/gems/ruby-1.9.3-p392/gems/cucumber-1.2.3/lib/cucumber/runtime.rb:80:in `block in with_hooks'
/usr/local/rvm/gems/ruby-1.9.3-p392/gems/cucumber-1.2.3/lib/cucumber/runtime/support_code.rb:120:in `call'
/usr/local/rvm/gems/ruby-1.9.3-p392/gems/cucumber-1.2.3/lib/cucumber/runtime/support_code.rb:120:in `block (3 levels) in around'
/usr/local/rvm/gems/ruby-1.9.3-p392/gems/cucumber-1.2.3/lib/cucumber/language_support/language_methods.rb:9:in `block in around'
/usr/local/rvm/gems/ruby-1.9.3-p392/gems/cucumber-1.2.3/lib/cucumber/language_support/language_methods.rb:91:in `call'
/usr/local/rvm/gems/ruby-1.9.3-p392/gems/cucumber-1.2.3/lib/cucumber/language_support/language_methods.rb:91:in `execute_around'
/usr/local/rvm/gems/ruby-1.9.3-p392/gems/cucumber-1.2.3/lib/cucumber/language_support/language_methods.rb:8:in `around'
/usr/local/rvm/gems/ruby-1.9.3-p392/gems/cucumber-1.2.3/lib/cucumber/runtime/support_code.rb:119:in `block (2 levels) in around'
/usr/local/rvm/gems/ruby-1.9.3-p392/gems/cucumber-1.2.3/lib/cucumber/runtime/support_code.rb:117:in `call'
/usr/local/rvm/gems/ruby-1.9.3-p392/gems/cucumber-1.2.3/lib/cucumber/runtime/support_code.rb:117:in `around'
/usr/local/rvm/gems/ruby-1.9.3-p392/gems/cucumber-1.2.3/lib/cucumber/runtime.rb:92:in `around'
/usr/local/rvm/gems/ruby-1.9.3-p392/gems/cucumber-1.2.3/lib/cucumber/runtime.rb:79:in `with_hooks'
/usr/local/rvm/gems/ruby-1.9.3-p392/gems/cucumber-1.2.3/lib/cucumber/ast/outline_table.rb:117:in `accept_plain'
/usr/local/rvm/gems/ruby-1.9.3-p392/gems/cucumber-1.2.3/lib/cucumber/ast/outline_table.rb:107:in `accept'
/usr/local/rvm/gems/ruby-1.9.3-p392/gems/cucumber-1.2.3/lib/cucumber/ast/tree_walker.rb:131:in `block in visit_table_row'
/usr/local/rvm/gems/ruby-1.9.3-p392/gems/cucumber-1.2.3/lib/cucumber/ast/tree_walker.rb:163:in `broadcast'
/usr/local/rvm/gems/ruby-1.9.3-p392/gems/cucumber-1.2.3/lib/cucumber/ast/tree_walker.rb:130:in `visit_table_row'
/usr/local/rvm/gems/ruby-1.9.3-p392/gems/cucumber-1.2.3/lib/cucumber/ast/outline_table.rb:27:in `block in accept'
/usr/local/rvm/gems/ruby-1.9.3-p392/gems/cucumber-1.2.3/lib/cucumber/ast/outline_table.rb:23:in `each'
/usr/local/rvm/gems/ruby-1.9.3-p392/gems/cucumber-1.2.3/lib/cucumber/ast/outline_table.rb:23:in `each_with_index'
/usr/local/rvm/gems/ruby-1.9.3-p392/gems/cucumber-1.2.3/lib/cucumber/ast/outline_table.rb:23:in `accept'
/usr/local/rvm/gems/ruby-1.9.3-p392/gems/cucumber-1.2.3/lib/cucumber/ast/tree_walker.rb:83:in `block in visit_outline_table'
/usr/local/rvm/gems/ruby-1.9.3-p392/gems/cucumber-1.2.3/lib/cucumber/ast/tree_walker.rb:163:in `broadcast'
/usr/local/rvm/gems/ruby-1.9.3-p392/gems/cucumber-1.2.3/lib/cucumber/ast/tree_walker.rb:82:in `visit_outline_table'
/usr/local/rvm/gems/ruby-1.9.3-p392/gems/cucumber-1.2.3/lib/cucumber/ast/examples.rb:22:in `accept'
/usr/local/rvm/gems/ruby-1.9.3-p392/gems/cucumber-1.2.3/lib/cucumber/ast/tree_walker.rb:73:in `block in visit_examples'
/usr/local/rvm/gems/ruby-1.9.3-p392/gems/cucumber-1.2.3/lib/cucumber/ast/tree_walker.rb:163:in `broadcast'
/usr/local/rvm/gems/ruby-1.9.3-p392/gems/cucumber-1.2.3/lib/cucumber/ast/tree_walker.rb:72:in `visit_examples'
/usr/local/rvm/gems/ruby-1.9.3-p392/gems/cucumber-1.2.3/lib/cucumber/ast/scenario_outline.rb:14:in `block in accept'
/usr/local/rvm/gems/ruby-1.9.3-p392/gems/cucumber-1.2.3/lib/cucumber/ast/scenario_outline.rb:13:in `each'
/usr/local/rvm/gems/ruby-1.9.3-p392/gems/cucumber-1.2.3/lib/cucumber/ast/scenario_outline.rb:13:in `accept'
/usr/local/rvm/gems/ruby-1.9.3-p392/gems/cucumber-1.2.3/lib/cucumber/ast/tree_walker.rb:67:in `block in visit_examples_array'
/usr/local/rvm/gems/ruby-1.9.3-p392/gems/cucumber-1.2.3/lib/cucumber/ast/tree_walker.rb:163:in `broadcast'
/usr/local/rvm/gems/ruby-1.9.3-p392/gems/cucumber-1.2.3/lib/cucumber/ast/tree_walker.rb:66:in `visit_examples_array'
/usr/local/rvm/gems/ruby-1.9.3-p392/gems/cucumber-1.2.3/lib/cucumber/ast/scenario_outline.rb:68:in `accept'
/usr/local/rvm/gems/ruby-1.9.3-p392/gems/cucumber-1.2.3/lib/cucumber/ast/tree_walker.rb:51:in `block in visit_feature_element'
/usr/local/rvm/gems/ruby-1.9.3-p392/gems/cucumber-1.2.3/lib/cucumber/ast/tree_walker.rb:163:in `broadcast'
/usr/local/rvm/gems/ruby-1.9.3-p392/gems/cucumber-1.2.3/lib/cucumber/ast/tree_walker.rb:50:in `visit_feature_element'
/usr/local/rvm/gems/ruby-1.9.3-p392/gems/cucumber-1.2.3/lib/cucumber/ast/feature.rb:43:in `block in accept'
/usr/local/rvm/gems/ruby-1.9.3-p392/gems/cucumber-1.2.3/lib/cucumber/ast/feature.rb:42:in `each'
/usr/local/rvm/gems/ruby-1.9.3-p392/gems/cucumber-1.2.3/lib/cucumber/ast/feature.rb:42:in `accept'
/usr/local/rvm/gems/ruby-1.9.3-p392/gems/cucumber-1.2.3/lib/cucumber/ast/tree_walker.rb:20:in `block in visit_feature'
/usr/local/rvm/gems/ruby-1.9.3-p392/gems/cucumber-1.2.3/lib/cucumber/ast/tree_walker.rb:163:in `broadcast'
/usr/local/rvm/gems/ruby-1.9.3-p392/gems/cucumber-1.2.3/lib/cucumber/ast/tree_walker.rb:19:in `visit_feature'
/usr/local/rvm/gems/ruby-1.9.3-p392/gems/cucumber-1.2.3/lib/cucumber/ast/features.rb:29:in `block in accept'
/usr/local/rvm/gems/ruby-1.9.3-p392/gems/cucumber-1.2.3/lib/cucumber/ast/features.rb:17:in `each'
/usr/local/rvm/gems/ruby-1.9.3-p392/gems/cucumber-1.2.3/lib/cucumber/ast/features.rb:17:in `each'
/usr/local/rvm/gems/ruby-1.9.3-p392/gems/cucumber-1.2.3/lib/cucumber/ast/features.rb:28:in `accept'
/usr/local/rvm/gems/ruby-1.9.3-p392/gems/cucumber-1.2.3/lib/cucumber/ast/tree_walker.rb:14:in `block in visit_features'
/usr/local/rvm/gems/ruby-1.9.3-p392/gems/cucumber-1.2.3/lib/cucumber/ast/tree_walker.rb:163:in `broadcast'
/usr/local/rvm/gems/ruby-1.9.3-p392/gems/cucumber-1.2.3/lib/cucumber/ast/tree_walker.rb:13:in `visit_features'
/usr/local/rvm/gems/ruby-1.9.3-p392/gems/cucumber-1.2.3/lib/cucumber/runtime.rb:47:in `run!'
/usr/local/rvm/gems/ruby-1.9.3-p392/gems/cucumber-1.2.3/lib/cucumber/cli/main.rb:43:in `execute!'
/usr/local/rvm/gems/ruby-1.9.3-p392/gems/cucumber-1.2.3/lib/cucumber/cli/main.rb:20:in `execute'
/usr/local/rvm/gems/ruby-1.9.3-p392/gems/cucumber-1.2.3/bin/cucumber:14:in `<top (required)>'
/usr/local/rvm/gems/ruby-1.9.3-p392/bin/cucumber:19:in `load'
/usr/local/rvm/gems/ruby-1.9.3-p392/bin/cucumber:19:in `<main>'
/usr/local/rvm/gems/ruby-1.9.3-p392/bin/ruby_noexec_wrapper:14:in `eval'
/usr/local/rvm/gems/ruby-1.9.3-p392/bin/ruby_noexec_wrapper:14:in `<main>'
features/login.feature:64:in `Given I open '<service>' site for the opco '<opco>' in a logged out state']]>
  </failure>
  <system-out/>
  <system-err/>
</testcase>
<testcase classname="LOGIN" name="Group Logout (outline example : | de | contentbackup | usual_msisdn_2 | usual_password |)" time="0.412935">
  <failure message="failed Group Logout (outline example : | de | contentbackup | usual_msisdn_2 | usual_password |)" type="failed">
    <![CDATA[Scenario Outline: Group Logout

Example row: | gb | music | usual_msisdn_2 | usual_password |

Message:
Example row: | ie | contacts | usual_msisdn_2 | usual_password |

Message:
Example row: | ie | nwab | usual_msisdn_2 | usual_password |

Message:
Example row: | ie | contentbackup | usual_msisdn_2 | usual_password |

Message:
Example row: | ie | music | usual_msisdn_2 | usual_password |

Message:
Example row: | it | music | usual_msisdn_2 | usual_password |

Message:
Example row: | it | contacts | usual_msisdn_2 | usual_password |

Message:
Example row: | it | nwab | usual_msisdn_2 | usual_password |

Message:
Example row: | it | contentbackup | usual_msisdn_2 | usual_password |

Message:
Example row: | it | mobileprotect | usual_msisdn_2 | usual_password |

Message:
Example row: | gr | music | usual_msisdn_2 | usual_password |

Message:
Example row: | gr | contacts | usual_msisdn_2 | usual_password |

Message:
Example row: | gr | cloud | usual_msisdn_2 | usual_password |

Message:
Example row: | gr | contentbackup | usual_msisdn_2 | usual_password |

Message:
Example row: | nl | music | usual_msisdn_2 | usual_password |

Message:
Example row: | nl | contentbackup | usual_msisdn_2 | usual_password |

Message:
Example row: | es | music | usual_msisdn_2 | usual_password |

Message:
Example row: | de | contentbackup | usual_msisdn_2 | usual_password |

Message:
]]>
    <![CDATA[unexpected response, code=404, content-type=""
unknown command: session/61a9d9f6391e38daf5d133be8708e330/element/name (Selenium::WebDriver::Error::WebDriverError)
/usr/local/rvm/gems/ruby-1.9.3-p392/gems/selenium-webdriver-2.31.0/lib/selenium/webdriver/remote/http/common.rb:66:in `create_response'
/usr/local/rvm/gems/ruby-1.9.3-p392/gems/selenium-webdriver-2.31.0/lib/selenium/webdriver/remote/http/default.rb:66:in `request'
/usr/local/rvm/gems/ruby-1.9.3-p392/gems/selenium-webdriver-2.31.0/lib/selenium/webdriver/remote/http/common.rb:40:in `call'
/usr/local/rvm/gems/ruby-1.9.3-p392/gems/selenium-webdriver-2.31.0/lib/selenium/webdriver/remote/bridge.rb:616:in `raw_execute'
/usr/local/rvm/gems/ruby-1.9.3-p392/gems/selenium-webdriver-2.31.0/lib/selenium/webdriver/remote/bridge.rb:594:in `execute'
/usr/local/rvm/gems/ruby-1.9.3-p392/gems/selenium-webdriver-2.31.0/lib/selenium/webdriver/remote/bridge.rb:493:in `getElementTagName'
/usr/local/rvm/gems/ruby-1.9.3-p392/gems/selenium-webdriver-2.31.0/lib/selenium/webdriver/common/element.rb:68:in `tag_name'
/usr/local/rvm/gems/ruby-1.9.3-p392/gems/watir-webdriver-0.6.2/lib/watir-webdriver/locators/element_locator.rb:387:in `validate_element'
/usr/local/rvm/gems/ruby-1.9.3-p392/gems/watir-webdriver-0.6.2/lib/watir-webdriver/locators/element_locator.rb:37:in `locate'
/usr/local/rvm/gems/ruby-1.9.3-p392/gems/watir-webdriver-0.6.2/lib/watir-webdriver/elements/element.rb:509:in `locate'
/usr/local/rvm/gems/ruby-1.9.3-p392/gems/watir-webdriver-0.6.2/lib/watir-webdriver/elements/element.rb:487:in `assert_exists'
/usr/local/rvm/gems/ruby-1.9.3-p392/gems/watir-webdriver-0.6.2/lib/watir-webdriver/elements/element.rb:118:in `click'
/Users/Subhash/git/automated_tests_web_login_app/features/pages/MockServicePage.rb:13:in `visit'
/Users/Subhash/git/automated_tests_web_login_app/features/step_definitions/loginapp_steps.rb:17:in `block in <top (required)>'
/usr/local/rvm/gems/ruby-1.9.3-p392/gems/cucumber-1.2.3/lib/cucumber/core_ext/instance_exec.rb:48:in `instance_exec'
/usr/local/rvm/gems/ruby-1.9.3-p392/gems/cucumber-1.2.3/lib/cucumber/core_ext/instance_exec.rb:48:in `block in cucumber_instance_exec'
/usr/local/rvm/gems/ruby-1.9.3-p392/gems/cucumber-1.2.3/lib/cucumber/core_ext/instance_exec.rb:69:in `cucumber_run_with_backtrace_filtering'
/usr/local/rvm/gems/ruby-1.9.3-p392/gems/cucumber-1.2.3/lib/cucumber/core_ext/instance_exec.rb:36:in `cucumber_instance_exec'
/usr/local/rvm/gems/ruby-1.9.3-p392/gems/cucumber-1.2.3/lib/cucumber/rb_support/rb_step_definition.rb:97:in `invoke'
/usr/local/rvm/gems/ruby-1.9.3-p392/gems/cucumber-1.2.3/lib/cucumber/step_match.rb:25:in `invoke'
/usr/local/rvm/gems/ruby-1.9.3-p392/gems/cucumber-1.2.3/lib/cucumber/ast/step_invocation.rb:60:in `invoke'
/usr/local/rvm/gems/ruby-1.9.3-p392/gems/cucumber-1.2.3/lib/cucumber/ast/outline_table.rb:119:in `block (2 levels) in accept_plain'
/usr/local/rvm/gems/ruby-1.9.3-p392/gems/cucumber-1.2.3/lib/cucumber/ast/step_collection.rb:37:in `each'
/usr/local/rvm/gems/ruby-1.9.3-p392/gems/cucumber-1.2.3/lib/cucumber/ast/step_collection.rb:37:in `each'
/usr/local/rvm/gems/ruby-1.9.3-p392/gems/cucumber-1.2.3/lib/cucumber/ast/outline_table.rb:118:in `block in accept_plain'
/usr/local/rvm/gems/ruby-1.9.3-p392/gems/cucumber-1.2.3/lib/cucumber/runtime.rb:81:in `block (2 levels) in with_hooks'
/usr/local/rvm/gems/ruby-1.9.3-p392/gems/cucumber-1.2.3/lib/cucumber/runtime.rb:97:in `before_and_after'
/usr/local/rvm/gems/ruby-1.9.3-p392/gems/cucumber-1.2.3/lib/cucumber/runtime.rb:80:in `block in with_hooks'
/usr/local/rvm/gems/ruby-1.9.3-p392/gems/cucumber-1.2.3/lib/cucumber/runtime/support_code.rb:120:in `call'
/usr/local/rvm/gems/ruby-1.9.3-p392/gems/cucumber-1.2.3/lib/cucumber/runtime/support_code.rb:120:in `block (3 levels) in around'
/usr/local/rvm/gems/ruby-1.9.3-p392/gems/cucumber-1.2.3/lib/cucumber/language_support/language_methods.rb:9:in `block in around'
/usr/local/rvm/gems/ruby-1.9.3-p392/gems/cucumber-1.2.3/lib/cucumber/language_support/language_methods.rb:91:in `call'
/usr/local/rvm/gems/ruby-1.9.3-p392/gems/cucumber-1.2.3/lib/cucumber/language_support/language_methods.rb:91:in `execute_around'
/usr/local/rvm/gems/ruby-1.9.3-p392/gems/cucumber-1.2.3/lib/cucumber/language_support/language_methods.rb:8:in `around'
/usr/local/rvm/gems/ruby-1.9.3-p392/gems/cucumber-1.2.3/lib/cucumber/runtime/support_code.rb:119:in `block (2 levels) in around'
/usr/local/rvm/gems/ruby-1.9.3-p392/gems/cucumber-1.2.3/lib/cucumber/runtime/support_code.rb:117:in `call'
/usr/local/rvm/gems/ruby-1.9.3-p392/gems/cucumber-1.2.3/lib/cucumber/runtime/support_code.rb:117:in `around'
/usr/local/rvm/gems/ruby-1.9.3-p392/gems/cucumber-1.2.3/lib/cucumber/runtime.rb:92:in `around'
/usr/local/rvm/gems/ruby-1.9.3-p392/gems/cucumber-1.2.3/lib/cucumber/runtime.rb:79:in `with_hooks'
/usr/local/rvm/gems/ruby-1.9.3-p392/gems/cucumber-1.2.3/lib/cucumber/ast/outline_table.rb:117:in `accept_plain'
/usr/local/rvm/gems/ruby-1.9.3-p392/gems/cucumber-1.2.3/lib/cucumber/ast/outline_table.rb:107:in `accept'
/usr/local/rvm/gems/ruby-1.9.3-p392/gems/cucumber-1.2.3/lib/cucumber/ast/tree_walker.rb:131:in `block in visit_table_row'
/usr/local/rvm/gems/ruby-1.9.3-p392/gems/cucumber-1.2.3/lib/cucumber/ast/tree_walker.rb:163:in `broadcast'
/usr/local/rvm/gems/ruby-1.9.3-p392/gems/cucumber-1.2.3/lib/cucumber/ast/tree_walker.rb:130:in `visit_table_row'
/usr/local/rvm/gems/ruby-1.9.3-p392/gems/cucumber-1.2.3/lib/cucumber/ast/outline_table.rb:27:in `block in accept'
/usr/local/rvm/gems/ruby-1.9.3-p392/gems/cucumber-1.2.3/lib/cucumber/ast/outline_table.rb:23:in `each'
/usr/local/rvm/gems/ruby-1.9.3-p392/gems/cucumber-1.2.3/lib/cucumber/ast/outline_table.rb:23:in `each_with_index'
/usr/local/rvm/gems/ruby-1.9.3-p392/gems/cucumber-1.2.3/lib/cucumber/ast/outline_table.rb:23:in `accept'
/usr/local/rvm/gems/ruby-1.9.3-p392/gems/cucumber-1.2.3/lib/cucumber/ast/tree_walker.rb:83:in `block in visit_outline_table'
/usr/local/rvm/gems/ruby-1.9.3-p392/gems/cucumber-1.2.3/lib/cucumber/ast/tree_walker.rb:163:in `broadcast'
/usr/local/rvm/gems/ruby-1.9.3-p392/gems/cucumber-1.2.3/lib/cucumber/ast/tree_walker.rb:82:in `visit_outline_table'
/usr/local/rvm/gems/ruby-1.9.3-p392/gems/cucumber-1.2.3/lib/cucumber/ast/examples.rb:22:in `accept'
/usr/local/rvm/gems/ruby-1.9.3-p392/gems/cucumber-1.2.3/lib/cucumber/ast/tree_walker.rb:73:in `block in visit_examples'
/usr/local/rvm/gems/ruby-1.9.3-p392/gems/cucumber-1.2.3/lib/cucumber/ast/tree_walker.rb:163:in `broadcast'
/usr/local/rvm/gems/ruby-1.9.3-p392/gems/cucumber-1.2.3/lib/cucumber/ast/tree_walker.rb:72:in `visit_examples'
/usr/local/rvm/gems/ruby-1.9.3-p392/gems/cucumber-1.2.3/lib/cucumber/ast/scenario_outline.rb:14:in `block in accept'
/usr/local/rvm/gems/ruby-1.9.3-p392/gems/cucumber-1.2.3/lib/cucumber/ast/scenario_outline.rb:13:in `each'
/usr/local/rvm/gems/ruby-1.9.3-p392/gems/cucumber-1.2.3/lib/cucumber/ast/scenario_outline.rb:13:in `accept'
/usr/local/rvm/gems/ruby-1.9.3-p392/gems/cucumber-1.2.3/lib/cucumber/ast/tree_walker.rb:67:in `block in visit_examples_array'
/usr/local/rvm/gems/ruby-1.9.3-p392/gems/cucumber-1.2.3/lib/cucumber/ast/tree_walker.rb:163:in `broadcast'
/usr/local/rvm/gems/ruby-1.9.3-p392/gems/cucumber-1.2.3/lib/cucumber/ast/tree_walker.rb:66:in `visit_examples_array'
/usr/local/rvm/gems/ruby-1.9.3-p392/gems/cucumber-1.2.3/lib/cucumber/ast/scenario_outline.rb:68:in `accept'
/usr/local/rvm/gems/ruby-1.9.3-p392/gems/cucumber-1.2.3/lib/cucumber/ast/tree_walker.rb:51:in `block in visit_feature_element'
/usr/local/rvm/gems/ruby-1.9.3-p392/gems/cucumber-1.2.3/lib/cucumber/ast/tree_walker.rb:163:in `broadcast'
/usr/local/rvm/gems/ruby-1.9.3-p392/gems/cucumber-1.2.3/lib/cucumber/ast/tree_walker.rb:50:in `visit_feature_element'
/usr/local/rvm/gems/ruby-1.9.3-p392/gems/cucumber-1.2.3/lib/cucumber/ast/feature.rb:43:in `block in accept'
/usr/local/rvm/gems/ruby-1.9.3-p392/gems/cucumber-1.2.3/lib/cucumber/ast/feature.rb:42:in `each'
/usr/local/rvm/gems/ruby-1.9.3-p392/gems/cucumber-1.2.3/lib/cucumber/ast/feature.rb:42:in `accept'
/usr/local/rvm/gems/ruby-1.9.3-p392/gems/cucumber-1.2.3/lib/cucumber/ast/tree_walker.rb:20:in `block in visit_feature'
/usr/local/rvm/gems/ruby-1.9.3-p392/gems/cucumber-1.2.3/lib/cucumber/ast/tree_walker.rb:163:in `broadcast'
/usr/local/rvm/gems/ruby-1.9.3-p392/gems/cucumber-1.2.3/lib/cucumber/ast/tree_walker.rb:19:in `visit_feature'
/usr/local/rvm/gems/ruby-1.9.3-p392/gems/cucumber-1.2.3/lib/cucumber/ast/features.rb:29:in `block in accept'
/usr/local/rvm/gems/ruby-1.9.3-p392/gems/cucumber-1.2.3/lib/cucumber/ast/features.rb:17:in `each'
/usr/local/rvm/gems/ruby-1.9.3-p392/gems/cucumber-1.2.3/lib/cucumber/ast/features.rb:17:in `each'
/usr/local/rvm/gems/ruby-1.9.3-p392/gems/cucumber-1.2.3/lib/cucumber/ast/features.rb:28:in `accept'
/usr/local/rvm/gems/ruby-1.9.3-p392/gems/cucumber-1.2.3/lib/cucumber/ast/tree_walker.rb:14:in `block in visit_features'
/usr/local/rvm/gems/ruby-1.9.3-p392/gems/cucumber-1.2.3/lib/cucumber/ast/tree_walker.rb:163:in `broadcast'
/usr/local/rvm/gems/ruby-1.9.3-p392/gems/cucumber-1.2.3/lib/cucumber/ast/tree_walker.rb:13:in `visit_features'
/usr/local/rvm/gems/ruby-1.9.3-p392/gems/cucumber-1.2.3/lib/cucumber/runtime.rb:47:in `run!'
/usr/local/rvm/gems/ruby-1.9.3-p392/gems/cucumber-1.2.3/lib/cucumber/cli/main.rb:43:in `execute!'
/usr/local/rvm/gems/ruby-1.9.3-p392/gems/cucumber-1.2.3/lib/cucumber/cli/main.rb:20:in `execute'
/usr/local/rvm/gems/ruby-1.9.3-p392/gems/cucumber-1.2.3/bin/cucumber:14:in `<top (required)>'
/usr/local/rvm/gems/ruby-1.9.3-p392/bin/cucumber:19:in `load'
/usr/local/rvm/gems/ruby-1.9.3-p392/bin/cucumber:19:in `<main>'
/usr/local/rvm/gems/ruby-1.9.3-p392/bin/ruby_noexec_wrapper:14:in `eval'
/usr/local/rvm/gems/ruby-1.9.3-p392/bin/ruby_noexec_wrapper:14:in `<main>'
features/login.feature:64:in `Given I open '<service>' site for the opco '<opco>' in a logged out state']]>
  </failure>
  <system-out/>
  <system-err/>
</testcase>
<testcase classname="LOGIN" name="Group Logout (outline example : | hr | contacts | usual_msisdn_2 | usual_password |)" time="0.518704">
  <failure message="failed Group Logout (outline example : | hr | contacts | usual_msisdn_2 | usual_password |)" type="failed">
    <![CDATA[Scenario Outline: Group Logout

Example row: | gb | music | usual_msisdn_2 | usual_password |

Message:
Example row: | ie | contacts | usual_msisdn_2 | usual_password |

Message:
Example row: | ie | nwab | usual_msisdn_2 | usual_password |

Message:
Example row: | ie | contentbackup | usual_msisdn_2 | usual_password |

Message:
Example row: | ie | music | usual_msisdn_2 | usual_password |

Message:
Example row: | it | music | usual_msisdn_2 | usual_password |

Message:
Example row: | it | contacts | usual_msisdn_2 | usual_password |

Message:
Example row: | it | nwab | usual_msisdn_2 | usual_password |

Message:
Example row: | it | contentbackup | usual_msisdn_2 | usual_password |

Message:
Example row: | it | mobileprotect | usual_msisdn_2 | usual_password |

Message:
Example row: | gr | music | usual_msisdn_2 | usual_password |

Message:
Example row: | gr | contacts | usual_msisdn_2 | usual_password |

Message:
Example row: | gr | cloud | usual_msisdn_2 | usual_password |

Message:
Example row: | gr | contentbackup | usual_msisdn_2 | usual_password |

Message:
Example row: | nl | music | usual_msisdn_2 | usual_password |

Message:
Example row: | nl | contentbackup | usual_msisdn_2 | usual_password |

Message:
Example row: | es | music | usual_msisdn_2 | usual_password |

Message:
Example row: | de | contentbackup | usual_msisdn_2 | usual_password |

Message:
Example row: | hr | contacts | usual_msisdn_2 | usual_password |

Message:
]]>
    <![CDATA[unexpected response, code=404, content-type=""
unknown command: session/61a9d9f6391e38daf5d133be8708e330/element/name (Selenium::WebDriver::Error::WebDriverError)
/usr/local/rvm/gems/ruby-1.9.3-p392/gems/selenium-webdriver-2.31.0/lib/selenium/webdriver/remote/http/common.rb:66:in `create_response'
/usr/local/rvm/gems/ruby-1.9.3-p392/gems/selenium-webdriver-2.31.0/lib/selenium/webdriver/remote/http/default.rb:66:in `request'
/usr/local/rvm/gems/ruby-1.9.3-p392/gems/selenium-webdriver-2.31.0/lib/selenium/webdriver/remote/http/common.rb:40:in `call'
/usr/local/rvm/gems/ruby-1.9.3-p392/gems/selenium-webdriver-2.31.0/lib/selenium/webdriver/remote/bridge.rb:616:in `raw_execute'
/usr/local/rvm/gems/ruby-1.9.3-p392/gems/selenium-webdriver-2.31.0/lib/selenium/webdriver/remote/bridge.rb:594:in `execute'
/usr/local/rvm/gems/ruby-1.9.3-p392/gems/selenium-webdriver-2.31.0/lib/selenium/webdriver/remote/bridge.rb:493:in `getElementTagName'
/usr/local/rvm/gems/ruby-1.9.3-p392/gems/selenium-webdriver-2.31.0/lib/selenium/webdriver/common/element.rb:68:in `tag_name'
/usr/local/rvm/gems/ruby-1.9.3-p392/gems/watir-webdriver-0.6.2/lib/watir-webdriver/locators/element_locator.rb:387:in `validate_element'
/usr/local/rvm/gems/ruby-1.9.3-p392/gems/watir-webdriver-0.6.2/lib/watir-webdriver/locators/element_locator.rb:37:in `locate'
/usr/local/rvm/gems/ruby-1.9.3-p392/gems/watir-webdriver-0.6.2/lib/watir-webdriver/elements/element.rb:509:in `locate'
/usr/local/rvm/gems/ruby-1.9.3-p392/gems/watir-webdriver-0.6.2/lib/watir-webdriver/elements/element.rb:487:in `assert_exists'
/usr/local/rvm/gems/ruby-1.9.3-p392/gems/watir-webdriver-0.6.2/lib/watir-webdriver/elements/element.rb:118:in `click'
/Users/Subhash/git/automated_tests_web_login_app/features/pages/MockServicePage.rb:13:in `visit'
/Users/Subhash/git/automated_tests_web_login_app/features/step_definitions/loginapp_steps.rb:17:in `block in <top (required)>'
/usr/local/rvm/gems/ruby-1.9.3-p392/gems/cucumber-1.2.3/lib/cucumber/core_ext/instance_exec.rb:48:in `instance_exec'
/usr/local/rvm/gems/ruby-1.9.3-p392/gems/cucumber-1.2.3/lib/cucumber/core_ext/instance_exec.rb:48:in `block in cucumber_instance_exec'
/usr/local/rvm/gems/ruby-1.9.3-p392/gems/cucumber-1.2.3/lib/cucumber/core_ext/instance_exec.rb:69:in `cucumber_run_with_backtrace_filtering'
/usr/local/rvm/gems/ruby-1.9.3-p392/gems/cucumber-1.2.3/lib/cucumber/core_ext/instance_exec.rb:36:in `cucumber_instance_exec'
/usr/local/rvm/gems/ruby-1.9.3-p392/gems/cucumber-1.2.3/lib/cucumber/rb_support/rb_step_definition.rb:97:in `invoke'
/usr/local/rvm/gems/ruby-1.9.3-p392/gems/cucumber-1.2.3/lib/cucumber/step_match.rb:25:in `invoke'
/usr/local/rvm/gems/ruby-1.9.3-p392/gems/cucumber-1.2.3/lib/cucumber/ast/step_invocation.rb:60:in `invoke'
/usr/local/rvm/gems/ruby-1.9.3-p392/gems/cucumber-1.2.3/lib/cucumber/ast/outline_table.rb:119:in `block (2 levels) in accept_plain'
/usr/local/rvm/gems/ruby-1.9.3-p392/gems/cucumber-1.2.3/lib/cucumber/ast/step_collection.rb:37:in `each'
/usr/local/rvm/gems/ruby-1.9.3-p392/gems/cucumber-1.2.3/lib/cucumber/ast/step_collection.rb:37:in `each'
/usr/local/rvm/gems/ruby-1.9.3-p392/gems/cucumber-1.2.3/lib/cucumber/ast/outline_table.rb:118:in `block in accept_plain'
/usr/local/rvm/gems/ruby-1.9.3-p392/gems/cucumber-1.2.3/lib/cucumber/runtime.rb:81:in `block (2 levels) in with_hooks'
/usr/local/rvm/gems/ruby-1.9.3-p392/gems/cucumber-1.2.3/lib/cucumber/runtime.rb:97:in `before_and_after'
/usr/local/rvm/gems/ruby-1.9.3-p392/gems/cucumber-1.2.3/lib/cucumber/runtime.rb:80:in `block in with_hooks'
/usr/local/rvm/gems/ruby-1.9.3-p392/gems/cucumber-1.2.3/lib/cucumber/runtime/support_code.rb:120:in `call'
/usr/local/rvm/gems/ruby-1.9.3-p392/gems/cucumber-1.2.3/lib/cucumber/runtime/support_code.rb:120:in `block (3 levels) in around'
/usr/local/rvm/gems/ruby-1.9.3-p392/gems/cucumber-1.2.3/lib/cucumber/language_support/language_methods.rb:9:in `block in around'
/usr/local/rvm/gems/ruby-1.9.3-p392/gems/cucumber-1.2.3/lib/cucumber/language_support/language_methods.rb:91:in `call'
/usr/local/rvm/gems/ruby-1.9.3-p392/gems/cucumber-1.2.3/lib/cucumber/language_support/language_methods.rb:91:in `execute_around'
/usr/local/rvm/gems/ruby-1.9.3-p392/gems/cucumber-1.2.3/lib/cucumber/language_support/language_methods.rb:8:in `around'
/usr/local/rvm/gems/ruby-1.9.3-p392/gems/cucumber-1.2.3/lib/cucumber/runtime/support_code.rb:119:in `block (2 levels) in around'
/usr/local/rvm/gems/ruby-1.9.3-p392/gems/cucumber-1.2.3/lib/cucumber/runtime/support_code.rb:117:in `call'
/usr/local/rvm/gems/ruby-1.9.3-p392/gems/cucumber-1.2.3/lib/cucumber/runtime/support_code.rb:117:in `around'
/usr/local/rvm/gems/ruby-1.9.3-p392/gems/cucumber-1.2.3/lib/cucumber/runtime.rb:92:in `around'
/usr/local/rvm/gems/ruby-1.9.3-p392/gems/cucumber-1.2.3/lib/cucumber/runtime.rb:79:in `with_hooks'
/usr/local/rvm/gems/ruby-1.9.3-p392/gems/cucumber-1.2.3/lib/cucumber/ast/outline_table.rb:117:in `accept_plain'
/usr/local/rvm/gems/ruby-1.9.3-p392/gems/cucumber-1.2.3/lib/cucumber/ast/outline_table.rb:107:in `accept'
/usr/local/rvm/gems/ruby-1.9.3-p392/gems/cucumber-1.2.3/lib/cucumber/ast/tree_walker.rb:131:in `block in visit_table_row'
/usr/local/rvm/gems/ruby-1.9.3-p392/gems/cucumber-1.2.3/lib/cucumber/ast/tree_walker.rb:163:in `broadcast'
/usr/local/rvm/gems/ruby-1.9.3-p392/gems/cucumber-1.2.3/lib/cucumber/ast/tree_walker.rb:130:in `visit_table_row'
/usr/local/rvm/gems/ruby-1.9.3-p392/gems/cucumber-1.2.3/lib/cucumber/ast/outline_table.rb:27:in `block in accept'
/usr/local/rvm/gems/ruby-1.9.3-p392/gems/cucumber-1.2.3/lib/cucumber/ast/outline_table.rb:23:in `each'
/usr/local/rvm/gems/ruby-1.9.3-p392/gems/cucumber-1.2.3/lib/cucumber/ast/outline_table.rb:23:in `each_with_index'
/usr/local/rvm/gems/ruby-1.9.3-p392/gems/cucumber-1.2.3/lib/cucumber/ast/outline_table.rb:23:in `accept'
/usr/local/rvm/gems/ruby-1.9.3-p392/gems/cucumber-1.2.3/lib/cucumber/ast/tree_walker.rb:83:in `block in visit_outline_table'
/usr/local/rvm/gems/ruby-1.9.3-p392/gems/cucumber-1.2.3/lib/cucumber/ast/tree_walker.rb:163:in `broadcast'
/usr/local/rvm/gems/ruby-1.9.3-p392/gems/cucumber-1.2.3/lib/cucumber/ast/tree_walker.rb:82:in `visit_outline_table'
/usr/local/rvm/gems/ruby-1.9.3-p392/gems/cucumber-1.2.3/lib/cucumber/ast/examples.rb:22:in `accept'
/usr/local/rvm/gems/ruby-1.9.3-p392/gems/cucumber-1.2.3/lib/cucumber/ast/tree_walker.rb:73:in `block in visit_examples'
/usr/local/rvm/gems/ruby-1.9.3-p392/gems/cucumber-1.2.3/lib/cucumber/ast/tree_walker.rb:163:in `broadcast'
/usr/local/rvm/gems/ruby-1.9.3-p392/gems/cucumber-1.2.3/lib/cucumber/ast/tree_walker.rb:72:in `visit_examples'
/usr/local/rvm/gems/ruby-1.9.3-p392/gems/cucumber-1.2.3/lib/cucumber/ast/scenario_outline.rb:14:in `block in accept'
/usr/local/rvm/gems/ruby-1.9.3-p392/gems/cucumber-1.2.3/lib/cucumber/ast/scenario_outline.rb:13:in `each'
/usr/local/rvm/gems/ruby-1.9.3-p392/gems/cucumber-1.2.3/lib/cucumber/ast/scenario_outline.rb:13:in `accept'
/usr/local/rvm/gems/ruby-1.9.3-p392/gems/cucumber-1.2.3/lib/cucumber/ast/tree_walker.rb:67:in `block in visit_examples_array'
/usr/local/rvm/gems/ruby-1.9.3-p392/gems/cucumber-1.2.3/lib/cucumber/ast/tree_walker.rb:163:in `broadcast'
/usr/local/rvm/gems/ruby-1.9.3-p392/gems/cucumber-1.2.3/lib/cucumber/ast/tree_walker.rb:66:in `visit_examples_array'
/usr/local/rvm/gems/ruby-1.9.3-p392/gems/cucumber-1.2.3/lib/cucumber/ast/scenario_outline.rb:68:in `accept'
/usr/local/rvm/gems/ruby-1.9.3-p392/gems/cucumber-1.2.3/lib/cucumber/ast/tree_walker.rb:51:in `block in visit_feature_element'
/usr/local/rvm/gems/ruby-1.9.3-p392/gems/cucumber-1.2.3/lib/cucumber/ast/tree_walker.rb:163:in `broadcast'
/usr/local/rvm/gems/ruby-1.9.3-p392/gems/cucumber-1.2.3/lib/cucumber/ast/tree_walker.rb:50:in `visit_feature_element'
/usr/local/rvm/gems/ruby-1.9.3-p392/gems/cucumber-1.2.3/lib/cucumber/ast/feature.rb:43:in `block in accept'
/usr/local/rvm/gems/ruby-1.9.3-p392/gems/cucumber-1.2.3/lib/cucumber/ast/feature.rb:42:in `each'
/usr/local/rvm/gems/ruby-1.9.3-p392/gems/cucumber-1.2.3/lib/cucumber/ast/feature.rb:42:in `accept'
/usr/local/rvm/gems/ruby-1.9.3-p392/gems/cucumber-1.2.3/lib/cucumber/ast/tree_walker.rb:20:in `block in visit_feature'
/usr/local/rvm/gems/ruby-1.9.3-p392/gems/cucumber-1.2.3/lib/cucumber/ast/tree_walker.rb:163:in `broadcast'
/usr/local/rvm/gems/ruby-1.9.3-p392/gems/cucumber-1.2.3/lib/cucumber/ast/tree_walker.rb:19:in `visit_feature'
/usr/local/rvm/gems/ruby-1.9.3-p392/gems/cucumber-1.2.3/lib/cucumber/ast/features.rb:29:in `block in accept'
/usr/local/rvm/gems/ruby-1.9.3-p392/gems/cucumber-1.2.3/lib/cucumber/ast/features.rb:17:in `each'
/usr/local/rvm/gems/ruby-1.9.3-p392/gems/cucumber-1.2.3/lib/cucumber/ast/features.rb:17:in `each'
/usr/local/rvm/gems/ruby-1.9.3-p392/gems/cucumber-1.2.3/lib/cucumber/ast/features.rb:28:in `accept'
/usr/local/rvm/gems/ruby-1.9.3-p392/gems/cucumber-1.2.3/lib/cucumber/ast/tree_walker.rb:14:in `block in visit_features'
/usr/local/rvm/gems/ruby-1.9.3-p392/gems/cucumber-1.2.3/lib/cucumber/ast/tree_walker.rb:163:in `broadcast'
/usr/local/rvm/gems/ruby-1.9.3-p392/gems/cucumber-1.2.3/lib/cucumber/ast/tree_walker.rb:13:in `visit_features'
/usr/local/rvm/gems/ruby-1.9.3-p392/gems/cucumber-1.2.3/lib/cucumber/runtime.rb:47:in `run!'
/usr/local/rvm/gems/ruby-1.9.3-p392/gems/cucumber-1.2.3/lib/cucumber/cli/main.rb:43:in `execute!'
/usr/local/rvm/gems/ruby-1.9.3-p392/gems/cucumber-1.2.3/lib/cucumber/cli/main.rb:20:in `execute'
/usr/local/rvm/gems/ruby-1.9.3-p392/gems/cucumber-1.2.3/bin/cucumber:14:in `<top (required)>'
/usr/local/rvm/gems/ruby-1.9.3-p392/bin/cucumber:19:in `load'
/usr/local/rvm/gems/ruby-1.9.3-p392/bin/cucumber:19:in `<main>'
/usr/local/rvm/gems/ruby-1.9.3-p392/bin/ruby_noexec_wrapper:14:in `eval'
/usr/local/rvm/gems/ruby-1.9.3-p392/bin/ruby_noexec_wrapper:14:in `<main>'
features/login.feature:64:in `Given I open '<service>' site for the opco '<opco>' in a logged out state']]>
  </failure>
  <system-out/>
  <system-err/>
</testcase>
<testcase classname="LOGIN" name="Group Logout (outline example : | hr | contentbackup | usual_msisdn_2 | usual_password |)" time="0.433274">
  <failure message="failed Group Logout (outline example : | hr | contentbackup | usual_msisdn_2 | usual_password |)" type="failed">
    <![CDATA[Scenario Outline: Group Logout

Example row: | gb | music | usual_msisdn_2 | usual_password |

Message:
Example row: | ie | contacts | usual_msisdn_2 | usual_password |

Message:
Example row: | ie | nwab | usual_msisdn_2 | usual_password |

Message:
Example row: | ie | contentbackup | usual_msisdn_2 | usual_password |

Message:
Example row: | ie | music | usual_msisdn_2 | usual_password |

Message:
Example row: | it | music | usual_msisdn_2 | usual_password |

Message:
Example row: | it | contacts | usual_msisdn_2 | usual_password |

Message:
Example row: | it | nwab | usual_msisdn_2 | usual_password |

Message:
Example row: | it | contentbackup | usual_msisdn_2 | usual_password |

Message:
Example row: | it | mobileprotect | usual_msisdn_2 | usual_password |

Message:
Example row: | gr | music | usual_msisdn_2 | usual_password |

Message:
Example row: | gr | contacts | usual_msisdn_2 | usual_password |

Message:
Example row: | gr | cloud | usual_msisdn_2 | usual_password |

Message:
Example row: | gr | contentbackup | usual_msisdn_2 | usual_password |

Message:
Example row: | nl | music | usual_msisdn_2 | usual_password |

Message:
Example row: | nl | contentbackup | usual_msisdn_2 | usual_password |

Message:
Example row: | es | music | usual_msisdn_2 | usual_password |

Message:
Example row: | de | contentbackup | usual_msisdn_2 | usual_password |

Message:
Example row: | hr | contacts | usual_msisdn_2 | usual_password |

Message:
Example row: | hr | contentbackup | usual_msisdn_2 | usual_password |

Message:
]]>
    <![CDATA[unexpected response, code=404, content-type=""
unknown command: session/61a9d9f6391e38daf5d133be8708e330/element/name (Selenium::WebDriver::Error::WebDriverError)
/usr/local/rvm/gems/ruby-1.9.3-p392/gems/selenium-webdriver-2.31.0/lib/selenium/webdriver/remote/http/common.rb:66:in `create_response'
/usr/local/rvm/gems/ruby-1.9.3-p392/gems/selenium-webdriver-2.31.0/lib/selenium/webdriver/remote/http/default.rb:66:in `request'
/usr/local/rvm/gems/ruby-1.9.3-p392/gems/selenium-webdriver-2.31.0/lib/selenium/webdriver/remote/http/common.rb:40:in `call'
/usr/local/rvm/gems/ruby-1.9.3-p392/gems/selenium-webdriver-2.31.0/lib/selenium/webdriver/remote/bridge.rb:616:in `raw_execute'
/usr/local/rvm/gems/ruby-1.9.3-p392/gems/selenium-webdriver-2.31.0/lib/selenium/webdriver/remote/bridge.rb:594:in `execute'
/usr/local/rvm/gems/ruby-1.9.3-p392/gems/selenium-webdriver-2.31.0/lib/selenium/webdriver/remote/bridge.rb:493:in `getElementTagName'
/usr/local/rvm/gems/ruby-1.9.3-p392/gems/selenium-webdriver-2.31.0/lib/selenium/webdriver/common/element.rb:68:in `tag_name'
/usr/local/rvm/gems/ruby-1.9.3-p392/gems/watir-webdriver-0.6.2/lib/watir-webdriver/locators/element_locator.rb:387:in `validate_element'
/usr/local/rvm/gems/ruby-1.9.3-p392/gems/watir-webdriver-0.6.2/lib/watir-webdriver/locators/element_locator.rb:37:in `locate'
/usr/local/rvm/gems/ruby-1.9.3-p392/gems/watir-webdriver-0.6.2/lib/watir-webdriver/elements/element.rb:509:in `locate'
/usr/local/rvm/gems/ruby-1.9.3-p392/gems/watir-webdriver-0.6.2/lib/watir-webdriver/elements/element.rb:487:in `assert_exists'
/usr/local/rvm/gems/ruby-1.9.3-p392/gems/watir-webdriver-0.6.2/lib/watir-webdriver/elements/element.rb:118:in `click'
/Users/Subhash/git/automated_tests_web_login_app/features/pages/MockServicePage.rb:13:in `visit'
/Users/Subhash/git/automated_tests_web_login_app/features/step_definitions/loginapp_steps.rb:17:in `block in <top (required)>'
/usr/local/rvm/gems/ruby-1.9.3-p392/gems/cucumber-1.2.3/lib/cucumber/core_ext/instance_exec.rb:48:in `instance_exec'
/usr/local/rvm/gems/ruby-1.9.3-p392/gems/cucumber-1.2.3/lib/cucumber/core_ext/instance_exec.rb:48:in `block in cucumber_instance_exec'
/usr/local/rvm/gems/ruby-1.9.3-p392/gems/cucumber-1.2.3/lib/cucumber/core_ext/instance_exec.rb:69:in `cucumber_run_with_backtrace_filtering'
/usr/local/rvm/gems/ruby-1.9.3-p392/gems/cucumber-1.2.3/lib/cucumber/core_ext/instance_exec.rb:36:in `cucumber_instance_exec'
/usr/local/rvm/gems/ruby-1.9.3-p392/gems/cucumber-1.2.3/lib/cucumber/rb_support/rb_step_definition.rb:97:in `invoke'
/usr/local/rvm/gems/ruby-1.9.3-p392/gems/cucumber-1.2.3/lib/cucumber/step_match.rb:25:in `invoke'
/usr/local/rvm/gems/ruby-1.9.3-p392/gems/cucumber-1.2.3/lib/cucumber/ast/step_invocation.rb:60:in `invoke'
/usr/local/rvm/gems/ruby-1.9.3-p392/gems/cucumber-1.2.3/lib/cucumber/ast/outline_table.rb:119:in `block (2 levels) in accept_plain'
/usr/local/rvm/gems/ruby-1.9.3-p392/gems/cucumber-1.2.3/lib/cucumber/ast/step_collection.rb:37:in `each'
/usr/local/rvm/gems/ruby-1.9.3-p392/gems/cucumber-1.2.3/lib/cucumber/ast/step_collection.rb:37:in `each'
/usr/local/rvm/gems/ruby-1.9.3-p392/gems/cucumber-1.2.3/lib/cucumber/ast/outline_table.rb:118:in `block in accept_plain'
/usr/local/rvm/gems/ruby-1.9.3-p392/gems/cucumber-1.2.3/lib/cucumber/runtime.rb:81:in `block (2 levels) in with_hooks'
/usr/local/rvm/gems/ruby-1.9.3-p392/gems/cucumber-1.2.3/lib/cucumber/runtime.rb:97:in `before_and_after'
/usr/local/rvm/gems/ruby-1.9.3-p392/gems/cucumber-1.2.3/lib/cucumber/runtime.rb:80:in `block in with_hooks'
/usr/local/rvm/gems/ruby-1.9.3-p392/gems/cucumber-1.2.3/lib/cucumber/runtime/support_code.rb:120:in `call'
/usr/local/rvm/gems/ruby-1.9.3-p392/gems/cucumber-1.2.3/lib/cucumber/runtime/support_code.rb:120:in `block (3 levels) in around'
/usr/local/rvm/gems/ruby-1.9.3-p392/gems/cucumber-1.2.3/lib/cucumber/language_support/language_methods.rb:9:in `block in around'
/usr/local/rvm/gems/ruby-1.9.3-p392/gems/cucumber-1.2.3/lib/cucumber/language_support/language_methods.rb:91:in `call'
/usr/local/rvm/gems/ruby-1.9.3-p392/gems/cucumber-1.2.3/lib/cucumber/language_support/language_methods.rb:91:in `execute_around'
/usr/local/rvm/gems/ruby-1.9.3-p392/gems/cucumber-1.2.3/lib/cucumber/language_support/language_methods.rb:8:in `around'
/usr/local/rvm/gems/ruby-1.9.3-p392/gems/cucumber-1.2.3/lib/cucumber/runtime/support_code.rb:119:in `block (2 levels) in around'
/usr/local/rvm/gems/ruby-1.9.3-p392/gems/cucumber-1.2.3/lib/cucumber/runtime/support_code.rb:117:in `call'
/usr/local/rvm/gems/ruby-1.9.3-p392/gems/cucumber-1.2.3/lib/cucumber/runtime/support_code.rb:117:in `around'
/usr/local/rvm/gems/ruby-1.9.3-p392/gems/cucumber-1.2.3/lib/cucumber/runtime.rb:92:in `around'
/usr/local/rvm/gems/ruby-1.9.3-p392/gems/cucumber-1.2.3/lib/cucumber/runtime.rb:79:in `with_hooks'
/usr/local/rvm/gems/ruby-1.9.3-p392/gems/cucumber-1.2.3/lib/cucumber/ast/outline_table.rb:117:in `accept_plain'
/usr/local/rvm/gems/ruby-1.9.3-p392/gems/cucumber-1.2.3/lib/cucumber/ast/outline_table.rb:107:in `accept'
/usr/local/rvm/gems/ruby-1.9.3-p392/gems/cucumber-1.2.3/lib/cucumber/ast/tree_walker.rb:131:in `block in visit_table_row'
/usr/local/rvm/gems/ruby-1.9.3-p392/gems/cucumber-1.2.3/lib/cucumber/ast/tree_walker.rb:163:in `broadcast'
/usr/local/rvm/gems/ruby-1.9.3-p392/gems/cucumber-1.2.3/lib/cucumber/ast/tree_walker.rb:130:in `visit_table_row'
/usr/local/rvm/gems/ruby-1.9.3-p392/gems/cucumber-1.2.3/lib/cucumber/ast/outline_table.rb:27:in `block in accept'
/usr/local/rvm/gems/ruby-1.9.3-p392/gems/cucumber-1.2.3/lib/cucumber/ast/outline_table.rb:23:in `each'
/usr/local/rvm/gems/ruby-1.9.3-p392/gems/cucumber-1.2.3/lib/cucumber/ast/outline_table.rb:23:in `each_with_index'
/usr/local/rvm/gems/ruby-1.9.3-p392/gems/cucumber-1.2.3/lib/cucumber/ast/outline_table.rb:23:in `accept'
/usr/local/rvm/gems/ruby-1.9.3-p392/gems/cucumber-1.2.3/lib/cucumber/ast/tree_walker.rb:83:in `block in visit_outline_table'
/usr/local/rvm/gems/ruby-1.9.3-p392/gems/cucumber-1.2.3/lib/cucumber/ast/tree_walker.rb:163:in `broadcast'
/usr/local/rvm/gems/ruby-1.9.3-p392/gems/cucumber-1.2.3/lib/cucumber/ast/tree_walker.rb:82:in `visit_outline_table'
/usr/local/rvm/gems/ruby-1.9.3-p392/gems/cucumber-1.2.3/lib/cucumber/ast/examples.rb:22:in `accept'
/usr/local/rvm/gems/ruby-1.9.3-p392/gems/cucumber-1.2.3/lib/cucumber/ast/tree_walker.rb:73:in `block in visit_examples'
/usr/local/rvm/gems/ruby-1.9.3-p392/gems/cucumber-1.2.3/lib/cucumber/ast/tree_walker.rb:163:in `broadcast'
/usr/local/rvm/gems/ruby-1.9.3-p392/gems/cucumber-1.2.3/lib/cucumber/ast/tree_walker.rb:72:in `visit_examples'
/usr/local/rvm/gems/ruby-1.9.3-p392/gems/cucumber-1.2.3/lib/cucumber/ast/scenario_outline.rb:14:in `block in accept'
/usr/local/rvm/gems/ruby-1.9.3-p392/gems/cucumber-1.2.3/lib/cucumber/ast/scenario_outline.rb:13:in `each'
/usr/local/rvm/gems/ruby-1.9.3-p392/gems/cucumber-1.2.3/lib/cucumber/ast/scenario_outline.rb:13:in `accept'
/usr/local/rvm/gems/ruby-1.9.3-p392/gems/cucumber-1.2.3/lib/cucumber/ast/tree_walker.rb:67:in `block in visit_examples_array'
/usr/local/rvm/gems/ruby-1.9.3-p392/gems/cucumber-1.2.3/lib/cucumber/ast/tree_walker.rb:163:in `broadcast'
/usr/local/rvm/gems/ruby-1.9.3-p392/gems/cucumber-1.2.3/lib/cucumber/ast/tree_walker.rb:66:in `visit_examples_array'
/usr/local/rvm/gems/ruby-1.9.3-p392/gems/cucumber-1.2.3/lib/cucumber/ast/scenario_outline.rb:68:in `accept'
/usr/local/rvm/gems/ruby-1.9.3-p392/gems/cucumber-1.2.3/lib/cucumber/ast/tree_walker.rb:51:in `block in visit_feature_element'
/usr/local/rvm/gems/ruby-1.9.3-p392/gems/cucumber-1.2.3/lib/cucumber/ast/tree_walker.rb:163:in `broadcast'
/usr/local/rvm/gems/ruby-1.9.3-p392/gems/cucumber-1.2.3/lib/cucumber/ast/tree_walker.rb:50:in `visit_feature_element'
/usr/local/rvm/gems/ruby-1.9.3-p392/gems/cucumber-1.2.3/lib/cucumber/ast/feature.rb:43:in `block in accept'
/usr/local/rvm/gems/ruby-1.9.3-p392/gems/cucumber-1.2.3/lib/cucumber/ast/feature.rb:42:in `each'
/usr/local/rvm/gems/ruby-1.9.3-p392/gems/cucumber-1.2.3/lib/cucumber/ast/feature.rb:42:in `accept'
/usr/local/rvm/gems/ruby-1.9.3-p392/gems/cucumber-1.2.3/lib/cucumber/ast/tree_walker.rb:20:in `block in visit_feature'
/usr/local/rvm/gems/ruby-1.9.3-p392/gems/cucumber-1.2.3/lib/cucumber/ast/tree_walker.rb:163:in `broadcast'
/usr/local/rvm/gems/ruby-1.9.3-p392/gems/cucumber-1.2.3/lib/cucumber/ast/tree_walker.rb:19:in `visit_feature'
/usr/local/rvm/gems/ruby-1.9.3-p392/gems/cucumber-1.2.3/lib/cucumber/ast/features.rb:29:in `block in accept'
/usr/local/rvm/gems/ruby-1.9.3-p392/gems/cucumber-1.2.3/lib/cucumber/ast/features.rb:17:in `each'
/usr/local/rvm/gems/ruby-1.9.3-p392/gems/cucumber-1.2.3/lib/cucumber/ast/features.rb:17:in `each'
/usr/local/rvm/gems/ruby-1.9.3-p392/gems/cucumber-1.2.3/lib/cucumber/ast/features.rb:28:in `accept'
/usr/local/rvm/gems/ruby-1.9.3-p392/gems/cucumber-1.2.3/lib/cucumber/ast/tree_walker.rb:14:in `block in visit_features'
/usr/local/rvm/gems/ruby-1.9.3-p392/gems/cucumber-1.2.3/lib/cucumber/ast/tree_walker.rb:163:in `broadcast'
/usr/local/rvm/gems/ruby-1.9.3-p392/gems/cucumber-1.2.3/lib/cucumber/ast/tree_walker.rb:13:in `visit_features'
/usr/local/rvm/gems/ruby-1.9.3-p392/gems/cucumber-1.2.3/lib/cucumber/runtime.rb:47:in `run!'
/usr/local/rvm/gems/ruby-1.9.3-p392/gems/cucumber-1.2.3/lib/cucumber/cli/main.rb:43:in `execute!'
/usr/local/rvm/gems/ruby-1.9.3-p392/gems/cucumber-1.2.3/lib/cucumber/cli/main.rb:20:in `execute'
/usr/local/rvm/gems/ruby-1.9.3-p392/gems/cucumber-1.2.3/bin/cucumber:14:in `<top (required)>'
/usr/local/rvm/gems/ruby-1.9.3-p392/bin/cucumber:19:in `load'
/usr/local/rvm/gems/ruby-1.9.3-p392/bin/cucumber:19:in `<main>'
/usr/local/rvm/gems/ruby-1.9.3-p392/bin/ruby_noexec_wrapper:14:in `eval'
/usr/local/rvm/gems/ruby-1.9.3-p392/bin/ruby_noexec_wrapper:14:in `<main>'
features/login.feature:64:in `Given I open '<service>' site for the opco '<opco>' in a logged out state']]>
  </failure>
  <system-out/>
  <system-err/>
</testcase>
<testcase classname="LOGIN" name="Group Logout (outline example : | hr | mobileprotect | usual_msisdn_2 | usual_password |)" time="0.513655">
  <failure message="failed Group Logout (outline example : | hr | mobileprotect | usual_msisdn_2 | usual_password |)" type="failed">
    <![CDATA[Scenario Outline: Group Logout

Example row: | gb | music | usual_msisdn_2 | usual_password |

Message:
Example row: | ie | contacts | usual_msisdn_2 | usual_password |

Message:
Example row: | ie | nwab | usual_msisdn_2 | usual_password |

Message:
Example row: | ie | contentbackup | usual_msisdn_2 | usual_password |

Message:
Example row: | ie | music | usual_msisdn_2 | usual_password |

Message:
Example row: | it | music | usual_msisdn_2 | usual_password |

Message:
Example row: | it | contacts | usual_msisdn_2 | usual_password |

Message:
Example row: | it | nwab | usual_msisdn_2 | usual_password |

Message:
Example row: | it | contentbackup | usual_msisdn_2 | usual_password |

Message:
Example row: | it | mobileprotect | usual_msisdn_2 | usual_password |

Message:
Example row: | gr | music | usual_msisdn_2 | usual_password |

Message:
Example row: | gr | contacts | usual_msisdn_2 | usual_password |

Message:
Example row: | gr | cloud | usual_msisdn_2 | usual_password |

Message:
Example row: | gr | contentbackup | usual_msisdn_2 | usual_password |

Message:
Example row: | nl | music | usual_msisdn_2 | usual_password |

Message:
Example row: | nl | contentbackup | usual_msisdn_2 | usual_password |

Message:
Example row: | es | music | usual_msisdn_2 | usual_password |

Message:
Example row: | de | contentbackup | usual_msisdn_2 | usual_password |

Message:
Example row: | hr | contacts | usual_msisdn_2 | usual_password |

Message:
Example row: | hr | contentbackup | usual_msisdn_2 | usual_password |

Message:
Example row: | hr | mobileprotect | usual_msisdn_2 | usual_password |

Message:
]]>
    <![CDATA[unexpected response, code=404, content-type=""
unknown command: session/61a9d9f6391e38daf5d133be8708e330/element/name (Selenium::WebDriver::Error::WebDriverError)
/usr/local/rvm/gems/ruby-1.9.3-p392/gems/selenium-webdriver-2.31.0/lib/selenium/webdriver/remote/http/common.rb:66:in `create_response'
/usr/local/rvm/gems/ruby-1.9.3-p392/gems/selenium-webdriver-2.31.0/lib/selenium/webdriver/remote/http/default.rb:66:in `request'
/usr/local/rvm/gems/ruby-1.9.3-p392/gems/selenium-webdriver-2.31.0/lib/selenium/webdriver/remote/http/common.rb:40:in `call'
/usr/local/rvm/gems/ruby-1.9.3-p392/gems/selenium-webdriver-2.31.0/lib/selenium/webdriver/remote/bridge.rb:616:in `raw_execute'
/usr/local/rvm/gems/ruby-1.9.3-p392/gems/selenium-webdriver-2.31.0/lib/selenium/webdriver/remote/bridge.rb:594:in `execute'
/usr/local/rvm/gems/ruby-1.9.3-p392/gems/selenium-webdriver-2.31.0/lib/selenium/webdriver/remote/bridge.rb:493:in `getElementTagName'
/usr/local/rvm/gems/ruby-1.9.3-p392/gems/selenium-webdriver-2.31.0/lib/selenium/webdriver/common/element.rb:68:in `tag_name'
/usr/local/rvm/gems/ruby-1.9.3-p392/gems/watir-webdriver-0.6.2/lib/watir-webdriver/locators/element_locator.rb:387:in `validate_element'
/usr/local/rvm/gems/ruby-1.9.3-p392/gems/watir-webdriver-0.6.2/lib/watir-webdriver/locators/element_locator.rb:37:in `locate'
/usr/local/rvm/gems/ruby-1.9.3-p392/gems/watir-webdriver-0.6.2/lib/watir-webdriver/elements/element.rb:509:in `locate'
/usr/local/rvm/gems/ruby-1.9.3-p392/gems/watir-webdriver-0.6.2/lib/watir-webdriver/elements/element.rb:487:in `assert_exists'
/usr/local/rvm/gems/ruby-1.9.3-p392/gems/watir-webdriver-0.6.2/lib/watir-webdriver/elements/element.rb:118:in `click'
/Users/Subhash/git/automated_tests_web_login_app/features/pages/MockServicePage.rb:13:in `visit'
/Users/Subhash/git/automated_tests_web_login_app/features/step_definitions/loginapp_steps.rb:17:in `block in <top (required)>'
/usr/local/rvm/gems/ruby-1.9.3-p392/gems/cucumber-1.2.3/lib/cucumber/core_ext/instance_exec.rb:48:in `instance_exec'
/usr/local/rvm/gems/ruby-1.9.3-p392/gems/cucumber-1.2.3/lib/cucumber/core_ext/instance_exec.rb:48:in `block in cucumber_instance_exec'
/usr/local/rvm/gems/ruby-1.9.3-p392/gems/cucumber-1.2.3/lib/cucumber/core_ext/instance_exec.rb:69:in `cucumber_run_with_backtrace_filtering'
/usr/local/rvm/gems/ruby-1.9.3-p392/gems/cucumber-1.2.3/lib/cucumber/core_ext/instance_exec.rb:36:in `cucumber_instance_exec'
/usr/local/rvm/gems/ruby-1.9.3-p392/gems/cucumber-1.2.3/lib/cucumber/rb_support/rb_step_definition.rb:97:in `invoke'
/usr/local/rvm/gems/ruby-1.9.3-p392/gems/cucumber-1.2.3/lib/cucumber/step_match.rb:25:in `invoke'
/usr/local/rvm/gems/ruby-1.9.3-p392/gems/cucumber-1.2.3/lib/cucumber/ast/step_invocation.rb:60:in `invoke'
/usr/local/rvm/gems/ruby-1.9.3-p392/gems/cucumber-1.2.3/lib/cucumber/ast/outline_table.rb:119:in `block (2 levels) in accept_plain'
/usr/local/rvm/gems/ruby-1.9.3-p392/gems/cucumber-1.2.3/lib/cucumber/ast/step_collection.rb:37:in `each'
/usr/local/rvm/gems/ruby-1.9.3-p392/gems/cucumber-1.2.3/lib/cucumber/ast/step_collection.rb:37:in `each'
/usr/local/rvm/gems/ruby-1.9.3-p392/gems/cucumber-1.2.3/lib/cucumber/ast/outline_table.rb:118:in `block in accept_plain'
/usr/local/rvm/gems/ruby-1.9.3-p392/gems/cucumber-1.2.3/lib/cucumber/runtime.rb:81:in `block (2 levels) in with_hooks'
/usr/local/rvm/gems/ruby-1.9.3-p392/gems/cucumber-1.2.3/lib/cucumber/runtime.rb:97:in `before_and_after'
/usr/local/rvm/gems/ruby-1.9.3-p392/gems/cucumber-1.2.3/lib/cucumber/runtime.rb:80:in `block in with_hooks'
/usr/local/rvm/gems/ruby-1.9.3-p392/gems/cucumber-1.2.3/lib/cucumber/runtime/support_code.rb:120:in `call'
/usr/local/rvm/gems/ruby-1.9.3-p392/gems/cucumber-1.2.3/lib/cucumber/runtime/support_code.rb:120:in `block (3 levels) in around'
/usr/local/rvm/gems/ruby-1.9.3-p392/gems/cucumber-1.2.3/lib/cucumber/language_support/language_methods.rb:9:in `block in around'
/usr/local/rvm/gems/ruby-1.9.3-p392/gems/cucumber-1.2.3/lib/cucumber/language_support/language_methods.rb:91:in `call'
/usr/local/rvm/gems/ruby-1.9.3-p392/gems/cucumber-1.2.3/lib/cucumber/language_support/language_methods.rb:91:in `execute_around'
/usr/local/rvm/gems/ruby-1.9.3-p392/gems/cucumber-1.2.3/lib/cucumber/language_support/language_methods.rb:8:in `around'
/usr/local/rvm/gems/ruby-1.9.3-p392/gems/cucumber-1.2.3/lib/cucumber/runtime/support_code.rb:119:in `block (2 levels) in around'
/usr/local/rvm/gems/ruby-1.9.3-p392/gems/cucumber-1.2.3/lib/cucumber/runtime/support_code.rb:117:in `call'
/usr/local/rvm/gems/ruby-1.9.3-p392/gems/cucumber-1.2.3/lib/cucumber/runtime/support_code.rb:117:in `around'
/usr/local/rvm/gems/ruby-1.9.3-p392/gems/cucumber-1.2.3/lib/cucumber/runtime.rb:92:in `around'
/usr/local/rvm/gems/ruby-1.9.3-p392/gems/cucumber-1.2.3/lib/cucumber/runtime.rb:79:in `with_hooks'
/usr/local/rvm/gems/ruby-1.9.3-p392/gems/cucumber-1.2.3/lib/cucumber/ast/outline_table.rb:117:in `accept_plain'
/usr/local/rvm/gems/ruby-1.9.3-p392/gems/cucumber-1.2.3/lib/cucumber/ast/outline_table.rb:107:in `accept'
/usr/local/rvm/gems/ruby-1.9.3-p392/gems/cucumber-1.2.3/lib/cucumber/ast/tree_walker.rb:131:in `block in visit_table_row'
/usr/local/rvm/gems/ruby-1.9.3-p392/gems/cucumber-1.2.3/lib/cucumber/ast/tree_walker.rb:163:in `broadcast'
/usr/local/rvm/gems/ruby-1.9.3-p392/gems/cucumber-1.2.3/lib/cucumber/ast/tree_walker.rb:130:in `visit_table_row'
/usr/local/rvm/gems/ruby-1.9.3-p392/gems/cucumber-1.2.3/lib/cucumber/ast/outline_table.rb:27:in `block in accept'
/usr/local/rvm/gems/ruby-1.9.3-p392/gems/cucumber-1.2.3/lib/cucumber/ast/outline_table.rb:23:in `each'
/usr/local/rvm/gems/ruby-1.9.3-p392/gems/cucumber-1.2.3/lib/cucumber/ast/outline_table.rb:23:in `each_with_index'
/usr/local/rvm/gems/ruby-1.9.3-p392/gems/cucumber-1.2.3/lib/cucumber/ast/outline_table.rb:23:in `accept'
/usr/local/rvm/gems/ruby-1.9.3-p392/gems/cucumber-1.2.3/lib/cucumber/ast/tree_walker.rb:83:in `block in visit_outline_table'
/usr/local/rvm/gems/ruby-1.9.3-p392/gems/cucumber-1.2.3/lib/cucumber/ast/tree_walker.rb:163:in `broadcast'
/usr/local/rvm/gems/ruby-1.9.3-p392/gems/cucumber-1.2.3/lib/cucumber/ast/tree_walker.rb:82:in `visit_outline_table'
/usr/local/rvm/gems/ruby-1.9.3-p392/gems/cucumber-1.2.3/lib/cucumber/ast/examples.rb:22:in `accept'
/usr/local/rvm/gems/ruby-1.9.3-p392/gems/cucumber-1.2.3/lib/cucumber/ast/tree_walker.rb:73:in `block in visit_examples'
/usr/local/rvm/gems/ruby-1.9.3-p392/gems/cucumber-1.2.3/lib/cucumber/ast/tree_walker.rb:163:in `broadcast'
/usr/local/rvm/gems/ruby-1.9.3-p392/gems/cucumber-1.2.3/lib/cucumber/ast/tree_walker.rb:72:in `visit_examples'
/usr/local/rvm/gems/ruby-1.9.3-p392/gems/cucumber-1.2.3/lib/cucumber/ast/scenario_outline.rb:14:in `block in accept'
/usr/local/rvm/gems/ruby-1.9.3-p392/gems/cucumber-1.2.3/lib/cucumber/ast/scenario_outline.rb:13:in `each'
/usr/local/rvm/gems/ruby-1.9.3-p392/gems/cucumber-1.2.3/lib/cucumber/ast/scenario_outline.rb:13:in `accept'
/usr/local/rvm/gems/ruby-1.9.3-p392/gems/cucumber-1.2.3/lib/cucumber/ast/tree_walker.rb:67:in `block in visit_examples_array'
/usr/local/rvm/gems/ruby-1.9.3-p392/gems/cucumber-1.2.3/lib/cucumber/ast/tree_walker.rb:163:in `broadcast'
/usr/local/rvm/gems/ruby-1.9.3-p392/gems/cucumber-1.2.3/lib/cucumber/ast/tree_walker.rb:66:in `visit_examples_array'
/usr/local/rvm/gems/ruby-1.9.3-p392/gems/cucumber-1.2.3/lib/cucumber/ast/scenario_outline.rb:68:in `accept'
/usr/local/rvm/gems/ruby-1.9.3-p392/gems/cucumber-1.2.3/lib/cucumber/ast/tree_walker.rb:51:in `block in visit_feature_element'
/usr/local/rvm/gems/ruby-1.9.3-p392/gems/cucumber-1.2.3/lib/cucumber/ast/tree_walker.rb:163:in `broadcast'
/usr/local/rvm/gems/ruby-1.9.3-p392/gems/cucumber-1.2.3/lib/cucumber/ast/tree_walker.rb:50:in `visit_feature_element'
/usr/local/rvm/gems/ruby-1.9.3-p392/gems/cucumber-1.2.3/lib/cucumber/ast/feature.rb:43:in `block in accept'
/usr/local/rvm/gems/ruby-1.9.3-p392/gems/cucumber-1.2.3/lib/cucumber/ast/feature.rb:42:in `each'
/usr/local/rvm/gems/ruby-1.9.3-p392/gems/cucumber-1.2.3/lib/cucumber/ast/feature.rb:42:in `accept'
/usr/local/rvm/gems/ruby-1.9.3-p392/gems/cucumber-1.2.3/lib/cucumber/ast/tree_walker.rb:20:in `block in visit_feature'
/usr/local/rvm/gems/ruby-1.9.3-p392/gems/cucumber-1.2.3/lib/cucumber/ast/tree_walker.rb:163:in `broadcast'
/usr/local/rvm/gems/ruby-1.9.3-p392/gems/cucumber-1.2.3/lib/cucumber/ast/tree_walker.rb:19:in `visit_feature'
/usr/local/rvm/gems/ruby-1.9.3-p392/gems/cucumber-1.2.3/lib/cucumber/ast/features.rb:29:in `block in accept'
/usr/local/rvm/gems/ruby-1.9.3-p392/gems/cucumber-1.2.3/lib/cucumber/ast/features.rb:17:in `each'
/usr/local/rvm/gems/ruby-1.9.3-p392/gems/cucumber-1.2.3/lib/cucumber/ast/features.rb:17:in `each'
/usr/local/rvm/gems/ruby-1.9.3-p392/gems/cucumber-1.2.3/lib/cucumber/ast/features.rb:28:in `accept'
/usr/local/rvm/gems/ruby-1.9.3-p392/gems/cucumber-1.2.3/lib/cucumber/ast/tree_walker.rb:14:in `block in visit_features'
/usr/local/rvm/gems/ruby-1.9.3-p392/gems/cucumber-1.2.3/lib/cucumber/ast/tree_walker.rb:163:in `broadcast'
/usr/local/rvm/gems/ruby-1.9.3-p392/gems/cucumber-1.2.3/lib/cucumber/ast/tree_walker.rb:13:in `visit_features'
/usr/local/rvm/gems/ruby-1.9.3-p392/gems/cucumber-1.2.3/lib/cucumber/runtime.rb:47:in `run!'
/usr/local/rvm/gems/ruby-1.9.3-p392/gems/cucumber-1.2.3/lib/cucumber/cli/main.rb:43:in `execute!'
/usr/local/rvm/gems/ruby-1.9.3-p392/gems/cucumber-1.2.3/lib/cucumber/cli/main.rb:20:in `execute'
/usr/local/rvm/gems/ruby-1.9.3-p392/gems/cucumber-1.2.3/bin/cucumber:14:in `<top (required)>'
/usr/local/rvm/gems/ruby-1.9.3-p392/bin/cucumber:19:in `load'
/usr/local/rvm/gems/ruby-1.9.3-p392/bin/cucumber:19:in `<main>'
/usr/local/rvm/gems/ruby-1.9.3-p392/bin/ruby_noexec_wrapper:14:in `eval'
/usr/local/rvm/gems/ruby-1.9.3-p392/bin/ruby_noexec_wrapper:14:in `<main>'
features/login.feature:64:in `Given I open '<service>' site for the opco '<opco>' in a logged out state']]>
  </failure>
  <system-out/>
  <system-err/>
</testcase>
<testcase classname="LOGIN" name="Group Logout (outline example : | bg | contacts | usual_msisdn_2 | usual_password |)" time="0.510284">
  <failure message="failed Group Logout (outline example : | bg | contacts | usual_msisdn_2 | usual_password |)" type="failed">
    <![CDATA[Scenario Outline: Group Logout

Example row: | gb | music | usual_msisdn_2 | usual_password |

Message:
Example row: | ie | contacts | usual_msisdn_2 | usual_password |

Message:
Example row: | ie | nwab | usual_msisdn_2 | usual_password |

Message:
Example row: | ie | contentbackup | usual_msisdn_2 | usual_password |

Message:
Example row: | ie | music | usual_msisdn_2 | usual_password |

Message:
Example row: | it | music | usual_msisdn_2 | usual_password |

Message:
Example row: | it | contacts | usual_msisdn_2 | usual_password |

Message:
Example row: | it | nwab | usual_msisdn_2 | usual_password |

Message:
Example row: | it | contentbackup | usual_msisdn_2 | usual_password |

Message:
Example row: | it | mobileprotect | usual_msisdn_2 | usual_password |

Message:
Example row: | gr | music | usual_msisdn_2 | usual_password |

Message:
Example row: | gr | contacts | usual_msisdn_2 | usual_password |

Message:
Example row: | gr | cloud | usual_msisdn_2 | usual_password |

Message:
Example row: | gr | contentbackup | usual_msisdn_2 | usual_password |

Message:
Example row: | nl | music | usual_msisdn_2 | usual_password |

Message:
Example row: | nl | contentbackup | usual_msisdn_2 | usual_password |

Message:
Example row: | es | music | usual_msisdn_2 | usual_password |

Message:
Example row: | de | contentbackup | usual_msisdn_2 | usual_password |

Message:
Example row: | hr | contacts | usual_msisdn_2 | usual_password |

Message:
Example row: | hr | contentbackup | usual_msisdn_2 | usual_password |

Message:
Example row: | hr | mobileprotect | usual_msisdn_2 | usual_password |

Message:
Example row: | bg | contacts | usual_msisdn_2 | usual_password |

Message:
]]>
    <![CDATA[unexpected response, code=404, content-type=""
unknown command: session/61a9d9f6391e38daf5d133be8708e330/element/name (Selenium::WebDriver::Error::WebDriverError)
/usr/local/rvm/gems/ruby-1.9.3-p392/gems/selenium-webdriver-2.31.0/lib/selenium/webdriver/remote/http/common.rb:66:in `create_response'
/usr/local/rvm/gems/ruby-1.9.3-p392/gems/selenium-webdriver-2.31.0/lib/selenium/webdriver/remote/http/default.rb:66:in `request'
/usr/local/rvm/gems/ruby-1.9.3-p392/gems/selenium-webdriver-2.31.0/lib/selenium/webdriver/remote/http/common.rb:40:in `call'
/usr/local/rvm/gems/ruby-1.9.3-p392/gems/selenium-webdriver-2.31.0/lib/selenium/webdriver/remote/bridge.rb:616:in `raw_execute'
/usr/local/rvm/gems/ruby-1.9.3-p392/gems/selenium-webdriver-2.31.0/lib/selenium/webdriver/remote/bridge.rb:594:in `execute'
/usr/local/rvm/gems/ruby-1.9.3-p392/gems/selenium-webdriver-2.31.0/lib/selenium/webdriver/remote/bridge.rb:493:in `getElementTagName'
/usr/local/rvm/gems/ruby-1.9.3-p392/gems/selenium-webdriver-2.31.0/lib/selenium/webdriver/common/element.rb:68:in `tag_name'
/usr/local/rvm/gems/ruby-1.9.3-p392/gems/watir-webdriver-0.6.2/lib/watir-webdriver/locators/element_locator.rb:387:in `validate_element'
/usr/local/rvm/gems/ruby-1.9.3-p392/gems/watir-webdriver-0.6.2/lib/watir-webdriver/locators/element_locator.rb:37:in `locate'
/usr/local/rvm/gems/ruby-1.9.3-p392/gems/watir-webdriver-0.6.2/lib/watir-webdriver/elements/element.rb:509:in `locate'
/usr/local/rvm/gems/ruby-1.9.3-p392/gems/watir-webdriver-0.6.2/lib/watir-webdriver/elements/element.rb:487:in `assert_exists'
/usr/local/rvm/gems/ruby-1.9.3-p392/gems/watir-webdriver-0.6.2/lib/watir-webdriver/elements/element.rb:118:in `click'
/Users/Subhash/git/automated_tests_web_login_app/features/pages/MockServicePage.rb:13:in `visit'
/Users/Subhash/git/automated_tests_web_login_app/features/step_definitions/loginapp_steps.rb:17:in `block in <top (required)>'
/usr/local/rvm/gems/ruby-1.9.3-p392/gems/cucumber-1.2.3/lib/cucumber/core_ext/instance_exec.rb:48:in `instance_exec'
/usr/local/rvm/gems/ruby-1.9.3-p392/gems/cucumber-1.2.3/lib/cucumber/core_ext/instance_exec.rb:48:in `block in cucumber_instance_exec'
/usr/local/rvm/gems/ruby-1.9.3-p392/gems/cucumber-1.2.3/lib/cucumber/core_ext/instance_exec.rb:69:in `cucumber_run_with_backtrace_filtering'
/usr/local/rvm/gems/ruby-1.9.3-p392/gems/cucumber-1.2.3/lib/cucumber/core_ext/instance_exec.rb:36:in `cucumber_instance_exec'
/usr/local/rvm/gems/ruby-1.9.3-p392/gems/cucumber-1.2.3/lib/cucumber/rb_support/rb_step_definition.rb:97:in `invoke'
/usr/local/rvm/gems/ruby-1.9.3-p392/gems/cucumber-1.2.3/lib/cucumber/step_match.rb:25:in `invoke'
/usr/local/rvm/gems/ruby-1.9.3-p392/gems/cucumber-1.2.3/lib/cucumber/ast/step_invocation.rb:60:in `invoke'
/usr/local/rvm/gems/ruby-1.9.3-p392/gems/cucumber-1.2.3/lib/cucumber/ast/outline_table.rb:119:in `block (2 levels) in accept_plain'
/usr/local/rvm/gems/ruby-1.9.3-p392/gems/cucumber-1.2.3/lib/cucumber/ast/step_collection.rb:37:in `each'
/usr/local/rvm/gems/ruby-1.9.3-p392/gems/cucumber-1.2.3/lib/cucumber/ast/step_collection.rb:37:in `each'
/usr/local/rvm/gems/ruby-1.9.3-p392/gems/cucumber-1.2.3/lib/cucumber/ast/outline_table.rb:118:in `block in accept_plain'
/usr/local/rvm/gems/ruby-1.9.3-p392/gems/cucumber-1.2.3/lib/cucumber/runtime.rb:81:in `block (2 levels) in with_hooks'
/usr/local/rvm/gems/ruby-1.9.3-p392/gems/cucumber-1.2.3/lib/cucumber/runtime.rb:97:in `before_and_after'
/usr/local/rvm/gems/ruby-1.9.3-p392/gems/cucumber-1.2.3/lib/cucumber/runtime.rb:80:in `block in with_hooks'
/usr/local/rvm/gems/ruby-1.9.3-p392/gems/cucumber-1.2.3/lib/cucumber/runtime/support_code.rb:120:in `call'
/usr/local/rvm/gems/ruby-1.9.3-p392/gems/cucumber-1.2.3/lib/cucumber/runtime/support_code.rb:120:in `block (3 levels) in around'
/usr/local/rvm/gems/ruby-1.9.3-p392/gems/cucumber-1.2.3/lib/cucumber/language_support/language_methods.rb:9:in `block in around'
/usr/local/rvm/gems/ruby-1.9.3-p392/gems/cucumber-1.2.3/lib/cucumber/language_support/language_methods.rb:91:in `call'
/usr/local/rvm/gems/ruby-1.9.3-p392/gems/cucumber-1.2.3/lib/cucumber/language_support/language_methods.rb:91:in `execute_around'
/usr/local/rvm/gems/ruby-1.9.3-p392/gems/cucumber-1.2.3/lib/cucumber/language_support/language_methods.rb:8:in `around'
/usr/local/rvm/gems/ruby-1.9.3-p392/gems/cucumber-1.2.3/lib/cucumber/runtime/support_code.rb:119:in `block (2 levels) in around'
/usr/local/rvm/gems/ruby-1.9.3-p392/gems/cucumber-1.2.3/lib/cucumber/runtime/support_code.rb:117:in `call'
/usr/local/rvm/gems/ruby-1.9.3-p392/gems/cucumber-1.2.3/lib/cucumber/runtime/support_code.rb:117:in `around'
/usr/local/rvm/gems/ruby-1.9.3-p392/gems/cucumber-1.2.3/lib/cucumber/runtime.rb:92:in `around'
/usr/local/rvm/gems/ruby-1.9.3-p392/gems/cucumber-1.2.3/lib/cucumber/runtime.rb:79:in `with_hooks'
/usr/local/rvm/gems/ruby-1.9.3-p392/gems/cucumber-1.2.3/lib/cucumber/ast/outline_table.rb:117:in `accept_plain'
/usr/local/rvm/gems/ruby-1.9.3-p392/gems/cucumber-1.2.3/lib/cucumber/ast/outline_table.rb:107:in `accept'
/usr/local/rvm/gems/ruby-1.9.3-p392/gems/cucumber-1.2.3/lib/cucumber/ast/tree_walker.rb:131:in `block in visit_table_row'
/usr/local/rvm/gems/ruby-1.9.3-p392/gems/cucumber-1.2.3/lib/cucumber/ast/tree_walker.rb:163:in `broadcast'
/usr/local/rvm/gems/ruby-1.9.3-p392/gems/cucumber-1.2.3/lib/cucumber/ast/tree_walker.rb:130:in `visit_table_row'
/usr/local/rvm/gems/ruby-1.9.3-p392/gems/cucumber-1.2.3/lib/cucumber/ast/outline_table.rb:27:in `block in accept'
/usr/local/rvm/gems/ruby-1.9.3-p392/gems/cucumber-1.2.3/lib/cucumber/ast/outline_table.rb:23:in `each'
/usr/local/rvm/gems/ruby-1.9.3-p392/gems/cucumber-1.2.3/lib/cucumber/ast/outline_table.rb:23:in `each_with_index'
/usr/local/rvm/gems/ruby-1.9.3-p392/gems/cucumber-1.2.3/lib/cucumber/ast/outline_table.rb:23:in `accept'
/usr/local/rvm/gems/ruby-1.9.3-p392/gems/cucumber-1.2.3/lib/cucumber/ast/tree_walker.rb:83:in `block in visit_outline_table'
/usr/local/rvm/gems/ruby-1.9.3-p392/gems/cucumber-1.2.3/lib/cucumber/ast/tree_walker.rb:163:in `broadcast'
/usr/local/rvm/gems/ruby-1.9.3-p392/gems/cucumber-1.2.3/lib/cucumber/ast/tree_walker.rb:82:in `visit_outline_table'
/usr/local/rvm/gems/ruby-1.9.3-p392/gems/cucumber-1.2.3/lib/cucumber/ast/examples.rb:22:in `accept'
/usr/local/rvm/gems/ruby-1.9.3-p392/gems/cucumber-1.2.3/lib/cucumber/ast/tree_walker.rb:73:in `block in visit_examples'
/usr/local/rvm/gems/ruby-1.9.3-p392/gems/cucumber-1.2.3/lib/cucumber/ast/tree_walker.rb:163:in `broadcast'
/usr/local/rvm/gems/ruby-1.9.3-p392/gems/cucumber-1.2.3/lib/cucumber/ast/tree_walker.rb:72:in `visit_examples'
/usr/local/rvm/gems/ruby-1.9.3-p392/gems/cucumber-1.2.3/lib/cucumber/ast/scenario_outline.rb:14:in `block in accept'
/usr/local/rvm/gems/ruby-1.9.3-p392/gems/cucumber-1.2.3/lib/cucumber/ast/scenario_outline.rb:13:in `each'
/usr/local/rvm/gems/ruby-1.9.3-p392/gems/cucumber-1.2.3/lib/cucumber/ast/scenario_outline.rb:13:in `accept'
/usr/local/rvm/gems/ruby-1.9.3-p392/gems/cucumber-1.2.3/lib/cucumber/ast/tree_walker.rb:67:in `block in visit_examples_array'
/usr/local/rvm/gems/ruby-1.9.3-p392/gems/cucumber-1.2.3/lib/cucumber/ast/tree_walker.rb:163:in `broadcast'
/usr/local/rvm/gems/ruby-1.9.3-p392/gems/cucumber-1.2.3/lib/cucumber/ast/tree_walker.rb:66:in `visit_examples_array'
/usr/local/rvm/gems/ruby-1.9.3-p392/gems/cucumber-1.2.3/lib/cucumber/ast/scenario_outline.rb:68:in `accept'
/usr/local/rvm/gems/ruby-1.9.3-p392/gems/cucumber-1.2.3/lib/cucumber/ast/tree_walker.rb:51:in `block in visit_feature_element'
/usr/local/rvm/gems/ruby-1.9.3-p392/gems/cucumber-1.2.3/lib/cucumber/ast/tree_walker.rb:163:in `broadcast'
/usr/local/rvm/gems/ruby-1.9.3-p392/gems/cucumber-1.2.3/lib/cucumber/ast/tree_walker.rb:50:in `visit_feature_element'
/usr/local/rvm/gems/ruby-1.9.3-p392/gems/cucumber-1.2.3/lib/cucumber/ast/feature.rb:43:in `block in accept'
/usr/local/rvm/gems/ruby-1.9.3-p392/gems/cucumber-1.2.3/lib/cucumber/ast/feature.rb:42:in `each'
/usr/local/rvm/gems/ruby-1.9.3-p392/gems/cucumber-1.2.3/lib/cucumber/ast/feature.rb:42:in `accept'
/usr/local/rvm/gems/ruby-1.9.3-p392/gems/cucumber-1.2.3/lib/cucumber/ast/tree_walker.rb:20:in `block in visit_feature'
/usr/local/rvm/gems/ruby-1.9.3-p392/gems/cucumber-1.2.3/lib/cucumber/ast/tree_walker.rb:163:in `broadcast'
/usr/local/rvm/gems/ruby-1.9.3-p392/gems/cucumber-1.2.3/lib/cucumber/ast/tree_walker.rb:19:in `visit_feature'
/usr/local/rvm/gems/ruby-1.9.3-p392/gems/cucumber-1.2.3/lib/cucumber/ast/features.rb:29:in `block in accept'
/usr/local/rvm/gems/ruby-1.9.3-p392/gems/cucumber-1.2.3/lib/cucumber/ast/features.rb:17:in `each'
/usr/local/rvm/gems/ruby-1.9.3-p392/gems/cucumber-1.2.3/lib/cucumber/ast/features.rb:17:in `each'
/usr/local/rvm/gems/ruby-1.9.3-p392/gems/cucumber-1.2.3/lib/cucumber/ast/features.rb:28:in `accept'
/usr/local/rvm/gems/ruby-1.9.3-p392/gems/cucumber-1.2.3/lib/cucumber/ast/tree_walker.rb:14:in `block in visit_features'
/usr/local/rvm/gems/ruby-1.9.3-p392/gems/cucumber-1.2.3/lib/cucumber/ast/tree_walker.rb:163:in `broadcast'
/usr/local/rvm/gems/ruby-1.9.3-p392/gems/cucumber-1.2.3/lib/cucumber/ast/tree_walker.rb:13:in `visit_features'
/usr/local/rvm/gems/ruby-1.9.3-p392/gems/cucumber-1.2.3/lib/cucumber/runtime.rb:47:in `run!'
/usr/local/rvm/gems/ruby-1.9.3-p392/gems/cucumber-1.2.3/lib/cucumber/cli/main.rb:43:in `execute!'
/usr/local/rvm/gems/ruby-1.9.3-p392/gems/cucumber-1.2.3/lib/cucumber/cli/main.rb:20:in `execute'
/usr/local/rvm/gems/ruby-1.9.3-p392/gems/cucumber-1.2.3/bin/cucumber:14:in `<top (required)>'
/usr/local/rvm/gems/ruby-1.9.3-p392/bin/cucumber:19:in `load'
/usr/local/rvm/gems/ruby-1.9.3-p392/bin/cucumber:19:in `<main>'
/usr/local/rvm/gems/ruby-1.9.3-p392/bin/ruby_noexec_wrapper:14:in `eval'
/usr/local/rvm/gems/ruby-1.9.3-p392/bin/ruby_noexec_wrapper:14:in `<main>'
features/login.feature:64:in `Given I open '<service>' site for the opco '<opco>' in a logged out state']]>
  </failure>
  <system-out/>
  <system-err/>
</testcase>
<testcase classname="LOGIN" name="Group Logout (outline example : | bg | contentbackup | usual_msisdn_2 | usual_password |)" time="0.441375">
  <failure message="failed Group Logout (outline example : | bg | contentbackup | usual_msisdn_2 | usual_password |)" type="failed">
    <![CDATA[Scenario Outline: Group Logout

Example row: | gb | music | usual_msisdn_2 | usual_password |

Message:
Example row: | ie | contacts | usual_msisdn_2 | usual_password |

Message:
Example row: | ie | nwab | usual_msisdn_2 | usual_password |

Message:
Example row: | ie | contentbackup | usual_msisdn_2 | usual_password |

Message:
Example row: | ie | music | usual_msisdn_2 | usual_password |

Message:
Example row: | it | music | usual_msisdn_2 | usual_password |

Message:
Example row: | it | contacts | usual_msisdn_2 | usual_password |

Message:
Example row: | it | nwab | usual_msisdn_2 | usual_password |

Message:
Example row: | it | contentbackup | usual_msisdn_2 | usual_password |

Message:
Example row: | it | mobileprotect | usual_msisdn_2 | usual_password |

Message:
Example row: | gr | music | usual_msisdn_2 | usual_password |

Message:
Example row: | gr | contacts | usual_msisdn_2 | usual_password |

Message:
Example row: | gr | cloud | usual_msisdn_2 | usual_password |

Message:
Example row: | gr | contentbackup | usual_msisdn_2 | usual_password |

Message:
Example row: | nl | music | usual_msisdn_2 | usual_password |

Message:
Example row: | nl | contentbackup | usual_msisdn_2 | usual_password |

Message:
Example row: | es | music | usual_msisdn_2 | usual_password |

Message:
Example row: | de | contentbackup | usual_msisdn_2 | usual_password |

Message:
Example row: | hr | contacts | usual_msisdn_2 | usual_password |

Message:
Example row: | hr | contentbackup | usual_msisdn_2 | usual_password |

Message:
Example row: | hr | mobileprotect | usual_msisdn_2 | usual_password |

Message:
Example row: | bg | contacts | usual_msisdn_2 | usual_password |

Message:
Example row: | bg | contentbackup | usual_msisdn_2 | usual_password |

Message:
]]>
    <![CDATA[unexpected response, code=404, content-type=""
unknown command: session/61a9d9f6391e38daf5d133be8708e330/element/name (Selenium::WebDriver::Error::WebDriverError)
/usr/local/rvm/gems/ruby-1.9.3-p392/gems/selenium-webdriver-2.31.0/lib/selenium/webdriver/remote/http/common.rb:66:in `create_response'
/usr/local/rvm/gems/ruby-1.9.3-p392/gems/selenium-webdriver-2.31.0/lib/selenium/webdriver/remote/http/default.rb:66:in `request'
/usr/local/rvm/gems/ruby-1.9.3-p392/gems/selenium-webdriver-2.31.0/lib/selenium/webdriver/remote/http/common.rb:40:in `call'
/usr/local/rvm/gems/ruby-1.9.3-p392/gems/selenium-webdriver-2.31.0/lib/selenium/webdriver/remote/bridge.rb:616:in `raw_execute'
/usr/local/rvm/gems/ruby-1.9.3-p392/gems/selenium-webdriver-2.31.0/lib/selenium/webdriver/remote/bridge.rb:594:in `execute'
/usr/local/rvm/gems/ruby-1.9.3-p392/gems/selenium-webdriver-2.31.0/lib/selenium/webdriver/remote/bridge.rb:493:in `getElementTagName'
/usr/local/rvm/gems/ruby-1.9.3-p392/gems/selenium-webdriver-2.31.0/lib/selenium/webdriver/common/element.rb:68:in `tag_name'
/usr/local/rvm/gems/ruby-1.9.3-p392/gems/watir-webdriver-0.6.2/lib/watir-webdriver/locators/element_locator.rb:387:in `validate_element'
/usr/local/rvm/gems/ruby-1.9.3-p392/gems/watir-webdriver-0.6.2/lib/watir-webdriver/locators/element_locator.rb:37:in `locate'
/usr/local/rvm/gems/ruby-1.9.3-p392/gems/watir-webdriver-0.6.2/lib/watir-webdriver/elements/element.rb:509:in `locate'
/usr/local/rvm/gems/ruby-1.9.3-p392/gems/watir-webdriver-0.6.2/lib/watir-webdriver/elements/element.rb:487:in `assert_exists'
/usr/local/rvm/gems/ruby-1.9.3-p392/gems/watir-webdriver-0.6.2/lib/watir-webdriver/elements/element.rb:118:in `click'
/Users/Subhash/git/automated_tests_web_login_app/features/pages/MockServicePage.rb:13:in `visit'
/Users/Subhash/git/automated_tests_web_login_app/features/step_definitions/loginapp_steps.rb:17:in `block in <top (required)>'
/usr/local/rvm/gems/ruby-1.9.3-p392/gems/cucumber-1.2.3/lib/cucumber/core_ext/instance_exec.rb:48:in `instance_exec'
/usr/local/rvm/gems/ruby-1.9.3-p392/gems/cucumber-1.2.3/lib/cucumber/core_ext/instance_exec.rb:48:in `block in cucumber_instance_exec'
/usr/local/rvm/gems/ruby-1.9.3-p392/gems/cucumber-1.2.3/lib/cucumber/core_ext/instance_exec.rb:69:in `cucumber_run_with_backtrace_filtering'
/usr/local/rvm/gems/ruby-1.9.3-p392/gems/cucumber-1.2.3/lib/cucumber/core_ext/instance_exec.rb:36:in `cucumber_instance_exec'
/usr/local/rvm/gems/ruby-1.9.3-p392/gems/cucumber-1.2.3/lib/cucumber/rb_support/rb_step_definition.rb:97:in `invoke'
/usr/local/rvm/gems/ruby-1.9.3-p392/gems/cucumber-1.2.3/lib/cucumber/step_match.rb:25:in `invoke'
/usr/local/rvm/gems/ruby-1.9.3-p392/gems/cucumber-1.2.3/lib/cucumber/ast/step_invocation.rb:60:in `invoke'
/usr/local/rvm/gems/ruby-1.9.3-p392/gems/cucumber-1.2.3/lib/cucumber/ast/outline_table.rb:119:in `block (2 levels) in accept_plain'
/usr/local/rvm/gems/ruby-1.9.3-p392/gems/cucumber-1.2.3/lib/cucumber/ast/step_collection.rb:37:in `each'
/usr/local/rvm/gems/ruby-1.9.3-p392/gems/cucumber-1.2.3/lib/cucumber/ast/step_collection.rb:37:in `each'
/usr/local/rvm/gems/ruby-1.9.3-p392/gems/cucumber-1.2.3/lib/cucumber/ast/outline_table.rb:118:in `block in accept_plain'
/usr/local/rvm/gems/ruby-1.9.3-p392/gems/cucumber-1.2.3/lib/cucumber/runtime.rb:81:in `block (2 levels) in with_hooks'
/usr/local/rvm/gems/ruby-1.9.3-p392/gems/cucumber-1.2.3/lib/cucumber/runtime.rb:97:in `before_and_after'
/usr/local/rvm/gems/ruby-1.9.3-p392/gems/cucumber-1.2.3/lib/cucumber/runtime.rb:80:in `block in with_hooks'
/usr/local/rvm/gems/ruby-1.9.3-p392/gems/cucumber-1.2.3/lib/cucumber/runtime/support_code.rb:120:in `call'
/usr/local/rvm/gems/ruby-1.9.3-p392/gems/cucumber-1.2.3/lib/cucumber/runtime/support_code.rb:120:in `block (3 levels) in around'
/usr/local/rvm/gems/ruby-1.9.3-p392/gems/cucumber-1.2.3/lib/cucumber/language_support/language_methods.rb:9:in `block in around'
/usr/local/rvm/gems/ruby-1.9.3-p392/gems/cucumber-1.2.3/lib/cucumber/language_support/language_methods.rb:91:in `call'
/usr/local/rvm/gems/ruby-1.9.3-p392/gems/cucumber-1.2.3/lib/cucumber/language_support/language_methods.rb:91:in `execute_around'
/usr/local/rvm/gems/ruby-1.9.3-p392/gems/cucumber-1.2.3/lib/cucumber/language_support/language_methods.rb:8:in `around'
/usr/local/rvm/gems/ruby-1.9.3-p392/gems/cucumber-1.2.3/lib/cucumber/runtime/support_code.rb:119:in `block (2 levels) in around'
/usr/local/rvm/gems/ruby-1.9.3-p392/gems/cucumber-1.2.3/lib/cucumber/runtime/support_code.rb:117:in `call'
/usr/local/rvm/gems/ruby-1.9.3-p392/gems/cucumber-1.2.3/lib/cucumber/runtime/support_code.rb:117:in `around'
/usr/local/rvm/gems/ruby-1.9.3-p392/gems/cucumber-1.2.3/lib/cucumber/runtime.rb:92:in `around'
/usr/local/rvm/gems/ruby-1.9.3-p392/gems/cucumber-1.2.3/lib/cucumber/runtime.rb:79:in `with_hooks'
/usr/local/rvm/gems/ruby-1.9.3-p392/gems/cucumber-1.2.3/lib/cucumber/ast/outline_table.rb:117:in `accept_plain'
/usr/local/rvm/gems/ruby-1.9.3-p392/gems/cucumber-1.2.3/lib/cucumber/ast/outline_table.rb:107:in `accept'
/usr/local/rvm/gems/ruby-1.9.3-p392/gems/cucumber-1.2.3/lib/cucumber/ast/tree_walker.rb:131:in `block in visit_table_row'
/usr/local/rvm/gems/ruby-1.9.3-p392/gems/cucumber-1.2.3/lib/cucumber/ast/tree_walker.rb:163:in `broadcast'
/usr/local/rvm/gems/ruby-1.9.3-p392/gems/cucumber-1.2.3/lib/cucumber/ast/tree_walker.rb:130:in `visit_table_row'
/usr/local/rvm/gems/ruby-1.9.3-p392/gems/cucumber-1.2.3/lib/cucumber/ast/outline_table.rb:27:in `block in accept'
/usr/local/rvm/gems/ruby-1.9.3-p392/gems/cucumber-1.2.3/lib/cucumber/ast/outline_table.rb:23:in `each'
/usr/local/rvm/gems/ruby-1.9.3-p392/gems/cucumber-1.2.3/lib/cucumber/ast/outline_table.rb:23:in `each_with_index'
/usr/local/rvm/gems/ruby-1.9.3-p392/gems/cucumber-1.2.3/lib/cucumber/ast/outline_table.rb:23:in `accept'
/usr/local/rvm/gems/ruby-1.9.3-p392/gems/cucumber-1.2.3/lib/cucumber/ast/tree_walker.rb:83:in `block in visit_outline_table'
/usr/local/rvm/gems/ruby-1.9.3-p392/gems/cucumber-1.2.3/lib/cucumber/ast/tree_walker.rb:163:in `broadcast'
/usr/local/rvm/gems/ruby-1.9.3-p392/gems/cucumber-1.2.3/lib/cucumber/ast/tree_walker.rb:82:in `visit_outline_table'
/usr/local/rvm/gems/ruby-1.9.3-p392/gems/cucumber-1.2.3/lib/cucumber/ast/examples.rb:22:in `accept'
/usr/local/rvm/gems/ruby-1.9.3-p392/gems/cucumber-1.2.3/lib/cucumber/ast/tree_walker.rb:73:in `block in visit_examples'
/usr/local/rvm/gems/ruby-1.9.3-p392/gems/cucumber-1.2.3/lib/cucumber/ast/tree_walker.rb:163:in `broadcast'
/usr/local/rvm/gems/ruby-1.9.3-p392/gems/cucumber-1.2.3/lib/cucumber/ast/tree_walker.rb:72:in `visit_examples'
/usr/local/rvm/gems/ruby-1.9.3-p392/gems/cucumber-1.2.3/lib/cucumber/ast/scenario_outline.rb:14:in `block in accept'
/usr/local/rvm/gems/ruby-1.9.3-p392/gems/cucumber-1.2.3/lib/cucumber/ast/scenario_outline.rb:13:in `each'
/usr/local/rvm/gems/ruby-1.9.3-p392/gems/cucumber-1.2.3/lib/cucumber/ast/scenario_outline.rb:13:in `accept'
/usr/local/rvm/gems/ruby-1.9.3-p392/gems/cucumber-1.2.3/lib/cucumber/ast/tree_walker.rb:67:in `block in visit_examples_array'
/usr/local/rvm/gems/ruby-1.9.3-p392/gems/cucumber-1.2.3/lib/cucumber/ast/tree_walker.rb:163:in `broadcast'
/usr/local/rvm/gems/ruby-1.9.3-p392/gems/cucumber-1.2.3/lib/cucumber/ast/tree_walker.rb:66:in `visit_examples_array'
/usr/local/rvm/gems/ruby-1.9.3-p392/gems/cucumber-1.2.3/lib/cucumber/ast/scenario_outline.rb:68:in `accept'
/usr/local/rvm/gems/ruby-1.9.3-p392/gems/cucumber-1.2.3/lib/cucumber/ast/tree_walker.rb:51:in `block in visit_feature_element'
/usr/local/rvm/gems/ruby-1.9.3-p392/gems/cucumber-1.2.3/lib/cucumber/ast/tree_walker.rb:163:in `broadcast'
/usr/local/rvm/gems/ruby-1.9.3-p392/gems/cucumber-1.2.3/lib/cucumber/ast/tree_walker.rb:50:in `visit_feature_element'
/usr/local/rvm/gems/ruby-1.9.3-p392/gems/cucumber-1.2.3/lib/cucumber/ast/feature.rb:43:in `block in accept'
/usr/local/rvm/gems/ruby-1.9.3-p392/gems/cucumber-1.2.3/lib/cucumber/ast/feature.rb:42:in `each'
/usr/local/rvm/gems/ruby-1.9.3-p392/gems/cucumber-1.2.3/lib/cucumber/ast/feature.rb:42:in `accept'
/usr/local/rvm/gems/ruby-1.9.3-p392/gems/cucumber-1.2.3/lib/cucumber/ast/tree_walker.rb:20:in `block in visit_feature'
/usr/local/rvm/gems/ruby-1.9.3-p392/gems/cucumber-1.2.3/lib/cucumber/ast/tree_walker.rb:163:in `broadcast'
/usr/local/rvm/gems/ruby-1.9.3-p392/gems/cucumber-1.2.3/lib/cucumber/ast/tree_walker.rb:19:in `visit_feature'
/usr/local/rvm/gems/ruby-1.9.3-p392/gems/cucumber-1.2.3/lib/cucumber/ast/features.rb:29:in `block in accept'
/usr/local/rvm/gems/ruby-1.9.3-p392/gems/cucumber-1.2.3/lib/cucumber/ast/features.rb:17:in `each'
/usr/local/rvm/gems/ruby-1.9.3-p392/gems/cucumber-1.2.3/lib/cucumber/ast/features.rb:17:in `each'
/usr/local/rvm/gems/ruby-1.9.3-p392/gems/cucumber-1.2.3/lib/cucumber/ast/features.rb:28:in `accept'
/usr/local/rvm/gems/ruby-1.9.3-p392/gems/cucumber-1.2.3/lib/cucumber/ast/tree_walker.rb:14:in `block in visit_features'
/usr/local/rvm/gems/ruby-1.9.3-p392/gems/cucumber-1.2.3/lib/cucumber/ast/tree_walker.rb:163:in `broadcast'
/usr/local/rvm/gems/ruby-1.9.3-p392/gems/cucumber-1.2.3/lib/cucumber/ast/tree_walker.rb:13:in `visit_features'
/usr/local/rvm/gems/ruby-1.9.3-p392/gems/cucumber-1.2.3/lib/cucumber/runtime.rb:47:in `run!'
/usr/local/rvm/gems/ruby-1.9.3-p392/gems/cucumber-1.2.3/lib/cucumber/cli/main.rb:43:in `execute!'
/usr/local/rvm/gems/ruby-1.9.3-p392/gems/cucumber-1.2.3/lib/cucumber/cli/main.rb:20:in `execute'
/usr/local/rvm/gems/ruby-1.9.3-p392/gems/cucumber-1.2.3/bin/cucumber:14:in `<top (required)>'
/usr/local/rvm/gems/ruby-1.9.3-p392/bin/cucumber:19:in `load'
/usr/local/rvm/gems/ruby-1.9.3-p392/bin/cucumber:19:in `<main>'
/usr/local/rvm/gems/ruby-1.9.3-p392/bin/ruby_noexec_wrapper:14:in `eval'
/usr/local/rvm/gems/ruby-1.9.3-p392/bin/ruby_noexec_wrapper:14:in `<main>'
features/login.feature:64:in `Given I open '<service>' site for the opco '<opco>' in a logged out state']]>
  </failure>
  <system-out/>
  <system-err/>
</testcase>
<testcase classname="LOGIN" name="Group Logout (outline example : | bg | mobileprotect | usual_msisdn_2 | usual_password |)" time="0.491839">
  <failure message="failed Group Logout (outline example : | bg | mobileprotect | usual_msisdn_2 | usual_password |)" type="failed">
    <![CDATA[Scenario Outline: Group Logout

Example row: | gb | music | usual_msisdn_2 | usual_password |

Message:
Example row: | ie | contacts | usual_msisdn_2 | usual_password |

Message:
Example row: | ie | nwab | usual_msisdn_2 | usual_password |

Message:
Example row: | ie | contentbackup | usual_msisdn_2 | usual_password |

Message:
Example row: | ie | music | usual_msisdn_2 | usual_password |

Message:
Example row: | it | music | usual_msisdn_2 | usual_password |

Message:
Example row: | it | contacts | usual_msisdn_2 | usual_password |

Message:
Example row: | it | nwab | usual_msisdn_2 | usual_password |

Message:
Example row: | it | contentbackup | usual_msisdn_2 | usual_password |

Message:
Example row: | it | mobileprotect | usual_msisdn_2 | usual_password |

Message:
Example row: | gr | music | usual_msisdn_2 | usual_password |

Message:
Example row: | gr | contacts | usual_msisdn_2 | usual_password |

Message:
Example row: | gr | cloud | usual_msisdn_2 | usual_password |

Message:
Example row: | gr | contentbackup | usual_msisdn_2 | usual_password |

Message:
Example row: | nl | music | usual_msisdn_2 | usual_password |

Message:
Example row: | nl | contentbackup | usual_msisdn_2 | usual_password |

Message:
Example row: | es | music | usual_msisdn_2 | usual_password |

Message:
Example row: | de | contentbackup | usual_msisdn_2 | usual_password |

Message:
Example row: | hr | contacts | usual_msisdn_2 | usual_password |

Message:
Example row: | hr | contentbackup | usual_msisdn_2 | usual_password |

Message:
Example row: | hr | mobileprotect | usual_msisdn_2 | usual_password |

Message:
Example row: | bg | contacts | usual_msisdn_2 | usual_password |

Message:
Example row: | bg | contentbackup | usual_msisdn_2 | usual_password |

Message:
Example row: | bg | mobileprotect | usual_msisdn_2 | usual_password |

Message:
]]>
    <![CDATA[unexpected response, code=404, content-type=""
unknown command: session/61a9d9f6391e38daf5d133be8708e330/element/name (Selenium::WebDriver::Error::WebDriverError)
/usr/local/rvm/gems/ruby-1.9.3-p392/gems/selenium-webdriver-2.31.0/lib/selenium/webdriver/remote/http/common.rb:66:in `create_response'
/usr/local/rvm/gems/ruby-1.9.3-p392/gems/selenium-webdriver-2.31.0/lib/selenium/webdriver/remote/http/default.rb:66:in `request'
/usr/local/rvm/gems/ruby-1.9.3-p392/gems/selenium-webdriver-2.31.0/lib/selenium/webdriver/remote/http/common.rb:40:in `call'
/usr/local/rvm/gems/ruby-1.9.3-p392/gems/selenium-webdriver-2.31.0/lib/selenium/webdriver/remote/bridge.rb:616:in `raw_execute'
/usr/local/rvm/gems/ruby-1.9.3-p392/gems/selenium-webdriver-2.31.0/lib/selenium/webdriver/remote/bridge.rb:594:in `execute'
/usr/local/rvm/gems/ruby-1.9.3-p392/gems/selenium-webdriver-2.31.0/lib/selenium/webdriver/remote/bridge.rb:493:in `getElementTagName'
/usr/local/rvm/gems/ruby-1.9.3-p392/gems/selenium-webdriver-2.31.0/lib/selenium/webdriver/common/element.rb:68:in `tag_name'
/usr/local/rvm/gems/ruby-1.9.3-p392/gems/watir-webdriver-0.6.2/lib/watir-webdriver/locators/element_locator.rb:387:in `validate_element'
/usr/local/rvm/gems/ruby-1.9.3-p392/gems/watir-webdriver-0.6.2/lib/watir-webdriver/locators/element_locator.rb:37:in `locate'
/usr/local/rvm/gems/ruby-1.9.3-p392/gems/watir-webdriver-0.6.2/lib/watir-webdriver/elements/element.rb:509:in `locate'
/usr/local/rvm/gems/ruby-1.9.3-p392/gems/watir-webdriver-0.6.2/lib/watir-webdriver/elements/element.rb:487:in `assert_exists'
/usr/local/rvm/gems/ruby-1.9.3-p392/gems/watir-webdriver-0.6.2/lib/watir-webdriver/elements/element.rb:118:in `click'
/Users/Subhash/git/automated_tests_web_login_app/features/pages/MockServicePage.rb:13:in `visit'
/Users/Subhash/git/automated_tests_web_login_app/features/step_definitions/loginapp_steps.rb:17:in `block in <top (required)>'
/usr/local/rvm/gems/ruby-1.9.3-p392/gems/cucumber-1.2.3/lib/cucumber/core_ext/instance_exec.rb:48:in `instance_exec'
/usr/local/rvm/gems/ruby-1.9.3-p392/gems/cucumber-1.2.3/lib/cucumber/core_ext/instance_exec.rb:48:in `block in cucumber_instance_exec'
/usr/local/rvm/gems/ruby-1.9.3-p392/gems/cucumber-1.2.3/lib/cucumber/core_ext/instance_exec.rb:69:in `cucumber_run_with_backtrace_filtering'
/usr/local/rvm/gems/ruby-1.9.3-p392/gems/cucumber-1.2.3/lib/cucumber/core_ext/instance_exec.rb:36:in `cucumber_instance_exec'
/usr/local/rvm/gems/ruby-1.9.3-p392/gems/cucumber-1.2.3/lib/cucumber/rb_support/rb_step_definition.rb:97:in `invoke'
/usr/local/rvm/gems/ruby-1.9.3-p392/gems/cucumber-1.2.3/lib/cucumber/step_match.rb:25:in `invoke'
/usr/local/rvm/gems/ruby-1.9.3-p392/gems/cucumber-1.2.3/lib/cucumber/ast/step_invocation.rb:60:in `invoke'
/usr/local/rvm/gems/ruby-1.9.3-p392/gems/cucumber-1.2.3/lib/cucumber/ast/outline_table.rb:119:in `block (2 levels) in accept_plain'
/usr/local/rvm/gems/ruby-1.9.3-p392/gems/cucumber-1.2.3/lib/cucumber/ast/step_collection.rb:37:in `each'
/usr/local/rvm/gems/ruby-1.9.3-p392/gems/cucumber-1.2.3/lib/cucumber/ast/step_collection.rb:37:in `each'
/usr/local/rvm/gems/ruby-1.9.3-p392/gems/cucumber-1.2.3/lib/cucumber/ast/outline_table.rb:118:in `block in accept_plain'
/usr/local/rvm/gems/ruby-1.9.3-p392/gems/cucumber-1.2.3/lib/cucumber/runtime.rb:81:in `block (2 levels) in with_hooks'
/usr/local/rvm/gems/ruby-1.9.3-p392/gems/cucumber-1.2.3/lib/cucumber/runtime.rb:97:in `before_and_after'
/usr/local/rvm/gems/ruby-1.9.3-p392/gems/cucumber-1.2.3/lib/cucumber/runtime.rb:80:in `block in with_hooks'
/usr/local/rvm/gems/ruby-1.9.3-p392/gems/cucumber-1.2.3/lib/cucumber/runtime/support_code.rb:120:in `call'
/usr/local/rvm/gems/ruby-1.9.3-p392/gems/cucumber-1.2.3/lib/cucumber/runtime/support_code.rb:120:in `block (3 levels) in around'
/usr/local/rvm/gems/ruby-1.9.3-p392/gems/cucumber-1.2.3/lib/cucumber/language_support/language_methods.rb:9:in `block in around'
/usr/local/rvm/gems/ruby-1.9.3-p392/gems/cucumber-1.2.3/lib/cucumber/language_support/language_methods.rb:91:in `call'
/usr/local/rvm/gems/ruby-1.9.3-p392/gems/cucumber-1.2.3/lib/cucumber/language_support/language_methods.rb:91:in `execute_around'
/usr/local/rvm/gems/ruby-1.9.3-p392/gems/cucumber-1.2.3/lib/cucumber/language_support/language_methods.rb:8:in `around'
/usr/local/rvm/gems/ruby-1.9.3-p392/gems/cucumber-1.2.3/lib/cucumber/runtime/support_code.rb:119:in `block (2 levels) in around'
/usr/local/rvm/gems/ruby-1.9.3-p392/gems/cucumber-1.2.3/lib/cucumber/runtime/support_code.rb:117:in `call'
/usr/local/rvm/gems/ruby-1.9.3-p392/gems/cucumber-1.2.3/lib/cucumber/runtime/support_code.rb:117:in `around'
/usr/local/rvm/gems/ruby-1.9.3-p392/gems/cucumber-1.2.3/lib/cucumber/runtime.rb:92:in `around'
/usr/local/rvm/gems/ruby-1.9.3-p392/gems/cucumber-1.2.3/lib/cucumber/runtime.rb:79:in `with_hooks'
/usr/local/rvm/gems/ruby-1.9.3-p392/gems/cucumber-1.2.3/lib/cucumber/ast/outline_table.rb:117:in `accept_plain'
/usr/local/rvm/gems/ruby-1.9.3-p392/gems/cucumber-1.2.3/lib/cucumber/ast/outline_table.rb:107:in `accept'
/usr/local/rvm/gems/ruby-1.9.3-p392/gems/cucumber-1.2.3/lib/cucumber/ast/tree_walker.rb:131:in `block in visit_table_row'
/usr/local/rvm/gems/ruby-1.9.3-p392/gems/cucumber-1.2.3/lib/cucumber/ast/tree_walker.rb:163:in `broadcast'
/usr/local/rvm/gems/ruby-1.9.3-p392/gems/cucumber-1.2.3/lib/cucumber/ast/tree_walker.rb:130:in `visit_table_row'
/usr/local/rvm/gems/ruby-1.9.3-p392/gems/cucumber-1.2.3/lib/cucumber/ast/outline_table.rb:27:in `block in accept'
/usr/local/rvm/gems/ruby-1.9.3-p392/gems/cucumber-1.2.3/lib/cucumber/ast/outline_table.rb:23:in `each'
/usr/local/rvm/gems/ruby-1.9.3-p392/gems/cucumber-1.2.3/lib/cucumber/ast/outline_table.rb:23:in `each_with_index'
/usr/local/rvm/gems/ruby-1.9.3-p392/gems/cucumber-1.2.3/lib/cucumber/ast/outline_table.rb:23:in `accept'
/usr/local/rvm/gems/ruby-1.9.3-p392/gems/cucumber-1.2.3/lib/cucumber/ast/tree_walker.rb:83:in `block in visit_outline_table'
/usr/local/rvm/gems/ruby-1.9.3-p392/gems/cucumber-1.2.3/lib/cucumber/ast/tree_walker.rb:163:in `broadcast'
/usr/local/rvm/gems/ruby-1.9.3-p392/gems/cucumber-1.2.3/lib/cucumber/ast/tree_walker.rb:82:in `visit_outline_table'
/usr/local/rvm/gems/ruby-1.9.3-p392/gems/cucumber-1.2.3/lib/cucumber/ast/examples.rb:22:in `accept'
/usr/local/rvm/gems/ruby-1.9.3-p392/gems/cucumber-1.2.3/lib/cucumber/ast/tree_walker.rb:73:in `block in visit_examples'
/usr/local/rvm/gems/ruby-1.9.3-p392/gems/cucumber-1.2.3/lib/cucumber/ast/tree_walker.rb:163:in `broadcast'
/usr/local/rvm/gems/ruby-1.9.3-p392/gems/cucumber-1.2.3/lib/cucumber/ast/tree_walker.rb:72:in `visit_examples'
/usr/local/rvm/gems/ruby-1.9.3-p392/gems/cucumber-1.2.3/lib/cucumber/ast/scenario_outline.rb:14:in `block in accept'
/usr/local/rvm/gems/ruby-1.9.3-p392/gems/cucumber-1.2.3/lib/cucumber/ast/scenario_outline.rb:13:in `each'
/usr/local/rvm/gems/ruby-1.9.3-p392/gems/cucumber-1.2.3/lib/cucumber/ast/scenario_outline.rb:13:in `accept'
/usr/local/rvm/gems/ruby-1.9.3-p392/gems/cucumber-1.2.3/lib/cucumber/ast/tree_walker.rb:67:in `block in visit_examples_array'
/usr/local/rvm/gems/ruby-1.9.3-p392/gems/cucumber-1.2.3/lib/cucumber/ast/tree_walker.rb:163:in `broadcast'
/usr/local/rvm/gems/ruby-1.9.3-p392/gems/cucumber-1.2.3/lib/cucumber/ast/tree_walker.rb:66:in `visit_examples_array'
/usr/local/rvm/gems/ruby-1.9.3-p392/gems/cucumber-1.2.3/lib/cucumber/ast/scenario_outline.rb:68:in `accept'
/usr/local/rvm/gems/ruby-1.9.3-p392/gems/cucumber-1.2.3/lib/cucumber/ast/tree_walker.rb:51:in `block in visit_feature_element'
/usr/local/rvm/gems/ruby-1.9.3-p392/gems/cucumber-1.2.3/lib/cucumber/ast/tree_walker.rb:163:in `broadcast'
/usr/local/rvm/gems/ruby-1.9.3-p392/gems/cucumber-1.2.3/lib/cucumber/ast/tree_walker.rb:50:in `visit_feature_element'
/usr/local/rvm/gems/ruby-1.9.3-p392/gems/cucumber-1.2.3/lib/cucumber/ast/feature.rb:43:in `block in accept'
/usr/local/rvm/gems/ruby-1.9.3-p392/gems/cucumber-1.2.3/lib/cucumber/ast/feature.rb:42:in `each'
/usr/local/rvm/gems/ruby-1.9.3-p392/gems/cucumber-1.2.3/lib/cucumber/ast/feature.rb:42:in `accept'
/usr/local/rvm/gems/ruby-1.9.3-p392/gems/cucumber-1.2.3/lib/cucumber/ast/tree_walker.rb:20:in `block in visit_feature'
/usr/local/rvm/gems/ruby-1.9.3-p392/gems/cucumber-1.2.3/lib/cucumber/ast/tree_walker.rb:163:in `broadcast'
/usr/local/rvm/gems/ruby-1.9.3-p392/gems/cucumber-1.2.3/lib/cucumber/ast/tree_walker.rb:19:in `visit_feature'
/usr/local/rvm/gems/ruby-1.9.3-p392/gems/cucumber-1.2.3/lib/cucumber/ast/features.rb:29:in `block in accept'
/usr/local/rvm/gems/ruby-1.9.3-p392/gems/cucumber-1.2.3/lib/cucumber/ast/features.rb:17:in `each'
/usr/local/rvm/gems/ruby-1.9.3-p392/gems/cucumber-1.2.3/lib/cucumber/ast/features.rb:17:in `each'
/usr/local/rvm/gems/ruby-1.9.3-p392/gems/cucumber-1.2.3/lib/cucumber/ast/features.rb:28:in `accept'
/usr/local/rvm/gems/ruby-1.9.3-p392/gems/cucumber-1.2.3/lib/cucumber/ast/tree_walker.rb:14:in `block in visit_features'
/usr/local/rvm/gems/ruby-1.9.3-p392/gems/cucumber-1.2.3/lib/cucumber/ast/tree_walker.rb:163:in `broadcast'
/usr/local/rvm/gems/ruby-1.9.3-p392/gems/cucumber-1.2.3/lib/cucumber/ast/tree_walker.rb:13:in `visit_features'
/usr/local/rvm/gems/ruby-1.9.3-p392/gems/cucumber-1.2.3/lib/cucumber/runtime.rb:47:in `run!'
/usr/local/rvm/gems/ruby-1.9.3-p392/gems/cucumber-1.2.3/lib/cucumber/cli/main.rb:43:in `execute!'
/usr/local/rvm/gems/ruby-1.9.3-p392/gems/cucumber-1.2.3/lib/cucumber/cli/main.rb:20:in `execute'
/usr/local/rvm/gems/ruby-1.9.3-p392/gems/cucumber-1.2.3/bin/cucumber:14:in `<top (required)>'
/usr/local/rvm/gems/ruby-1.9.3-p392/bin/cucumber:19:in `load'
/usr/local/rvm/gems/ruby-1.9.3-p392/bin/cucumber:19:in `<main>'
/usr/local/rvm/gems/ruby-1.9.3-p392/bin/ruby_noexec_wrapper:14:in `eval'
/usr/local/rvm/gems/ruby-1.9.3-p392/bin/ruby_noexec_wrapper:14:in `<main>'
features/login.feature:64:in `Given I open '<service>' site for the opco '<opco>' in a logged out state']]>
  </failure>
  <system-out/>
  <system-err/>
</testcase>
<testcase classname="LOGIN" name="Group Logout (outline example : | za | mobileprotect | usual_msisdn_2 | usual_password |)" time="0.432372">
  <failure message="failed Group Logout (outline example : | za | mobileprotect | usual_msisdn_2 | usual_password |)" type="failed">
    <![CDATA[Scenario Outline: Group Logout

Example row: | gb | music | usual_msisdn_2 | usual_password |

Message:
Example row: | ie | contacts | usual_msisdn_2 | usual_password |

Message:
Example row: | ie | nwab | usual_msisdn_2 | usual_password |

Message:
Example row: | ie | contentbackup | usual_msisdn_2 | usual_password |

Message:
Example row: | ie | music | usual_msisdn_2 | usual_password |

Message:
Example row: | it | music | usual_msisdn_2 | usual_password |

Message:
Example row: | it | contacts | usual_msisdn_2 | usual_password |

Message:
Example row: | it | nwab | usual_msisdn_2 | usual_password |

Message:
Example row: | it | contentbackup | usual_msisdn_2 | usual_password |

Message:
Example row: | it | mobileprotect | usual_msisdn_2 | usual_password |

Message:
Example row: | gr | music | usual_msisdn_2 | usual_password |

Message:
Example row: | gr | contacts | usual_msisdn_2 | usual_password |

Message:
Example row: | gr | cloud | usual_msisdn_2 | usual_password |

Message:
Example row: | gr | contentbackup | usual_msisdn_2 | usual_password |

Message:
Example row: | nl | music | usual_msisdn_2 | usual_password |

Message:
Example row: | nl | contentbackup | usual_msisdn_2 | usual_password |

Message:
Example row: | es | music | usual_msisdn_2 | usual_password |

Message:
Example row: | de | contentbackup | usual_msisdn_2 | usual_password |

Message:
Example row: | hr | contacts | usual_msisdn_2 | usual_password |

Message:
Example row: | hr | contentbackup | usual_msisdn_2 | usual_password |

Message:
Example row: | hr | mobileprotect | usual_msisdn_2 | usual_password |

Message:
Example row: | bg | contacts | usual_msisdn_2 | usual_password |

Message:
Example row: | bg | contentbackup | usual_msisdn_2 | usual_password |

Message:
Example row: | bg | mobileprotect | usual_msisdn_2 | usual_password |

Message:
Example row: | za | mobileprotect | usual_msisdn_2 | usual_password |

Message:
]]>
    <![CDATA[unexpected response, code=404, content-type=""
unknown command: session/61a9d9f6391e38daf5d133be8708e330/element/name (Selenium::WebDriver::Error::WebDriverError)
/usr/local/rvm/gems/ruby-1.9.3-p392/gems/selenium-webdriver-2.31.0/lib/selenium/webdriver/remote/http/common.rb:66:in `create_response'
/usr/local/rvm/gems/ruby-1.9.3-p392/gems/selenium-webdriver-2.31.0/lib/selenium/webdriver/remote/http/default.rb:66:in `request'
/usr/local/rvm/gems/ruby-1.9.3-p392/gems/selenium-webdriver-2.31.0/lib/selenium/webdriver/remote/http/common.rb:40:in `call'
/usr/local/rvm/gems/ruby-1.9.3-p392/gems/selenium-webdriver-2.31.0/lib/selenium/webdriver/remote/bridge.rb:616:in `raw_execute'
/usr/local/rvm/gems/ruby-1.9.3-p392/gems/selenium-webdriver-2.31.0/lib/selenium/webdriver/remote/bridge.rb:594:in `execute'
/usr/local/rvm/gems/ruby-1.9.3-p392/gems/selenium-webdriver-2.31.0/lib/selenium/webdriver/remote/bridge.rb:493:in `getElementTagName'
/usr/local/rvm/gems/ruby-1.9.3-p392/gems/selenium-webdriver-2.31.0/lib/selenium/webdriver/common/element.rb:68:in `tag_name'
/usr/local/rvm/gems/ruby-1.9.3-p392/gems/watir-webdriver-0.6.2/lib/watir-webdriver/locators/element_locator.rb:387:in `validate_element'
/usr/local/rvm/gems/ruby-1.9.3-p392/gems/watir-webdriver-0.6.2/lib/watir-webdriver/locators/element_locator.rb:37:in `locate'
/usr/local/rvm/gems/ruby-1.9.3-p392/gems/watir-webdriver-0.6.2/lib/watir-webdriver/elements/element.rb:509:in `locate'
/usr/local/rvm/gems/ruby-1.9.3-p392/gems/watir-webdriver-0.6.2/lib/watir-webdriver/elements/element.rb:487:in `assert_exists'
/usr/local/rvm/gems/ruby-1.9.3-p392/gems/watir-webdriver-0.6.2/lib/watir-webdriver/elements/element.rb:118:in `click'
/Users/Subhash/git/automated_tests_web_login_app/features/pages/MockServicePage.rb:13:in `visit'
/Users/Subhash/git/automated_tests_web_login_app/features/step_definitions/loginapp_steps.rb:17:in `block in <top (required)>'
/usr/local/rvm/gems/ruby-1.9.3-p392/gems/cucumber-1.2.3/lib/cucumber/core_ext/instance_exec.rb:48:in `instance_exec'
/usr/local/rvm/gems/ruby-1.9.3-p392/gems/cucumber-1.2.3/lib/cucumber/core_ext/instance_exec.rb:48:in `block in cucumber_instance_exec'
/usr/local/rvm/gems/ruby-1.9.3-p392/gems/cucumber-1.2.3/lib/cucumber/core_ext/instance_exec.rb:69:in `cucumber_run_with_backtrace_filtering'
/usr/local/rvm/gems/ruby-1.9.3-p392/gems/cucumber-1.2.3/lib/cucumber/core_ext/instance_exec.rb:36:in `cucumber_instance_exec'
/usr/local/rvm/gems/ruby-1.9.3-p392/gems/cucumber-1.2.3/lib/cucumber/rb_support/rb_step_definition.rb:97:in `invoke'
/usr/local/rvm/gems/ruby-1.9.3-p392/gems/cucumber-1.2.3/lib/cucumber/step_match.rb:25:in `invoke'
/usr/local/rvm/gems/ruby-1.9.3-p392/gems/cucumber-1.2.3/lib/cucumber/ast/step_invocation.rb:60:in `invoke'
/usr/local/rvm/gems/ruby-1.9.3-p392/gems/cucumber-1.2.3/lib/cucumber/ast/outline_table.rb:119:in `block (2 levels) in accept_plain'
/usr/local/rvm/gems/ruby-1.9.3-p392/gems/cucumber-1.2.3/lib/cucumber/ast/step_collection.rb:37:in `each'
/usr/local/rvm/gems/ruby-1.9.3-p392/gems/cucumber-1.2.3/lib/cucumber/ast/step_collection.rb:37:in `each'
/usr/local/rvm/gems/ruby-1.9.3-p392/gems/cucumber-1.2.3/lib/cucumber/ast/outline_table.rb:118:in `block in accept_plain'
/usr/local/rvm/gems/ruby-1.9.3-p392/gems/cucumber-1.2.3/lib/cucumber/runtime.rb:81:in `block (2 levels) in with_hooks'
/usr/local/rvm/gems/ruby-1.9.3-p392/gems/cucumber-1.2.3/lib/cucumber/runtime.rb:97:in `before_and_after'
/usr/local/rvm/gems/ruby-1.9.3-p392/gems/cucumber-1.2.3/lib/cucumber/runtime.rb:80:in `block in with_hooks'
/usr/local/rvm/gems/ruby-1.9.3-p392/gems/cucumber-1.2.3/lib/cucumber/runtime/support_code.rb:120:in `call'
/usr/local/rvm/gems/ruby-1.9.3-p392/gems/cucumber-1.2.3/lib/cucumber/runtime/support_code.rb:120:in `block (3 levels) in around'
/usr/local/rvm/gems/ruby-1.9.3-p392/gems/cucumber-1.2.3/lib/cucumber/language_support/language_methods.rb:9:in `block in around'
/usr/local/rvm/gems/ruby-1.9.3-p392/gems/cucumber-1.2.3/lib/cucumber/language_support/language_methods.rb:91:in `call'
/usr/local/rvm/gems/ruby-1.9.3-p392/gems/cucumber-1.2.3/lib/cucumber/language_support/language_methods.rb:91:in `execute_around'
/usr/local/rvm/gems/ruby-1.9.3-p392/gems/cucumber-1.2.3/lib/cucumber/language_support/language_methods.rb:8:in `around'
/usr/local/rvm/gems/ruby-1.9.3-p392/gems/cucumber-1.2.3/lib/cucumber/runtime/support_code.rb:119:in `block (2 levels) in around'
/usr/local/rvm/gems/ruby-1.9.3-p392/gems/cucumber-1.2.3/lib/cucumber/runtime/support_code.rb:117:in `call'
/usr/local/rvm/gems/ruby-1.9.3-p392/gems/cucumber-1.2.3/lib/cucumber/runtime/support_code.rb:117:in `around'
/usr/local/rvm/gems/ruby-1.9.3-p392/gems/cucumber-1.2.3/lib/cucumber/runtime.rb:92:in `around'
/usr/local/rvm/gems/ruby-1.9.3-p392/gems/cucumber-1.2.3/lib/cucumber/runtime.rb:79:in `with_hooks'
/usr/local/rvm/gems/ruby-1.9.3-p392/gems/cucumber-1.2.3/lib/cucumber/ast/outline_table.rb:117:in `accept_plain'
/usr/local/rvm/gems/ruby-1.9.3-p392/gems/cucumber-1.2.3/lib/cucumber/ast/outline_table.rb:107:in `accept'
/usr/local/rvm/gems/ruby-1.9.3-p392/gems/cucumber-1.2.3/lib/cucumber/ast/tree_walker.rb:131:in `block in visit_table_row'
/usr/local/rvm/gems/ruby-1.9.3-p392/gems/cucumber-1.2.3/lib/cucumber/ast/tree_walker.rb:163:in `broadcast'
/usr/local/rvm/gems/ruby-1.9.3-p392/gems/cucumber-1.2.3/lib/cucumber/ast/tree_walker.rb:130:in `visit_table_row'
/usr/local/rvm/gems/ruby-1.9.3-p392/gems/cucumber-1.2.3/lib/cucumber/ast/outline_table.rb:27:in `block in accept'
/usr/local/rvm/gems/ruby-1.9.3-p392/gems/cucumber-1.2.3/lib/cucumber/ast/outline_table.rb:23:in `each'
/usr/local/rvm/gems/ruby-1.9.3-p392/gems/cucumber-1.2.3/lib/cucumber/ast/outline_table.rb:23:in `each_with_index'
/usr/local/rvm/gems/ruby-1.9.3-p392/gems/cucumber-1.2.3/lib/cucumber/ast/outline_table.rb:23:in `accept'
/usr/local/rvm/gems/ruby-1.9.3-p392/gems/cucumber-1.2.3/lib/cucumber/ast/tree_walker.rb:83:in `block in visit_outline_table'
/usr/local/rvm/gems/ruby-1.9.3-p392/gems/cucumber-1.2.3/lib/cucumber/ast/tree_walker.rb:163:in `broadcast'
/usr/local/rvm/gems/ruby-1.9.3-p392/gems/cucumber-1.2.3/lib/cucumber/ast/tree_walker.rb:82:in `visit_outline_table'
/usr/local/rvm/gems/ruby-1.9.3-p392/gems/cucumber-1.2.3/lib/cucumber/ast/examples.rb:22:in `accept'
/usr/local/rvm/gems/ruby-1.9.3-p392/gems/cucumber-1.2.3/lib/cucumber/ast/tree_walker.rb:73:in `block in visit_examples'
/usr/local/rvm/gems/ruby-1.9.3-p392/gems/cucumber-1.2.3/lib/cucumber/ast/tree_walker.rb:163:in `broadcast'
/usr/local/rvm/gems/ruby-1.9.3-p392/gems/cucumber-1.2.3/lib/cucumber/ast/tree_walker.rb:72:in `visit_examples'
/usr/local/rvm/gems/ruby-1.9.3-p392/gems/cucumber-1.2.3/lib/cucumber/ast/scenario_outline.rb:14:in `block in accept'
/usr/local/rvm/gems/ruby-1.9.3-p392/gems/cucumber-1.2.3/lib/cucumber/ast/scenario_outline.rb:13:in `each'
/usr/local/rvm/gems/ruby-1.9.3-p392/gems/cucumber-1.2.3/lib/cucumber/ast/scenario_outline.rb:13:in `accept'
/usr/local/rvm/gems/ruby-1.9.3-p392/gems/cucumber-1.2.3/lib/cucumber/ast/tree_walker.rb:67:in `block in visit_examples_array'
/usr/local/rvm/gems/ruby-1.9.3-p392/gems/cucumber-1.2.3/lib/cucumber/ast/tree_walker.rb:163:in `broadcast'
/usr/local/rvm/gems/ruby-1.9.3-p392/gems/cucumber-1.2.3/lib/cucumber/ast/tree_walker.rb:66:in `visit_examples_array'
/usr/local/rvm/gems/ruby-1.9.3-p392/gems/cucumber-1.2.3/lib/cucumber/ast/scenario_outline.rb:68:in `accept'
/usr/local/rvm/gems/ruby-1.9.3-p392/gems/cucumber-1.2.3/lib/cucumber/ast/tree_walker.rb:51:in `block in visit_feature_element'
/usr/local/rvm/gems/ruby-1.9.3-p392/gems/cucumber-1.2.3/lib/cucumber/ast/tree_walker.rb:163:in `broadcast'
/usr/local/rvm/gems/ruby-1.9.3-p392/gems/cucumber-1.2.3/lib/cucumber/ast/tree_walker.rb:50:in `visit_feature_element'
/usr/local/rvm/gems/ruby-1.9.3-p392/gems/cucumber-1.2.3/lib/cucumber/ast/feature.rb:43:in `block in accept'
/usr/local/rvm/gems/ruby-1.9.3-p392/gems/cucumber-1.2.3/lib/cucumber/ast/feature.rb:42:in `each'
/usr/local/rvm/gems/ruby-1.9.3-p392/gems/cucumber-1.2.3/lib/cucumber/ast/feature.rb:42:in `accept'
/usr/local/rvm/gems/ruby-1.9.3-p392/gems/cucumber-1.2.3/lib/cucumber/ast/tree_walker.rb:20:in `block in visit_feature'
/usr/local/rvm/gems/ruby-1.9.3-p392/gems/cucumber-1.2.3/lib/cucumber/ast/tree_walker.rb:163:in `broadcast'
/usr/local/rvm/gems/ruby-1.9.3-p392/gems/cucumber-1.2.3/lib/cucumber/ast/tree_walker.rb:19:in `visit_feature'
/usr/local/rvm/gems/ruby-1.9.3-p392/gems/cucumber-1.2.3/lib/cucumber/ast/features.rb:29:in `block in accept'
/usr/local/rvm/gems/ruby-1.9.3-p392/gems/cucumber-1.2.3/lib/cucumber/ast/features.rb:17:in `each'
/usr/local/rvm/gems/ruby-1.9.3-p392/gems/cucumber-1.2.3/lib/cucumber/ast/features.rb:17:in `each'
/usr/local/rvm/gems/ruby-1.9.3-p392/gems/cucumber-1.2.3/lib/cucumber/ast/features.rb:28:in `accept'
/usr/local/rvm/gems/ruby-1.9.3-p392/gems/cucumber-1.2.3/lib/cucumber/ast/tree_walker.rb:14:in `block in visit_features'
/usr/local/rvm/gems/ruby-1.9.3-p392/gems/cucumber-1.2.3/lib/cucumber/ast/tree_walker.rb:163:in `broadcast'
/usr/local/rvm/gems/ruby-1.9.3-p392/gems/cucumber-1.2.3/lib/cucumber/ast/tree_walker.rb:13:in `visit_features'
/usr/local/rvm/gems/ruby-1.9.3-p392/gems/cucumber-1.2.3/lib/cucumber/runtime.rb:47:in `run!'
/usr/local/rvm/gems/ruby-1.9.3-p392/gems/cucumber-1.2.3/lib/cucumber/cli/main.rb:43:in `execute!'
/usr/local/rvm/gems/ruby-1.9.3-p392/gems/cucumber-1.2.3/lib/cucumber/cli/main.rb:20:in `execute'
/usr/local/rvm/gems/ruby-1.9.3-p392/gems/cucumber-1.2.3/bin/cucumber:14:in `<top (required)>'
/usr/local/rvm/gems/ruby-1.9.3-p392/bin/cucumber:19:in `load'
/usr/local/rvm/gems/ruby-1.9.3-p392/bin/cucumber:19:in `<main>'
/usr/local/rvm/gems/ruby-1.9.3-p392/bin/ruby_noexec_wrapper:14:in `eval'
/usr/local/rvm/gems/ruby-1.9.3-p392/bin/ruby_noexec_wrapper:14:in `<main>'
features/login.feature:64:in `Given I open '<service>' site for the opco '<opco>' in a logged out state']]>
  </failure>
  <system-out/>
  <system-err/>
</testcase>
<testcase classname="LOGIN" name="Group Logout (outline example : | za | contacts | usual_msisdn_2 | usual_password |)" time="0.502947">
  <failure message="failed Group Logout (outline example : | za | contacts | usual_msisdn_2 | usual_password |)" type="failed">
    <![CDATA[Scenario Outline: Group Logout

Example row: | gb | music | usual_msisdn_2 | usual_password |

Message:
Example row: | ie | contacts | usual_msisdn_2 | usual_password |

Message:
Example row: | ie | nwab | usual_msisdn_2 | usual_password |

Message:
Example row: | ie | contentbackup | usual_msisdn_2 | usual_password |

Message:
Example row: | ie | music | usual_msisdn_2 | usual_password |

Message:
Example row: | it | music | usual_msisdn_2 | usual_password |

Message:
Example row: | it | contacts | usual_msisdn_2 | usual_password |

Message:
Example row: | it | nwab | usual_msisdn_2 | usual_password |

Message:
Example row: | it | contentbackup | usual_msisdn_2 | usual_password |

Message:
Example row: | it | mobileprotect | usual_msisdn_2 | usual_password |

Message:
Example row: | gr | music | usual_msisdn_2 | usual_password |

Message:
Example row: | gr | contacts | usual_msisdn_2 | usual_password |

Message:
Example row: | gr | cloud | usual_msisdn_2 | usual_password |

Message:
Example row: | gr | contentbackup | usual_msisdn_2 | usual_password |

Message:
Example row: | nl | music | usual_msisdn_2 | usual_password |

Message:
Example row: | nl | contentbackup | usual_msisdn_2 | usual_password |

Message:
Example row: | es | music | usual_msisdn_2 | usual_password |

Message:
Example row: | de | contentbackup | usual_msisdn_2 | usual_password |

Message:
Example row: | hr | contacts | usual_msisdn_2 | usual_password |

Message:
Example row: | hr | contentbackup | usual_msisdn_2 | usual_password |

Message:
Example row: | hr | mobileprotect | usual_msisdn_2 | usual_password |

Message:
Example row: | bg | contacts | usual_msisdn_2 | usual_password |

Message:
Example row: | bg | contentbackup | usual_msisdn_2 | usual_password |

Message:
Example row: | bg | mobileprotect | usual_msisdn_2 | usual_password |

Message:
Example row: | za | mobileprotect | usual_msisdn_2 | usual_password |

Message:
Example row: | za | contacts | usual_msisdn_2 | usual_password |

Message:
]]>
    <![CDATA[unexpected response, code=404, content-type=""
unknown command: session/61a9d9f6391e38daf5d133be8708e330/element/name (Selenium::WebDriver::Error::WebDriverError)
/usr/local/rvm/gems/ruby-1.9.3-p392/gems/selenium-webdriver-2.31.0/lib/selenium/webdriver/remote/http/common.rb:66:in `create_response'
/usr/local/rvm/gems/ruby-1.9.3-p392/gems/selenium-webdriver-2.31.0/lib/selenium/webdriver/remote/http/default.rb:66:in `request'
/usr/local/rvm/gems/ruby-1.9.3-p392/gems/selenium-webdriver-2.31.0/lib/selenium/webdriver/remote/http/common.rb:40:in `call'
/usr/local/rvm/gems/ruby-1.9.3-p392/gems/selenium-webdriver-2.31.0/lib/selenium/webdriver/remote/bridge.rb:616:in `raw_execute'
/usr/local/rvm/gems/ruby-1.9.3-p392/gems/selenium-webdriver-2.31.0/lib/selenium/webdriver/remote/bridge.rb:594:in `execute'
/usr/local/rvm/gems/ruby-1.9.3-p392/gems/selenium-webdriver-2.31.0/lib/selenium/webdriver/remote/bridge.rb:493:in `getElementTagName'
/usr/local/rvm/gems/ruby-1.9.3-p392/gems/selenium-webdriver-2.31.0/lib/selenium/webdriver/common/element.rb:68:in `tag_name'
/usr/local/rvm/gems/ruby-1.9.3-p392/gems/watir-webdriver-0.6.2/lib/watir-webdriver/locators/element_locator.rb:387:in `validate_element'
/usr/local/rvm/gems/ruby-1.9.3-p392/gems/watir-webdriver-0.6.2/lib/watir-webdriver/locators/element_locator.rb:37:in `locate'
/usr/local/rvm/gems/ruby-1.9.3-p392/gems/watir-webdriver-0.6.2/lib/watir-webdriver/elements/element.rb:509:in `locate'
/usr/local/rvm/gems/ruby-1.9.3-p392/gems/watir-webdriver-0.6.2/lib/watir-webdriver/elements/element.rb:487:in `assert_exists'
/usr/local/rvm/gems/ruby-1.9.3-p392/gems/watir-webdriver-0.6.2/lib/watir-webdriver/elements/element.rb:118:in `click'
/Users/Subhash/git/automated_tests_web_login_app/features/pages/MockServicePage.rb:13:in `visit'
/Users/Subhash/git/automated_tests_web_login_app/features/step_definitions/loginapp_steps.rb:17:in `block in <top (required)>'
/usr/local/rvm/gems/ruby-1.9.3-p392/gems/cucumber-1.2.3/lib/cucumber/core_ext/instance_exec.rb:48:in `instance_exec'
/usr/local/rvm/gems/ruby-1.9.3-p392/gems/cucumber-1.2.3/lib/cucumber/core_ext/instance_exec.rb:48:in `block in cucumber_instance_exec'
/usr/local/rvm/gems/ruby-1.9.3-p392/gems/cucumber-1.2.3/lib/cucumber/core_ext/instance_exec.rb:69:in `cucumber_run_with_backtrace_filtering'
/usr/local/rvm/gems/ruby-1.9.3-p392/gems/cucumber-1.2.3/lib/cucumber/core_ext/instance_exec.rb:36:in `cucumber_instance_exec'
/usr/local/rvm/gems/ruby-1.9.3-p392/gems/cucumber-1.2.3/lib/cucumber/rb_support/rb_step_definition.rb:97:in `invoke'
/usr/local/rvm/gems/ruby-1.9.3-p392/gems/cucumber-1.2.3/lib/cucumber/step_match.rb:25:in `invoke'
/usr/local/rvm/gems/ruby-1.9.3-p392/gems/cucumber-1.2.3/lib/cucumber/ast/step_invocation.rb:60:in `invoke'
/usr/local/rvm/gems/ruby-1.9.3-p392/gems/cucumber-1.2.3/lib/cucumber/ast/outline_table.rb:119:in `block (2 levels) in accept_plain'
/usr/local/rvm/gems/ruby-1.9.3-p392/gems/cucumber-1.2.3/lib/cucumber/ast/step_collection.rb:37:in `each'
/usr/local/rvm/gems/ruby-1.9.3-p392/gems/cucumber-1.2.3/lib/cucumber/ast/step_collection.rb:37:in `each'
/usr/local/rvm/gems/ruby-1.9.3-p392/gems/cucumber-1.2.3/lib/cucumber/ast/outline_table.rb:118:in `block in accept_plain'
/usr/local/rvm/gems/ruby-1.9.3-p392/gems/cucumber-1.2.3/lib/cucumber/runtime.rb:81:in `block (2 levels) in with_hooks'
/usr/local/rvm/gems/ruby-1.9.3-p392/gems/cucumber-1.2.3/lib/cucumber/runtime.rb:97:in `before_and_after'
/usr/local/rvm/gems/ruby-1.9.3-p392/gems/cucumber-1.2.3/lib/cucumber/runtime.rb:80:in `block in with_hooks'
/usr/local/rvm/gems/ruby-1.9.3-p392/gems/cucumber-1.2.3/lib/cucumber/runtime/support_code.rb:120:in `call'
/usr/local/rvm/gems/ruby-1.9.3-p392/gems/cucumber-1.2.3/lib/cucumber/runtime/support_code.rb:120:in `block (3 levels) in around'
/usr/local/rvm/gems/ruby-1.9.3-p392/gems/cucumber-1.2.3/lib/cucumber/language_support/language_methods.rb:9:in `block in around'
/usr/local/rvm/gems/ruby-1.9.3-p392/gems/cucumber-1.2.3/lib/cucumber/language_support/language_methods.rb:91:in `call'
/usr/local/rvm/gems/ruby-1.9.3-p392/gems/cucumber-1.2.3/lib/cucumber/language_support/language_methods.rb:91:in `execute_around'
/usr/local/rvm/gems/ruby-1.9.3-p392/gems/cucumber-1.2.3/lib/cucumber/language_support/language_methods.rb:8:in `around'
/usr/local/rvm/gems/ruby-1.9.3-p392/gems/cucumber-1.2.3/lib/cucumber/runtime/support_code.rb:119:in `block (2 levels) in around'
/usr/local/rvm/gems/ruby-1.9.3-p392/gems/cucumber-1.2.3/lib/cucumber/runtime/support_code.rb:117:in `call'
/usr/local/rvm/gems/ruby-1.9.3-p392/gems/cucumber-1.2.3/lib/cucumber/runtime/support_code.rb:117:in `around'
/usr/local/rvm/gems/ruby-1.9.3-p392/gems/cucumber-1.2.3/lib/cucumber/runtime.rb:92:in `around'
/usr/local/rvm/gems/ruby-1.9.3-p392/gems/cucumber-1.2.3/lib/cucumber/runtime.rb:79:in `with_hooks'
/usr/local/rvm/gems/ruby-1.9.3-p392/gems/cucumber-1.2.3/lib/cucumber/ast/outline_table.rb:117:in `accept_plain'
/usr/local/rvm/gems/ruby-1.9.3-p392/gems/cucumber-1.2.3/lib/cucumber/ast/outline_table.rb:107:in `accept'
/usr/local/rvm/gems/ruby-1.9.3-p392/gems/cucumber-1.2.3/lib/cucumber/ast/tree_walker.rb:131:in `block in visit_table_row'
/usr/local/rvm/gems/ruby-1.9.3-p392/gems/cucumber-1.2.3/lib/cucumber/ast/tree_walker.rb:163:in `broadcast'
/usr/local/rvm/gems/ruby-1.9.3-p392/gems/cucumber-1.2.3/lib/cucumber/ast/tree_walker.rb:130:in `visit_table_row'
/usr/local/rvm/gems/ruby-1.9.3-p392/gems/cucumber-1.2.3/lib/cucumber/ast/outline_table.rb:27:in `block in accept'
/usr/local/rvm/gems/ruby-1.9.3-p392/gems/cucumber-1.2.3/lib/cucumber/ast/outline_table.rb:23:in `each'
/usr/local/rvm/gems/ruby-1.9.3-p392/gems/cucumber-1.2.3/lib/cucumber/ast/outline_table.rb:23:in `each_with_index'
/usr/local/rvm/gems/ruby-1.9.3-p392/gems/cucumber-1.2.3/lib/cucumber/ast/outline_table.rb:23:in `accept'
/usr/local/rvm/gems/ruby-1.9.3-p392/gems/cucumber-1.2.3/lib/cucumber/ast/tree_walker.rb:83:in `block in visit_outline_table'
/usr/local/rvm/gems/ruby-1.9.3-p392/gems/cucumber-1.2.3/lib/cucumber/ast/tree_walker.rb:163:in `broadcast'
/usr/local/rvm/gems/ruby-1.9.3-p392/gems/cucumber-1.2.3/lib/cucumber/ast/tree_walker.rb:82:in `visit_outline_table'
/usr/local/rvm/gems/ruby-1.9.3-p392/gems/cucumber-1.2.3/lib/cucumber/ast/examples.rb:22:in `accept'
/usr/local/rvm/gems/ruby-1.9.3-p392/gems/cucumber-1.2.3/lib/cucumber/ast/tree_walker.rb:73:in `block in visit_examples'
/usr/local/rvm/gems/ruby-1.9.3-p392/gems/cucumber-1.2.3/lib/cucumber/ast/tree_walker.rb:163:in `broadcast'
/usr/local/rvm/gems/ruby-1.9.3-p392/gems/cucumber-1.2.3/lib/cucumber/ast/tree_walker.rb:72:in `visit_examples'
/usr/local/rvm/gems/ruby-1.9.3-p392/gems/cucumber-1.2.3/lib/cucumber/ast/scenario_outline.rb:14:in `block in accept'
/usr/local/rvm/gems/ruby-1.9.3-p392/gems/cucumber-1.2.3/lib/cucumber/ast/scenario_outline.rb:13:in `each'
/usr/local/rvm/gems/ruby-1.9.3-p392/gems/cucumber-1.2.3/lib/cucumber/ast/scenario_outline.rb:13:in `accept'
/usr/local/rvm/gems/ruby-1.9.3-p392/gems/cucumber-1.2.3/lib/cucumber/ast/tree_walker.rb:67:in `block in visit_examples_array'
/usr/local/rvm/gems/ruby-1.9.3-p392/gems/cucumber-1.2.3/lib/cucumber/ast/tree_walker.rb:163:in `broadcast'
/usr/local/rvm/gems/ruby-1.9.3-p392/gems/cucumber-1.2.3/lib/cucumber/ast/tree_walker.rb:66:in `visit_examples_array'
/usr/local/rvm/gems/ruby-1.9.3-p392/gems/cucumber-1.2.3/lib/cucumber/ast/scenario_outline.rb:68:in `accept'
/usr/local/rvm/gems/ruby-1.9.3-p392/gems/cucumber-1.2.3/lib/cucumber/ast/tree_walker.rb:51:in `block in visit_feature_element'
/usr/local/rvm/gems/ruby-1.9.3-p392/gems/cucumber-1.2.3/lib/cucumber/ast/tree_walker.rb:163:in `broadcast'
/usr/local/rvm/gems/ruby-1.9.3-p392/gems/cucumber-1.2.3/lib/cucumber/ast/tree_walker.rb:50:in `visit_feature_element'
/usr/local/rvm/gems/ruby-1.9.3-p392/gems/cucumber-1.2.3/lib/cucumber/ast/feature.rb:43:in `block in accept'
/usr/local/rvm/gems/ruby-1.9.3-p392/gems/cucumber-1.2.3/lib/cucumber/ast/feature.rb:42:in `each'
/usr/local/rvm/gems/ruby-1.9.3-p392/gems/cucumber-1.2.3/lib/cucumber/ast/feature.rb:42:in `accept'
/usr/local/rvm/gems/ruby-1.9.3-p392/gems/cucumber-1.2.3/lib/cucumber/ast/tree_walker.rb:20:in `block in visit_feature'
/usr/local/rvm/gems/ruby-1.9.3-p392/gems/cucumber-1.2.3/lib/cucumber/ast/tree_walker.rb:163:in `broadcast'
/usr/local/rvm/gems/ruby-1.9.3-p392/gems/cucumber-1.2.3/lib/cucumber/ast/tree_walker.rb:19:in `visit_feature'
/usr/local/rvm/gems/ruby-1.9.3-p392/gems/cucumber-1.2.3/lib/cucumber/ast/features.rb:29:in `block in accept'
/usr/local/rvm/gems/ruby-1.9.3-p392/gems/cucumber-1.2.3/lib/cucumber/ast/features.rb:17:in `each'
/usr/local/rvm/gems/ruby-1.9.3-p392/gems/cucumber-1.2.3/lib/cucumber/ast/features.rb:17:in `each'
/usr/local/rvm/gems/ruby-1.9.3-p392/gems/cucumber-1.2.3/lib/cucumber/ast/features.rb:28:in `accept'
/usr/local/rvm/gems/ruby-1.9.3-p392/gems/cucumber-1.2.3/lib/cucumber/ast/tree_walker.rb:14:in `block in visit_features'
/usr/local/rvm/gems/ruby-1.9.3-p392/gems/cucumber-1.2.3/lib/cucumber/ast/tree_walker.rb:163:in `broadcast'
/usr/local/rvm/gems/ruby-1.9.3-p392/gems/cucumber-1.2.3/lib/cucumber/ast/tree_walker.rb:13:in `visit_features'
/usr/local/rvm/gems/ruby-1.9.3-p392/gems/cucumber-1.2.3/lib/cucumber/runtime.rb:47:in `run!'
/usr/local/rvm/gems/ruby-1.9.3-p392/gems/cucumber-1.2.3/lib/cucumber/cli/main.rb:43:in `execute!'
/usr/local/rvm/gems/ruby-1.9.3-p392/gems/cucumber-1.2.3/lib/cucumber/cli/main.rb:20:in `execute'
/usr/local/rvm/gems/ruby-1.9.3-p392/gems/cucumber-1.2.3/bin/cucumber:14:in `<top (required)>'
/usr/local/rvm/gems/ruby-1.9.3-p392/bin/cucumber:19:in `load'
/usr/local/rvm/gems/ruby-1.9.3-p392/bin/cucumber:19:in `<main>'
/usr/local/rvm/gems/ruby-1.9.3-p392/bin/ruby_noexec_wrapper:14:in `eval'
/usr/local/rvm/gems/ruby-1.9.3-p392/bin/ruby_noexec_wrapper:14:in `<main>'
features/login.feature:64:in `Given I open '<service>' site for the opco '<opco>' in a logged out state']]>
  </failure>
  <system-out/>
  <system-err/>
</testcase>
<testcase classname="LOGIN" name="Group Logout (outline example : | za | contentbackup | usual_msisdn_2 | usual_password |)" time="0.416190">
  <failure message="failed Group Logout (outline example : | za | contentbackup | usual_msisdn_2 | usual_password |)" type="failed">
    <![CDATA[Scenario Outline: Group Logout

Example row: | gb | music | usual_msisdn_2 | usual_password |

Message:
Example row: | ie | contacts | usual_msisdn_2 | usual_password |

Message:
Example row: | ie | nwab | usual_msisdn_2 | usual_password |

Message:
Example row: | ie | contentbackup | usual_msisdn_2 | usual_password |

Message:
Example row: | ie | music | usual_msisdn_2 | usual_password |

Message:
Example row: | it | music | usual_msisdn_2 | usual_password |

Message:
Example row: | it | contacts | usual_msisdn_2 | usual_password |

Message:
Example row: | it | nwab | usual_msisdn_2 | usual_password |

Message:
Example row: | it | contentbackup | usual_msisdn_2 | usual_password |

Message:
Example row: | it | mobileprotect | usual_msisdn_2 | usual_password |

Message:
Example row: | gr | music | usual_msisdn_2 | usual_password |

Message:
Example row: | gr | contacts | usual_msisdn_2 | usual_password |

Message:
Example row: | gr | cloud | usual_msisdn_2 | usual_password |

Message:
Example row: | gr | contentbackup | usual_msisdn_2 | usual_password |

Message:
Example row: | nl | music | usual_msisdn_2 | usual_password |

Message:
Example row: | nl | contentbackup | usual_msisdn_2 | usual_password |

Message:
Example row: | es | music | usual_msisdn_2 | usual_password |

Message:
Example row: | de | contentbackup | usual_msisdn_2 | usual_password |

Message:
Example row: | hr | contacts | usual_msisdn_2 | usual_password |

Message:
Example row: | hr | contentbackup | usual_msisdn_2 | usual_password |

Message:
Example row: | hr | mobileprotect | usual_msisdn_2 | usual_password |

Message:
Example row: | bg | contacts | usual_msisdn_2 | usual_password |

Message:
Example row: | bg | contentbackup | usual_msisdn_2 | usual_password |

Message:
Example row: | bg | mobileprotect | usual_msisdn_2 | usual_password |

Message:
Example row: | za | mobileprotect | usual_msisdn_2 | usual_password |

Message:
Example row: | za | contacts | usual_msisdn_2 | usual_password |

Message:
Example row: | za | contentbackup | usual_msisdn_2 | usual_password |

Message:
]]>
    <![CDATA[unexpected response, code=404, content-type=""
unknown command: session/61a9d9f6391e38daf5d133be8708e330/element/name (Selenium::WebDriver::Error::WebDriverError)
/usr/local/rvm/gems/ruby-1.9.3-p392/gems/selenium-webdriver-2.31.0/lib/selenium/webdriver/remote/http/common.rb:66:in `create_response'
/usr/local/rvm/gems/ruby-1.9.3-p392/gems/selenium-webdriver-2.31.0/lib/selenium/webdriver/remote/http/default.rb:66:in `request'
/usr/local/rvm/gems/ruby-1.9.3-p392/gems/selenium-webdriver-2.31.0/lib/selenium/webdriver/remote/http/common.rb:40:in `call'
/usr/local/rvm/gems/ruby-1.9.3-p392/gems/selenium-webdriver-2.31.0/lib/selenium/webdriver/remote/bridge.rb:616:in `raw_execute'
/usr/local/rvm/gems/ruby-1.9.3-p392/gems/selenium-webdriver-2.31.0/lib/selenium/webdriver/remote/bridge.rb:594:in `execute'
/usr/local/rvm/gems/ruby-1.9.3-p392/gems/selenium-webdriver-2.31.0/lib/selenium/webdriver/remote/bridge.rb:493:in `getElementTagName'
/usr/local/rvm/gems/ruby-1.9.3-p392/gems/selenium-webdriver-2.31.0/lib/selenium/webdriver/common/element.rb:68:in `tag_name'
/usr/local/rvm/gems/ruby-1.9.3-p392/gems/watir-webdriver-0.6.2/lib/watir-webdriver/locators/element_locator.rb:387:in `validate_element'
/usr/local/rvm/gems/ruby-1.9.3-p392/gems/watir-webdriver-0.6.2/lib/watir-webdriver/locators/element_locator.rb:37:in `locate'
/usr/local/rvm/gems/ruby-1.9.3-p392/gems/watir-webdriver-0.6.2/lib/watir-webdriver/elements/element.rb:509:in `locate'
/usr/local/rvm/gems/ruby-1.9.3-p392/gems/watir-webdriver-0.6.2/lib/watir-webdriver/elements/element.rb:487:in `assert_exists'
/usr/local/rvm/gems/ruby-1.9.3-p392/gems/watir-webdriver-0.6.2/lib/watir-webdriver/elements/element.rb:118:in `click'
/Users/Subhash/git/automated_tests_web_login_app/features/pages/MockServicePage.rb:13:in `visit'
/Users/Subhash/git/automated_tests_web_login_app/features/step_definitions/loginapp_steps.rb:17:in `block in <top (required)>'
/usr/local/rvm/gems/ruby-1.9.3-p392/gems/cucumber-1.2.3/lib/cucumber/core_ext/instance_exec.rb:48:in `instance_exec'
/usr/local/rvm/gems/ruby-1.9.3-p392/gems/cucumber-1.2.3/lib/cucumber/core_ext/instance_exec.rb:48:in `block in cucumber_instance_exec'
/usr/local/rvm/gems/ruby-1.9.3-p392/gems/cucumber-1.2.3/lib/cucumber/core_ext/instance_exec.rb:69:in `cucumber_run_with_backtrace_filtering'
/usr/local/rvm/gems/ruby-1.9.3-p392/gems/cucumber-1.2.3/lib/cucumber/core_ext/instance_exec.rb:36:in `cucumber_instance_exec'
/usr/local/rvm/gems/ruby-1.9.3-p392/gems/cucumber-1.2.3/lib/cucumber/rb_support/rb_step_definition.rb:97:in `invoke'
/usr/local/rvm/gems/ruby-1.9.3-p392/gems/cucumber-1.2.3/lib/cucumber/step_match.rb:25:in `invoke'
/usr/local/rvm/gems/ruby-1.9.3-p392/gems/cucumber-1.2.3/lib/cucumber/ast/step_invocation.rb:60:in `invoke'
/usr/local/rvm/gems/ruby-1.9.3-p392/gems/cucumber-1.2.3/lib/cucumber/ast/outline_table.rb:119:in `block (2 levels) in accept_plain'
/usr/local/rvm/gems/ruby-1.9.3-p392/gems/cucumber-1.2.3/lib/cucumber/ast/step_collection.rb:37:in `each'
/usr/local/rvm/gems/ruby-1.9.3-p392/gems/cucumber-1.2.3/lib/cucumber/ast/step_collection.rb:37:in `each'
/usr/local/rvm/gems/ruby-1.9.3-p392/gems/cucumber-1.2.3/lib/cucumber/ast/outline_table.rb:118:in `block in accept_plain'
/usr/local/rvm/gems/ruby-1.9.3-p392/gems/cucumber-1.2.3/lib/cucumber/runtime.rb:81:in `block (2 levels) in with_hooks'
/usr/local/rvm/gems/ruby-1.9.3-p392/gems/cucumber-1.2.3/lib/cucumber/runtime.rb:97:in `before_and_after'
/usr/local/rvm/gems/ruby-1.9.3-p392/gems/cucumber-1.2.3/lib/cucumber/runtime.rb:80:in `block in with_hooks'
/usr/local/rvm/gems/ruby-1.9.3-p392/gems/cucumber-1.2.3/lib/cucumber/runtime/support_code.rb:120:in `call'
/usr/local/rvm/gems/ruby-1.9.3-p392/gems/cucumber-1.2.3/lib/cucumber/runtime/support_code.rb:120:in `block (3 levels) in around'
/usr/local/rvm/gems/ruby-1.9.3-p392/gems/cucumber-1.2.3/lib/cucumber/language_support/language_methods.rb:9:in `block in around'
/usr/local/rvm/gems/ruby-1.9.3-p392/gems/cucumber-1.2.3/lib/cucumber/language_support/language_methods.rb:91:in `call'
/usr/local/rvm/gems/ruby-1.9.3-p392/gems/cucumber-1.2.3/lib/cucumber/language_support/language_methods.rb:91:in `execute_around'
/usr/local/rvm/gems/ruby-1.9.3-p392/gems/cucumber-1.2.3/lib/cucumber/language_support/language_methods.rb:8:in `around'
/usr/local/rvm/gems/ruby-1.9.3-p392/gems/cucumber-1.2.3/lib/cucumber/runtime/support_code.rb:119:in `block (2 levels) in around'
/usr/local/rvm/gems/ruby-1.9.3-p392/gems/cucumber-1.2.3/lib/cucumber/runtime/support_code.rb:117:in `call'
/usr/local/rvm/gems/ruby-1.9.3-p392/gems/cucumber-1.2.3/lib/cucumber/runtime/support_code.rb:117:in `around'
/usr/local/rvm/gems/ruby-1.9.3-p392/gems/cucumber-1.2.3/lib/cucumber/runtime.rb:92:in `around'
/usr/local/rvm/gems/ruby-1.9.3-p392/gems/cucumber-1.2.3/lib/cucumber/runtime.rb:79:in `with_hooks'
/usr/local/rvm/gems/ruby-1.9.3-p392/gems/cucumber-1.2.3/lib/cucumber/ast/outline_table.rb:117:in `accept_plain'
/usr/local/rvm/gems/ruby-1.9.3-p392/gems/cucumber-1.2.3/lib/cucumber/ast/outline_table.rb:107:in `accept'
/usr/local/rvm/gems/ruby-1.9.3-p392/gems/cucumber-1.2.3/lib/cucumber/ast/tree_walker.rb:131:in `block in visit_table_row'
/usr/local/rvm/gems/ruby-1.9.3-p392/gems/cucumber-1.2.3/lib/cucumber/ast/tree_walker.rb:163:in `broadcast'
/usr/local/rvm/gems/ruby-1.9.3-p392/gems/cucumber-1.2.3/lib/cucumber/ast/tree_walker.rb:130:in `visit_table_row'
/usr/local/rvm/gems/ruby-1.9.3-p392/gems/cucumber-1.2.3/lib/cucumber/ast/outline_table.rb:27:in `block in accept'
/usr/local/rvm/gems/ruby-1.9.3-p392/gems/cucumber-1.2.3/lib/cucumber/ast/outline_table.rb:23:in `each'
/usr/local/rvm/gems/ruby-1.9.3-p392/gems/cucumber-1.2.3/lib/cucumber/ast/outline_table.rb:23:in `each_with_index'
/usr/local/rvm/gems/ruby-1.9.3-p392/gems/cucumber-1.2.3/lib/cucumber/ast/outline_table.rb:23:in `accept'
/usr/local/rvm/gems/ruby-1.9.3-p392/gems/cucumber-1.2.3/lib/cucumber/ast/tree_walker.rb:83:in `block in visit_outline_table'
/usr/local/rvm/gems/ruby-1.9.3-p392/gems/cucumber-1.2.3/lib/cucumber/ast/tree_walker.rb:163:in `broadcast'
/usr/local/rvm/gems/ruby-1.9.3-p392/gems/cucumber-1.2.3/lib/cucumber/ast/tree_walker.rb:82:in `visit_outline_table'
/usr/local/rvm/gems/ruby-1.9.3-p392/gems/cucumber-1.2.3/lib/cucumber/ast/examples.rb:22:in `accept'
/usr/local/rvm/gems/ruby-1.9.3-p392/gems/cucumber-1.2.3/lib/cucumber/ast/tree_walker.rb:73:in `block in visit_examples'
/usr/local/rvm/gems/ruby-1.9.3-p392/gems/cucumber-1.2.3/lib/cucumber/ast/tree_walker.rb:163:in `broadcast'
/usr/local/rvm/gems/ruby-1.9.3-p392/gems/cucumber-1.2.3/lib/cucumber/ast/tree_walker.rb:72:in `visit_examples'
/usr/local/rvm/gems/ruby-1.9.3-p392/gems/cucumber-1.2.3/lib/cucumber/ast/scenario_outline.rb:14:in `block in accept'
/usr/local/rvm/gems/ruby-1.9.3-p392/gems/cucumber-1.2.3/lib/cucumber/ast/scenario_outline.rb:13:in `each'
/usr/local/rvm/gems/ruby-1.9.3-p392/gems/cucumber-1.2.3/lib/cucumber/ast/scenario_outline.rb:13:in `accept'
/usr/local/rvm/gems/ruby-1.9.3-p392/gems/cucumber-1.2.3/lib/cucumber/ast/tree_walker.rb:67:in `block in visit_examples_array'
/usr/local/rvm/gems/ruby-1.9.3-p392/gems/cucumber-1.2.3/lib/cucumber/ast/tree_walker.rb:163:in `broadcast'
/usr/local/rvm/gems/ruby-1.9.3-p392/gems/cucumber-1.2.3/lib/cucumber/ast/tree_walker.rb:66:in `visit_examples_array'
/usr/local/rvm/gems/ruby-1.9.3-p392/gems/cucumber-1.2.3/lib/cucumber/ast/scenario_outline.rb:68:in `accept'
/usr/local/rvm/gems/ruby-1.9.3-p392/gems/cucumber-1.2.3/lib/cucumber/ast/tree_walker.rb:51:in `block in visit_feature_element'
/usr/local/rvm/gems/ruby-1.9.3-p392/gems/cucumber-1.2.3/lib/cucumber/ast/tree_walker.rb:163:in `broadcast'
/usr/local/rvm/gems/ruby-1.9.3-p392/gems/cucumber-1.2.3/lib/cucumber/ast/tree_walker.rb:50:in `visit_feature_element'
/usr/local/rvm/gems/ruby-1.9.3-p392/gems/cucumber-1.2.3/lib/cucumber/ast/feature.rb:43:in `block in accept'
/usr/local/rvm/gems/ruby-1.9.3-p392/gems/cucumber-1.2.3/lib/cucumber/ast/feature.rb:42:in `each'
/usr/local/rvm/gems/ruby-1.9.3-p392/gems/cucumber-1.2.3/lib/cucumber/ast/feature.rb:42:in `accept'
/usr/local/rvm/gems/ruby-1.9.3-p392/gems/cucumber-1.2.3/lib/cucumber/ast/tree_walker.rb:20:in `block in visit_feature'
/usr/local/rvm/gems/ruby-1.9.3-p392/gems/cucumber-1.2.3/lib/cucumber/ast/tree_walker.rb:163:in `broadcast'
/usr/local/rvm/gems/ruby-1.9.3-p392/gems/cucumber-1.2.3/lib/cucumber/ast/tree_walker.rb:19:in `visit_feature'
/usr/local/rvm/gems/ruby-1.9.3-p392/gems/cucumber-1.2.3/lib/cucumber/ast/features.rb:29:in `block in accept'
/usr/local/rvm/gems/ruby-1.9.3-p392/gems/cucumber-1.2.3/lib/cucumber/ast/features.rb:17:in `each'
/usr/local/rvm/gems/ruby-1.9.3-p392/gems/cucumber-1.2.3/lib/cucumber/ast/features.rb:17:in `each'
/usr/local/rvm/gems/ruby-1.9.3-p392/gems/cucumber-1.2.3/lib/cucumber/ast/features.rb:28:in `accept'
/usr/local/rvm/gems/ruby-1.9.3-p392/gems/cucumber-1.2.3/lib/cucumber/ast/tree_walker.rb:14:in `block in visit_features'
/usr/local/rvm/gems/ruby-1.9.3-p392/gems/cucumber-1.2.3/lib/cucumber/ast/tree_walker.rb:163:in `broadcast'
/usr/local/rvm/gems/ruby-1.9.3-p392/gems/cucumber-1.2.3/lib/cucumber/ast/tree_walker.rb:13:in `visit_features'
/usr/local/rvm/gems/ruby-1.9.3-p392/gems/cucumber-1.2.3/lib/cucumber/runtime.rb:47:in `run!'
/usr/local/rvm/gems/ruby-1.9.3-p392/gems/cucumber-1.2.3/lib/cucumber/cli/main.rb:43:in `execute!'
/usr/local/rvm/gems/ruby-1.9.3-p392/gems/cucumber-1.2.3/lib/cucumber/cli/main.rb:20:in `execute'
/usr/local/rvm/gems/ruby-1.9.3-p392/gems/cucumber-1.2.3/bin/cucumber:14:in `<top (required)>'
/usr/local/rvm/gems/ruby-1.9.3-p392/bin/cucumber:19:in `load'
/usr/local/rvm/gems/ruby-1.9.3-p392/bin/cucumber:19:in `<main>'
/usr/local/rvm/gems/ruby-1.9.3-p392/bin/ruby_noexec_wrapper:14:in `eval'
/usr/local/rvm/gems/ruby-1.9.3-p392/bin/ruby_noexec_wrapper:14:in `<main>'
features/login.feature:64:in `Given I open '<service>' site for the opco '<opco>' in a logged out state']]>
  </failure>
  <system-out/>
  <system-err/>
</testcase>
<testcase classname="LOGIN" name="PT Login Wrong Credentials (outline example : | mobileprotect | PT_number_1 | 123456 |)" time="0.413300">
  <failure message="failed PT Login Wrong Credentials (outline example : | mobileprotect | PT_number_1 | 123456 |)" type="failed">
    <![CDATA[Scenario Outline: PT Login Wrong Credentials

Example row: | mobileprotect | PT_number_1 | 123456 |

Message:
]]>
    <![CDATA[unexpected response, code=404, content-type=""
unknown command: session/61a9d9f6391e38daf5d133be8708e330/element/name (Selenium::WebDriver::Error::WebDriverError)
/usr/local/rvm/gems/ruby-1.9.3-p392/gems/selenium-webdriver-2.31.0/lib/selenium/webdriver/remote/http/common.rb:66:in `create_response'
/usr/local/rvm/gems/ruby-1.9.3-p392/gems/selenium-webdriver-2.31.0/lib/selenium/webdriver/remote/http/default.rb:66:in `request'
/usr/local/rvm/gems/ruby-1.9.3-p392/gems/selenium-webdriver-2.31.0/lib/selenium/webdriver/remote/http/common.rb:40:in `call'
/usr/local/rvm/gems/ruby-1.9.3-p392/gems/selenium-webdriver-2.31.0/lib/selenium/webdriver/remote/bridge.rb:616:in `raw_execute'
/usr/local/rvm/gems/ruby-1.9.3-p392/gems/selenium-webdriver-2.31.0/lib/selenium/webdriver/remote/bridge.rb:594:in `execute'
/usr/local/rvm/gems/ruby-1.9.3-p392/gems/selenium-webdriver-2.31.0/lib/selenium/webdriver/remote/bridge.rb:493:in `getElementTagName'
/usr/local/rvm/gems/ruby-1.9.3-p392/gems/selenium-webdriver-2.31.0/lib/selenium/webdriver/common/element.rb:68:in `tag_name'
/usr/local/rvm/gems/ruby-1.9.3-p392/gems/watir-webdriver-0.6.2/lib/watir-webdriver/locators/element_locator.rb:387:in `validate_element'
/usr/local/rvm/gems/ruby-1.9.3-p392/gems/watir-webdriver-0.6.2/lib/watir-webdriver/locators/element_locator.rb:37:in `locate'
/usr/local/rvm/gems/ruby-1.9.3-p392/gems/watir-webdriver-0.6.2/lib/watir-webdriver/elements/element.rb:509:in `locate'
/usr/local/rvm/gems/ruby-1.9.3-p392/gems/watir-webdriver-0.6.2/lib/watir-webdriver/elements/element.rb:487:in `assert_exists'
/usr/local/rvm/gems/ruby-1.9.3-p392/gems/watir-webdriver-0.6.2/lib/watir-webdriver/elements/element.rb:118:in `click'
/Users/Subhash/git/automated_tests_web_login_app/features/pages/MockServicePage.rb:13:in `visit'
/Users/Subhash/git/automated_tests_web_login_app/features/step_definitions/loginapp_steps.rb:17:in `block in <top (required)>'
/usr/local/rvm/gems/ruby-1.9.3-p392/gems/cucumber-1.2.3/lib/cucumber/core_ext/instance_exec.rb:48:in `instance_exec'
/usr/local/rvm/gems/ruby-1.9.3-p392/gems/cucumber-1.2.3/lib/cucumber/core_ext/instance_exec.rb:48:in `block in cucumber_instance_exec'
/usr/local/rvm/gems/ruby-1.9.3-p392/gems/cucumber-1.2.3/lib/cucumber/core_ext/instance_exec.rb:69:in `cucumber_run_with_backtrace_filtering'
/usr/local/rvm/gems/ruby-1.9.3-p392/gems/cucumber-1.2.3/lib/cucumber/core_ext/instance_exec.rb:36:in `cucumber_instance_exec'
/usr/local/rvm/gems/ruby-1.9.3-p392/gems/cucumber-1.2.3/lib/cucumber/rb_support/rb_step_definition.rb:97:in `invoke'
/usr/local/rvm/gems/ruby-1.9.3-p392/gems/cucumber-1.2.3/lib/cucumber/step_match.rb:25:in `invoke'
/usr/local/rvm/gems/ruby-1.9.3-p392/gems/cucumber-1.2.3/lib/cucumber/ast/step_invocation.rb:60:in `invoke'
/usr/local/rvm/gems/ruby-1.9.3-p392/gems/cucumber-1.2.3/lib/cucumber/ast/outline_table.rb:119:in `block (2 levels) in accept_plain'
/usr/local/rvm/gems/ruby-1.9.3-p392/gems/cucumber-1.2.3/lib/cucumber/ast/step_collection.rb:37:in `each'
/usr/local/rvm/gems/ruby-1.9.3-p392/gems/cucumber-1.2.3/lib/cucumber/ast/step_collection.rb:37:in `each'
/usr/local/rvm/gems/ruby-1.9.3-p392/gems/cucumber-1.2.3/lib/cucumber/ast/outline_table.rb:118:in `block in accept_plain'
/usr/local/rvm/gems/ruby-1.9.3-p392/gems/cucumber-1.2.3/lib/cucumber/runtime.rb:81:in `block (2 levels) in with_hooks'
/usr/local/rvm/gems/ruby-1.9.3-p392/gems/cucumber-1.2.3/lib/cucumber/runtime.rb:97:in `before_and_after'
/usr/local/rvm/gems/ruby-1.9.3-p392/gems/cucumber-1.2.3/lib/cucumber/runtime.rb:80:in `block in with_hooks'
/usr/local/rvm/gems/ruby-1.9.3-p392/gems/cucumber-1.2.3/lib/cucumber/runtime/support_code.rb:120:in `call'
/usr/local/rvm/gems/ruby-1.9.3-p392/gems/cucumber-1.2.3/lib/cucumber/runtime/support_code.rb:120:in `block (3 levels) in around'
/usr/local/rvm/gems/ruby-1.9.3-p392/gems/cucumber-1.2.3/lib/cucumber/language_support/language_methods.rb:9:in `block in around'
/usr/local/rvm/gems/ruby-1.9.3-p392/gems/cucumber-1.2.3/lib/cucumber/language_support/language_methods.rb:91:in `call'
/usr/local/rvm/gems/ruby-1.9.3-p392/gems/cucumber-1.2.3/lib/cucumber/language_support/language_methods.rb:91:in `execute_around'
/usr/local/rvm/gems/ruby-1.9.3-p392/gems/cucumber-1.2.3/lib/cucumber/language_support/language_methods.rb:8:in `around'
/usr/local/rvm/gems/ruby-1.9.3-p392/gems/cucumber-1.2.3/lib/cucumber/runtime/support_code.rb:119:in `block (2 levels) in around'
/usr/local/rvm/gems/ruby-1.9.3-p392/gems/cucumber-1.2.3/lib/cucumber/runtime/support_code.rb:117:in `call'
/usr/local/rvm/gems/ruby-1.9.3-p392/gems/cucumber-1.2.3/lib/cucumber/runtime/support_code.rb:117:in `around'
/usr/local/rvm/gems/ruby-1.9.3-p392/gems/cucumber-1.2.3/lib/cucumber/runtime.rb:92:in `around'
/usr/local/rvm/gems/ruby-1.9.3-p392/gems/cucumber-1.2.3/lib/cucumber/runtime.rb:79:in `with_hooks'
/usr/local/rvm/gems/ruby-1.9.3-p392/gems/cucumber-1.2.3/lib/cucumber/ast/outline_table.rb:117:in `accept_plain'
/usr/local/rvm/gems/ruby-1.9.3-p392/gems/cucumber-1.2.3/lib/cucumber/ast/outline_table.rb:107:in `accept'
/usr/local/rvm/gems/ruby-1.9.3-p392/gems/cucumber-1.2.3/lib/cucumber/ast/tree_walker.rb:131:in `block in visit_table_row'
/usr/local/rvm/gems/ruby-1.9.3-p392/gems/cucumber-1.2.3/lib/cucumber/ast/tree_walker.rb:163:in `broadcast'
/usr/local/rvm/gems/ruby-1.9.3-p392/gems/cucumber-1.2.3/lib/cucumber/ast/tree_walker.rb:130:in `visit_table_row'
/usr/local/rvm/gems/ruby-1.9.3-p392/gems/cucumber-1.2.3/lib/cucumber/ast/outline_table.rb:27:in `block in accept'
/usr/local/rvm/gems/ruby-1.9.3-p392/gems/cucumber-1.2.3/lib/cucumber/ast/outline_table.rb:23:in `each'
/usr/local/rvm/gems/ruby-1.9.3-p392/gems/cucumber-1.2.3/lib/cucumber/ast/outline_table.rb:23:in `each_with_index'
/usr/local/rvm/gems/ruby-1.9.3-p392/gems/cucumber-1.2.3/lib/cucumber/ast/outline_table.rb:23:in `accept'
/usr/local/rvm/gems/ruby-1.9.3-p392/gems/cucumber-1.2.3/lib/cucumber/ast/tree_walker.rb:83:in `block in visit_outline_table'
/usr/local/rvm/gems/ruby-1.9.3-p392/gems/cucumber-1.2.3/lib/cucumber/ast/tree_walker.rb:163:in `broadcast'
/usr/local/rvm/gems/ruby-1.9.3-p392/gems/cucumber-1.2.3/lib/cucumber/ast/tree_walker.rb:82:in `visit_outline_table'
/usr/local/rvm/gems/ruby-1.9.3-p392/gems/cucumber-1.2.3/lib/cucumber/ast/examples.rb:22:in `accept'
/usr/local/rvm/gems/ruby-1.9.3-p392/gems/cucumber-1.2.3/lib/cucumber/ast/tree_walker.rb:73:in `block in visit_examples'
/usr/local/rvm/gems/ruby-1.9.3-p392/gems/cucumber-1.2.3/lib/cucumber/ast/tree_walker.rb:163:in `broadcast'
/usr/local/rvm/gems/ruby-1.9.3-p392/gems/cucumber-1.2.3/lib/cucumber/ast/tree_walker.rb:72:in `visit_examples'
/usr/local/rvm/gems/ruby-1.9.3-p392/gems/cucumber-1.2.3/lib/cucumber/ast/scenario_outline.rb:14:in `block in accept'
/usr/local/rvm/gems/ruby-1.9.3-p392/gems/cucumber-1.2.3/lib/cucumber/ast/scenario_outline.rb:13:in `each'
/usr/local/rvm/gems/ruby-1.9.3-p392/gems/cucumber-1.2.3/lib/cucumber/ast/scenario_outline.rb:13:in `accept'
/usr/local/rvm/gems/ruby-1.9.3-p392/gems/cucumber-1.2.3/lib/cucumber/ast/tree_walker.rb:67:in `block in visit_examples_array'
/usr/local/rvm/gems/ruby-1.9.3-p392/gems/cucumber-1.2.3/lib/cucumber/ast/tree_walker.rb:163:in `broadcast'
/usr/local/rvm/gems/ruby-1.9.3-p392/gems/cucumber-1.2.3/lib/cucumber/ast/tree_walker.rb:66:in `visit_examples_array'
/usr/local/rvm/gems/ruby-1.9.3-p392/gems/cucumber-1.2.3/lib/cucumber/ast/scenario_outline.rb:68:in `accept'
/usr/local/rvm/gems/ruby-1.9.3-p392/gems/cucumber-1.2.3/lib/cucumber/ast/tree_walker.rb:51:in `block in visit_feature_element'
/usr/local/rvm/gems/ruby-1.9.3-p392/gems/cucumber-1.2.3/lib/cucumber/ast/tree_walker.rb:163:in `broadcast'
/usr/local/rvm/gems/ruby-1.9.3-p392/gems/cucumber-1.2.3/lib/cucumber/ast/tree_walker.rb:50:in `visit_feature_element'
/usr/local/rvm/gems/ruby-1.9.3-p392/gems/cucumber-1.2.3/lib/cucumber/ast/feature.rb:43:in `block in accept'
/usr/local/rvm/gems/ruby-1.9.3-p392/gems/cucumber-1.2.3/lib/cucumber/ast/feature.rb:42:in `each'
/usr/local/rvm/gems/ruby-1.9.3-p392/gems/cucumber-1.2.3/lib/cucumber/ast/feature.rb:42:in `accept'
/usr/local/rvm/gems/ruby-1.9.3-p392/gems/cucumber-1.2.3/lib/cucumber/ast/tree_walker.rb:20:in `block in visit_feature'
/usr/local/rvm/gems/ruby-1.9.3-p392/gems/cucumber-1.2.3/lib/cucumber/ast/tree_walker.rb:163:in `broadcast'
/usr/local/rvm/gems/ruby-1.9.3-p392/gems/cucumber-1.2.3/lib/cucumber/ast/tree_walker.rb:19:in `visit_feature'
/usr/local/rvm/gems/ruby-1.9.3-p392/gems/cucumber-1.2.3/lib/cucumber/ast/features.rb:29:in `block in accept'
/usr/local/rvm/gems/ruby-1.9.3-p392/gems/cucumber-1.2.3/lib/cucumber/ast/features.rb:17:in `each'
/usr/local/rvm/gems/ruby-1.9.3-p392/gems/cucumber-1.2.3/lib/cucumber/ast/features.rb:17:in `each'
/usr/local/rvm/gems/ruby-1.9.3-p392/gems/cucumber-1.2.3/lib/cucumber/ast/features.rb:28:in `accept'
/usr/local/rvm/gems/ruby-1.9.3-p392/gems/cucumber-1.2.3/lib/cucumber/ast/tree_walker.rb:14:in `block in visit_features'
/usr/local/rvm/gems/ruby-1.9.3-p392/gems/cucumber-1.2.3/lib/cucumber/ast/tree_walker.rb:163:in `broadcast'
/usr/local/rvm/gems/ruby-1.9.3-p392/gems/cucumber-1.2.3/lib/cucumber/ast/tree_walker.rb:13:in `visit_features'
/usr/local/rvm/gems/ruby-1.9.3-p392/gems/cucumber-1.2.3/lib/cucumber/runtime.rb:47:in `run!'
/usr/local/rvm/gems/ruby-1.9.3-p392/gems/cucumber-1.2.3/lib/cucumber/cli/main.rb:43:in `execute!'
/usr/local/rvm/gems/ruby-1.9.3-p392/gems/cucumber-1.2.3/lib/cucumber/cli/main.rb:20:in `execute'
/usr/local/rvm/gems/ruby-1.9.3-p392/gems/cucumber-1.2.3/bin/cucumber:14:in `<top (required)>'
/usr/local/rvm/gems/ruby-1.9.3-p392/bin/cucumber:19:in `load'
/usr/local/rvm/gems/ruby-1.9.3-p392/bin/cucumber:19:in `<main>'
/usr/local/rvm/gems/ruby-1.9.3-p392/bin/ruby_noexec_wrapper:14:in `eval'
/usr/local/rvm/gems/ruby-1.9.3-p392/bin/ruby_noexec_wrapper:14:in `<main>'
features/login.feature:113:in `Given I open '<service>' site for the opco 'pt' in a logged out state']]>
  </failure>
  <system-out/>
  <system-err/>
</testcase>
<testcase classname="LOGIN" name="PT Login Wrong Credentials (outline example : | music | PT_number_1 | 123456 |)" time="0.453280">
  <failure message="failed PT Login Wrong Credentials (outline example : | music | PT_number_1 | 123456 |)" type="failed">
    <![CDATA[Scenario Outline: PT Login Wrong Credentials

Example row: | mobileprotect | PT_number_1 | 123456 |

Message:
Example row: | music | PT_number_1 | 123456 |

Message:
]]>
    <![CDATA[unexpected response, code=404, content-type=""
unknown command: session/61a9d9f6391e38daf5d133be8708e330/element/name (Selenium::WebDriver::Error::WebDriverError)
/usr/local/rvm/gems/ruby-1.9.3-p392/gems/selenium-webdriver-2.31.0/lib/selenium/webdriver/remote/http/common.rb:66:in `create_response'
/usr/local/rvm/gems/ruby-1.9.3-p392/gems/selenium-webdriver-2.31.0/lib/selenium/webdriver/remote/http/default.rb:66:in `request'
/usr/local/rvm/gems/ruby-1.9.3-p392/gems/selenium-webdriver-2.31.0/lib/selenium/webdriver/remote/http/common.rb:40:in `call'
/usr/local/rvm/gems/ruby-1.9.3-p392/gems/selenium-webdriver-2.31.0/lib/selenium/webdriver/remote/bridge.rb:616:in `raw_execute'
/usr/local/rvm/gems/ruby-1.9.3-p392/gems/selenium-webdriver-2.31.0/lib/selenium/webdriver/remote/bridge.rb:594:in `execute'
/usr/local/rvm/gems/ruby-1.9.3-p392/gems/selenium-webdriver-2.31.0/lib/selenium/webdriver/remote/bridge.rb:493:in `getElementTagName'
/usr/local/rvm/gems/ruby-1.9.3-p392/gems/selenium-webdriver-2.31.0/lib/selenium/webdriver/common/element.rb:68:in `tag_name'
/usr/local/rvm/gems/ruby-1.9.3-p392/gems/watir-webdriver-0.6.2/lib/watir-webdriver/locators/element_locator.rb:387:in `validate_element'
/usr/local/rvm/gems/ruby-1.9.3-p392/gems/watir-webdriver-0.6.2/lib/watir-webdriver/locators/element_locator.rb:37:in `locate'
/usr/local/rvm/gems/ruby-1.9.3-p392/gems/watir-webdriver-0.6.2/lib/watir-webdriver/elements/element.rb:509:in `locate'
/usr/local/rvm/gems/ruby-1.9.3-p392/gems/watir-webdriver-0.6.2/lib/watir-webdriver/elements/element.rb:487:in `assert_exists'
/usr/local/rvm/gems/ruby-1.9.3-p392/gems/watir-webdriver-0.6.2/lib/watir-webdriver/elements/element.rb:118:in `click'
/Users/Subhash/git/automated_tests_web_login_app/features/pages/MockServicePage.rb:13:in `visit'
/Users/Subhash/git/automated_tests_web_login_app/features/step_definitions/loginapp_steps.rb:17:in `block in <top (required)>'
/usr/local/rvm/gems/ruby-1.9.3-p392/gems/cucumber-1.2.3/lib/cucumber/core_ext/instance_exec.rb:48:in `instance_exec'
/usr/local/rvm/gems/ruby-1.9.3-p392/gems/cucumber-1.2.3/lib/cucumber/core_ext/instance_exec.rb:48:in `block in cucumber_instance_exec'
/usr/local/rvm/gems/ruby-1.9.3-p392/gems/cucumber-1.2.3/lib/cucumber/core_ext/instance_exec.rb:69:in `cucumber_run_with_backtrace_filtering'
/usr/local/rvm/gems/ruby-1.9.3-p392/gems/cucumber-1.2.3/lib/cucumber/core_ext/instance_exec.rb:36:in `cucumber_instance_exec'
/usr/local/rvm/gems/ruby-1.9.3-p392/gems/cucumber-1.2.3/lib/cucumber/rb_support/rb_step_definition.rb:97:in `invoke'
/usr/local/rvm/gems/ruby-1.9.3-p392/gems/cucumber-1.2.3/lib/cucumber/step_match.rb:25:in `invoke'
/usr/local/rvm/gems/ruby-1.9.3-p392/gems/cucumber-1.2.3/lib/cucumber/ast/step_invocation.rb:60:in `invoke'
/usr/local/rvm/gems/ruby-1.9.3-p392/gems/cucumber-1.2.3/lib/cucumber/ast/outline_table.rb:119:in `block (2 levels) in accept_plain'
/usr/local/rvm/gems/ruby-1.9.3-p392/gems/cucumber-1.2.3/lib/cucumber/ast/step_collection.rb:37:in `each'
/usr/local/rvm/gems/ruby-1.9.3-p392/gems/cucumber-1.2.3/lib/cucumber/ast/step_collection.rb:37:in `each'
/usr/local/rvm/gems/ruby-1.9.3-p392/gems/cucumber-1.2.3/lib/cucumber/ast/outline_table.rb:118:in `block in accept_plain'
/usr/local/rvm/gems/ruby-1.9.3-p392/gems/cucumber-1.2.3/lib/cucumber/runtime.rb:81:in `block (2 levels) in with_hooks'
/usr/local/rvm/gems/ruby-1.9.3-p392/gems/cucumber-1.2.3/lib/cucumber/runtime.rb:97:in `before_and_after'
/usr/local/rvm/gems/ruby-1.9.3-p392/gems/cucumber-1.2.3/lib/cucumber/runtime.rb:80:in `block in with_hooks'
/usr/local/rvm/gems/ruby-1.9.3-p392/gems/cucumber-1.2.3/lib/cucumber/runtime/support_code.rb:120:in `call'
/usr/local/rvm/gems/ruby-1.9.3-p392/gems/cucumber-1.2.3/lib/cucumber/runtime/support_code.rb:120:in `block (3 levels) in around'
/usr/local/rvm/gems/ruby-1.9.3-p392/gems/cucumber-1.2.3/lib/cucumber/language_support/language_methods.rb:9:in `block in around'
/usr/local/rvm/gems/ruby-1.9.3-p392/gems/cucumber-1.2.3/lib/cucumber/language_support/language_methods.rb:91:in `call'
/usr/local/rvm/gems/ruby-1.9.3-p392/gems/cucumber-1.2.3/lib/cucumber/language_support/language_methods.rb:91:in `execute_around'
/usr/local/rvm/gems/ruby-1.9.3-p392/gems/cucumber-1.2.3/lib/cucumber/language_support/language_methods.rb:8:in `around'
/usr/local/rvm/gems/ruby-1.9.3-p392/gems/cucumber-1.2.3/lib/cucumber/runtime/support_code.rb:119:in `block (2 levels) in around'
/usr/local/rvm/gems/ruby-1.9.3-p392/gems/cucumber-1.2.3/lib/cucumber/runtime/support_code.rb:117:in `call'
/usr/local/rvm/gems/ruby-1.9.3-p392/gems/cucumber-1.2.3/lib/cucumber/runtime/support_code.rb:117:in `around'
/usr/local/rvm/gems/ruby-1.9.3-p392/gems/cucumber-1.2.3/lib/cucumber/runtime.rb:92:in `around'
/usr/local/rvm/gems/ruby-1.9.3-p392/gems/cucumber-1.2.3/lib/cucumber/runtime.rb:79:in `with_hooks'
/usr/local/rvm/gems/ruby-1.9.3-p392/gems/cucumber-1.2.3/lib/cucumber/ast/outline_table.rb:117:in `accept_plain'
/usr/local/rvm/gems/ruby-1.9.3-p392/gems/cucumber-1.2.3/lib/cucumber/ast/outline_table.rb:107:in `accept'
/usr/local/rvm/gems/ruby-1.9.3-p392/gems/cucumber-1.2.3/lib/cucumber/ast/tree_walker.rb:131:in `block in visit_table_row'
/usr/local/rvm/gems/ruby-1.9.3-p392/gems/cucumber-1.2.3/lib/cucumber/ast/tree_walker.rb:163:in `broadcast'
/usr/local/rvm/gems/ruby-1.9.3-p392/gems/cucumber-1.2.3/lib/cucumber/ast/tree_walker.rb:130:in `visit_table_row'
/usr/local/rvm/gems/ruby-1.9.3-p392/gems/cucumber-1.2.3/lib/cucumber/ast/outline_table.rb:27:in `block in accept'
/usr/local/rvm/gems/ruby-1.9.3-p392/gems/cucumber-1.2.3/lib/cucumber/ast/outline_table.rb:23:in `each'
/usr/local/rvm/gems/ruby-1.9.3-p392/gems/cucumber-1.2.3/lib/cucumber/ast/outline_table.rb:23:in `each_with_index'
/usr/local/rvm/gems/ruby-1.9.3-p392/gems/cucumber-1.2.3/lib/cucumber/ast/outline_table.rb:23:in `accept'
/usr/local/rvm/gems/ruby-1.9.3-p392/gems/cucumber-1.2.3/lib/cucumber/ast/tree_walker.rb:83:in `block in visit_outline_table'
/usr/local/rvm/gems/ruby-1.9.3-p392/gems/cucumber-1.2.3/lib/cucumber/ast/tree_walker.rb:163:in `broadcast'
/usr/local/rvm/gems/ruby-1.9.3-p392/gems/cucumber-1.2.3/lib/cucumber/ast/tree_walker.rb:82:in `visit_outline_table'
/usr/local/rvm/gems/ruby-1.9.3-p392/gems/cucumber-1.2.3/lib/cucumber/ast/examples.rb:22:in `accept'
/usr/local/rvm/gems/ruby-1.9.3-p392/gems/cucumber-1.2.3/lib/cucumber/ast/tree_walker.rb:73:in `block in visit_examples'
/usr/local/rvm/gems/ruby-1.9.3-p392/gems/cucumber-1.2.3/lib/cucumber/ast/tree_walker.rb:163:in `broadcast'
/usr/local/rvm/gems/ruby-1.9.3-p392/gems/cucumber-1.2.3/lib/cucumber/ast/tree_walker.rb:72:in `visit_examples'
/usr/local/rvm/gems/ruby-1.9.3-p392/gems/cucumber-1.2.3/lib/cucumber/ast/scenario_outline.rb:14:in `block in accept'
/usr/local/rvm/gems/ruby-1.9.3-p392/gems/cucumber-1.2.3/lib/cucumber/ast/scenario_outline.rb:13:in `each'
/usr/local/rvm/gems/ruby-1.9.3-p392/gems/cucumber-1.2.3/lib/cucumber/ast/scenario_outline.rb:13:in `accept'
/usr/local/rvm/gems/ruby-1.9.3-p392/gems/cucumber-1.2.3/lib/cucumber/ast/tree_walker.rb:67:in `block in visit_examples_array'
/usr/local/rvm/gems/ruby-1.9.3-p392/gems/cucumber-1.2.3/lib/cucumber/ast/tree_walker.rb:163:in `broadcast'
/usr/local/rvm/gems/ruby-1.9.3-p392/gems/cucumber-1.2.3/lib/cucumber/ast/tree_walker.rb:66:in `visit_examples_array'
/usr/local/rvm/gems/ruby-1.9.3-p392/gems/cucumber-1.2.3/lib/cucumber/ast/scenario_outline.rb:68:in `accept'
/usr/local/rvm/gems/ruby-1.9.3-p392/gems/cucumber-1.2.3/lib/cucumber/ast/tree_walker.rb:51:in `block in visit_feature_element'
/usr/local/rvm/gems/ruby-1.9.3-p392/gems/cucumber-1.2.3/lib/cucumber/ast/tree_walker.rb:163:in `broadcast'
/usr/local/rvm/gems/ruby-1.9.3-p392/gems/cucumber-1.2.3/lib/cucumber/ast/tree_walker.rb:50:in `visit_feature_element'
/usr/local/rvm/gems/ruby-1.9.3-p392/gems/cucumber-1.2.3/lib/cucumber/ast/feature.rb:43:in `block in accept'
/usr/local/rvm/gems/ruby-1.9.3-p392/gems/cucumber-1.2.3/lib/cucumber/ast/feature.rb:42:in `each'
/usr/local/rvm/gems/ruby-1.9.3-p392/gems/cucumber-1.2.3/lib/cucumber/ast/feature.rb:42:in `accept'
/usr/local/rvm/gems/ruby-1.9.3-p392/gems/cucumber-1.2.3/lib/cucumber/ast/tree_walker.rb:20:in `block in visit_feature'
/usr/local/rvm/gems/ruby-1.9.3-p392/gems/cucumber-1.2.3/lib/cucumber/ast/tree_walker.rb:163:in `broadcast'
/usr/local/rvm/gems/ruby-1.9.3-p392/gems/cucumber-1.2.3/lib/cucumber/ast/tree_walker.rb:19:in `visit_feature'
/usr/local/rvm/gems/ruby-1.9.3-p392/gems/cucumber-1.2.3/lib/cucumber/ast/features.rb:29:in `block in accept'
/usr/local/rvm/gems/ruby-1.9.3-p392/gems/cucumber-1.2.3/lib/cucumber/ast/features.rb:17:in `each'
/usr/local/rvm/gems/ruby-1.9.3-p392/gems/cucumber-1.2.3/lib/cucumber/ast/features.rb:17:in `each'
/usr/local/rvm/gems/ruby-1.9.3-p392/gems/cucumber-1.2.3/lib/cucumber/ast/features.rb:28:in `accept'
/usr/local/rvm/gems/ruby-1.9.3-p392/gems/cucumber-1.2.3/lib/cucumber/ast/tree_walker.rb:14:in `block in visit_features'
/usr/local/rvm/gems/ruby-1.9.3-p392/gems/cucumber-1.2.3/lib/cucumber/ast/tree_walker.rb:163:in `broadcast'
/usr/local/rvm/gems/ruby-1.9.3-p392/gems/cucumber-1.2.3/lib/cucumber/ast/tree_walker.rb:13:in `visit_features'
/usr/local/rvm/gems/ruby-1.9.3-p392/gems/cucumber-1.2.3/lib/cucumber/runtime.rb:47:in `run!'
/usr/local/rvm/gems/ruby-1.9.3-p392/gems/cucumber-1.2.3/lib/cucumber/cli/main.rb:43:in `execute!'
/usr/local/rvm/gems/ruby-1.9.3-p392/gems/cucumber-1.2.3/lib/cucumber/cli/main.rb:20:in `execute'
/usr/local/rvm/gems/ruby-1.9.3-p392/gems/cucumber-1.2.3/bin/cucumber:14:in `<top (required)>'
/usr/local/rvm/gems/ruby-1.9.3-p392/bin/cucumber:19:in `load'
/usr/local/rvm/gems/ruby-1.9.3-p392/bin/cucumber:19:in `<main>'
/usr/local/rvm/gems/ruby-1.9.3-p392/bin/ruby_noexec_wrapper:14:in `eval'
/usr/local/rvm/gems/ruby-1.9.3-p392/bin/ruby_noexec_wrapper:14:in `<main>'
features/login.feature:113:in `Given I open '<service>' site for the opco 'pt' in a logged out state']]>
  </failure>
  <system-out/>
  <system-err/>
</testcase>
<testcase classname="LOGIN" name="PT Login Wrong Credentials (outline example : | contacts | PT_number_1 | 123456 |)" time="0.798815">
  <failure message="failed PT Login Wrong Credentials (outline example : | contacts | PT_number_1 | 123456 |)" type="failed">
    <![CDATA[Scenario Outline: PT Login Wrong Credentials

Example row: | mobileprotect | PT_number_1 | 123456 |

Message:
Example row: | music | PT_number_1 | 123456 |

Message:
Example row: | contacts | PT_number_1 | 123456 |

Message:
]]>
    <![CDATA[unexpected response, code=404, content-type=""
unknown command: session/61a9d9f6391e38daf5d133be8708e330/element/name (Selenium::WebDriver::Error::WebDriverError)
/usr/local/rvm/gems/ruby-1.9.3-p392/gems/selenium-webdriver-2.31.0/lib/selenium/webdriver/remote/http/common.rb:66:in `create_response'
/usr/local/rvm/gems/ruby-1.9.3-p392/gems/selenium-webdriver-2.31.0/lib/selenium/webdriver/remote/http/default.rb:66:in `request'
/usr/local/rvm/gems/ruby-1.9.3-p392/gems/selenium-webdriver-2.31.0/lib/selenium/webdriver/remote/http/common.rb:40:in `call'
/usr/local/rvm/gems/ruby-1.9.3-p392/gems/selenium-webdriver-2.31.0/lib/selenium/webdriver/remote/bridge.rb:616:in `raw_execute'
/usr/local/rvm/gems/ruby-1.9.3-p392/gems/selenium-webdriver-2.31.0/lib/selenium/webdriver/remote/bridge.rb:594:in `execute'
/usr/local/rvm/gems/ruby-1.9.3-p392/gems/selenium-webdriver-2.31.0/lib/selenium/webdriver/remote/bridge.rb:493:in `getElementTagName'
/usr/local/rvm/gems/ruby-1.9.3-p392/gems/selenium-webdriver-2.31.0/lib/selenium/webdriver/common/element.rb:68:in `tag_name'
/usr/local/rvm/gems/ruby-1.9.3-p392/gems/watir-webdriver-0.6.2/lib/watir-webdriver/locators/element_locator.rb:387:in `validate_element'
/usr/local/rvm/gems/ruby-1.9.3-p392/gems/watir-webdriver-0.6.2/lib/watir-webdriver/locators/element_locator.rb:37:in `locate'
/usr/local/rvm/gems/ruby-1.9.3-p392/gems/watir-webdriver-0.6.2/lib/watir-webdriver/elements/element.rb:509:in `locate'
/usr/local/rvm/gems/ruby-1.9.3-p392/gems/watir-webdriver-0.6.2/lib/watir-webdriver/elements/element.rb:487:in `assert_exists'
/usr/local/rvm/gems/ruby-1.9.3-p392/gems/watir-webdriver-0.6.2/lib/watir-webdriver/elements/element.rb:118:in `click'
/Users/Subhash/git/automated_tests_web_login_app/features/pages/MockServicePage.rb:13:in `visit'
/Users/Subhash/git/automated_tests_web_login_app/features/step_definitions/loginapp_steps.rb:17:in `block in <top (required)>'
/usr/local/rvm/gems/ruby-1.9.3-p392/gems/cucumber-1.2.3/lib/cucumber/core_ext/instance_exec.rb:48:in `instance_exec'
/usr/local/rvm/gems/ruby-1.9.3-p392/gems/cucumber-1.2.3/lib/cucumber/core_ext/instance_exec.rb:48:in `block in cucumber_instance_exec'
/usr/local/rvm/gems/ruby-1.9.3-p392/gems/cucumber-1.2.3/lib/cucumber/core_ext/instance_exec.rb:69:in `cucumber_run_with_backtrace_filtering'
/usr/local/rvm/gems/ruby-1.9.3-p392/gems/cucumber-1.2.3/lib/cucumber/core_ext/instance_exec.rb:36:in `cucumber_instance_exec'
/usr/local/rvm/gems/ruby-1.9.3-p392/gems/cucumber-1.2.3/lib/cucumber/rb_support/rb_step_definition.rb:97:in `invoke'
/usr/local/rvm/gems/ruby-1.9.3-p392/gems/cucumber-1.2.3/lib/cucumber/step_match.rb:25:in `invoke'
/usr/local/rvm/gems/ruby-1.9.3-p392/gems/cucumber-1.2.3/lib/cucumber/ast/step_invocation.rb:60:in `invoke'
/usr/local/rvm/gems/ruby-1.9.3-p392/gems/cucumber-1.2.3/lib/cucumber/ast/outline_table.rb:119:in `block (2 levels) in accept_plain'
/usr/local/rvm/gems/ruby-1.9.3-p392/gems/cucumber-1.2.3/lib/cucumber/ast/step_collection.rb:37:in `each'
/usr/local/rvm/gems/ruby-1.9.3-p392/gems/cucumber-1.2.3/lib/cucumber/ast/step_collection.rb:37:in `each'
/usr/local/rvm/gems/ruby-1.9.3-p392/gems/cucumber-1.2.3/lib/cucumber/ast/outline_table.rb:118:in `block in accept_plain'
/usr/local/rvm/gems/ruby-1.9.3-p392/gems/cucumber-1.2.3/lib/cucumber/runtime.rb:81:in `block (2 levels) in with_hooks'
/usr/local/rvm/gems/ruby-1.9.3-p392/gems/cucumber-1.2.3/lib/cucumber/runtime.rb:97:in `before_and_after'
/usr/local/rvm/gems/ruby-1.9.3-p392/gems/cucumber-1.2.3/lib/cucumber/runtime.rb:80:in `block in with_hooks'
/usr/local/rvm/gems/ruby-1.9.3-p392/gems/cucumber-1.2.3/lib/cucumber/runtime/support_code.rb:120:in `call'
/usr/local/rvm/gems/ruby-1.9.3-p392/gems/cucumber-1.2.3/lib/cucumber/runtime/support_code.rb:120:in `block (3 levels) in around'
/usr/local/rvm/gems/ruby-1.9.3-p392/gems/cucumber-1.2.3/lib/cucumber/language_support/language_methods.rb:9:in `block in around'
/usr/local/rvm/gems/ruby-1.9.3-p392/gems/cucumber-1.2.3/lib/cucumber/language_support/language_methods.rb:91:in `call'
/usr/local/rvm/gems/ruby-1.9.3-p392/gems/cucumber-1.2.3/lib/cucumber/language_support/language_methods.rb:91:in `execute_around'
/usr/local/rvm/gems/ruby-1.9.3-p392/gems/cucumber-1.2.3/lib/cucumber/language_support/language_methods.rb:8:in `around'
/usr/local/rvm/gems/ruby-1.9.3-p392/gems/cucumber-1.2.3/lib/cucumber/runtime/support_code.rb:119:in `block (2 levels) in around'
/usr/local/rvm/gems/ruby-1.9.3-p392/gems/cucumber-1.2.3/lib/cucumber/runtime/support_code.rb:117:in `call'
/usr/local/rvm/gems/ruby-1.9.3-p392/gems/cucumber-1.2.3/lib/cucumber/runtime/support_code.rb:117:in `around'
/usr/local/rvm/gems/ruby-1.9.3-p392/gems/cucumber-1.2.3/lib/cucumber/runtime.rb:92:in `around'
/usr/local/rvm/gems/ruby-1.9.3-p392/gems/cucumber-1.2.3/lib/cucumber/runtime.rb:79:in `with_hooks'
/usr/local/rvm/gems/ruby-1.9.3-p392/gems/cucumber-1.2.3/lib/cucumber/ast/outline_table.rb:117:in `accept_plain'
/usr/local/rvm/gems/ruby-1.9.3-p392/gems/cucumber-1.2.3/lib/cucumber/ast/outline_table.rb:107:in `accept'
/usr/local/rvm/gems/ruby-1.9.3-p392/gems/cucumber-1.2.3/lib/cucumber/ast/tree_walker.rb:131:in `block in visit_table_row'
/usr/local/rvm/gems/ruby-1.9.3-p392/gems/cucumber-1.2.3/lib/cucumber/ast/tree_walker.rb:163:in `broadcast'
/usr/local/rvm/gems/ruby-1.9.3-p392/gems/cucumber-1.2.3/lib/cucumber/ast/tree_walker.rb:130:in `visit_table_row'
/usr/local/rvm/gems/ruby-1.9.3-p392/gems/cucumber-1.2.3/lib/cucumber/ast/outline_table.rb:27:in `block in accept'
/usr/local/rvm/gems/ruby-1.9.3-p392/gems/cucumber-1.2.3/lib/cucumber/ast/outline_table.rb:23:in `each'
/usr/local/rvm/gems/ruby-1.9.3-p392/gems/cucumber-1.2.3/lib/cucumber/ast/outline_table.rb:23:in `each_with_index'
/usr/local/rvm/gems/ruby-1.9.3-p392/gems/cucumber-1.2.3/lib/cucumber/ast/outline_table.rb:23:in `accept'
/usr/local/rvm/gems/ruby-1.9.3-p392/gems/cucumber-1.2.3/lib/cucumber/ast/tree_walker.rb:83:in `block in visit_outline_table'
/usr/local/rvm/gems/ruby-1.9.3-p392/gems/cucumber-1.2.3/lib/cucumber/ast/tree_walker.rb:163:in `broadcast'
/usr/local/rvm/gems/ruby-1.9.3-p392/gems/cucumber-1.2.3/lib/cucumber/ast/tree_walker.rb:82:in `visit_outline_table'
/usr/local/rvm/gems/ruby-1.9.3-p392/gems/cucumber-1.2.3/lib/cucumber/ast/examples.rb:22:in `accept'
/usr/local/rvm/gems/ruby-1.9.3-p392/gems/cucumber-1.2.3/lib/cucumber/ast/tree_walker.rb:73:in `block in visit_examples'
/usr/local/rvm/gems/ruby-1.9.3-p392/gems/cucumber-1.2.3/lib/cucumber/ast/tree_walker.rb:163:in `broadcast'
/usr/local/rvm/gems/ruby-1.9.3-p392/gems/cucumber-1.2.3/lib/cucumber/ast/tree_walker.rb:72:in `visit_examples'
/usr/local/rvm/gems/ruby-1.9.3-p392/gems/cucumber-1.2.3/lib/cucumber/ast/scenario_outline.rb:14:in `block in accept'
/usr/local/rvm/gems/ruby-1.9.3-p392/gems/cucumber-1.2.3/lib/cucumber/ast/scenario_outline.rb:13:in `each'
/usr/local/rvm/gems/ruby-1.9.3-p392/gems/cucumber-1.2.3/lib/cucumber/ast/scenario_outline.rb:13:in `accept'
/usr/local/rvm/gems/ruby-1.9.3-p392/gems/cucumber-1.2.3/lib/cucumber/ast/tree_walker.rb:67:in `block in visit_examples_array'
/usr/local/rvm/gems/ruby-1.9.3-p392/gems/cucumber-1.2.3/lib/cucumber/ast/tree_walker.rb:163:in `broadcast'
/usr/local/rvm/gems/ruby-1.9.3-p392/gems/cucumber-1.2.3/lib/cucumber/ast/tree_walker.rb:66:in `visit_examples_array'
/usr/local/rvm/gems/ruby-1.9.3-p392/gems/cucumber-1.2.3/lib/cucumber/ast/scenario_outline.rb:68:in `accept'
/usr/local/rvm/gems/ruby-1.9.3-p392/gems/cucumber-1.2.3/lib/cucumber/ast/tree_walker.rb:51:in `block in visit_feature_element'
/usr/local/rvm/gems/ruby-1.9.3-p392/gems/cucumber-1.2.3/lib/cucumber/ast/tree_walker.rb:163:in `broadcast'
/usr/local/rvm/gems/ruby-1.9.3-p392/gems/cucumber-1.2.3/lib/cucumber/ast/tree_walker.rb:50:in `visit_feature_element'
/usr/local/rvm/gems/ruby-1.9.3-p392/gems/cucumber-1.2.3/lib/cucumber/ast/feature.rb:43:in `block in accept'
/usr/local/rvm/gems/ruby-1.9.3-p392/gems/cucumber-1.2.3/lib/cucumber/ast/feature.rb:42:in `each'
/usr/local/rvm/gems/ruby-1.9.3-p392/gems/cucumber-1.2.3/lib/cucumber/ast/feature.rb:42:in `accept'
/usr/local/rvm/gems/ruby-1.9.3-p392/gems/cucumber-1.2.3/lib/cucumber/ast/tree_walker.rb:20:in `block in visit_feature'
/usr/local/rvm/gems/ruby-1.9.3-p392/gems/cucumber-1.2.3/lib/cucumber/ast/tree_walker.rb:163:in `broadcast'
/usr/local/rvm/gems/ruby-1.9.3-p392/gems/cucumber-1.2.3/lib/cucumber/ast/tree_walker.rb:19:in `visit_feature'
/usr/local/rvm/gems/ruby-1.9.3-p392/gems/cucumber-1.2.3/lib/cucumber/ast/features.rb:29:in `block in accept'
/usr/local/rvm/gems/ruby-1.9.3-p392/gems/cucumber-1.2.3/lib/cucumber/ast/features.rb:17:in `each'
/usr/local/rvm/gems/ruby-1.9.3-p392/gems/cucumber-1.2.3/lib/cucumber/ast/features.rb:17:in `each'
/usr/local/rvm/gems/ruby-1.9.3-p392/gems/cucumber-1.2.3/lib/cucumber/ast/features.rb:28:in `accept'
/usr/local/rvm/gems/ruby-1.9.3-p392/gems/cucumber-1.2.3/lib/cucumber/ast/tree_walker.rb:14:in `block in visit_features'
/usr/local/rvm/gems/ruby-1.9.3-p392/gems/cucumber-1.2.3/lib/cucumber/ast/tree_walker.rb:163:in `broadcast'
/usr/local/rvm/gems/ruby-1.9.3-p392/gems/cucumber-1.2.3/lib/cucumber/ast/tree_walker.rb:13:in `visit_features'
/usr/local/rvm/gems/ruby-1.9.3-p392/gems/cucumber-1.2.3/lib/cucumber/runtime.rb:47:in `run!'
/usr/local/rvm/gems/ruby-1.9.3-p392/gems/cucumber-1.2.3/lib/cucumber/cli/main.rb:43:in `execute!'
/usr/local/rvm/gems/ruby-1.9.3-p392/gems/cucumber-1.2.3/lib/cucumber/cli/main.rb:20:in `execute'
/usr/local/rvm/gems/ruby-1.9.3-p392/gems/cucumber-1.2.3/bin/cucumber:14:in `<top (required)>'
/usr/local/rvm/gems/ruby-1.9.3-p392/bin/cucumber:19:in `load'
/usr/local/rvm/gems/ruby-1.9.3-p392/bin/cucumber:19:in `<main>'
/usr/local/rvm/gems/ruby-1.9.3-p392/bin/ruby_noexec_wrapper:14:in `eval'
/usr/local/rvm/gems/ruby-1.9.3-p392/bin/ruby_noexec_wrapper:14:in `<main>'
features/login.feature:113:in `Given I open '<service>' site for the opco 'pt' in a logged out state']]>
  </failure>
  <system-out/>
  <system-err/>
</testcase>
<testcase classname="LOGIN" name="PT Login Wrong Credentials (outline example : | contentbackup | PT_number_1 | 123456 |)" time="1.080818">
  <failure message="failed PT Login Wrong Credentials (outline example : | contentbackup | PT_number_1 | 123456 |)" type="failed">
    <![CDATA[Scenario Outline: PT Login Wrong Credentials

Example row: | mobileprotect | PT_number_1 | 123456 |

Message:
Example row: | music | PT_number_1 | 123456 |

Message:
Example row: | contacts | PT_number_1 | 123456 |

Message:
Example row: | contentbackup | PT_number_1 | 123456 |

Message:
]]>
    <![CDATA[unexpected response, code=404, content-type=""
unknown command: session/61a9d9f6391e38daf5d133be8708e330/element/name (Selenium::WebDriver::Error::WebDriverError)
/usr/local/rvm/gems/ruby-1.9.3-p392/gems/selenium-webdriver-2.31.0/lib/selenium/webdriver/remote/http/common.rb:66:in `create_response'
/usr/local/rvm/gems/ruby-1.9.3-p392/gems/selenium-webdriver-2.31.0/lib/selenium/webdriver/remote/http/default.rb:66:in `request'
/usr/local/rvm/gems/ruby-1.9.3-p392/gems/selenium-webdriver-2.31.0/lib/selenium/webdriver/remote/http/common.rb:40:in `call'
/usr/local/rvm/gems/ruby-1.9.3-p392/gems/selenium-webdriver-2.31.0/lib/selenium/webdriver/remote/bridge.rb:616:in `raw_execute'
/usr/local/rvm/gems/ruby-1.9.3-p392/gems/selenium-webdriver-2.31.0/lib/selenium/webdriver/remote/bridge.rb:594:in `execute'
/usr/local/rvm/gems/ruby-1.9.3-p392/gems/selenium-webdriver-2.31.0/lib/selenium/webdriver/remote/bridge.rb:493:in `getElementTagName'
/usr/local/rvm/gems/ruby-1.9.3-p392/gems/selenium-webdriver-2.31.0/lib/selenium/webdriver/common/element.rb:68:in `tag_name'
/usr/local/rvm/gems/ruby-1.9.3-p392/gems/watir-webdriver-0.6.2/lib/watir-webdriver/locators/element_locator.rb:387:in `validate_element'
/usr/local/rvm/gems/ruby-1.9.3-p392/gems/watir-webdriver-0.6.2/lib/watir-webdriver/locators/element_locator.rb:37:in `locate'
/usr/local/rvm/gems/ruby-1.9.3-p392/gems/watir-webdriver-0.6.2/lib/watir-webdriver/elements/element.rb:509:in `locate'
/usr/local/rvm/gems/ruby-1.9.3-p392/gems/watir-webdriver-0.6.2/lib/watir-webdriver/elements/element.rb:487:in `assert_exists'
/usr/local/rvm/gems/ruby-1.9.3-p392/gems/watir-webdriver-0.6.2/lib/watir-webdriver/elements/element.rb:118:in `click'
/Users/Subhash/git/automated_tests_web_login_app/features/pages/MockServicePage.rb:13:in `visit'
/Users/Subhash/git/automated_tests_web_login_app/features/step_definitions/loginapp_steps.rb:17:in `block in <top (required)>'
/usr/local/rvm/gems/ruby-1.9.3-p392/gems/cucumber-1.2.3/lib/cucumber/core_ext/instance_exec.rb:48:in `instance_exec'
/usr/local/rvm/gems/ruby-1.9.3-p392/gems/cucumber-1.2.3/lib/cucumber/core_ext/instance_exec.rb:48:in `block in cucumber_instance_exec'
/usr/local/rvm/gems/ruby-1.9.3-p392/gems/cucumber-1.2.3/lib/cucumber/core_ext/instance_exec.rb:69:in `cucumber_run_with_backtrace_filtering'
/usr/local/rvm/gems/ruby-1.9.3-p392/gems/cucumber-1.2.3/lib/cucumber/core_ext/instance_exec.rb:36:in `cucumber_instance_exec'
/usr/local/rvm/gems/ruby-1.9.3-p392/gems/cucumber-1.2.3/lib/cucumber/rb_support/rb_step_definition.rb:97:in `invoke'
/usr/local/rvm/gems/ruby-1.9.3-p392/gems/cucumber-1.2.3/lib/cucumber/step_match.rb:25:in `invoke'
/usr/local/rvm/gems/ruby-1.9.3-p392/gems/cucumber-1.2.3/lib/cucumber/ast/step_invocation.rb:60:in `invoke'
/usr/local/rvm/gems/ruby-1.9.3-p392/gems/cucumber-1.2.3/lib/cucumber/ast/outline_table.rb:119:in `block (2 levels) in accept_plain'
/usr/local/rvm/gems/ruby-1.9.3-p392/gems/cucumber-1.2.3/lib/cucumber/ast/step_collection.rb:37:in `each'
/usr/local/rvm/gems/ruby-1.9.3-p392/gems/cucumber-1.2.3/lib/cucumber/ast/step_collection.rb:37:in `each'
/usr/local/rvm/gems/ruby-1.9.3-p392/gems/cucumber-1.2.3/lib/cucumber/ast/outline_table.rb:118:in `block in accept_plain'
/usr/local/rvm/gems/ruby-1.9.3-p392/gems/cucumber-1.2.3/lib/cucumber/runtime.rb:81:in `block (2 levels) in with_hooks'
/usr/local/rvm/gems/ruby-1.9.3-p392/gems/cucumber-1.2.3/lib/cucumber/runtime.rb:97:in `before_and_after'
/usr/local/rvm/gems/ruby-1.9.3-p392/gems/cucumber-1.2.3/lib/cucumber/runtime.rb:80:in `block in with_hooks'
/usr/local/rvm/gems/ruby-1.9.3-p392/gems/cucumber-1.2.3/lib/cucumber/runtime/support_code.rb:120:in `call'
/usr/local/rvm/gems/ruby-1.9.3-p392/gems/cucumber-1.2.3/lib/cucumber/runtime/support_code.rb:120:in `block (3 levels) in around'
/usr/local/rvm/gems/ruby-1.9.3-p392/gems/cucumber-1.2.3/lib/cucumber/language_support/language_methods.rb:9:in `block in around'
/usr/local/rvm/gems/ruby-1.9.3-p392/gems/cucumber-1.2.3/lib/cucumber/language_support/language_methods.rb:91:in `call'
/usr/local/rvm/gems/ruby-1.9.3-p392/gems/cucumber-1.2.3/lib/cucumber/language_support/language_methods.rb:91:in `execute_around'
/usr/local/rvm/gems/ruby-1.9.3-p392/gems/cucumber-1.2.3/lib/cucumber/language_support/language_methods.rb:8:in `around'
/usr/local/rvm/gems/ruby-1.9.3-p392/gems/cucumber-1.2.3/lib/cucumber/runtime/support_code.rb:119:in `block (2 levels) in around'
/usr/local/rvm/gems/ruby-1.9.3-p392/gems/cucumber-1.2.3/lib/cucumber/runtime/support_code.rb:117:in `call'
/usr/local/rvm/gems/ruby-1.9.3-p392/gems/cucumber-1.2.3/lib/cucumber/runtime/support_code.rb:117:in `around'
/usr/local/rvm/gems/ruby-1.9.3-p392/gems/cucumber-1.2.3/lib/cucumber/runtime.rb:92:in `around'
/usr/local/rvm/gems/ruby-1.9.3-p392/gems/cucumber-1.2.3/lib/cucumber/runtime.rb:79:in `with_hooks'
/usr/local/rvm/gems/ruby-1.9.3-p392/gems/cucumber-1.2.3/lib/cucumber/ast/outline_table.rb:117:in `accept_plain'
/usr/local/rvm/gems/ruby-1.9.3-p392/gems/cucumber-1.2.3/lib/cucumber/ast/outline_table.rb:107:in `accept'
/usr/local/rvm/gems/ruby-1.9.3-p392/gems/cucumber-1.2.3/lib/cucumber/ast/tree_walker.rb:131:in `block in visit_table_row'
/usr/local/rvm/gems/ruby-1.9.3-p392/gems/cucumber-1.2.3/lib/cucumber/ast/tree_walker.rb:163:in `broadcast'
/usr/local/rvm/gems/ruby-1.9.3-p392/gems/cucumber-1.2.3/lib/cucumber/ast/tree_walker.rb:130:in `visit_table_row'
/usr/local/rvm/gems/ruby-1.9.3-p392/gems/cucumber-1.2.3/lib/cucumber/ast/outline_table.rb:27:in `block in accept'
/usr/local/rvm/gems/ruby-1.9.3-p392/gems/cucumber-1.2.3/lib/cucumber/ast/outline_table.rb:23:in `each'
/usr/local/rvm/gems/ruby-1.9.3-p392/gems/cucumber-1.2.3/lib/cucumber/ast/outline_table.rb:23:in `each_with_index'
/usr/local/rvm/gems/ruby-1.9.3-p392/gems/cucumber-1.2.3/lib/cucumber/ast/outline_table.rb:23:in `accept'
/usr/local/rvm/gems/ruby-1.9.3-p392/gems/cucumber-1.2.3/lib/cucumber/ast/tree_walker.rb:83:in `block in visit_outline_table'
/usr/local/rvm/gems/ruby-1.9.3-p392/gems/cucumber-1.2.3/lib/cucumber/ast/tree_walker.rb:163:in `broadcast'
/usr/local/rvm/gems/ruby-1.9.3-p392/gems/cucumber-1.2.3/lib/cucumber/ast/tree_walker.rb:82:in `visit_outline_table'
/usr/local/rvm/gems/ruby-1.9.3-p392/gems/cucumber-1.2.3/lib/cucumber/ast/examples.rb:22:in `accept'
/usr/local/rvm/gems/ruby-1.9.3-p392/gems/cucumber-1.2.3/lib/cucumber/ast/tree_walker.rb:73:in `block in visit_examples'
/usr/local/rvm/gems/ruby-1.9.3-p392/gems/cucumber-1.2.3/lib/cucumber/ast/tree_walker.rb:163:in `broadcast'
/usr/local/rvm/gems/ruby-1.9.3-p392/gems/cucumber-1.2.3/lib/cucumber/ast/tree_walker.rb:72:in `visit_examples'
/usr/local/rvm/gems/ruby-1.9.3-p392/gems/cucumber-1.2.3/lib/cucumber/ast/scenario_outline.rb:14:in `block in accept'
/usr/local/rvm/gems/ruby-1.9.3-p392/gems/cucumber-1.2.3/lib/cucumber/ast/scenario_outline.rb:13:in `each'
/usr/local/rvm/gems/ruby-1.9.3-p392/gems/cucumber-1.2.3/lib/cucumber/ast/scenario_outline.rb:13:in `accept'
/usr/local/rvm/gems/ruby-1.9.3-p392/gems/cucumber-1.2.3/lib/cucumber/ast/tree_walker.rb:67:in `block in visit_examples_array'
/usr/local/rvm/gems/ruby-1.9.3-p392/gems/cucumber-1.2.3/lib/cucumber/ast/tree_walker.rb:163:in `broadcast'
/usr/local/rvm/gems/ruby-1.9.3-p392/gems/cucumber-1.2.3/lib/cucumber/ast/tree_walker.rb:66:in `visit_examples_array'
/usr/local/rvm/gems/ruby-1.9.3-p392/gems/cucumber-1.2.3/lib/cucumber/ast/scenario_outline.rb:68:in `accept'
/usr/local/rvm/gems/ruby-1.9.3-p392/gems/cucumber-1.2.3/lib/cucumber/ast/tree_walker.rb:51:in `block in visit_feature_element'
/usr/local/rvm/gems/ruby-1.9.3-p392/gems/cucumber-1.2.3/lib/cucumber/ast/tree_walker.rb:163:in `broadcast'
/usr/local/rvm/gems/ruby-1.9.3-p392/gems/cucumber-1.2.3/lib/cucumber/ast/tree_walker.rb:50:in `visit_feature_element'
/usr/local/rvm/gems/ruby-1.9.3-p392/gems/cucumber-1.2.3/lib/cucumber/ast/feature.rb:43:in `block in accept'
/usr/local/rvm/gems/ruby-1.9.3-p392/gems/cucumber-1.2.3/lib/cucumber/ast/feature.rb:42:in `each'
/usr/local/rvm/gems/ruby-1.9.3-p392/gems/cucumber-1.2.3/lib/cucumber/ast/feature.rb:42:in `accept'
/usr/local/rvm/gems/ruby-1.9.3-p392/gems/cucumber-1.2.3/lib/cucumber/ast/tree_walker.rb:20:in `block in visit_feature'
/usr/local/rvm/gems/ruby-1.9.3-p392/gems/cucumber-1.2.3/lib/cucumber/ast/tree_walker.rb:163:in `broadcast'
/usr/local/rvm/gems/ruby-1.9.3-p392/gems/cucumber-1.2.3/lib/cucumber/ast/tree_walker.rb:19:in `visit_feature'
/usr/local/rvm/gems/ruby-1.9.3-p392/gems/cucumber-1.2.3/lib/cucumber/ast/features.rb:29:in `block in accept'
/usr/local/rvm/gems/ruby-1.9.3-p392/gems/cucumber-1.2.3/lib/cucumber/ast/features.rb:17:in `each'
/usr/local/rvm/gems/ruby-1.9.3-p392/gems/cucumber-1.2.3/lib/cucumber/ast/features.rb:17:in `each'
/usr/local/rvm/gems/ruby-1.9.3-p392/gems/cucumber-1.2.3/lib/cucumber/ast/features.rb:28:in `accept'
/usr/local/rvm/gems/ruby-1.9.3-p392/gems/cucumber-1.2.3/lib/cucumber/ast/tree_walker.rb:14:in `block in visit_features'
/usr/local/rvm/gems/ruby-1.9.3-p392/gems/cucumber-1.2.3/lib/cucumber/ast/tree_walker.rb:163:in `broadcast'
/usr/local/rvm/gems/ruby-1.9.3-p392/gems/cucumber-1.2.3/lib/cucumber/ast/tree_walker.rb:13:in `visit_features'
/usr/local/rvm/gems/ruby-1.9.3-p392/gems/cucumber-1.2.3/lib/cucumber/runtime.rb:47:in `run!'
/usr/local/rvm/gems/ruby-1.9.3-p392/gems/cucumber-1.2.3/lib/cucumber/cli/main.rb:43:in `execute!'
/usr/local/rvm/gems/ruby-1.9.3-p392/gems/cucumber-1.2.3/lib/cucumber/cli/main.rb:20:in `execute'
/usr/local/rvm/gems/ruby-1.9.3-p392/gems/cucumber-1.2.3/bin/cucumber:14:in `<top (required)>'
/usr/local/rvm/gems/ruby-1.9.3-p392/bin/cucumber:19:in `load'
/usr/local/rvm/gems/ruby-1.9.3-p392/bin/cucumber:19:in `<main>'
/usr/local/rvm/gems/ruby-1.9.3-p392/bin/ruby_noexec_wrapper:14:in `eval'
/usr/local/rvm/gems/ruby-1.9.3-p392/bin/ruby_noexec_wrapper:14:in `<main>'
features/login.feature:113:in `Given I open '<service>' site for the opco 'pt' in a logged out state']]>
  </failure>
  <system-out/>
  <system-err/>
</testcase>
<testcase classname="LOGIN" name="PT Login (outline example : | mobileprotect | PT_number_1 | PT_password_1 |)" time="0.442509">
  <failure message="failed PT Login (outline example : | mobileprotect | PT_number_1 | PT_password_1 |)" type="failed">
    <![CDATA[Scenario Outline: PT Login

Example row: | mobileprotect | PT_number_1 | PT_password_1 |

Message:
]]>
    <![CDATA[unexpected response, code=404, content-type=""
unknown command: session/61a9d9f6391e38daf5d133be8708e330/element/name (Selenium::WebDriver::Error::WebDriverError)
/usr/local/rvm/gems/ruby-1.9.3-p392/gems/selenium-webdriver-2.31.0/lib/selenium/webdriver/remote/http/common.rb:66:in `create_response'
/usr/local/rvm/gems/ruby-1.9.3-p392/gems/selenium-webdriver-2.31.0/lib/selenium/webdriver/remote/http/default.rb:66:in `request'
/usr/local/rvm/gems/ruby-1.9.3-p392/gems/selenium-webdriver-2.31.0/lib/selenium/webdriver/remote/http/common.rb:40:in `call'
/usr/local/rvm/gems/ruby-1.9.3-p392/gems/selenium-webdriver-2.31.0/lib/selenium/webdriver/remote/bridge.rb:616:in `raw_execute'
/usr/local/rvm/gems/ruby-1.9.3-p392/gems/selenium-webdriver-2.31.0/lib/selenium/webdriver/remote/bridge.rb:594:in `execute'
/usr/local/rvm/gems/ruby-1.9.3-p392/gems/selenium-webdriver-2.31.0/lib/selenium/webdriver/remote/bridge.rb:493:in `getElementTagName'
/usr/local/rvm/gems/ruby-1.9.3-p392/gems/selenium-webdriver-2.31.0/lib/selenium/webdriver/common/element.rb:68:in `tag_name'
/usr/local/rvm/gems/ruby-1.9.3-p392/gems/watir-webdriver-0.6.2/lib/watir-webdriver/locators/element_locator.rb:387:in `validate_element'
/usr/local/rvm/gems/ruby-1.9.3-p392/gems/watir-webdriver-0.6.2/lib/watir-webdriver/locators/element_locator.rb:37:in `locate'
/usr/local/rvm/gems/ruby-1.9.3-p392/gems/watir-webdriver-0.6.2/lib/watir-webdriver/elements/element.rb:509:in `locate'
/usr/local/rvm/gems/ruby-1.9.3-p392/gems/watir-webdriver-0.6.2/lib/watir-webdriver/elements/element.rb:487:in `assert_exists'
/usr/local/rvm/gems/ruby-1.9.3-p392/gems/watir-webdriver-0.6.2/lib/watir-webdriver/elements/element.rb:118:in `click'
/Users/Subhash/git/automated_tests_web_login_app/features/pages/MockServicePage.rb:13:in `visit'
/Users/Subhash/git/automated_tests_web_login_app/features/step_definitions/loginapp_steps.rb:17:in `block in <top (required)>'
/usr/local/rvm/gems/ruby-1.9.3-p392/gems/cucumber-1.2.3/lib/cucumber/core_ext/instance_exec.rb:48:in `instance_exec'
/usr/local/rvm/gems/ruby-1.9.3-p392/gems/cucumber-1.2.3/lib/cucumber/core_ext/instance_exec.rb:48:in `block in cucumber_instance_exec'
/usr/local/rvm/gems/ruby-1.9.3-p392/gems/cucumber-1.2.3/lib/cucumber/core_ext/instance_exec.rb:69:in `cucumber_run_with_backtrace_filtering'
/usr/local/rvm/gems/ruby-1.9.3-p392/gems/cucumber-1.2.3/lib/cucumber/core_ext/instance_exec.rb:36:in `cucumber_instance_exec'
/usr/local/rvm/gems/ruby-1.9.3-p392/gems/cucumber-1.2.3/lib/cucumber/rb_support/rb_step_definition.rb:97:in `invoke'
/usr/local/rvm/gems/ruby-1.9.3-p392/gems/cucumber-1.2.3/lib/cucumber/step_match.rb:25:in `invoke'
/usr/local/rvm/gems/ruby-1.9.3-p392/gems/cucumber-1.2.3/lib/cucumber/ast/step_invocation.rb:60:in `invoke'
/usr/local/rvm/gems/ruby-1.9.3-p392/gems/cucumber-1.2.3/lib/cucumber/ast/outline_table.rb:119:in `block (2 levels) in accept_plain'
/usr/local/rvm/gems/ruby-1.9.3-p392/gems/cucumber-1.2.3/lib/cucumber/ast/step_collection.rb:37:in `each'
/usr/local/rvm/gems/ruby-1.9.3-p392/gems/cucumber-1.2.3/lib/cucumber/ast/step_collection.rb:37:in `each'
/usr/local/rvm/gems/ruby-1.9.3-p392/gems/cucumber-1.2.3/lib/cucumber/ast/outline_table.rb:118:in `block in accept_plain'
/usr/local/rvm/gems/ruby-1.9.3-p392/gems/cucumber-1.2.3/lib/cucumber/runtime.rb:81:in `block (2 levels) in with_hooks'
/usr/local/rvm/gems/ruby-1.9.3-p392/gems/cucumber-1.2.3/lib/cucumber/runtime.rb:97:in `before_and_after'
/usr/local/rvm/gems/ruby-1.9.3-p392/gems/cucumber-1.2.3/lib/cucumber/runtime.rb:80:in `block in with_hooks'
/usr/local/rvm/gems/ruby-1.9.3-p392/gems/cucumber-1.2.3/lib/cucumber/runtime/support_code.rb:120:in `call'
/usr/local/rvm/gems/ruby-1.9.3-p392/gems/cucumber-1.2.3/lib/cucumber/runtime/support_code.rb:120:in `block (3 levels) in around'
/usr/local/rvm/gems/ruby-1.9.3-p392/gems/cucumber-1.2.3/lib/cucumber/language_support/language_methods.rb:9:in `block in around'
/usr/local/rvm/gems/ruby-1.9.3-p392/gems/cucumber-1.2.3/lib/cucumber/language_support/language_methods.rb:91:in `call'
/usr/local/rvm/gems/ruby-1.9.3-p392/gems/cucumber-1.2.3/lib/cucumber/language_support/language_methods.rb:91:in `execute_around'
/usr/local/rvm/gems/ruby-1.9.3-p392/gems/cucumber-1.2.3/lib/cucumber/language_support/language_methods.rb:8:in `around'
/usr/local/rvm/gems/ruby-1.9.3-p392/gems/cucumber-1.2.3/lib/cucumber/runtime/support_code.rb:119:in `block (2 levels) in around'
/usr/local/rvm/gems/ruby-1.9.3-p392/gems/cucumber-1.2.3/lib/cucumber/runtime/support_code.rb:117:in `call'
/usr/local/rvm/gems/ruby-1.9.3-p392/gems/cucumber-1.2.3/lib/cucumber/runtime/support_code.rb:117:in `around'
/usr/local/rvm/gems/ruby-1.9.3-p392/gems/cucumber-1.2.3/lib/cucumber/runtime.rb:92:in `around'
/usr/local/rvm/gems/ruby-1.9.3-p392/gems/cucumber-1.2.3/lib/cucumber/runtime.rb:79:in `with_hooks'
/usr/local/rvm/gems/ruby-1.9.3-p392/gems/cucumber-1.2.3/lib/cucumber/ast/outline_table.rb:117:in `accept_plain'
/usr/local/rvm/gems/ruby-1.9.3-p392/gems/cucumber-1.2.3/lib/cucumber/ast/outline_table.rb:107:in `accept'
/usr/local/rvm/gems/ruby-1.9.3-p392/gems/cucumber-1.2.3/lib/cucumber/ast/tree_walker.rb:131:in `block in visit_table_row'
/usr/local/rvm/gems/ruby-1.9.3-p392/gems/cucumber-1.2.3/lib/cucumber/ast/tree_walker.rb:163:in `broadcast'
/usr/local/rvm/gems/ruby-1.9.3-p392/gems/cucumber-1.2.3/lib/cucumber/ast/tree_walker.rb:130:in `visit_table_row'
/usr/local/rvm/gems/ruby-1.9.3-p392/gems/cucumber-1.2.3/lib/cucumber/ast/outline_table.rb:27:in `block in accept'
/usr/local/rvm/gems/ruby-1.9.3-p392/gems/cucumber-1.2.3/lib/cucumber/ast/outline_table.rb:23:in `each'
/usr/local/rvm/gems/ruby-1.9.3-p392/gems/cucumber-1.2.3/lib/cucumber/ast/outline_table.rb:23:in `each_with_index'
/usr/local/rvm/gems/ruby-1.9.3-p392/gems/cucumber-1.2.3/lib/cucumber/ast/outline_table.rb:23:in `accept'
/usr/local/rvm/gems/ruby-1.9.3-p392/gems/cucumber-1.2.3/lib/cucumber/ast/tree_walker.rb:83:in `block in visit_outline_table'
/usr/local/rvm/gems/ruby-1.9.3-p392/gems/cucumber-1.2.3/lib/cucumber/ast/tree_walker.rb:163:in `broadcast'
/usr/local/rvm/gems/ruby-1.9.3-p392/gems/cucumber-1.2.3/lib/cucumber/ast/tree_walker.rb:82:in `visit_outline_table'
/usr/local/rvm/gems/ruby-1.9.3-p392/gems/cucumber-1.2.3/lib/cucumber/ast/examples.rb:22:in `accept'
/usr/local/rvm/gems/ruby-1.9.3-p392/gems/cucumber-1.2.3/lib/cucumber/ast/tree_walker.rb:73:in `block in visit_examples'
/usr/local/rvm/gems/ruby-1.9.3-p392/gems/cucumber-1.2.3/lib/cucumber/ast/tree_walker.rb:163:in `broadcast'
/usr/local/rvm/gems/ruby-1.9.3-p392/gems/cucumber-1.2.3/lib/cucumber/ast/tree_walker.rb:72:in `visit_examples'
/usr/local/rvm/gems/ruby-1.9.3-p392/gems/cucumber-1.2.3/lib/cucumber/ast/scenario_outline.rb:14:in `block in accept'
/usr/local/rvm/gems/ruby-1.9.3-p392/gems/cucumber-1.2.3/lib/cucumber/ast/scenario_outline.rb:13:in `each'
/usr/local/rvm/gems/ruby-1.9.3-p392/gems/cucumber-1.2.3/lib/cucumber/ast/scenario_outline.rb:13:in `accept'
/usr/local/rvm/gems/ruby-1.9.3-p392/gems/cucumber-1.2.3/lib/cucumber/ast/tree_walker.rb:67:in `block in visit_examples_array'
/usr/local/rvm/gems/ruby-1.9.3-p392/gems/cucumber-1.2.3/lib/cucumber/ast/tree_walker.rb:163:in `broadcast'
/usr/local/rvm/gems/ruby-1.9.3-p392/gems/cucumber-1.2.3/lib/cucumber/ast/tree_walker.rb:66:in `visit_examples_array'
/usr/local/rvm/gems/ruby-1.9.3-p392/gems/cucumber-1.2.3/lib/cucumber/ast/scenario_outline.rb:68:in `accept'
/usr/local/rvm/gems/ruby-1.9.3-p392/gems/cucumber-1.2.3/lib/cucumber/ast/tree_walker.rb:51:in `block in visit_feature_element'
/usr/local/rvm/gems/ruby-1.9.3-p392/gems/cucumber-1.2.3/lib/cucumber/ast/tree_walker.rb:163:in `broadcast'
/usr/local/rvm/gems/ruby-1.9.3-p392/gems/cucumber-1.2.3/lib/cucumber/ast/tree_walker.rb:50:in `visit_feature_element'
/usr/local/rvm/gems/ruby-1.9.3-p392/gems/cucumber-1.2.3/lib/cucumber/ast/feature.rb:43:in `block in accept'
/usr/local/rvm/gems/ruby-1.9.3-p392/gems/cucumber-1.2.3/lib/cucumber/ast/feature.rb:42:in `each'
/usr/local/rvm/gems/ruby-1.9.3-p392/gems/cucumber-1.2.3/lib/cucumber/ast/feature.rb:42:in `accept'
/usr/local/rvm/gems/ruby-1.9.3-p392/gems/cucumber-1.2.3/lib/cucumber/ast/tree_walker.rb:20:in `block in visit_feature'
/usr/local/rvm/gems/ruby-1.9.3-p392/gems/cucumber-1.2.3/lib/cucumber/ast/tree_walker.rb:163:in `broadcast'
/usr/local/rvm/gems/ruby-1.9.3-p392/gems/cucumber-1.2.3/lib/cucumber/ast/tree_walker.rb:19:in `visit_feature'
/usr/local/rvm/gems/ruby-1.9.3-p392/gems/cucumber-1.2.3/lib/cucumber/ast/features.rb:29:in `block in accept'
/usr/local/rvm/gems/ruby-1.9.3-p392/gems/cucumber-1.2.3/lib/cucumber/ast/features.rb:17:in `each'
/usr/local/rvm/gems/ruby-1.9.3-p392/gems/cucumber-1.2.3/lib/cucumber/ast/features.rb:17:in `each'
/usr/local/rvm/gems/ruby-1.9.3-p392/gems/cucumber-1.2.3/lib/cucumber/ast/features.rb:28:in `accept'
/usr/local/rvm/gems/ruby-1.9.3-p392/gems/cucumber-1.2.3/lib/cucumber/ast/tree_walker.rb:14:in `block in visit_features'
/usr/local/rvm/gems/ruby-1.9.3-p392/gems/cucumber-1.2.3/lib/cucumber/ast/tree_walker.rb:163:in `broadcast'
/usr/local/rvm/gems/ruby-1.9.3-p392/gems/cucumber-1.2.3/lib/cucumber/ast/tree_walker.rb:13:in `visit_features'
/usr/local/rvm/gems/ruby-1.9.3-p392/gems/cucumber-1.2.3/lib/cucumber/runtime.rb:47:in `run!'
/usr/local/rvm/gems/ruby-1.9.3-p392/gems/cucumber-1.2.3/lib/cucumber/cli/main.rb:43:in `execute!'
/usr/local/rvm/gems/ruby-1.9.3-p392/gems/cucumber-1.2.3/lib/cucumber/cli/main.rb:20:in `execute'
/usr/local/rvm/gems/ruby-1.9.3-p392/gems/cucumber-1.2.3/bin/cucumber:14:in `<top (required)>'
/usr/local/rvm/gems/ruby-1.9.3-p392/bin/cucumber:19:in `load'
/usr/local/rvm/gems/ruby-1.9.3-p392/bin/cucumber:19:in `<main>'
/usr/local/rvm/gems/ruby-1.9.3-p392/bin/ruby_noexec_wrapper:14:in `eval'
/usr/local/rvm/gems/ruby-1.9.3-p392/bin/ruby_noexec_wrapper:14:in `<main>'
features/login.feature:127:in `Given I open '<service>' site for the opco 'pt' in a logged out state']]>
  </failure>
  <system-out/>
  <system-err/>
</testcase>
<testcase classname="LOGIN" name="PT Login (outline example : | music | PT_number_1 | PT_password_1 |)" time="0.399970">
  <failure message="failed PT Login (outline example : | music | PT_number_1 | PT_password_1 |)" type="failed">
    <![CDATA[Scenario Outline: PT Login

Example row: | mobileprotect | PT_number_1 | PT_password_1 |

Message:
Example row: | music | PT_number_1 | PT_password_1 |

Message:
]]>
    <![CDATA[unexpected response, code=404, content-type=""
unknown command: session/61a9d9f6391e38daf5d133be8708e330/element/name (Selenium::WebDriver::Error::WebDriverError)
/usr/local/rvm/gems/ruby-1.9.3-p392/gems/selenium-webdriver-2.31.0/lib/selenium/webdriver/remote/http/common.rb:66:in `create_response'
/usr/local/rvm/gems/ruby-1.9.3-p392/gems/selenium-webdriver-2.31.0/lib/selenium/webdriver/remote/http/default.rb:66:in `request'
/usr/local/rvm/gems/ruby-1.9.3-p392/gems/selenium-webdriver-2.31.0/lib/selenium/webdriver/remote/http/common.rb:40:in `call'
/usr/local/rvm/gems/ruby-1.9.3-p392/gems/selenium-webdriver-2.31.0/lib/selenium/webdriver/remote/bridge.rb:616:in `raw_execute'
/usr/local/rvm/gems/ruby-1.9.3-p392/gems/selenium-webdriver-2.31.0/lib/selenium/webdriver/remote/bridge.rb:594:in `execute'
/usr/local/rvm/gems/ruby-1.9.3-p392/gems/selenium-webdriver-2.31.0/lib/selenium/webdriver/remote/bridge.rb:493:in `getElementTagName'
/usr/local/rvm/gems/ruby-1.9.3-p392/gems/selenium-webdriver-2.31.0/lib/selenium/webdriver/common/element.rb:68:in `tag_name'
/usr/local/rvm/gems/ruby-1.9.3-p392/gems/watir-webdriver-0.6.2/lib/watir-webdriver/locators/element_locator.rb:387:in `validate_element'
/usr/local/rvm/gems/ruby-1.9.3-p392/gems/watir-webdriver-0.6.2/lib/watir-webdriver/locators/element_locator.rb:37:in `locate'
/usr/local/rvm/gems/ruby-1.9.3-p392/gems/watir-webdriver-0.6.2/lib/watir-webdriver/elements/element.rb:509:in `locate'
/usr/local/rvm/gems/ruby-1.9.3-p392/gems/watir-webdriver-0.6.2/lib/watir-webdriver/elements/element.rb:487:in `assert_exists'
/usr/local/rvm/gems/ruby-1.9.3-p392/gems/watir-webdriver-0.6.2/lib/watir-webdriver/elements/element.rb:118:in `click'
/Users/Subhash/git/automated_tests_web_login_app/features/pages/MockServicePage.rb:13:in `visit'
/Users/Subhash/git/automated_tests_web_login_app/features/step_definitions/loginapp_steps.rb:17:in `block in <top (required)>'
/usr/local/rvm/gems/ruby-1.9.3-p392/gems/cucumber-1.2.3/lib/cucumber/core_ext/instance_exec.rb:48:in `instance_exec'
/usr/local/rvm/gems/ruby-1.9.3-p392/gems/cucumber-1.2.3/lib/cucumber/core_ext/instance_exec.rb:48:in `block in cucumber_instance_exec'
/usr/local/rvm/gems/ruby-1.9.3-p392/gems/cucumber-1.2.3/lib/cucumber/core_ext/instance_exec.rb:69:in `cucumber_run_with_backtrace_filtering'
/usr/local/rvm/gems/ruby-1.9.3-p392/gems/cucumber-1.2.3/lib/cucumber/core_ext/instance_exec.rb:36:in `cucumber_instance_exec'
/usr/local/rvm/gems/ruby-1.9.3-p392/gems/cucumber-1.2.3/lib/cucumber/rb_support/rb_step_definition.rb:97:in `invoke'
/usr/local/rvm/gems/ruby-1.9.3-p392/gems/cucumber-1.2.3/lib/cucumber/step_match.rb:25:in `invoke'
/usr/local/rvm/gems/ruby-1.9.3-p392/gems/cucumber-1.2.3/lib/cucumber/ast/step_invocation.rb:60:in `invoke'
/usr/local/rvm/gems/ruby-1.9.3-p392/gems/cucumber-1.2.3/lib/cucumber/ast/outline_table.rb:119:in `block (2 levels) in accept_plain'
/usr/local/rvm/gems/ruby-1.9.3-p392/gems/cucumber-1.2.3/lib/cucumber/ast/step_collection.rb:37:in `each'
/usr/local/rvm/gems/ruby-1.9.3-p392/gems/cucumber-1.2.3/lib/cucumber/ast/step_collection.rb:37:in `each'
/usr/local/rvm/gems/ruby-1.9.3-p392/gems/cucumber-1.2.3/lib/cucumber/ast/outline_table.rb:118:in `block in accept_plain'
/usr/local/rvm/gems/ruby-1.9.3-p392/gems/cucumber-1.2.3/lib/cucumber/runtime.rb:81:in `block (2 levels) in with_hooks'
/usr/local/rvm/gems/ruby-1.9.3-p392/gems/cucumber-1.2.3/lib/cucumber/runtime.rb:97:in `before_and_after'
/usr/local/rvm/gems/ruby-1.9.3-p392/gems/cucumber-1.2.3/lib/cucumber/runtime.rb:80:in `block in with_hooks'
/usr/local/rvm/gems/ruby-1.9.3-p392/gems/cucumber-1.2.3/lib/cucumber/runtime/support_code.rb:120:in `call'
/usr/local/rvm/gems/ruby-1.9.3-p392/gems/cucumber-1.2.3/lib/cucumber/runtime/support_code.rb:120:in `block (3 levels) in around'
/usr/local/rvm/gems/ruby-1.9.3-p392/gems/cucumber-1.2.3/lib/cucumber/language_support/language_methods.rb:9:in `block in around'
/usr/local/rvm/gems/ruby-1.9.3-p392/gems/cucumber-1.2.3/lib/cucumber/language_support/language_methods.rb:91:in `call'
/usr/local/rvm/gems/ruby-1.9.3-p392/gems/cucumber-1.2.3/lib/cucumber/language_support/language_methods.rb:91:in `execute_around'
/usr/local/rvm/gems/ruby-1.9.3-p392/gems/cucumber-1.2.3/lib/cucumber/language_support/language_methods.rb:8:in `around'
/usr/local/rvm/gems/ruby-1.9.3-p392/gems/cucumber-1.2.3/lib/cucumber/runtime/support_code.rb:119:in `block (2 levels) in around'
/usr/local/rvm/gems/ruby-1.9.3-p392/gems/cucumber-1.2.3/lib/cucumber/runtime/support_code.rb:117:in `call'
/usr/local/rvm/gems/ruby-1.9.3-p392/gems/cucumber-1.2.3/lib/cucumber/runtime/support_code.rb:117:in `around'
/usr/local/rvm/gems/ruby-1.9.3-p392/gems/cucumber-1.2.3/lib/cucumber/runtime.rb:92:in `around'
/usr/local/rvm/gems/ruby-1.9.3-p392/gems/cucumber-1.2.3/lib/cucumber/runtime.rb:79:in `with_hooks'
/usr/local/rvm/gems/ruby-1.9.3-p392/gems/cucumber-1.2.3/lib/cucumber/ast/outline_table.rb:117:in `accept_plain'
/usr/local/rvm/gems/ruby-1.9.3-p392/gems/cucumber-1.2.3/lib/cucumber/ast/outline_table.rb:107:in `accept'
/usr/local/rvm/gems/ruby-1.9.3-p392/gems/cucumber-1.2.3/lib/cucumber/ast/tree_walker.rb:131:in `block in visit_table_row'
/usr/local/rvm/gems/ruby-1.9.3-p392/gems/cucumber-1.2.3/lib/cucumber/ast/tree_walker.rb:163:in `broadcast'
/usr/local/rvm/gems/ruby-1.9.3-p392/gems/cucumber-1.2.3/lib/cucumber/ast/tree_walker.rb:130:in `visit_table_row'
/usr/local/rvm/gems/ruby-1.9.3-p392/gems/cucumber-1.2.3/lib/cucumber/ast/outline_table.rb:27:in `block in accept'
/usr/local/rvm/gems/ruby-1.9.3-p392/gems/cucumber-1.2.3/lib/cucumber/ast/outline_table.rb:23:in `each'
/usr/local/rvm/gems/ruby-1.9.3-p392/gems/cucumber-1.2.3/lib/cucumber/ast/outline_table.rb:23:in `each_with_index'
/usr/local/rvm/gems/ruby-1.9.3-p392/gems/cucumber-1.2.3/lib/cucumber/ast/outline_table.rb:23:in `accept'
/usr/local/rvm/gems/ruby-1.9.3-p392/gems/cucumber-1.2.3/lib/cucumber/ast/tree_walker.rb:83:in `block in visit_outline_table'
/usr/local/rvm/gems/ruby-1.9.3-p392/gems/cucumber-1.2.3/lib/cucumber/ast/tree_walker.rb:163:in `broadcast'
/usr/local/rvm/gems/ruby-1.9.3-p392/gems/cucumber-1.2.3/lib/cucumber/ast/tree_walker.rb:82:in `visit_outline_table'
/usr/local/rvm/gems/ruby-1.9.3-p392/gems/cucumber-1.2.3/lib/cucumber/ast/examples.rb:22:in `accept'
/usr/local/rvm/gems/ruby-1.9.3-p392/gems/cucumber-1.2.3/lib/cucumber/ast/tree_walker.rb:73:in `block in visit_examples'
/usr/local/rvm/gems/ruby-1.9.3-p392/gems/cucumber-1.2.3/lib/cucumber/ast/tree_walker.rb:163:in `broadcast'
/usr/local/rvm/gems/ruby-1.9.3-p392/gems/cucumber-1.2.3/lib/cucumber/ast/tree_walker.rb:72:in `visit_examples'
/usr/local/rvm/gems/ruby-1.9.3-p392/gems/cucumber-1.2.3/lib/cucumber/ast/scenario_outline.rb:14:in `block in accept'
/usr/local/rvm/gems/ruby-1.9.3-p392/gems/cucumber-1.2.3/lib/cucumber/ast/scenario_outline.rb:13:in `each'
/usr/local/rvm/gems/ruby-1.9.3-p392/gems/cucumber-1.2.3/lib/cucumber/ast/scenario_outline.rb:13:in `accept'
/usr/local/rvm/gems/ruby-1.9.3-p392/gems/cucumber-1.2.3/lib/cucumber/ast/tree_walker.rb:67:in `block in visit_examples_array'
/usr/local/rvm/gems/ruby-1.9.3-p392/gems/cucumber-1.2.3/lib/cucumber/ast/tree_walker.rb:163:in `broadcast'
/usr/local/rvm/gems/ruby-1.9.3-p392/gems/cucumber-1.2.3/lib/cucumber/ast/tree_walker.rb:66:in `visit_examples_array'
/usr/local/rvm/gems/ruby-1.9.3-p392/gems/cucumber-1.2.3/lib/cucumber/ast/scenario_outline.rb:68:in `accept'
/usr/local/rvm/gems/ruby-1.9.3-p392/gems/cucumber-1.2.3/lib/cucumber/ast/tree_walker.rb:51:in `block in visit_feature_element'
/usr/local/rvm/gems/ruby-1.9.3-p392/gems/cucumber-1.2.3/lib/cucumber/ast/tree_walker.rb:163:in `broadcast'
/usr/local/rvm/gems/ruby-1.9.3-p392/gems/cucumber-1.2.3/lib/cucumber/ast/tree_walker.rb:50:in `visit_feature_element'
/usr/local/rvm/gems/ruby-1.9.3-p392/gems/cucumber-1.2.3/lib/cucumber/ast/feature.rb:43:in `block in accept'
/usr/local/rvm/gems/ruby-1.9.3-p392/gems/cucumber-1.2.3/lib/cucumber/ast/feature.rb:42:in `each'
/usr/local/rvm/gems/ruby-1.9.3-p392/gems/cucumber-1.2.3/lib/cucumber/ast/feature.rb:42:in `accept'
/usr/local/rvm/gems/ruby-1.9.3-p392/gems/cucumber-1.2.3/lib/cucumber/ast/tree_walker.rb:20:in `block in visit_feature'
/usr/local/rvm/gems/ruby-1.9.3-p392/gems/cucumber-1.2.3/lib/cucumber/ast/tree_walker.rb:163:in `broadcast'
/usr/local/rvm/gems/ruby-1.9.3-p392/gems/cucumber-1.2.3/lib/cucumber/ast/tree_walker.rb:19:in `visit_feature'
/usr/local/rvm/gems/ruby-1.9.3-p392/gems/cucumber-1.2.3/lib/cucumber/ast/features.rb:29:in `block in accept'
/usr/local/rvm/gems/ruby-1.9.3-p392/gems/cucumber-1.2.3/lib/cucumber/ast/features.rb:17:in `each'
/usr/local/rvm/gems/ruby-1.9.3-p392/gems/cucumber-1.2.3/lib/cucumber/ast/features.rb:17:in `each'
/usr/local/rvm/gems/ruby-1.9.3-p392/gems/cucumber-1.2.3/lib/cucumber/ast/features.rb:28:in `accept'
/usr/local/rvm/gems/ruby-1.9.3-p392/gems/cucumber-1.2.3/lib/cucumber/ast/tree_walker.rb:14:in `block in visit_features'
/usr/local/rvm/gems/ruby-1.9.3-p392/gems/cucumber-1.2.3/lib/cucumber/ast/tree_walker.rb:163:in `broadcast'
/usr/local/rvm/gems/ruby-1.9.3-p392/gems/cucumber-1.2.3/lib/cucumber/ast/tree_walker.rb:13:in `visit_features'
/usr/local/rvm/gems/ruby-1.9.3-p392/gems/cucumber-1.2.3/lib/cucumber/runtime.rb:47:in `run!'
/usr/local/rvm/gems/ruby-1.9.3-p392/gems/cucumber-1.2.3/lib/cucumber/cli/main.rb:43:in `execute!'
/usr/local/rvm/gems/ruby-1.9.3-p392/gems/cucumber-1.2.3/lib/cucumber/cli/main.rb:20:in `execute'
/usr/local/rvm/gems/ruby-1.9.3-p392/gems/cucumber-1.2.3/bin/cucumber:14:in `<top (required)>'
/usr/local/rvm/gems/ruby-1.9.3-p392/bin/cucumber:19:in `load'
/usr/local/rvm/gems/ruby-1.9.3-p392/bin/cucumber:19:in `<main>'
/usr/local/rvm/gems/ruby-1.9.3-p392/bin/ruby_noexec_wrapper:14:in `eval'
/usr/local/rvm/gems/ruby-1.9.3-p392/bin/ruby_noexec_wrapper:14:in `<main>'
features/login.feature:127:in `Given I open '<service>' site for the opco 'pt' in a logged out state']]>
  </failure>
  <system-out/>
  <system-err/>
</testcase>
<testcase classname="LOGIN" name="PT Login (outline example : | contacts | PT_number_1 | PT_password_1 |)" time="0.521689">
  <failure message="failed PT Login (outline example : | contacts | PT_number_1 | PT_password_1 |)" type="failed">
    <![CDATA[Scenario Outline: PT Login

Example row: | mobileprotect | PT_number_1 | PT_password_1 |

Message:
Example row: | music | PT_number_1 | PT_password_1 |

Message:
Example row: | contacts | PT_number_1 | PT_password_1 |

Message:
]]>
    <![CDATA[unexpected response, code=404, content-type=""
unknown command: session/61a9d9f6391e38daf5d133be8708e330/element/name (Selenium::WebDriver::Error::WebDriverError)
/usr/local/rvm/gems/ruby-1.9.3-p392/gems/selenium-webdriver-2.31.0/lib/selenium/webdriver/remote/http/common.rb:66:in `create_response'
/usr/local/rvm/gems/ruby-1.9.3-p392/gems/selenium-webdriver-2.31.0/lib/selenium/webdriver/remote/http/default.rb:66:in `request'
/usr/local/rvm/gems/ruby-1.9.3-p392/gems/selenium-webdriver-2.31.0/lib/selenium/webdriver/remote/http/common.rb:40:in `call'
/usr/local/rvm/gems/ruby-1.9.3-p392/gems/selenium-webdriver-2.31.0/lib/selenium/webdriver/remote/bridge.rb:616:in `raw_execute'
/usr/local/rvm/gems/ruby-1.9.3-p392/gems/selenium-webdriver-2.31.0/lib/selenium/webdriver/remote/bridge.rb:594:in `execute'
/usr/local/rvm/gems/ruby-1.9.3-p392/gems/selenium-webdriver-2.31.0/lib/selenium/webdriver/remote/bridge.rb:493:in `getElementTagName'
/usr/local/rvm/gems/ruby-1.9.3-p392/gems/selenium-webdriver-2.31.0/lib/selenium/webdriver/common/element.rb:68:in `tag_name'
/usr/local/rvm/gems/ruby-1.9.3-p392/gems/watir-webdriver-0.6.2/lib/watir-webdriver/locators/element_locator.rb:387:in `validate_element'
/usr/local/rvm/gems/ruby-1.9.3-p392/gems/watir-webdriver-0.6.2/lib/watir-webdriver/locators/element_locator.rb:37:in `locate'
/usr/local/rvm/gems/ruby-1.9.3-p392/gems/watir-webdriver-0.6.2/lib/watir-webdriver/elements/element.rb:509:in `locate'
/usr/local/rvm/gems/ruby-1.9.3-p392/gems/watir-webdriver-0.6.2/lib/watir-webdriver/elements/element.rb:487:in `assert_exists'
/usr/local/rvm/gems/ruby-1.9.3-p392/gems/watir-webdriver-0.6.2/lib/watir-webdriver/elements/element.rb:118:in `click'
/Users/Subhash/git/automated_tests_web_login_app/features/pages/MockServicePage.rb:13:in `visit'
/Users/Subhash/git/automated_tests_web_login_app/features/step_definitions/loginapp_steps.rb:17:in `block in <top (required)>'
/usr/local/rvm/gems/ruby-1.9.3-p392/gems/cucumber-1.2.3/lib/cucumber/core_ext/instance_exec.rb:48:in `instance_exec'
/usr/local/rvm/gems/ruby-1.9.3-p392/gems/cucumber-1.2.3/lib/cucumber/core_ext/instance_exec.rb:48:in `block in cucumber_instance_exec'
/usr/local/rvm/gems/ruby-1.9.3-p392/gems/cucumber-1.2.3/lib/cucumber/core_ext/instance_exec.rb:69:in `cucumber_run_with_backtrace_filtering'
/usr/local/rvm/gems/ruby-1.9.3-p392/gems/cucumber-1.2.3/lib/cucumber/core_ext/instance_exec.rb:36:in `cucumber_instance_exec'
/usr/local/rvm/gems/ruby-1.9.3-p392/gems/cucumber-1.2.3/lib/cucumber/rb_support/rb_step_definition.rb:97:in `invoke'
/usr/local/rvm/gems/ruby-1.9.3-p392/gems/cucumber-1.2.3/lib/cucumber/step_match.rb:25:in `invoke'
/usr/local/rvm/gems/ruby-1.9.3-p392/gems/cucumber-1.2.3/lib/cucumber/ast/step_invocation.rb:60:in `invoke'
/usr/local/rvm/gems/ruby-1.9.3-p392/gems/cucumber-1.2.3/lib/cucumber/ast/outline_table.rb:119:in `block (2 levels) in accept_plain'
/usr/local/rvm/gems/ruby-1.9.3-p392/gems/cucumber-1.2.3/lib/cucumber/ast/step_collection.rb:37:in `each'
/usr/local/rvm/gems/ruby-1.9.3-p392/gems/cucumber-1.2.3/lib/cucumber/ast/step_collection.rb:37:in `each'
/usr/local/rvm/gems/ruby-1.9.3-p392/gems/cucumber-1.2.3/lib/cucumber/ast/outline_table.rb:118:in `block in accept_plain'
/usr/local/rvm/gems/ruby-1.9.3-p392/gems/cucumber-1.2.3/lib/cucumber/runtime.rb:81:in `block (2 levels) in with_hooks'
/usr/local/rvm/gems/ruby-1.9.3-p392/gems/cucumber-1.2.3/lib/cucumber/runtime.rb:97:in `before_and_after'
/usr/local/rvm/gems/ruby-1.9.3-p392/gems/cucumber-1.2.3/lib/cucumber/runtime.rb:80:in `block in with_hooks'
/usr/local/rvm/gems/ruby-1.9.3-p392/gems/cucumber-1.2.3/lib/cucumber/runtime/support_code.rb:120:in `call'
/usr/local/rvm/gems/ruby-1.9.3-p392/gems/cucumber-1.2.3/lib/cucumber/runtime/support_code.rb:120:in `block (3 levels) in around'
/usr/local/rvm/gems/ruby-1.9.3-p392/gems/cucumber-1.2.3/lib/cucumber/language_support/language_methods.rb:9:in `block in around'
/usr/local/rvm/gems/ruby-1.9.3-p392/gems/cucumber-1.2.3/lib/cucumber/language_support/language_methods.rb:91:in `call'
/usr/local/rvm/gems/ruby-1.9.3-p392/gems/cucumber-1.2.3/lib/cucumber/language_support/language_methods.rb:91:in `execute_around'
/usr/local/rvm/gems/ruby-1.9.3-p392/gems/cucumber-1.2.3/lib/cucumber/language_support/language_methods.rb:8:in `around'
/usr/local/rvm/gems/ruby-1.9.3-p392/gems/cucumber-1.2.3/lib/cucumber/runtime/support_code.rb:119:in `block (2 levels) in around'
/usr/local/rvm/gems/ruby-1.9.3-p392/gems/cucumber-1.2.3/lib/cucumber/runtime/support_code.rb:117:in `call'
/usr/local/rvm/gems/ruby-1.9.3-p392/gems/cucumber-1.2.3/lib/cucumber/runtime/support_code.rb:117:in `around'
/usr/local/rvm/gems/ruby-1.9.3-p392/gems/cucumber-1.2.3/lib/cucumber/runtime.rb:92:in `around'
/usr/local/rvm/gems/ruby-1.9.3-p392/gems/cucumber-1.2.3/lib/cucumber/runtime.rb:79:in `with_hooks'
/usr/local/rvm/gems/ruby-1.9.3-p392/gems/cucumber-1.2.3/lib/cucumber/ast/outline_table.rb:117:in `accept_plain'
/usr/local/rvm/gems/ruby-1.9.3-p392/gems/cucumber-1.2.3/lib/cucumber/ast/outline_table.rb:107:in `accept'
/usr/local/rvm/gems/ruby-1.9.3-p392/gems/cucumber-1.2.3/lib/cucumber/ast/tree_walker.rb:131:in `block in visit_table_row'
/usr/local/rvm/gems/ruby-1.9.3-p392/gems/cucumber-1.2.3/lib/cucumber/ast/tree_walker.rb:163:in `broadcast'
/usr/local/rvm/gems/ruby-1.9.3-p392/gems/cucumber-1.2.3/lib/cucumber/ast/tree_walker.rb:130:in `visit_table_row'
/usr/local/rvm/gems/ruby-1.9.3-p392/gems/cucumber-1.2.3/lib/cucumber/ast/outline_table.rb:27:in `block in accept'
/usr/local/rvm/gems/ruby-1.9.3-p392/gems/cucumber-1.2.3/lib/cucumber/ast/outline_table.rb:23:in `each'
/usr/local/rvm/gems/ruby-1.9.3-p392/gems/cucumber-1.2.3/lib/cucumber/ast/outline_table.rb:23:in `each_with_index'
/usr/local/rvm/gems/ruby-1.9.3-p392/gems/cucumber-1.2.3/lib/cucumber/ast/outline_table.rb:23:in `accept'
/usr/local/rvm/gems/ruby-1.9.3-p392/gems/cucumber-1.2.3/lib/cucumber/ast/tree_walker.rb:83:in `block in visit_outline_table'
/usr/local/rvm/gems/ruby-1.9.3-p392/gems/cucumber-1.2.3/lib/cucumber/ast/tree_walker.rb:163:in `broadcast'
/usr/local/rvm/gems/ruby-1.9.3-p392/gems/cucumber-1.2.3/lib/cucumber/ast/tree_walker.rb:82:in `visit_outline_table'
/usr/local/rvm/gems/ruby-1.9.3-p392/gems/cucumber-1.2.3/lib/cucumber/ast/examples.rb:22:in `accept'
/usr/local/rvm/gems/ruby-1.9.3-p392/gems/cucumber-1.2.3/lib/cucumber/ast/tree_walker.rb:73:in `block in visit_examples'
/usr/local/rvm/gems/ruby-1.9.3-p392/gems/cucumber-1.2.3/lib/cucumber/ast/tree_walker.rb:163:in `broadcast'
/usr/local/rvm/gems/ruby-1.9.3-p392/gems/cucumber-1.2.3/lib/cucumber/ast/tree_walker.rb:72:in `visit_examples'
/usr/local/rvm/gems/ruby-1.9.3-p392/gems/cucumber-1.2.3/lib/cucumber/ast/scenario_outline.rb:14:in `block in accept'
/usr/local/rvm/gems/ruby-1.9.3-p392/gems/cucumber-1.2.3/lib/cucumber/ast/scenario_outline.rb:13:in `each'
/usr/local/rvm/gems/ruby-1.9.3-p392/gems/cucumber-1.2.3/lib/cucumber/ast/scenario_outline.rb:13:in `accept'
/usr/local/rvm/gems/ruby-1.9.3-p392/gems/cucumber-1.2.3/lib/cucumber/ast/tree_walker.rb:67:in `block in visit_examples_array'
/usr/local/rvm/gems/ruby-1.9.3-p392/gems/cucumber-1.2.3/lib/cucumber/ast/tree_walker.rb:163:in `broadcast'
/usr/local/rvm/gems/ruby-1.9.3-p392/gems/cucumber-1.2.3/lib/cucumber/ast/tree_walker.rb:66:in `visit_examples_array'
/usr/local/rvm/gems/ruby-1.9.3-p392/gems/cucumber-1.2.3/lib/cucumber/ast/scenario_outline.rb:68:in `accept'
/usr/local/rvm/gems/ruby-1.9.3-p392/gems/cucumber-1.2.3/lib/cucumber/ast/tree_walker.rb:51:in `block in visit_feature_element'
/usr/local/rvm/gems/ruby-1.9.3-p392/gems/cucumber-1.2.3/lib/cucumber/ast/tree_walker.rb:163:in `broadcast'
/usr/local/rvm/gems/ruby-1.9.3-p392/gems/cucumber-1.2.3/lib/cucumber/ast/tree_walker.rb:50:in `visit_feature_element'
/usr/local/rvm/gems/ruby-1.9.3-p392/gems/cucumber-1.2.3/lib/cucumber/ast/feature.rb:43:in `block in accept'
/usr/local/rvm/gems/ruby-1.9.3-p392/gems/cucumber-1.2.3/lib/cucumber/ast/feature.rb:42:in `each'
/usr/local/rvm/gems/ruby-1.9.3-p392/gems/cucumber-1.2.3/lib/cucumber/ast/feature.rb:42:in `accept'
/usr/local/rvm/gems/ruby-1.9.3-p392/gems/cucumber-1.2.3/lib/cucumber/ast/tree_walker.rb:20:in `block in visit_feature'
/usr/local/rvm/gems/ruby-1.9.3-p392/gems/cucumber-1.2.3/lib/cucumber/ast/tree_walker.rb:163:in `broadcast'
/usr/local/rvm/gems/ruby-1.9.3-p392/gems/cucumber-1.2.3/lib/cucumber/ast/tree_walker.rb:19:in `visit_feature'
/usr/local/rvm/gems/ruby-1.9.3-p392/gems/cucumber-1.2.3/lib/cucumber/ast/features.rb:29:in `block in accept'
/usr/local/rvm/gems/ruby-1.9.3-p392/gems/cucumber-1.2.3/lib/cucumber/ast/features.rb:17:in `each'
/usr/local/rvm/gems/ruby-1.9.3-p392/gems/cucumber-1.2.3/lib/cucumber/ast/features.rb:17:in `each'
/usr/local/rvm/gems/ruby-1.9.3-p392/gems/cucumber-1.2.3/lib/cucumber/ast/features.rb:28:in `accept'
/usr/local/rvm/gems/ruby-1.9.3-p392/gems/cucumber-1.2.3/lib/cucumber/ast/tree_walker.rb:14:in `block in visit_features'
/usr/local/rvm/gems/ruby-1.9.3-p392/gems/cucumber-1.2.3/lib/cucumber/ast/tree_walker.rb:163:in `broadcast'
/usr/local/rvm/gems/ruby-1.9.3-p392/gems/cucumber-1.2.3/lib/cucumber/ast/tree_walker.rb:13:in `visit_features'
/usr/local/rvm/gems/ruby-1.9.3-p392/gems/cucumber-1.2.3/lib/cucumber/runtime.rb:47:in `run!'
/usr/local/rvm/gems/ruby-1.9.3-p392/gems/cucumber-1.2.3/lib/cucumber/cli/main.rb:43:in `execute!'
/usr/local/rvm/gems/ruby-1.9.3-p392/gems/cucumber-1.2.3/lib/cucumber/cli/main.rb:20:in `execute'
/usr/local/rvm/gems/ruby-1.9.3-p392/gems/cucumber-1.2.3/bin/cucumber:14:in `<top (required)>'
/usr/local/rvm/gems/ruby-1.9.3-p392/bin/cucumber:19:in `load'
/usr/local/rvm/gems/ruby-1.9.3-p392/bin/cucumber:19:in `<main>'
/usr/local/rvm/gems/ruby-1.9.3-p392/bin/ruby_noexec_wrapper:14:in `eval'
/usr/local/rvm/gems/ruby-1.9.3-p392/bin/ruby_noexec_wrapper:14:in `<main>'
features/login.feature:127:in `Given I open '<service>' site for the opco 'pt' in a logged out state']]>
  </failure>
  <system-out/>
  <system-err/>
</testcase>
<testcase classname="LOGIN" name="PT Logout (outline example : | mobileprotect | PT_number_1 | PT_password_1 |)" time="0.408241">
  <failure message="failed PT Logout (outline example : | mobileprotect | PT_number_1 | PT_password_1 |)" type="failed">
    <![CDATA[Scenario Outline: PT Logout

Example row: | mobileprotect | PT_number_1 | PT_password_1 |

Message:
]]>
    <![CDATA[unexpected response, code=404, content-type=""
unknown command: session/61a9d9f6391e38daf5d133be8708e330/element/name (Selenium::WebDriver::Error::WebDriverError)
/usr/local/rvm/gems/ruby-1.9.3-p392/gems/selenium-webdriver-2.31.0/lib/selenium/webdriver/remote/http/common.rb:66:in `create_response'
/usr/local/rvm/gems/ruby-1.9.3-p392/gems/selenium-webdriver-2.31.0/lib/selenium/webdriver/remote/http/default.rb:66:in `request'
/usr/local/rvm/gems/ruby-1.9.3-p392/gems/selenium-webdriver-2.31.0/lib/selenium/webdriver/remote/http/common.rb:40:in `call'
/usr/local/rvm/gems/ruby-1.9.3-p392/gems/selenium-webdriver-2.31.0/lib/selenium/webdriver/remote/bridge.rb:616:in `raw_execute'
/usr/local/rvm/gems/ruby-1.9.3-p392/gems/selenium-webdriver-2.31.0/lib/selenium/webdriver/remote/bridge.rb:594:in `execute'
/usr/local/rvm/gems/ruby-1.9.3-p392/gems/selenium-webdriver-2.31.0/lib/selenium/webdriver/remote/bridge.rb:493:in `getElementTagName'
/usr/local/rvm/gems/ruby-1.9.3-p392/gems/selenium-webdriver-2.31.0/lib/selenium/webdriver/common/element.rb:68:in `tag_name'
/usr/local/rvm/gems/ruby-1.9.3-p392/gems/watir-webdriver-0.6.2/lib/watir-webdriver/locators/element_locator.rb:387:in `validate_element'
/usr/local/rvm/gems/ruby-1.9.3-p392/gems/watir-webdriver-0.6.2/lib/watir-webdriver/locators/element_locator.rb:37:in `locate'
/usr/local/rvm/gems/ruby-1.9.3-p392/gems/watir-webdriver-0.6.2/lib/watir-webdriver/elements/element.rb:509:in `locate'
/usr/local/rvm/gems/ruby-1.9.3-p392/gems/watir-webdriver-0.6.2/lib/watir-webdriver/elements/element.rb:487:in `assert_exists'
/usr/local/rvm/gems/ruby-1.9.3-p392/gems/watir-webdriver-0.6.2/lib/watir-webdriver/elements/element.rb:118:in `click'
/Users/Subhash/git/automated_tests_web_login_app/features/pages/MockServicePage.rb:13:in `visit'
/Users/Subhash/git/automated_tests_web_login_app/features/step_definitions/loginapp_steps.rb:17:in `block in <top (required)>'
/usr/local/rvm/gems/ruby-1.9.3-p392/gems/cucumber-1.2.3/lib/cucumber/core_ext/instance_exec.rb:48:in `instance_exec'
/usr/local/rvm/gems/ruby-1.9.3-p392/gems/cucumber-1.2.3/lib/cucumber/core_ext/instance_exec.rb:48:in `block in cucumber_instance_exec'
/usr/local/rvm/gems/ruby-1.9.3-p392/gems/cucumber-1.2.3/lib/cucumber/core_ext/instance_exec.rb:69:in `cucumber_run_with_backtrace_filtering'
/usr/local/rvm/gems/ruby-1.9.3-p392/gems/cucumber-1.2.3/lib/cucumber/core_ext/instance_exec.rb:36:in `cucumber_instance_exec'
/usr/local/rvm/gems/ruby-1.9.3-p392/gems/cucumber-1.2.3/lib/cucumber/rb_support/rb_step_definition.rb:97:in `invoke'
/usr/local/rvm/gems/ruby-1.9.3-p392/gems/cucumber-1.2.3/lib/cucumber/step_match.rb:25:in `invoke'
/usr/local/rvm/gems/ruby-1.9.3-p392/gems/cucumber-1.2.3/lib/cucumber/ast/step_invocation.rb:60:in `invoke'
/usr/local/rvm/gems/ruby-1.9.3-p392/gems/cucumber-1.2.3/lib/cucumber/ast/outline_table.rb:119:in `block (2 levels) in accept_plain'
/usr/local/rvm/gems/ruby-1.9.3-p392/gems/cucumber-1.2.3/lib/cucumber/ast/step_collection.rb:37:in `each'
/usr/local/rvm/gems/ruby-1.9.3-p392/gems/cucumber-1.2.3/lib/cucumber/ast/step_collection.rb:37:in `each'
/usr/local/rvm/gems/ruby-1.9.3-p392/gems/cucumber-1.2.3/lib/cucumber/ast/outline_table.rb:118:in `block in accept_plain'
/usr/local/rvm/gems/ruby-1.9.3-p392/gems/cucumber-1.2.3/lib/cucumber/runtime.rb:81:in `block (2 levels) in with_hooks'
/usr/local/rvm/gems/ruby-1.9.3-p392/gems/cucumber-1.2.3/lib/cucumber/runtime.rb:97:in `before_and_after'
/usr/local/rvm/gems/ruby-1.9.3-p392/gems/cucumber-1.2.3/lib/cucumber/runtime.rb:80:in `block in with_hooks'
/usr/local/rvm/gems/ruby-1.9.3-p392/gems/cucumber-1.2.3/lib/cucumber/runtime/support_code.rb:120:in `call'
/usr/local/rvm/gems/ruby-1.9.3-p392/gems/cucumber-1.2.3/lib/cucumber/runtime/support_code.rb:120:in `block (3 levels) in around'
/usr/local/rvm/gems/ruby-1.9.3-p392/gems/cucumber-1.2.3/lib/cucumber/language_support/language_methods.rb:9:in `block in around'
/usr/local/rvm/gems/ruby-1.9.3-p392/gems/cucumber-1.2.3/lib/cucumber/language_support/language_methods.rb:91:in `call'
/usr/local/rvm/gems/ruby-1.9.3-p392/gems/cucumber-1.2.3/lib/cucumber/language_support/language_methods.rb:91:in `execute_around'
/usr/local/rvm/gems/ruby-1.9.3-p392/gems/cucumber-1.2.3/lib/cucumber/language_support/language_methods.rb:8:in `around'
/usr/local/rvm/gems/ruby-1.9.3-p392/gems/cucumber-1.2.3/lib/cucumber/runtime/support_code.rb:119:in `block (2 levels) in around'
/usr/local/rvm/gems/ruby-1.9.3-p392/gems/cucumber-1.2.3/lib/cucumber/runtime/support_code.rb:117:in `call'
/usr/local/rvm/gems/ruby-1.9.3-p392/gems/cucumber-1.2.3/lib/cucumber/runtime/support_code.rb:117:in `around'
/usr/local/rvm/gems/ruby-1.9.3-p392/gems/cucumber-1.2.3/lib/cucumber/runtime.rb:92:in `around'
/usr/local/rvm/gems/ruby-1.9.3-p392/gems/cucumber-1.2.3/lib/cucumber/runtime.rb:79:in `with_hooks'
/usr/local/rvm/gems/ruby-1.9.3-p392/gems/cucumber-1.2.3/lib/cucumber/ast/outline_table.rb:117:in `accept_plain'
/usr/local/rvm/gems/ruby-1.9.3-p392/gems/cucumber-1.2.3/lib/cucumber/ast/outline_table.rb:107:in `accept'
/usr/local/rvm/gems/ruby-1.9.3-p392/gems/cucumber-1.2.3/lib/cucumber/ast/tree_walker.rb:131:in `block in visit_table_row'
/usr/local/rvm/gems/ruby-1.9.3-p392/gems/cucumber-1.2.3/lib/cucumber/ast/tree_walker.rb:163:in `broadcast'
/usr/local/rvm/gems/ruby-1.9.3-p392/gems/cucumber-1.2.3/lib/cucumber/ast/tree_walker.rb:130:in `visit_table_row'
/usr/local/rvm/gems/ruby-1.9.3-p392/gems/cucumber-1.2.3/lib/cucumber/ast/outline_table.rb:27:in `block in accept'
/usr/local/rvm/gems/ruby-1.9.3-p392/gems/cucumber-1.2.3/lib/cucumber/ast/outline_table.rb:23:in `each'
/usr/local/rvm/gems/ruby-1.9.3-p392/gems/cucumber-1.2.3/lib/cucumber/ast/outline_table.rb:23:in `each_with_index'
/usr/local/rvm/gems/ruby-1.9.3-p392/gems/cucumber-1.2.3/lib/cucumber/ast/outline_table.rb:23:in `accept'
/usr/local/rvm/gems/ruby-1.9.3-p392/gems/cucumber-1.2.3/lib/cucumber/ast/tree_walker.rb:83:in `block in visit_outline_table'
/usr/local/rvm/gems/ruby-1.9.3-p392/gems/cucumber-1.2.3/lib/cucumber/ast/tree_walker.rb:163:in `broadcast'
/usr/local/rvm/gems/ruby-1.9.3-p392/gems/cucumber-1.2.3/lib/cucumber/ast/tree_walker.rb:82:in `visit_outline_table'
/usr/local/rvm/gems/ruby-1.9.3-p392/gems/cucumber-1.2.3/lib/cucumber/ast/examples.rb:22:in `accept'
/usr/local/rvm/gems/ruby-1.9.3-p392/gems/cucumber-1.2.3/lib/cucumber/ast/tree_walker.rb:73:in `block in visit_examples'
/usr/local/rvm/gems/ruby-1.9.3-p392/gems/cucumber-1.2.3/lib/cucumber/ast/tree_walker.rb:163:in `broadcast'
/usr/local/rvm/gems/ruby-1.9.3-p392/gems/cucumber-1.2.3/lib/cucumber/ast/tree_walker.rb:72:in `visit_examples'
/usr/local/rvm/gems/ruby-1.9.3-p392/gems/cucumber-1.2.3/lib/cucumber/ast/scenario_outline.rb:14:in `block in accept'
/usr/local/rvm/gems/ruby-1.9.3-p392/gems/cucumber-1.2.3/lib/cucumber/ast/scenario_outline.rb:13:in `each'
/usr/local/rvm/gems/ruby-1.9.3-p392/gems/cucumber-1.2.3/lib/cucumber/ast/scenario_outline.rb:13:in `accept'
/usr/local/rvm/gems/ruby-1.9.3-p392/gems/cucumber-1.2.3/lib/cucumber/ast/tree_walker.rb:67:in `block in visit_examples_array'
/usr/local/rvm/gems/ruby-1.9.3-p392/gems/cucumber-1.2.3/lib/cucumber/ast/tree_walker.rb:163:in `broadcast'
/usr/local/rvm/gems/ruby-1.9.3-p392/gems/cucumber-1.2.3/lib/cucumber/ast/tree_walker.rb:66:in `visit_examples_array'
/usr/local/rvm/gems/ruby-1.9.3-p392/gems/cucumber-1.2.3/lib/cucumber/ast/scenario_outline.rb:68:in `accept'
/usr/local/rvm/gems/ruby-1.9.3-p392/gems/cucumber-1.2.3/lib/cucumber/ast/tree_walker.rb:51:in `block in visit_feature_element'
/usr/local/rvm/gems/ruby-1.9.3-p392/gems/cucumber-1.2.3/lib/cucumber/ast/tree_walker.rb:163:in `broadcast'
/usr/local/rvm/gems/ruby-1.9.3-p392/gems/cucumber-1.2.3/lib/cucumber/ast/tree_walker.rb:50:in `visit_feature_element'
/usr/local/rvm/gems/ruby-1.9.3-p392/gems/cucumber-1.2.3/lib/cucumber/ast/feature.rb:43:in `block in accept'
/usr/local/rvm/gems/ruby-1.9.3-p392/gems/cucumber-1.2.3/lib/cucumber/ast/feature.rb:42:in `each'
/usr/local/rvm/gems/ruby-1.9.3-p392/gems/cucumber-1.2.3/lib/cucumber/ast/feature.rb:42:in `accept'
/usr/local/rvm/gems/ruby-1.9.3-p392/gems/cucumber-1.2.3/lib/cucumber/ast/tree_walker.rb:20:in `block in visit_feature'
/usr/local/rvm/gems/ruby-1.9.3-p392/gems/cucumber-1.2.3/lib/cucumber/ast/tree_walker.rb:163:in `broadcast'
/usr/local/rvm/gems/ruby-1.9.3-p392/gems/cucumber-1.2.3/lib/cucumber/ast/tree_walker.rb:19:in `visit_feature'
/usr/local/rvm/gems/ruby-1.9.3-p392/gems/cucumber-1.2.3/lib/cucumber/ast/features.rb:29:in `block in accept'
/usr/local/rvm/gems/ruby-1.9.3-p392/gems/cucumber-1.2.3/lib/cucumber/ast/features.rb:17:in `each'
/usr/local/rvm/gems/ruby-1.9.3-p392/gems/cucumber-1.2.3/lib/cucumber/ast/features.rb:17:in `each'
/usr/local/rvm/gems/ruby-1.9.3-p392/gems/cucumber-1.2.3/lib/cucumber/ast/features.rb:28:in `accept'
/usr/local/rvm/gems/ruby-1.9.3-p392/gems/cucumber-1.2.3/lib/cucumber/ast/tree_walker.rb:14:in `block in visit_features'
/usr/local/rvm/gems/ruby-1.9.3-p392/gems/cucumber-1.2.3/lib/cucumber/ast/tree_walker.rb:163:in `broadcast'
/usr/local/rvm/gems/ruby-1.9.3-p392/gems/cucumber-1.2.3/lib/cucumber/ast/tree_walker.rb:13:in `visit_features'
/usr/local/rvm/gems/ruby-1.9.3-p392/gems/cucumber-1.2.3/lib/cucumber/runtime.rb:47:in `run!'
/usr/local/rvm/gems/ruby-1.9.3-p392/gems/cucumber-1.2.3/lib/cucumber/cli/main.rb:43:in `execute!'
/usr/local/rvm/gems/ruby-1.9.3-p392/gems/cucumber-1.2.3/lib/cucumber/cli/main.rb:20:in `execute'
/usr/local/rvm/gems/ruby-1.9.3-p392/gems/cucumber-1.2.3/bin/cucumber:14:in `<top (required)>'
/usr/local/rvm/gems/ruby-1.9.3-p392/bin/cucumber:19:in `load'
/usr/local/rvm/gems/ruby-1.9.3-p392/bin/cucumber:19:in `<main>'
/usr/local/rvm/gems/ruby-1.9.3-p392/bin/ruby_noexec_wrapper:14:in `eval'
/usr/local/rvm/gems/ruby-1.9.3-p392/bin/ruby_noexec_wrapper:14:in `<main>'
features/login.feature:140:in `And I open '<service>' site for the opco 'pt' in a logged out state']]>
  </failure>
  <system-out/>
  <system-err/>
</testcase>
<testcase classname="LOGIN" name="PT Logout (outline example : | music | PT_number_1 | PT_password_1 |)" time="0.428252">
  <failure message="failed PT Logout (outline example : | music | PT_number_1 | PT_password_1 |)" type="failed">
    <![CDATA[Scenario Outline: PT Logout

Example row: | mobileprotect | PT_number_1 | PT_password_1 |

Message:
Example row: | music | PT_number_1 | PT_password_1 |

Message:
]]>
    <![CDATA[unexpected response, code=404, content-type=""
unknown command: session/61a9d9f6391e38daf5d133be8708e330/element/name (Selenium::WebDriver::Error::WebDriverError)
/usr/local/rvm/gems/ruby-1.9.3-p392/gems/selenium-webdriver-2.31.0/lib/selenium/webdriver/remote/http/common.rb:66:in `create_response'
/usr/local/rvm/gems/ruby-1.9.3-p392/gems/selenium-webdriver-2.31.0/lib/selenium/webdriver/remote/http/default.rb:66:in `request'
/usr/local/rvm/gems/ruby-1.9.3-p392/gems/selenium-webdriver-2.31.0/lib/selenium/webdriver/remote/http/common.rb:40:in `call'
/usr/local/rvm/gems/ruby-1.9.3-p392/gems/selenium-webdriver-2.31.0/lib/selenium/webdriver/remote/bridge.rb:616:in `raw_execute'
/usr/local/rvm/gems/ruby-1.9.3-p392/gems/selenium-webdriver-2.31.0/lib/selenium/webdriver/remote/bridge.rb:594:in `execute'
/usr/local/rvm/gems/ruby-1.9.3-p392/gems/selenium-webdriver-2.31.0/lib/selenium/webdriver/remote/bridge.rb:493:in `getElementTagName'
/usr/local/rvm/gems/ruby-1.9.3-p392/gems/selenium-webdriver-2.31.0/lib/selenium/webdriver/common/element.rb:68:in `tag_name'
/usr/local/rvm/gems/ruby-1.9.3-p392/gems/watir-webdriver-0.6.2/lib/watir-webdriver/locators/element_locator.rb:387:in `validate_element'
/usr/local/rvm/gems/ruby-1.9.3-p392/gems/watir-webdriver-0.6.2/lib/watir-webdriver/locators/element_locator.rb:37:in `locate'
/usr/local/rvm/gems/ruby-1.9.3-p392/gems/watir-webdriver-0.6.2/lib/watir-webdriver/elements/element.rb:509:in `locate'
/usr/local/rvm/gems/ruby-1.9.3-p392/gems/watir-webdriver-0.6.2/lib/watir-webdriver/elements/element.rb:487:in `assert_exists'
/usr/local/rvm/gems/ruby-1.9.3-p392/gems/watir-webdriver-0.6.2/lib/watir-webdriver/elements/element.rb:118:in `click'
/Users/Subhash/git/automated_tests_web_login_app/features/pages/MockServicePage.rb:13:in `visit'
/Users/Subhash/git/automated_tests_web_login_app/features/step_definitions/loginapp_steps.rb:17:in `block in <top (required)>'
/usr/local/rvm/gems/ruby-1.9.3-p392/gems/cucumber-1.2.3/lib/cucumber/core_ext/instance_exec.rb:48:in `instance_exec'
/usr/local/rvm/gems/ruby-1.9.3-p392/gems/cucumber-1.2.3/lib/cucumber/core_ext/instance_exec.rb:48:in `block in cucumber_instance_exec'
/usr/local/rvm/gems/ruby-1.9.3-p392/gems/cucumber-1.2.3/lib/cucumber/core_ext/instance_exec.rb:69:in `cucumber_run_with_backtrace_filtering'
/usr/local/rvm/gems/ruby-1.9.3-p392/gems/cucumber-1.2.3/lib/cucumber/core_ext/instance_exec.rb:36:in `cucumber_instance_exec'
/usr/local/rvm/gems/ruby-1.9.3-p392/gems/cucumber-1.2.3/lib/cucumber/rb_support/rb_step_definition.rb:97:in `invoke'
/usr/local/rvm/gems/ruby-1.9.3-p392/gems/cucumber-1.2.3/lib/cucumber/step_match.rb:25:in `invoke'
/usr/local/rvm/gems/ruby-1.9.3-p392/gems/cucumber-1.2.3/lib/cucumber/ast/step_invocation.rb:60:in `invoke'
/usr/local/rvm/gems/ruby-1.9.3-p392/gems/cucumber-1.2.3/lib/cucumber/ast/outline_table.rb:119:in `block (2 levels) in accept_plain'
/usr/local/rvm/gems/ruby-1.9.3-p392/gems/cucumber-1.2.3/lib/cucumber/ast/step_collection.rb:37:in `each'
/usr/local/rvm/gems/ruby-1.9.3-p392/gems/cucumber-1.2.3/lib/cucumber/ast/step_collection.rb:37:in `each'
/usr/local/rvm/gems/ruby-1.9.3-p392/gems/cucumber-1.2.3/lib/cucumber/ast/outline_table.rb:118:in `block in accept_plain'
/usr/local/rvm/gems/ruby-1.9.3-p392/gems/cucumber-1.2.3/lib/cucumber/runtime.rb:81:in `block (2 levels) in with_hooks'
/usr/local/rvm/gems/ruby-1.9.3-p392/gems/cucumber-1.2.3/lib/cucumber/runtime.rb:97:in `before_and_after'
/usr/local/rvm/gems/ruby-1.9.3-p392/gems/cucumber-1.2.3/lib/cucumber/runtime.rb:80:in `block in with_hooks'
/usr/local/rvm/gems/ruby-1.9.3-p392/gems/cucumber-1.2.3/lib/cucumber/runtime/support_code.rb:120:in `call'
/usr/local/rvm/gems/ruby-1.9.3-p392/gems/cucumber-1.2.3/lib/cucumber/runtime/support_code.rb:120:in `block (3 levels) in around'
/usr/local/rvm/gems/ruby-1.9.3-p392/gems/cucumber-1.2.3/lib/cucumber/language_support/language_methods.rb:9:in `block in around'
/usr/local/rvm/gems/ruby-1.9.3-p392/gems/cucumber-1.2.3/lib/cucumber/language_support/language_methods.rb:91:in `call'
/usr/local/rvm/gems/ruby-1.9.3-p392/gems/cucumber-1.2.3/lib/cucumber/language_support/language_methods.rb:91:in `execute_around'
/usr/local/rvm/gems/ruby-1.9.3-p392/gems/cucumber-1.2.3/lib/cucumber/language_support/language_methods.rb:8:in `around'
/usr/local/rvm/gems/ruby-1.9.3-p392/gems/cucumber-1.2.3/lib/cucumber/runtime/support_code.rb:119:in `block (2 levels) in around'
/usr/local/rvm/gems/ruby-1.9.3-p392/gems/cucumber-1.2.3/lib/cucumber/runtime/support_code.rb:117:in `call'
/usr/local/rvm/gems/ruby-1.9.3-p392/gems/cucumber-1.2.3/lib/cucumber/runtime/support_code.rb:117:in `around'
/usr/local/rvm/gems/ruby-1.9.3-p392/gems/cucumber-1.2.3/lib/cucumber/runtime.rb:92:in `around'
/usr/local/rvm/gems/ruby-1.9.3-p392/gems/cucumber-1.2.3/lib/cucumber/runtime.rb:79:in `with_hooks'
/usr/local/rvm/gems/ruby-1.9.3-p392/gems/cucumber-1.2.3/lib/cucumber/ast/outline_table.rb:117:in `accept_plain'
/usr/local/rvm/gems/ruby-1.9.3-p392/gems/cucumber-1.2.3/lib/cucumber/ast/outline_table.rb:107:in `accept'
/usr/local/rvm/gems/ruby-1.9.3-p392/gems/cucumber-1.2.3/lib/cucumber/ast/tree_walker.rb:131:in `block in visit_table_row'
/usr/local/rvm/gems/ruby-1.9.3-p392/gems/cucumber-1.2.3/lib/cucumber/ast/tree_walker.rb:163:in `broadcast'
/usr/local/rvm/gems/ruby-1.9.3-p392/gems/cucumber-1.2.3/lib/cucumber/ast/tree_walker.rb:130:in `visit_table_row'
/usr/local/rvm/gems/ruby-1.9.3-p392/gems/cucumber-1.2.3/lib/cucumber/ast/outline_table.rb:27:in `block in accept'
/usr/local/rvm/gems/ruby-1.9.3-p392/gems/cucumber-1.2.3/lib/cucumber/ast/outline_table.rb:23:in `each'
/usr/local/rvm/gems/ruby-1.9.3-p392/gems/cucumber-1.2.3/lib/cucumber/ast/outline_table.rb:23:in `each_with_index'
/usr/local/rvm/gems/ruby-1.9.3-p392/gems/cucumber-1.2.3/lib/cucumber/ast/outline_table.rb:23:in `accept'
/usr/local/rvm/gems/ruby-1.9.3-p392/gems/cucumber-1.2.3/lib/cucumber/ast/tree_walker.rb:83:in `block in visit_outline_table'
/usr/local/rvm/gems/ruby-1.9.3-p392/gems/cucumber-1.2.3/lib/cucumber/ast/tree_walker.rb:163:in `broadcast'
/usr/local/rvm/gems/ruby-1.9.3-p392/gems/cucumber-1.2.3/lib/cucumber/ast/tree_walker.rb:82:in `visit_outline_table'
/usr/local/rvm/gems/ruby-1.9.3-p392/gems/cucumber-1.2.3/lib/cucumber/ast/examples.rb:22:in `accept'
/usr/local/rvm/gems/ruby-1.9.3-p392/gems/cucumber-1.2.3/lib/cucumber/ast/tree_walker.rb:73:in `block in visit_examples'
/usr/local/rvm/gems/ruby-1.9.3-p392/gems/cucumber-1.2.3/lib/cucumber/ast/tree_walker.rb:163:in `broadcast'
/usr/local/rvm/gems/ruby-1.9.3-p392/gems/cucumber-1.2.3/lib/cucumber/ast/tree_walker.rb:72:in `visit_examples'
/usr/local/rvm/gems/ruby-1.9.3-p392/gems/cucumber-1.2.3/lib/cucumber/ast/scenario_outline.rb:14:in `block in accept'
/usr/local/rvm/gems/ruby-1.9.3-p392/gems/cucumber-1.2.3/lib/cucumber/ast/scenario_outline.rb:13:in `each'
/usr/local/rvm/gems/ruby-1.9.3-p392/gems/cucumber-1.2.3/lib/cucumber/ast/scenario_outline.rb:13:in `accept'
/usr/local/rvm/gems/ruby-1.9.3-p392/gems/cucumber-1.2.3/lib/cucumber/ast/tree_walker.rb:67:in `block in visit_examples_array'
/usr/local/rvm/gems/ruby-1.9.3-p392/gems/cucumber-1.2.3/lib/cucumber/ast/tree_walker.rb:163:in `broadcast'
/usr/local/rvm/gems/ruby-1.9.3-p392/gems/cucumber-1.2.3/lib/cucumber/ast/tree_walker.rb:66:in `visit_examples_array'
/usr/local/rvm/gems/ruby-1.9.3-p392/gems/cucumber-1.2.3/lib/cucumber/ast/scenario_outline.rb:68:in `accept'
/usr/local/rvm/gems/ruby-1.9.3-p392/gems/cucumber-1.2.3/lib/cucumber/ast/tree_walker.rb:51:in `block in visit_feature_element'
/usr/local/rvm/gems/ruby-1.9.3-p392/gems/cucumber-1.2.3/lib/cucumber/ast/tree_walker.rb:163:in `broadcast'
/usr/local/rvm/gems/ruby-1.9.3-p392/gems/cucumber-1.2.3/lib/cucumber/ast/tree_walker.rb:50:in `visit_feature_element'
/usr/local/rvm/gems/ruby-1.9.3-p392/gems/cucumber-1.2.3/lib/cucumber/ast/feature.rb:43:in `block in accept'
/usr/local/rvm/gems/ruby-1.9.3-p392/gems/cucumber-1.2.3/lib/cucumber/ast/feature.rb:42:in `each'
/usr/local/rvm/gems/ruby-1.9.3-p392/gems/cucumber-1.2.3/lib/cucumber/ast/feature.rb:42:in `accept'
/usr/local/rvm/gems/ruby-1.9.3-p392/gems/cucumber-1.2.3/lib/cucumber/ast/tree_walker.rb:20:in `block in visit_feature'
/usr/local/rvm/gems/ruby-1.9.3-p392/gems/cucumber-1.2.3/lib/cucumber/ast/tree_walker.rb:163:in `broadcast'
/usr/local/rvm/gems/ruby-1.9.3-p392/gems/cucumber-1.2.3/lib/cucumber/ast/tree_walker.rb:19:in `visit_feature'
/usr/local/rvm/gems/ruby-1.9.3-p392/gems/cucumber-1.2.3/lib/cucumber/ast/features.rb:29:in `block in accept'
/usr/local/rvm/gems/ruby-1.9.3-p392/gems/cucumber-1.2.3/lib/cucumber/ast/features.rb:17:in `each'
/usr/local/rvm/gems/ruby-1.9.3-p392/gems/cucumber-1.2.3/lib/cucumber/ast/features.rb:17:in `each'
/usr/local/rvm/gems/ruby-1.9.3-p392/gems/cucumber-1.2.3/lib/cucumber/ast/features.rb:28:in `accept'
/usr/local/rvm/gems/ruby-1.9.3-p392/gems/cucumber-1.2.3/lib/cucumber/ast/tree_walker.rb:14:in `block in visit_features'
/usr/local/rvm/gems/ruby-1.9.3-p392/gems/cucumber-1.2.3/lib/cucumber/ast/tree_walker.rb:163:in `broadcast'
/usr/local/rvm/gems/ruby-1.9.3-p392/gems/cucumber-1.2.3/lib/cucumber/ast/tree_walker.rb:13:in `visit_features'
/usr/local/rvm/gems/ruby-1.9.3-p392/gems/cucumber-1.2.3/lib/cucumber/runtime.rb:47:in `run!'
/usr/local/rvm/gems/ruby-1.9.3-p392/gems/cucumber-1.2.3/lib/cucumber/cli/main.rb:43:in `execute!'
/usr/local/rvm/gems/ruby-1.9.3-p392/gems/cucumber-1.2.3/lib/cucumber/cli/main.rb:20:in `execute'
/usr/local/rvm/gems/ruby-1.9.3-p392/gems/cucumber-1.2.3/bin/cucumber:14:in `<top (required)>'
/usr/local/rvm/gems/ruby-1.9.3-p392/bin/cucumber:19:in `load'
/usr/local/rvm/gems/ruby-1.9.3-p392/bin/cucumber:19:in `<main>'
/usr/local/rvm/gems/ruby-1.9.3-p392/bin/ruby_noexec_wrapper:14:in `eval'
/usr/local/rvm/gems/ruby-1.9.3-p392/bin/ruby_noexec_wrapper:14:in `<main>'
features/login.feature:140:in `And I open '<service>' site for the opco 'pt' in a logged out state']]>
  </failure>
  <system-out/>
  <system-err/>
</testcase>
<testcase classname="LOGIN" name="PT Logout (outline example : | contacts | PT_number_1 | PT_password_1 |)" time="0.510179">
  <failure message="failed PT Logout (outline example : | contacts | PT_number_1 | PT_password_1 |)" type="failed">
    <![CDATA[Scenario Outline: PT Logout

Example row: | mobileprotect | PT_number_1 | PT_password_1 |

Message:
Example row: | music | PT_number_1 | PT_password_1 |

Message:
Example row: | contacts | PT_number_1 | PT_password_1 |

Message:
]]>
    <![CDATA[unexpected response, code=404, content-type=""
unknown command: session/61a9d9f6391e38daf5d133be8708e330/element/name (Selenium::WebDriver::Error::WebDriverError)
/usr/local/rvm/gems/ruby-1.9.3-p392/gems/selenium-webdriver-2.31.0/lib/selenium/webdriver/remote/http/common.rb:66:in `create_response'
/usr/local/rvm/gems/ruby-1.9.3-p392/gems/selenium-webdriver-2.31.0/lib/selenium/webdriver/remote/http/default.rb:66:in `request'
/usr/local/rvm/gems/ruby-1.9.3-p392/gems/selenium-webdriver-2.31.0/lib/selenium/webdriver/remote/http/common.rb:40:in `call'
/usr/local/rvm/gems/ruby-1.9.3-p392/gems/selenium-webdriver-2.31.0/lib/selenium/webdriver/remote/bridge.rb:616:in `raw_execute'
/usr/local/rvm/gems/ruby-1.9.3-p392/gems/selenium-webdriver-2.31.0/lib/selenium/webdriver/remote/bridge.rb:594:in `execute'
/usr/local/rvm/gems/ruby-1.9.3-p392/gems/selenium-webdriver-2.31.0/lib/selenium/webdriver/remote/bridge.rb:493:in `getElementTagName'
/usr/local/rvm/gems/ruby-1.9.3-p392/gems/selenium-webdriver-2.31.0/lib/selenium/webdriver/common/element.rb:68:in `tag_name'
/usr/local/rvm/gems/ruby-1.9.3-p392/gems/watir-webdriver-0.6.2/lib/watir-webdriver/locators/element_locator.rb:387:in `validate_element'
/usr/local/rvm/gems/ruby-1.9.3-p392/gems/watir-webdriver-0.6.2/lib/watir-webdriver/locators/element_locator.rb:37:in `locate'
/usr/local/rvm/gems/ruby-1.9.3-p392/gems/watir-webdriver-0.6.2/lib/watir-webdriver/elements/element.rb:509:in `locate'
/usr/local/rvm/gems/ruby-1.9.3-p392/gems/watir-webdriver-0.6.2/lib/watir-webdriver/elements/element.rb:487:in `assert_exists'
/usr/local/rvm/gems/ruby-1.9.3-p392/gems/watir-webdriver-0.6.2/lib/watir-webdriver/elements/element.rb:118:in `click'
/Users/Subhash/git/automated_tests_web_login_app/features/pages/MockServicePage.rb:13:in `visit'
/Users/Subhash/git/automated_tests_web_login_app/features/step_definitions/loginapp_steps.rb:17:in `block in <top (required)>'
/usr/local/rvm/gems/ruby-1.9.3-p392/gems/cucumber-1.2.3/lib/cucumber/core_ext/instance_exec.rb:48:in `instance_exec'
/usr/local/rvm/gems/ruby-1.9.3-p392/gems/cucumber-1.2.3/lib/cucumber/core_ext/instance_exec.rb:48:in `block in cucumber_instance_exec'
/usr/local/rvm/gems/ruby-1.9.3-p392/gems/cucumber-1.2.3/lib/cucumber/core_ext/instance_exec.rb:69:in `cucumber_run_with_backtrace_filtering'
/usr/local/rvm/gems/ruby-1.9.3-p392/gems/cucumber-1.2.3/lib/cucumber/core_ext/instance_exec.rb:36:in `cucumber_instance_exec'
/usr/local/rvm/gems/ruby-1.9.3-p392/gems/cucumber-1.2.3/lib/cucumber/rb_support/rb_step_definition.rb:97:in `invoke'
/usr/local/rvm/gems/ruby-1.9.3-p392/gems/cucumber-1.2.3/lib/cucumber/step_match.rb:25:in `invoke'
/usr/local/rvm/gems/ruby-1.9.3-p392/gems/cucumber-1.2.3/lib/cucumber/ast/step_invocation.rb:60:in `invoke'
/usr/local/rvm/gems/ruby-1.9.3-p392/gems/cucumber-1.2.3/lib/cucumber/ast/outline_table.rb:119:in `block (2 levels) in accept_plain'
/usr/local/rvm/gems/ruby-1.9.3-p392/gems/cucumber-1.2.3/lib/cucumber/ast/step_collection.rb:37:in `each'
/usr/local/rvm/gems/ruby-1.9.3-p392/gems/cucumber-1.2.3/lib/cucumber/ast/step_collection.rb:37:in `each'
/usr/local/rvm/gems/ruby-1.9.3-p392/gems/cucumber-1.2.3/lib/cucumber/ast/outline_table.rb:118:in `block in accept_plain'
/usr/local/rvm/gems/ruby-1.9.3-p392/gems/cucumber-1.2.3/lib/cucumber/runtime.rb:81:in `block (2 levels) in with_hooks'
/usr/local/rvm/gems/ruby-1.9.3-p392/gems/cucumber-1.2.3/lib/cucumber/runtime.rb:97:in `before_and_after'
/usr/local/rvm/gems/ruby-1.9.3-p392/gems/cucumber-1.2.3/lib/cucumber/runtime.rb:80:in `block in with_hooks'
/usr/local/rvm/gems/ruby-1.9.3-p392/gems/cucumber-1.2.3/lib/cucumber/runtime/support_code.rb:120:in `call'
/usr/local/rvm/gems/ruby-1.9.3-p392/gems/cucumber-1.2.3/lib/cucumber/runtime/support_code.rb:120:in `block (3 levels) in around'
/usr/local/rvm/gems/ruby-1.9.3-p392/gems/cucumber-1.2.3/lib/cucumber/language_support/language_methods.rb:9:in `block in around'
/usr/local/rvm/gems/ruby-1.9.3-p392/gems/cucumber-1.2.3/lib/cucumber/language_support/language_methods.rb:91:in `call'
/usr/local/rvm/gems/ruby-1.9.3-p392/gems/cucumber-1.2.3/lib/cucumber/language_support/language_methods.rb:91:in `execute_around'
/usr/local/rvm/gems/ruby-1.9.3-p392/gems/cucumber-1.2.3/lib/cucumber/language_support/language_methods.rb:8:in `around'
/usr/local/rvm/gems/ruby-1.9.3-p392/gems/cucumber-1.2.3/lib/cucumber/runtime/support_code.rb:119:in `block (2 levels) in around'
/usr/local/rvm/gems/ruby-1.9.3-p392/gems/cucumber-1.2.3/lib/cucumber/runtime/support_code.rb:117:in `call'
/usr/local/rvm/gems/ruby-1.9.3-p392/gems/cucumber-1.2.3/lib/cucumber/runtime/support_code.rb:117:in `around'
/usr/local/rvm/gems/ruby-1.9.3-p392/gems/cucumber-1.2.3/lib/cucumber/runtime.rb:92:in `around'
/usr/local/rvm/gems/ruby-1.9.3-p392/gems/cucumber-1.2.3/lib/cucumber/runtime.rb:79:in `with_hooks'
/usr/local/rvm/gems/ruby-1.9.3-p392/gems/cucumber-1.2.3/lib/cucumber/ast/outline_table.rb:117:in `accept_plain'
/usr/local/rvm/gems/ruby-1.9.3-p392/gems/cucumber-1.2.3/lib/cucumber/ast/outline_table.rb:107:in `accept'
/usr/local/rvm/gems/ruby-1.9.3-p392/gems/cucumber-1.2.3/lib/cucumber/ast/tree_walker.rb:131:in `block in visit_table_row'
/usr/local/rvm/gems/ruby-1.9.3-p392/gems/cucumber-1.2.3/lib/cucumber/ast/tree_walker.rb:163:in `broadcast'
/usr/local/rvm/gems/ruby-1.9.3-p392/gems/cucumber-1.2.3/lib/cucumber/ast/tree_walker.rb:130:in `visit_table_row'
/usr/local/rvm/gems/ruby-1.9.3-p392/gems/cucumber-1.2.3/lib/cucumber/ast/outline_table.rb:27:in `block in accept'
/usr/local/rvm/gems/ruby-1.9.3-p392/gems/cucumber-1.2.3/lib/cucumber/ast/outline_table.rb:23:in `each'
/usr/local/rvm/gems/ruby-1.9.3-p392/gems/cucumber-1.2.3/lib/cucumber/ast/outline_table.rb:23:in `each_with_index'
/usr/local/rvm/gems/ruby-1.9.3-p392/gems/cucumber-1.2.3/lib/cucumber/ast/outline_table.rb:23:in `accept'
/usr/local/rvm/gems/ruby-1.9.3-p392/gems/cucumber-1.2.3/lib/cucumber/ast/tree_walker.rb:83:in `block in visit_outline_table'
/usr/local/rvm/gems/ruby-1.9.3-p392/gems/cucumber-1.2.3/lib/cucumber/ast/tree_walker.rb:163:in `broadcast'
/usr/local/rvm/gems/ruby-1.9.3-p392/gems/cucumber-1.2.3/lib/cucumber/ast/tree_walker.rb:82:in `visit_outline_table'
/usr/local/rvm/gems/ruby-1.9.3-p392/gems/cucumber-1.2.3/lib/cucumber/ast/examples.rb:22:in `accept'
/usr/local/rvm/gems/ruby-1.9.3-p392/gems/cucumber-1.2.3/lib/cucumber/ast/tree_walker.rb:73:in `block in visit_examples'
/usr/local/rvm/gems/ruby-1.9.3-p392/gems/cucumber-1.2.3/lib/cucumber/ast/tree_walker.rb:163:in `broadcast'
/usr/local/rvm/gems/ruby-1.9.3-p392/gems/cucumber-1.2.3/lib/cucumber/ast/tree_walker.rb:72:in `visit_examples'
/usr/local/rvm/gems/ruby-1.9.3-p392/gems/cucumber-1.2.3/lib/cucumber/ast/scenario_outline.rb:14:in `block in accept'
/usr/local/rvm/gems/ruby-1.9.3-p392/gems/cucumber-1.2.3/lib/cucumber/ast/scenario_outline.rb:13:in `each'
/usr/local/rvm/gems/ruby-1.9.3-p392/gems/cucumber-1.2.3/lib/cucumber/ast/scenario_outline.rb:13:in `accept'
/usr/local/rvm/gems/ruby-1.9.3-p392/gems/cucumber-1.2.3/lib/cucumber/ast/tree_walker.rb:67:in `block in visit_examples_array'
/usr/local/rvm/gems/ruby-1.9.3-p392/gems/cucumber-1.2.3/lib/cucumber/ast/tree_walker.rb:163:in `broadcast'
/usr/local/rvm/gems/ruby-1.9.3-p392/gems/cucumber-1.2.3/lib/cucumber/ast/tree_walker.rb:66:in `visit_examples_array'
/usr/local/rvm/gems/ruby-1.9.3-p392/gems/cucumber-1.2.3/lib/cucumber/ast/scenario_outline.rb:68:in `accept'
/usr/local/rvm/gems/ruby-1.9.3-p392/gems/cucumber-1.2.3/lib/cucumber/ast/tree_walker.rb:51:in `block in visit_feature_element'
/usr/local/rvm/gems/ruby-1.9.3-p392/gems/cucumber-1.2.3/lib/cucumber/ast/tree_walker.rb:163:in `broadcast'
/usr/local/rvm/gems/ruby-1.9.3-p392/gems/cucumber-1.2.3/lib/cucumber/ast/tree_walker.rb:50:in `visit_feature_element'
/usr/local/rvm/gems/ruby-1.9.3-p392/gems/cucumber-1.2.3/lib/cucumber/ast/feature.rb:43:in `block in accept'
/usr/local/rvm/gems/ruby-1.9.3-p392/gems/cucumber-1.2.3/lib/cucumber/ast/feature.rb:42:in `each'
/usr/local/rvm/gems/ruby-1.9.3-p392/gems/cucumber-1.2.3/lib/cucumber/ast/feature.rb:42:in `accept'
/usr/local/rvm/gems/ruby-1.9.3-p392/gems/cucumber-1.2.3/lib/cucumber/ast/tree_walker.rb:20:in `block in visit_feature'
/usr/local/rvm/gems/ruby-1.9.3-p392/gems/cucumber-1.2.3/lib/cucumber/ast/tree_walker.rb:163:in `broadcast'
/usr/local/rvm/gems/ruby-1.9.3-p392/gems/cucumber-1.2.3/lib/cucumber/ast/tree_walker.rb:19:in `visit_feature'
/usr/local/rvm/gems/ruby-1.9.3-p392/gems/cucumber-1.2.3/lib/cucumber/ast/features.rb:29:in `block in accept'
/usr/local/rvm/gems/ruby-1.9.3-p392/gems/cucumber-1.2.3/lib/cucumber/ast/features.rb:17:in `each'
/usr/local/rvm/gems/ruby-1.9.3-p392/gems/cucumber-1.2.3/lib/cucumber/ast/features.rb:17:in `each'
/usr/local/rvm/gems/ruby-1.9.3-p392/gems/cucumber-1.2.3/lib/cucumber/ast/features.rb:28:in `accept'
/usr/local/rvm/gems/ruby-1.9.3-p392/gems/cucumber-1.2.3/lib/cucumber/ast/tree_walker.rb:14:in `block in visit_features'
/usr/local/rvm/gems/ruby-1.9.3-p392/gems/cucumber-1.2.3/lib/cucumber/ast/tree_walker.rb:163:in `broadcast'
/usr/local/rvm/gems/ruby-1.9.3-p392/gems/cucumber-1.2.3/lib/cucumber/ast/tree_walker.rb:13:in `visit_features'
/usr/local/rvm/gems/ruby-1.9.3-p392/gems/cucumber-1.2.3/lib/cucumber/runtime.rb:47:in `run!'
/usr/local/rvm/gems/ruby-1.9.3-p392/gems/cucumber-1.2.3/lib/cucumber/cli/main.rb:43:in `execute!'
/usr/local/rvm/gems/ruby-1.9.3-p392/gems/cucumber-1.2.3/lib/cucumber/cli/main.rb:20:in `execute'
/usr/local/rvm/gems/ruby-1.9.3-p392/gems/cucumber-1.2.3/bin/cucumber:14:in `<top (required)>'
/usr/local/rvm/gems/ruby-1.9.3-p392/bin/cucumber:19:in `load'
/usr/local/rvm/gems/ruby-1.9.3-p392/bin/cucumber:19:in `<main>'
/usr/local/rvm/gems/ruby-1.9.3-p392/bin/ruby_noexec_wrapper:14:in `eval'
/usr/local/rvm/gems/ruby-1.9.3-p392/bin/ruby_noexec_wrapper:14:in `<main>'
features/login.feature:140:in `And I open '<service>' site for the opco 'pt' in a logged out state']]>
  </failure>
  <system-out/>
  <system-err/>
</testcase>
<testcase classname="LOGIN" name="PT Login adding email (outline example : | nwab | PT_msisdn_1 | PT_number_1 | PT_password_1 | current_email |)" time="7.194335">
  <failure message="failed PT Login adding email (outline example : | nwab | PT_msisdn_1 | PT_number_1 | PT_password_1 | current_email |)" type="failed">
    <![CDATA[Scenario Outline: PT Login adding email

Example row: | nwab | PT_msisdn_1 | PT_number_1 | PT_password_1 | current_email |

Message:
]]>
    <![CDATA[unexpected response, code=404, content-type=""
unknown command: session/61a9d9f6391e38daf5d133be8708e330/element/name (Selenium::WebDriver::Error::WebDriverError)
/usr/local/rvm/gems/ruby-1.9.3-p392/gems/selenium-webdriver-2.31.0/lib/selenium/webdriver/remote/http/common.rb:66:in `create_response'
/usr/local/rvm/gems/ruby-1.9.3-p392/gems/selenium-webdriver-2.31.0/lib/selenium/webdriver/remote/http/default.rb:66:in `request'
/usr/local/rvm/gems/ruby-1.9.3-p392/gems/selenium-webdriver-2.31.0/lib/selenium/webdriver/remote/http/common.rb:40:in `call'
/usr/local/rvm/gems/ruby-1.9.3-p392/gems/selenium-webdriver-2.31.0/lib/selenium/webdriver/remote/bridge.rb:616:in `raw_execute'
/usr/local/rvm/gems/ruby-1.9.3-p392/gems/selenium-webdriver-2.31.0/lib/selenium/webdriver/remote/bridge.rb:594:in `execute'
/usr/local/rvm/gems/ruby-1.9.3-p392/gems/selenium-webdriver-2.31.0/lib/selenium/webdriver/remote/bridge.rb:493:in `getElementTagName'
/usr/local/rvm/gems/ruby-1.9.3-p392/gems/selenium-webdriver-2.31.0/lib/selenium/webdriver/common/element.rb:68:in `tag_name'
/usr/local/rvm/gems/ruby-1.9.3-p392/gems/watir-webdriver-0.6.2/lib/watir-webdriver/locators/element_locator.rb:387:in `validate_element'
/usr/local/rvm/gems/ruby-1.9.3-p392/gems/watir-webdriver-0.6.2/lib/watir-webdriver/locators/element_locator.rb:37:in `locate'
/usr/local/rvm/gems/ruby-1.9.3-p392/gems/watir-webdriver-0.6.2/lib/watir-webdriver/elements/element.rb:509:in `locate'
/usr/local/rvm/gems/ruby-1.9.3-p392/gems/watir-webdriver-0.6.2/lib/watir-webdriver/elements/element.rb:487:in `assert_exists'
/usr/local/rvm/gems/ruby-1.9.3-p392/gems/watir-webdriver-0.6.2/lib/watir-webdriver/elements/element.rb:118:in `click'
/Users/Subhash/git/automated_tests_web_login_app/features/pages/MockServicePage.rb:13:in `visit'
/Users/Subhash/git/automated_tests_web_login_app/features/step_definitions/loginapp_steps.rb:17:in `block in <top (required)>'
/usr/local/rvm/gems/ruby-1.9.3-p392/gems/cucumber-1.2.3/lib/cucumber/core_ext/instance_exec.rb:48:in `instance_exec'
/usr/local/rvm/gems/ruby-1.9.3-p392/gems/cucumber-1.2.3/lib/cucumber/core_ext/instance_exec.rb:48:in `block in cucumber_instance_exec'
/usr/local/rvm/gems/ruby-1.9.3-p392/gems/cucumber-1.2.3/lib/cucumber/core_ext/instance_exec.rb:69:in `cucumber_run_with_backtrace_filtering'
/usr/local/rvm/gems/ruby-1.9.3-p392/gems/cucumber-1.2.3/lib/cucumber/core_ext/instance_exec.rb:36:in `cucumber_instance_exec'
/usr/local/rvm/gems/ruby-1.9.3-p392/gems/cucumber-1.2.3/lib/cucumber/rb_support/rb_step_definition.rb:97:in `invoke'
/usr/local/rvm/gems/ruby-1.9.3-p392/gems/cucumber-1.2.3/lib/cucumber/step_match.rb:25:in `invoke'
/usr/local/rvm/gems/ruby-1.9.3-p392/gems/cucumber-1.2.3/lib/cucumber/ast/step_invocation.rb:60:in `invoke'
/usr/local/rvm/gems/ruby-1.9.3-p392/gems/cucumber-1.2.3/lib/cucumber/ast/outline_table.rb:119:in `block (2 levels) in accept_plain'
/usr/local/rvm/gems/ruby-1.9.3-p392/gems/cucumber-1.2.3/lib/cucumber/ast/step_collection.rb:37:in `each'
/usr/local/rvm/gems/ruby-1.9.3-p392/gems/cucumber-1.2.3/lib/cucumber/ast/step_collection.rb:37:in `each'
/usr/local/rvm/gems/ruby-1.9.3-p392/gems/cucumber-1.2.3/lib/cucumber/ast/outline_table.rb:118:in `block in accept_plain'
/usr/local/rvm/gems/ruby-1.9.3-p392/gems/cucumber-1.2.3/lib/cucumber/runtime.rb:81:in `block (2 levels) in with_hooks'
/usr/local/rvm/gems/ruby-1.9.3-p392/gems/cucumber-1.2.3/lib/cucumber/runtime.rb:97:in `before_and_after'
/usr/local/rvm/gems/ruby-1.9.3-p392/gems/cucumber-1.2.3/lib/cucumber/runtime.rb:80:in `block in with_hooks'
/usr/local/rvm/gems/ruby-1.9.3-p392/gems/cucumber-1.2.3/lib/cucumber/runtime/support_code.rb:120:in `call'
/usr/local/rvm/gems/ruby-1.9.3-p392/gems/cucumber-1.2.3/lib/cucumber/runtime/support_code.rb:120:in `block (3 levels) in around'
/usr/local/rvm/gems/ruby-1.9.3-p392/gems/cucumber-1.2.3/lib/cucumber/language_support/language_methods.rb:9:in `block in around'
/usr/local/rvm/gems/ruby-1.9.3-p392/gems/cucumber-1.2.3/lib/cucumber/language_support/language_methods.rb:91:in `call'
/usr/local/rvm/gems/ruby-1.9.3-p392/gems/cucumber-1.2.3/lib/cucumber/language_support/language_methods.rb:91:in `execute_around'
/usr/local/rvm/gems/ruby-1.9.3-p392/gems/cucumber-1.2.3/lib/cucumber/language_support/language_methods.rb:8:in `around'
/usr/local/rvm/gems/ruby-1.9.3-p392/gems/cucumber-1.2.3/lib/cucumber/runtime/support_code.rb:119:in `block (2 levels) in around'
/usr/local/rvm/gems/ruby-1.9.3-p392/gems/cucumber-1.2.3/lib/cucumber/runtime/support_code.rb:117:in `call'
/usr/local/rvm/gems/ruby-1.9.3-p392/gems/cucumber-1.2.3/lib/cucumber/runtime/support_code.rb:117:in `around'
/usr/local/rvm/gems/ruby-1.9.3-p392/gems/cucumber-1.2.3/lib/cucumber/runtime.rb:92:in `around'
/usr/local/rvm/gems/ruby-1.9.3-p392/gems/cucumber-1.2.3/lib/cucumber/runtime.rb:79:in `with_hooks'
/usr/local/rvm/gems/ruby-1.9.3-p392/gems/cucumber-1.2.3/lib/cucumber/ast/outline_table.rb:117:in `accept_plain'
/usr/local/rvm/gems/ruby-1.9.3-p392/gems/cucumber-1.2.3/lib/cucumber/ast/outline_table.rb:107:in `accept'
/usr/local/rvm/gems/ruby-1.9.3-p392/gems/cucumber-1.2.3/lib/cucumber/ast/tree_walker.rb:131:in `block in visit_table_row'
/usr/local/rvm/gems/ruby-1.9.3-p392/gems/cucumber-1.2.3/lib/cucumber/ast/tree_walker.rb:163:in `broadcast'
/usr/local/rvm/gems/ruby-1.9.3-p392/gems/cucumber-1.2.3/lib/cucumber/ast/tree_walker.rb:130:in `visit_table_row'
/usr/local/rvm/gems/ruby-1.9.3-p392/gems/cucumber-1.2.3/lib/cucumber/ast/outline_table.rb:27:in `block in accept'
/usr/local/rvm/gems/ruby-1.9.3-p392/gems/cucumber-1.2.3/lib/cucumber/ast/outline_table.rb:23:in `each'
/usr/local/rvm/gems/ruby-1.9.3-p392/gems/cucumber-1.2.3/lib/cucumber/ast/outline_table.rb:23:in `each_with_index'
/usr/local/rvm/gems/ruby-1.9.3-p392/gems/cucumber-1.2.3/lib/cucumber/ast/outline_table.rb:23:in `accept'
/usr/local/rvm/gems/ruby-1.9.3-p392/gems/cucumber-1.2.3/lib/cucumber/ast/tree_walker.rb:83:in `block in visit_outline_table'
/usr/local/rvm/gems/ruby-1.9.3-p392/gems/cucumber-1.2.3/lib/cucumber/ast/tree_walker.rb:163:in `broadcast'
/usr/local/rvm/gems/ruby-1.9.3-p392/gems/cucumber-1.2.3/lib/cucumber/ast/tree_walker.rb:82:in `visit_outline_table'
/usr/local/rvm/gems/ruby-1.9.3-p392/gems/cucumber-1.2.3/lib/cucumber/ast/examples.rb:22:in `accept'
/usr/local/rvm/gems/ruby-1.9.3-p392/gems/cucumber-1.2.3/lib/cucumber/ast/tree_walker.rb:73:in `block in visit_examples'
/usr/local/rvm/gems/ruby-1.9.3-p392/gems/cucumber-1.2.3/lib/cucumber/ast/tree_walker.rb:163:in `broadcast'
/usr/local/rvm/gems/ruby-1.9.3-p392/gems/cucumber-1.2.3/lib/cucumber/ast/tree_walker.rb:72:in `visit_examples'
/usr/local/rvm/gems/ruby-1.9.3-p392/gems/cucumber-1.2.3/lib/cucumber/ast/scenario_outline.rb:14:in `block in accept'
/usr/local/rvm/gems/ruby-1.9.3-p392/gems/cucumber-1.2.3/lib/cucumber/ast/scenario_outline.rb:13:in `each'
/usr/local/rvm/gems/ruby-1.9.3-p392/gems/cucumber-1.2.3/lib/cucumber/ast/scenario_outline.rb:13:in `accept'
/usr/local/rvm/gems/ruby-1.9.3-p392/gems/cucumber-1.2.3/lib/cucumber/ast/tree_walker.rb:67:in `block in visit_examples_array'
/usr/local/rvm/gems/ruby-1.9.3-p392/gems/cucumber-1.2.3/lib/cucumber/ast/tree_walker.rb:163:in `broadcast'
/usr/local/rvm/gems/ruby-1.9.3-p392/gems/cucumber-1.2.3/lib/cucumber/ast/tree_walker.rb:66:in `visit_examples_array'
/usr/local/rvm/gems/ruby-1.9.3-p392/gems/cucumber-1.2.3/lib/cucumber/ast/scenario_outline.rb:68:in `accept'
/usr/local/rvm/gems/ruby-1.9.3-p392/gems/cucumber-1.2.3/lib/cucumber/ast/tree_walker.rb:51:in `block in visit_feature_element'
/usr/local/rvm/gems/ruby-1.9.3-p392/gems/cucumber-1.2.3/lib/cucumber/ast/tree_walker.rb:163:in `broadcast'
/usr/local/rvm/gems/ruby-1.9.3-p392/gems/cucumber-1.2.3/lib/cucumber/ast/tree_walker.rb:50:in `visit_feature_element'
/usr/local/rvm/gems/ruby-1.9.3-p392/gems/cucumber-1.2.3/lib/cucumber/ast/feature.rb:43:in `block in accept'
/usr/local/rvm/gems/ruby-1.9.3-p392/gems/cucumber-1.2.3/lib/cucumber/ast/feature.rb:42:in `each'
/usr/local/rvm/gems/ruby-1.9.3-p392/gems/cucumber-1.2.3/lib/cucumber/ast/feature.rb:42:in `accept'
/usr/local/rvm/gems/ruby-1.9.3-p392/gems/cucumber-1.2.3/lib/cucumber/ast/tree_walker.rb:20:in `block in visit_feature'
/usr/local/rvm/gems/ruby-1.9.3-p392/gems/cucumber-1.2.3/lib/cucumber/ast/tree_walker.rb:163:in `broadcast'
/usr/local/rvm/gems/ruby-1.9.3-p392/gems/cucumber-1.2.3/lib/cucumber/ast/tree_walker.rb:19:in `visit_feature'
/usr/local/rvm/gems/ruby-1.9.3-p392/gems/cucumber-1.2.3/lib/cucumber/ast/features.rb:29:in `block in accept'
/usr/local/rvm/gems/ruby-1.9.3-p392/gems/cucumber-1.2.3/lib/cucumber/ast/features.rb:17:in `each'
/usr/local/rvm/gems/ruby-1.9.3-p392/gems/cucumber-1.2.3/lib/cucumber/ast/features.rb:17:in `each'
/usr/local/rvm/gems/ruby-1.9.3-p392/gems/cucumber-1.2.3/lib/cucumber/ast/features.rb:28:in `accept'
/usr/local/rvm/gems/ruby-1.9.3-p392/gems/cucumber-1.2.3/lib/cucumber/ast/tree_walker.rb:14:in `block in visit_features'
/usr/local/rvm/gems/ruby-1.9.3-p392/gems/cucumber-1.2.3/lib/cucumber/ast/tree_walker.rb:163:in `broadcast'
/usr/local/rvm/gems/ruby-1.9.3-p392/gems/cucumber-1.2.3/lib/cucumber/ast/tree_walker.rb:13:in `visit_features'
/usr/local/rvm/gems/ruby-1.9.3-p392/gems/cucumber-1.2.3/lib/cucumber/runtime.rb:47:in `run!'
/usr/local/rvm/gems/ruby-1.9.3-p392/gems/cucumber-1.2.3/lib/cucumber/cli/main.rb:43:in `execute!'
/usr/local/rvm/gems/ruby-1.9.3-p392/gems/cucumber-1.2.3/lib/cucumber/cli/main.rb:20:in `execute'
/usr/local/rvm/gems/ruby-1.9.3-p392/gems/cucumber-1.2.3/bin/cucumber:14:in `<top (required)>'
/usr/local/rvm/gems/ruby-1.9.3-p392/bin/cucumber:19:in `load'
/usr/local/rvm/gems/ruby-1.9.3-p392/bin/cucumber:19:in `<main>'
/usr/local/rvm/gems/ruby-1.9.3-p392/bin/ruby_noexec_wrapper:14:in `eval'
/usr/local/rvm/gems/ruby-1.9.3-p392/bin/ruby_noexec_wrapper:14:in `<main>'
features/login.feature:156:in `And I open '<service>' site for the opco 'pt' in a logged out state']]>
  </failure>
  <system-out/>
  <system-err/>
</testcase>
<testcase classname="LOGIN" name="PT Login adding email (outline example : | contentbackup | PT_msisdn_1 | PT_number_1 | PT_password_1 | current_email |)" time="7.264486">
  <failure message="failed PT Login adding email (outline example : | contentbackup | PT_msisdn_1 | PT_number_1 | PT_password_1 | current_email |)" type="failed">
    <![CDATA[Scenario Outline: PT Login adding email

Example row: | nwab | PT_msisdn_1 | PT_number_1 | PT_password_1 | current_email |

Message:
Example row: | contentbackup | PT_msisdn_1 | PT_number_1 | PT_password_1 | current_email |

Message:
]]>
    <![CDATA[unexpected response, code=404, content-type=""
unknown command: session/61a9d9f6391e38daf5d133be8708e330/element/name (Selenium::WebDriver::Error::WebDriverError)
/usr/local/rvm/gems/ruby-1.9.3-p392/gems/selenium-webdriver-2.31.0/lib/selenium/webdriver/remote/http/common.rb:66:in `create_response'
/usr/local/rvm/gems/ruby-1.9.3-p392/gems/selenium-webdriver-2.31.0/lib/selenium/webdriver/remote/http/default.rb:66:in `request'
/usr/local/rvm/gems/ruby-1.9.3-p392/gems/selenium-webdriver-2.31.0/lib/selenium/webdriver/remote/http/common.rb:40:in `call'
/usr/local/rvm/gems/ruby-1.9.3-p392/gems/selenium-webdriver-2.31.0/lib/selenium/webdriver/remote/bridge.rb:616:in `raw_execute'
/usr/local/rvm/gems/ruby-1.9.3-p392/gems/selenium-webdriver-2.31.0/lib/selenium/webdriver/remote/bridge.rb:594:in `execute'
/usr/local/rvm/gems/ruby-1.9.3-p392/gems/selenium-webdriver-2.31.0/lib/selenium/webdriver/remote/bridge.rb:493:in `getElementTagName'
/usr/local/rvm/gems/ruby-1.9.3-p392/gems/selenium-webdriver-2.31.0/lib/selenium/webdriver/common/element.rb:68:in `tag_name'
/usr/local/rvm/gems/ruby-1.9.3-p392/gems/watir-webdriver-0.6.2/lib/watir-webdriver/locators/element_locator.rb:387:in `validate_element'
/usr/local/rvm/gems/ruby-1.9.3-p392/gems/watir-webdriver-0.6.2/lib/watir-webdriver/locators/element_locator.rb:37:in `locate'
/usr/local/rvm/gems/ruby-1.9.3-p392/gems/watir-webdriver-0.6.2/lib/watir-webdriver/elements/element.rb:509:in `locate'
/usr/local/rvm/gems/ruby-1.9.3-p392/gems/watir-webdriver-0.6.2/lib/watir-webdriver/elements/element.rb:487:in `assert_exists'
/usr/local/rvm/gems/ruby-1.9.3-p392/gems/watir-webdriver-0.6.2/lib/watir-webdriver/elements/element.rb:118:in `click'
/Users/Subhash/git/automated_tests_web_login_app/features/pages/MockServicePage.rb:13:in `visit'
/Users/Subhash/git/automated_tests_web_login_app/features/step_definitions/loginapp_steps.rb:17:in `block in <top (required)>'
/usr/local/rvm/gems/ruby-1.9.3-p392/gems/cucumber-1.2.3/lib/cucumber/core_ext/instance_exec.rb:48:in `instance_exec'
/usr/local/rvm/gems/ruby-1.9.3-p392/gems/cucumber-1.2.3/lib/cucumber/core_ext/instance_exec.rb:48:in `block in cucumber_instance_exec'
/usr/local/rvm/gems/ruby-1.9.3-p392/gems/cucumber-1.2.3/lib/cucumber/core_ext/instance_exec.rb:69:in `cucumber_run_with_backtrace_filtering'
/usr/local/rvm/gems/ruby-1.9.3-p392/gems/cucumber-1.2.3/lib/cucumber/core_ext/instance_exec.rb:36:in `cucumber_instance_exec'
/usr/local/rvm/gems/ruby-1.9.3-p392/gems/cucumber-1.2.3/lib/cucumber/rb_support/rb_step_definition.rb:97:in `invoke'
/usr/local/rvm/gems/ruby-1.9.3-p392/gems/cucumber-1.2.3/lib/cucumber/step_match.rb:25:in `invoke'
/usr/local/rvm/gems/ruby-1.9.3-p392/gems/cucumber-1.2.3/lib/cucumber/ast/step_invocation.rb:60:in `invoke'
/usr/local/rvm/gems/ruby-1.9.3-p392/gems/cucumber-1.2.3/lib/cucumber/ast/outline_table.rb:119:in `block (2 levels) in accept_plain'
/usr/local/rvm/gems/ruby-1.9.3-p392/gems/cucumber-1.2.3/lib/cucumber/ast/step_collection.rb:37:in `each'
/usr/local/rvm/gems/ruby-1.9.3-p392/gems/cucumber-1.2.3/lib/cucumber/ast/step_collection.rb:37:in `each'
/usr/local/rvm/gems/ruby-1.9.3-p392/gems/cucumber-1.2.3/lib/cucumber/ast/outline_table.rb:118:in `block in accept_plain'
/usr/local/rvm/gems/ruby-1.9.3-p392/gems/cucumber-1.2.3/lib/cucumber/runtime.rb:81:in `block (2 levels) in with_hooks'
/usr/local/rvm/gems/ruby-1.9.3-p392/gems/cucumber-1.2.3/lib/cucumber/runtime.rb:97:in `before_and_after'
/usr/local/rvm/gems/ruby-1.9.3-p392/gems/cucumber-1.2.3/lib/cucumber/runtime.rb:80:in `block in with_hooks'
/usr/local/rvm/gems/ruby-1.9.3-p392/gems/cucumber-1.2.3/lib/cucumber/runtime/support_code.rb:120:in `call'
/usr/local/rvm/gems/ruby-1.9.3-p392/gems/cucumber-1.2.3/lib/cucumber/runtime/support_code.rb:120:in `block (3 levels) in around'
/usr/local/rvm/gems/ruby-1.9.3-p392/gems/cucumber-1.2.3/lib/cucumber/language_support/language_methods.rb:9:in `block in around'
/usr/local/rvm/gems/ruby-1.9.3-p392/gems/cucumber-1.2.3/lib/cucumber/language_support/language_methods.rb:91:in `call'
/usr/local/rvm/gems/ruby-1.9.3-p392/gems/cucumber-1.2.3/lib/cucumber/language_support/language_methods.rb:91:in `execute_around'
/usr/local/rvm/gems/ruby-1.9.3-p392/gems/cucumber-1.2.3/lib/cucumber/language_support/language_methods.rb:8:in `around'
/usr/local/rvm/gems/ruby-1.9.3-p392/gems/cucumber-1.2.3/lib/cucumber/runtime/support_code.rb:119:in `block (2 levels) in around'
/usr/local/rvm/gems/ruby-1.9.3-p392/gems/cucumber-1.2.3/lib/cucumber/runtime/support_code.rb:117:in `call'
/usr/local/rvm/gems/ruby-1.9.3-p392/gems/cucumber-1.2.3/lib/cucumber/runtime/support_code.rb:117:in `around'
/usr/local/rvm/gems/ruby-1.9.3-p392/gems/cucumber-1.2.3/lib/cucumber/runtime.rb:92:in `around'
/usr/local/rvm/gems/ruby-1.9.3-p392/gems/cucumber-1.2.3/lib/cucumber/runtime.rb:79:in `with_hooks'
/usr/local/rvm/gems/ruby-1.9.3-p392/gems/cucumber-1.2.3/lib/cucumber/ast/outline_table.rb:117:in `accept_plain'
/usr/local/rvm/gems/ruby-1.9.3-p392/gems/cucumber-1.2.3/lib/cucumber/ast/outline_table.rb:107:in `accept'
/usr/local/rvm/gems/ruby-1.9.3-p392/gems/cucumber-1.2.3/lib/cucumber/ast/tree_walker.rb:131:in `block in visit_table_row'
/usr/local/rvm/gems/ruby-1.9.3-p392/gems/cucumber-1.2.3/lib/cucumber/ast/tree_walker.rb:163:in `broadcast'
/usr/local/rvm/gems/ruby-1.9.3-p392/gems/cucumber-1.2.3/lib/cucumber/ast/tree_walker.rb:130:in `visit_table_row'
/usr/local/rvm/gems/ruby-1.9.3-p392/gems/cucumber-1.2.3/lib/cucumber/ast/outline_table.rb:27:in `block in accept'
/usr/local/rvm/gems/ruby-1.9.3-p392/gems/cucumber-1.2.3/lib/cucumber/ast/outline_table.rb:23:in `each'
/usr/local/rvm/gems/ruby-1.9.3-p392/gems/cucumber-1.2.3/lib/cucumber/ast/outline_table.rb:23:in `each_with_index'
/usr/local/rvm/gems/ruby-1.9.3-p392/gems/cucumber-1.2.3/lib/cucumber/ast/outline_table.rb:23:in `accept'
/usr/local/rvm/gems/ruby-1.9.3-p392/gems/cucumber-1.2.3/lib/cucumber/ast/tree_walker.rb:83:in `block in visit_outline_table'
/usr/local/rvm/gems/ruby-1.9.3-p392/gems/cucumber-1.2.3/lib/cucumber/ast/tree_walker.rb:163:in `broadcast'
/usr/local/rvm/gems/ruby-1.9.3-p392/gems/cucumber-1.2.3/lib/cucumber/ast/tree_walker.rb:82:in `visit_outline_table'
/usr/local/rvm/gems/ruby-1.9.3-p392/gems/cucumber-1.2.3/lib/cucumber/ast/examples.rb:22:in `accept'
/usr/local/rvm/gems/ruby-1.9.3-p392/gems/cucumber-1.2.3/lib/cucumber/ast/tree_walker.rb:73:in `block in visit_examples'
/usr/local/rvm/gems/ruby-1.9.3-p392/gems/cucumber-1.2.3/lib/cucumber/ast/tree_walker.rb:163:in `broadcast'
/usr/local/rvm/gems/ruby-1.9.3-p392/gems/cucumber-1.2.3/lib/cucumber/ast/tree_walker.rb:72:in `visit_examples'
/usr/local/rvm/gems/ruby-1.9.3-p392/gems/cucumber-1.2.3/lib/cucumber/ast/scenario_outline.rb:14:in `block in accept'
/usr/local/rvm/gems/ruby-1.9.3-p392/gems/cucumber-1.2.3/lib/cucumber/ast/scenario_outline.rb:13:in `each'
/usr/local/rvm/gems/ruby-1.9.3-p392/gems/cucumber-1.2.3/lib/cucumber/ast/scenario_outline.rb:13:in `accept'
/usr/local/rvm/gems/ruby-1.9.3-p392/gems/cucumber-1.2.3/lib/cucumber/ast/tree_walker.rb:67:in `block in visit_examples_array'
/usr/local/rvm/gems/ruby-1.9.3-p392/gems/cucumber-1.2.3/lib/cucumber/ast/tree_walker.rb:163:in `broadcast'
/usr/local/rvm/gems/ruby-1.9.3-p392/gems/cucumber-1.2.3/lib/cucumber/ast/tree_walker.rb:66:in `visit_examples_array'
/usr/local/rvm/gems/ruby-1.9.3-p392/gems/cucumber-1.2.3/lib/cucumber/ast/scenario_outline.rb:68:in `accept'
/usr/local/rvm/gems/ruby-1.9.3-p392/gems/cucumber-1.2.3/lib/cucumber/ast/tree_walker.rb:51:in `block in visit_feature_element'
/usr/local/rvm/gems/ruby-1.9.3-p392/gems/cucumber-1.2.3/lib/cucumber/ast/tree_walker.rb:163:in `broadcast'
/usr/local/rvm/gems/ruby-1.9.3-p392/gems/cucumber-1.2.3/lib/cucumber/ast/tree_walker.rb:50:in `visit_feature_element'
/usr/local/rvm/gems/ruby-1.9.3-p392/gems/cucumber-1.2.3/lib/cucumber/ast/feature.rb:43:in `block in accept'
/usr/local/rvm/gems/ruby-1.9.3-p392/gems/cucumber-1.2.3/lib/cucumber/ast/feature.rb:42:in `each'
/usr/local/rvm/gems/ruby-1.9.3-p392/gems/cucumber-1.2.3/lib/cucumber/ast/feature.rb:42:in `accept'
/usr/local/rvm/gems/ruby-1.9.3-p392/gems/cucumber-1.2.3/lib/cucumber/ast/tree_walker.rb:20:in `block in visit_feature'
/usr/local/rvm/gems/ruby-1.9.3-p392/gems/cucumber-1.2.3/lib/cucumber/ast/tree_walker.rb:163:in `broadcast'
/usr/local/rvm/gems/ruby-1.9.3-p392/gems/cucumber-1.2.3/lib/cucumber/ast/tree_walker.rb:19:in `visit_feature'
/usr/local/rvm/gems/ruby-1.9.3-p392/gems/cucumber-1.2.3/lib/cucumber/ast/features.rb:29:in `block in accept'
/usr/local/rvm/gems/ruby-1.9.3-p392/gems/cucumber-1.2.3/lib/cucumber/ast/features.rb:17:in `each'
/usr/local/rvm/gems/ruby-1.9.3-p392/gems/cucumber-1.2.3/lib/cucumber/ast/features.rb:17:in `each'
/usr/local/rvm/gems/ruby-1.9.3-p392/gems/cucumber-1.2.3/lib/cucumber/ast/features.rb:28:in `accept'
/usr/local/rvm/gems/ruby-1.9.3-p392/gems/cucumber-1.2.3/lib/cucumber/ast/tree_walker.rb:14:in `block in visit_features'
/usr/local/rvm/gems/ruby-1.9.3-p392/gems/cucumber-1.2.3/lib/cucumber/ast/tree_walker.rb:163:in `broadcast'
/usr/local/rvm/gems/ruby-1.9.3-p392/gems/cucumber-1.2.3/lib/cucumber/ast/tree_walker.rb:13:in `visit_features'
/usr/local/rvm/gems/ruby-1.9.3-p392/gems/cucumber-1.2.3/lib/cucumber/runtime.rb:47:in `run!'
/usr/local/rvm/gems/ruby-1.9.3-p392/gems/cucumber-1.2.3/lib/cucumber/cli/main.rb:43:in `execute!'
/usr/local/rvm/gems/ruby-1.9.3-p392/gems/cucumber-1.2.3/lib/cucumber/cli/main.rb:20:in `execute'
/usr/local/rvm/gems/ruby-1.9.3-p392/gems/cucumber-1.2.3/bin/cucumber:14:in `<top (required)>'
/usr/local/rvm/gems/ruby-1.9.3-p392/bin/cucumber:19:in `load'
/usr/local/rvm/gems/ruby-1.9.3-p392/bin/cucumber:19:in `<main>'
/usr/local/rvm/gems/ruby-1.9.3-p392/bin/ruby_noexec_wrapper:14:in `eval'
/usr/local/rvm/gems/ruby-1.9.3-p392/bin/ruby_noexec_wrapper:14:in `<main>'
features/login.feature:156:in `And I open '<service>' site for the opco 'pt' in a logged out state']]>
  </failure>
  <system-out/>
  <system-err/>
</testcase>
<testcase classname="LOGIN" name="ES Login (outline example : | mobileprotect | current_ES_msisdn | ES_password_1 |)" time="0.530680">
  <failure message="failed ES Login (outline example : | mobileprotect | current_ES_msisdn | ES_password_1 |)" type="failed">
    <![CDATA[Scenario Outline: ES Login

Example row: | mobileprotect | current_ES_msisdn | ES_password_1 |

Message:
]]>
    <![CDATA[unexpected response, code=404, content-type=""
unknown command: session/61a9d9f6391e38daf5d133be8708e330/element/name (Selenium::WebDriver::Error::WebDriverError)
/usr/local/rvm/gems/ruby-1.9.3-p392/gems/selenium-webdriver-2.31.0/lib/selenium/webdriver/remote/http/common.rb:66:in `create_response'
/usr/local/rvm/gems/ruby-1.9.3-p392/gems/selenium-webdriver-2.31.0/lib/selenium/webdriver/remote/http/default.rb:66:in `request'
/usr/local/rvm/gems/ruby-1.9.3-p392/gems/selenium-webdriver-2.31.0/lib/selenium/webdriver/remote/http/common.rb:40:in `call'
/usr/local/rvm/gems/ruby-1.9.3-p392/gems/selenium-webdriver-2.31.0/lib/selenium/webdriver/remote/bridge.rb:616:in `raw_execute'
/usr/local/rvm/gems/ruby-1.9.3-p392/gems/selenium-webdriver-2.31.0/lib/selenium/webdriver/remote/bridge.rb:594:in `execute'
/usr/local/rvm/gems/ruby-1.9.3-p392/gems/selenium-webdriver-2.31.0/lib/selenium/webdriver/remote/bridge.rb:493:in `getElementTagName'
/usr/local/rvm/gems/ruby-1.9.3-p392/gems/selenium-webdriver-2.31.0/lib/selenium/webdriver/common/element.rb:68:in `tag_name'
/usr/local/rvm/gems/ruby-1.9.3-p392/gems/watir-webdriver-0.6.2/lib/watir-webdriver/locators/element_locator.rb:387:in `validate_element'
/usr/local/rvm/gems/ruby-1.9.3-p392/gems/watir-webdriver-0.6.2/lib/watir-webdriver/locators/element_locator.rb:37:in `locate'
/usr/local/rvm/gems/ruby-1.9.3-p392/gems/watir-webdriver-0.6.2/lib/watir-webdriver/elements/element.rb:509:in `locate'
/usr/local/rvm/gems/ruby-1.9.3-p392/gems/watir-webdriver-0.6.2/lib/watir-webdriver/elements/element.rb:487:in `assert_exists'
/usr/local/rvm/gems/ruby-1.9.3-p392/gems/watir-webdriver-0.6.2/lib/watir-webdriver/elements/element.rb:118:in `click'
/Users/Subhash/git/automated_tests_web_login_app/features/pages/MockServicePage.rb:13:in `visit'
/Users/Subhash/git/automated_tests_web_login_app/features/step_definitions/loginapp_steps.rb:17:in `block in <top (required)>'
/usr/local/rvm/gems/ruby-1.9.3-p392/gems/cucumber-1.2.3/lib/cucumber/core_ext/instance_exec.rb:48:in `instance_exec'
/usr/local/rvm/gems/ruby-1.9.3-p392/gems/cucumber-1.2.3/lib/cucumber/core_ext/instance_exec.rb:48:in `block in cucumber_instance_exec'
/usr/local/rvm/gems/ruby-1.9.3-p392/gems/cucumber-1.2.3/lib/cucumber/core_ext/instance_exec.rb:69:in `cucumber_run_with_backtrace_filtering'
/usr/local/rvm/gems/ruby-1.9.3-p392/gems/cucumber-1.2.3/lib/cucumber/core_ext/instance_exec.rb:36:in `cucumber_instance_exec'
/usr/local/rvm/gems/ruby-1.9.3-p392/gems/cucumber-1.2.3/lib/cucumber/rb_support/rb_step_definition.rb:97:in `invoke'
/usr/local/rvm/gems/ruby-1.9.3-p392/gems/cucumber-1.2.3/lib/cucumber/step_match.rb:25:in `invoke'
/usr/local/rvm/gems/ruby-1.9.3-p392/gems/cucumber-1.2.3/lib/cucumber/ast/step_invocation.rb:60:in `invoke'
/usr/local/rvm/gems/ruby-1.9.3-p392/gems/cucumber-1.2.3/lib/cucumber/ast/outline_table.rb:119:in `block (2 levels) in accept_plain'
/usr/local/rvm/gems/ruby-1.9.3-p392/gems/cucumber-1.2.3/lib/cucumber/ast/step_collection.rb:37:in `each'
/usr/local/rvm/gems/ruby-1.9.3-p392/gems/cucumber-1.2.3/lib/cucumber/ast/step_collection.rb:37:in `each'
/usr/local/rvm/gems/ruby-1.9.3-p392/gems/cucumber-1.2.3/lib/cucumber/ast/outline_table.rb:118:in `block in accept_plain'
/usr/local/rvm/gems/ruby-1.9.3-p392/gems/cucumber-1.2.3/lib/cucumber/runtime.rb:81:in `block (2 levels) in with_hooks'
/usr/local/rvm/gems/ruby-1.9.3-p392/gems/cucumber-1.2.3/lib/cucumber/runtime.rb:97:in `before_and_after'
/usr/local/rvm/gems/ruby-1.9.3-p392/gems/cucumber-1.2.3/lib/cucumber/runtime.rb:80:in `block in with_hooks'
/usr/local/rvm/gems/ruby-1.9.3-p392/gems/cucumber-1.2.3/lib/cucumber/runtime/support_code.rb:120:in `call'
/usr/local/rvm/gems/ruby-1.9.3-p392/gems/cucumber-1.2.3/lib/cucumber/runtime/support_code.rb:120:in `block (3 levels) in around'
/usr/local/rvm/gems/ruby-1.9.3-p392/gems/cucumber-1.2.3/lib/cucumber/language_support/language_methods.rb:9:in `block in around'
/usr/local/rvm/gems/ruby-1.9.3-p392/gems/cucumber-1.2.3/lib/cucumber/language_support/language_methods.rb:91:in `call'
/usr/local/rvm/gems/ruby-1.9.3-p392/gems/cucumber-1.2.3/lib/cucumber/language_support/language_methods.rb:91:in `execute_around'
/usr/local/rvm/gems/ruby-1.9.3-p392/gems/cucumber-1.2.3/lib/cucumber/language_support/language_methods.rb:8:in `around'
/usr/local/rvm/gems/ruby-1.9.3-p392/gems/cucumber-1.2.3/lib/cucumber/runtime/support_code.rb:119:in `block (2 levels) in around'
/usr/local/rvm/gems/ruby-1.9.3-p392/gems/cucumber-1.2.3/lib/cucumber/runtime/support_code.rb:117:in `call'
/usr/local/rvm/gems/ruby-1.9.3-p392/gems/cucumber-1.2.3/lib/cucumber/runtime/support_code.rb:117:in `around'
/usr/local/rvm/gems/ruby-1.9.3-p392/gems/cucumber-1.2.3/lib/cucumber/runtime.rb:92:in `around'
/usr/local/rvm/gems/ruby-1.9.3-p392/gems/cucumber-1.2.3/lib/cucumber/runtime.rb:79:in `with_hooks'
/usr/local/rvm/gems/ruby-1.9.3-p392/gems/cucumber-1.2.3/lib/cucumber/ast/outline_table.rb:117:in `accept_plain'
/usr/local/rvm/gems/ruby-1.9.3-p392/gems/cucumber-1.2.3/lib/cucumber/ast/outline_table.rb:107:in `accept'
/usr/local/rvm/gems/ruby-1.9.3-p392/gems/cucumber-1.2.3/lib/cucumber/ast/tree_walker.rb:131:in `block in visit_table_row'
/usr/local/rvm/gems/ruby-1.9.3-p392/gems/cucumber-1.2.3/lib/cucumber/ast/tree_walker.rb:163:in `broadcast'
/usr/local/rvm/gems/ruby-1.9.3-p392/gems/cucumber-1.2.3/lib/cucumber/ast/tree_walker.rb:130:in `visit_table_row'
/usr/local/rvm/gems/ruby-1.9.3-p392/gems/cucumber-1.2.3/lib/cucumber/ast/outline_table.rb:27:in `block in accept'
/usr/local/rvm/gems/ruby-1.9.3-p392/gems/cucumber-1.2.3/lib/cucumber/ast/outline_table.rb:23:in `each'
/usr/local/rvm/gems/ruby-1.9.3-p392/gems/cucumber-1.2.3/lib/cucumber/ast/outline_table.rb:23:in `each_with_index'
/usr/local/rvm/gems/ruby-1.9.3-p392/gems/cucumber-1.2.3/lib/cucumber/ast/outline_table.rb:23:in `accept'
/usr/local/rvm/gems/ruby-1.9.3-p392/gems/cucumber-1.2.3/lib/cucumber/ast/tree_walker.rb:83:in `block in visit_outline_table'
/usr/local/rvm/gems/ruby-1.9.3-p392/gems/cucumber-1.2.3/lib/cucumber/ast/tree_walker.rb:163:in `broadcast'
/usr/local/rvm/gems/ruby-1.9.3-p392/gems/cucumber-1.2.3/lib/cucumber/ast/tree_walker.rb:82:in `visit_outline_table'
/usr/local/rvm/gems/ruby-1.9.3-p392/gems/cucumber-1.2.3/lib/cucumber/ast/examples.rb:22:in `accept'
/usr/local/rvm/gems/ruby-1.9.3-p392/gems/cucumber-1.2.3/lib/cucumber/ast/tree_walker.rb:73:in `block in visit_examples'
/usr/local/rvm/gems/ruby-1.9.3-p392/gems/cucumber-1.2.3/lib/cucumber/ast/tree_walker.rb:163:in `broadcast'
/usr/local/rvm/gems/ruby-1.9.3-p392/gems/cucumber-1.2.3/lib/cucumber/ast/tree_walker.rb:72:in `visit_examples'
/usr/local/rvm/gems/ruby-1.9.3-p392/gems/cucumber-1.2.3/lib/cucumber/ast/scenario_outline.rb:14:in `block in accept'
/usr/local/rvm/gems/ruby-1.9.3-p392/gems/cucumber-1.2.3/lib/cucumber/ast/scenario_outline.rb:13:in `each'
/usr/local/rvm/gems/ruby-1.9.3-p392/gems/cucumber-1.2.3/lib/cucumber/ast/scenario_outline.rb:13:in `accept'
/usr/local/rvm/gems/ruby-1.9.3-p392/gems/cucumber-1.2.3/lib/cucumber/ast/tree_walker.rb:67:in `block in visit_examples_array'
/usr/local/rvm/gems/ruby-1.9.3-p392/gems/cucumber-1.2.3/lib/cucumber/ast/tree_walker.rb:163:in `broadcast'
/usr/local/rvm/gems/ruby-1.9.3-p392/gems/cucumber-1.2.3/lib/cucumber/ast/tree_walker.rb:66:in `visit_examples_array'
/usr/local/rvm/gems/ruby-1.9.3-p392/gems/cucumber-1.2.3/lib/cucumber/ast/scenario_outline.rb:68:in `accept'
/usr/local/rvm/gems/ruby-1.9.3-p392/gems/cucumber-1.2.3/lib/cucumber/ast/tree_walker.rb:51:in `block in visit_feature_element'
/usr/local/rvm/gems/ruby-1.9.3-p392/gems/cucumber-1.2.3/lib/cucumber/ast/tree_walker.rb:163:in `broadcast'
/usr/local/rvm/gems/ruby-1.9.3-p392/gems/cucumber-1.2.3/lib/cucumber/ast/tree_walker.rb:50:in `visit_feature_element'
/usr/local/rvm/gems/ruby-1.9.3-p392/gems/cucumber-1.2.3/lib/cucumber/ast/feature.rb:43:in `block in accept'
/usr/local/rvm/gems/ruby-1.9.3-p392/gems/cucumber-1.2.3/lib/cucumber/ast/feature.rb:42:in `each'
/usr/local/rvm/gems/ruby-1.9.3-p392/gems/cucumber-1.2.3/lib/cucumber/ast/feature.rb:42:in `accept'
/usr/local/rvm/gems/ruby-1.9.3-p392/gems/cucumber-1.2.3/lib/cucumber/ast/tree_walker.rb:20:in `block in visit_feature'
/usr/local/rvm/gems/ruby-1.9.3-p392/gems/cucumber-1.2.3/lib/cucumber/ast/tree_walker.rb:163:in `broadcast'
/usr/local/rvm/gems/ruby-1.9.3-p392/gems/cucumber-1.2.3/lib/cucumber/ast/tree_walker.rb:19:in `visit_feature'
/usr/local/rvm/gems/ruby-1.9.3-p392/gems/cucumber-1.2.3/lib/cucumber/ast/features.rb:29:in `block in accept'
/usr/local/rvm/gems/ruby-1.9.3-p392/gems/cucumber-1.2.3/lib/cucumber/ast/features.rb:17:in `each'
/usr/local/rvm/gems/ruby-1.9.3-p392/gems/cucumber-1.2.3/lib/cucumber/ast/features.rb:17:in `each'
/usr/local/rvm/gems/ruby-1.9.3-p392/gems/cucumber-1.2.3/lib/cucumber/ast/features.rb:28:in `accept'
/usr/local/rvm/gems/ruby-1.9.3-p392/gems/cucumber-1.2.3/lib/cucumber/ast/tree_walker.rb:14:in `block in visit_features'
/usr/local/rvm/gems/ruby-1.9.3-p392/gems/cucumber-1.2.3/lib/cucumber/ast/tree_walker.rb:163:in `broadcast'
/usr/local/rvm/gems/ruby-1.9.3-p392/gems/cucumber-1.2.3/lib/cucumber/ast/tree_walker.rb:13:in `visit_features'
/usr/local/rvm/gems/ruby-1.9.3-p392/gems/cucumber-1.2.3/lib/cucumber/runtime.rb:47:in `run!'
/usr/local/rvm/gems/ruby-1.9.3-p392/gems/cucumber-1.2.3/lib/cucumber/cli/main.rb:43:in `execute!'
/usr/local/rvm/gems/ruby-1.9.3-p392/gems/cucumber-1.2.3/lib/cucumber/cli/main.rb:20:in `execute'
/usr/local/rvm/gems/ruby-1.9.3-p392/gems/cucumber-1.2.3/bin/cucumber:14:in `<top (required)>'
/usr/local/rvm/gems/ruby-1.9.3-p392/bin/cucumber:19:in `load'
/usr/local/rvm/gems/ruby-1.9.3-p392/bin/cucumber:19:in `<main>'
/usr/local/rvm/gems/ruby-1.9.3-p392/bin/ruby_noexec_wrapper:14:in `eval'
/usr/local/rvm/gems/ruby-1.9.3-p392/bin/ruby_noexec_wrapper:14:in `<main>'
features/login.feature:187:in `And I open '<service>' site for the opco 'es' in a logged out state']]>
  </failure>
  <system-out/>
  <system-err/>
</testcase>
<testcase classname="LOGIN" name="ES Login (outline example : | kids | current_ES_msisdn | ES_password_1 |)" time="13.246492">
  <failure message="failed ES Login (outline example : | kids | current_ES_msisdn | ES_password_1 |)" type="failed">
    <![CDATA[Scenario Outline: ES Login

Example row: | mobileprotect | current_ES_msisdn | ES_password_1 |

Message:
Example row: | kids | current_ES_msisdn | ES_password_1 |

Message:
]]>
    <![CDATA[<"Global cookie present."> expected but was
<"">. (MiniTest::Assertion)
/usr/local/rvm/rubies/ruby-1.9.3-p392/lib/ruby/1.9.1/minitest/unit.rb:185:in `assert'
/usr/local/rvm/rubies/ruby-1.9.3-p392/lib/ruby/1.9.1/test/unit/assertions.rb:38:in `assert'
/usr/local/rvm/rubies/ruby-1.9.3-p392/lib/ruby/1.9.1/test/unit/assertions.rb:187:in `assert_equal'
/Users/Subhash/git/automated_tests_web_login_app/features/step_definitions/loginapp_steps.rb:98:in `block in <top (required)>'
/usr/local/rvm/gems/ruby-1.9.3-p392/gems/cucumber-1.2.3/lib/cucumber/core_ext/instance_exec.rb:48:in `instance_exec'
/usr/local/rvm/gems/ruby-1.9.3-p392/gems/cucumber-1.2.3/lib/cucumber/core_ext/instance_exec.rb:48:in `block in cucumber_instance_exec'
/usr/local/rvm/gems/ruby-1.9.3-p392/gems/cucumber-1.2.3/lib/cucumber/core_ext/instance_exec.rb:69:in `cucumber_run_with_backtrace_filtering'
/usr/local/rvm/gems/ruby-1.9.3-p392/gems/cucumber-1.2.3/lib/cucumber/core_ext/instance_exec.rb:36:in `cucumber_instance_exec'
/usr/local/rvm/gems/ruby-1.9.3-p392/gems/cucumber-1.2.3/lib/cucumber/rb_support/rb_step_definition.rb:97:in `invoke'
/usr/local/rvm/gems/ruby-1.9.3-p392/gems/cucumber-1.2.3/lib/cucumber/step_match.rb:25:in `invoke'
/usr/local/rvm/gems/ruby-1.9.3-p392/gems/cucumber-1.2.3/lib/cucumber/ast/step_invocation.rb:60:in `invoke'
/usr/local/rvm/gems/ruby-1.9.3-p392/gems/cucumber-1.2.3/lib/cucumber/ast/outline_table.rb:119:in `block (2 levels) in accept_plain'
/usr/local/rvm/gems/ruby-1.9.3-p392/gems/cucumber-1.2.3/lib/cucumber/ast/step_collection.rb:37:in `each'
/usr/local/rvm/gems/ruby-1.9.3-p392/gems/cucumber-1.2.3/lib/cucumber/ast/step_collection.rb:37:in `each'
/usr/local/rvm/gems/ruby-1.9.3-p392/gems/cucumber-1.2.3/lib/cucumber/ast/outline_table.rb:118:in `block in accept_plain'
/usr/local/rvm/gems/ruby-1.9.3-p392/gems/cucumber-1.2.3/lib/cucumber/runtime.rb:81:in `block (2 levels) in with_hooks'
/usr/local/rvm/gems/ruby-1.9.3-p392/gems/cucumber-1.2.3/lib/cucumber/runtime.rb:97:in `before_and_after'
/usr/local/rvm/gems/ruby-1.9.3-p392/gems/cucumber-1.2.3/lib/cucumber/runtime.rb:80:in `block in with_hooks'
/usr/local/rvm/gems/ruby-1.9.3-p392/gems/cucumber-1.2.3/lib/cucumber/runtime/support_code.rb:120:in `call'
/usr/local/rvm/gems/ruby-1.9.3-p392/gems/cucumber-1.2.3/lib/cucumber/runtime/support_code.rb:120:in `block (3 levels) in around'
/usr/local/rvm/gems/ruby-1.9.3-p392/gems/cucumber-1.2.3/lib/cucumber/language_support/language_methods.rb:9:in `block in around'
/usr/local/rvm/gems/ruby-1.9.3-p392/gems/cucumber-1.2.3/lib/cucumber/language_support/language_methods.rb:91:in `call'
/usr/local/rvm/gems/ruby-1.9.3-p392/gems/cucumber-1.2.3/lib/cucumber/language_support/language_methods.rb:91:in `execute_around'
/usr/local/rvm/gems/ruby-1.9.3-p392/gems/cucumber-1.2.3/lib/cucumber/language_support/language_methods.rb:8:in `around'
/usr/local/rvm/gems/ruby-1.9.3-p392/gems/cucumber-1.2.3/lib/cucumber/runtime/support_code.rb:119:in `block (2 levels) in around'
/usr/local/rvm/gems/ruby-1.9.3-p392/gems/cucumber-1.2.3/lib/cucumber/runtime/support_code.rb:117:in `call'
/usr/local/rvm/gems/ruby-1.9.3-p392/gems/cucumber-1.2.3/lib/cucumber/runtime/support_code.rb:117:in `around'
/usr/local/rvm/gems/ruby-1.9.3-p392/gems/cucumber-1.2.3/lib/cucumber/runtime.rb:92:in `around'
/usr/local/rvm/gems/ruby-1.9.3-p392/gems/cucumber-1.2.3/lib/cucumber/runtime.rb:79:in `with_hooks'
/usr/local/rvm/gems/ruby-1.9.3-p392/gems/cucumber-1.2.3/lib/cucumber/ast/outline_table.rb:117:in `accept_plain'
/usr/local/rvm/gems/ruby-1.9.3-p392/gems/cucumber-1.2.3/lib/cucumber/ast/outline_table.rb:107:in `accept'
/usr/local/rvm/gems/ruby-1.9.3-p392/gems/cucumber-1.2.3/lib/cucumber/ast/tree_walker.rb:131:in `block in visit_table_row'
/usr/local/rvm/gems/ruby-1.9.3-p392/gems/cucumber-1.2.3/lib/cucumber/ast/tree_walker.rb:163:in `broadcast'
/usr/local/rvm/gems/ruby-1.9.3-p392/gems/cucumber-1.2.3/lib/cucumber/ast/tree_walker.rb:130:in `visit_table_row'
/usr/local/rvm/gems/ruby-1.9.3-p392/gems/cucumber-1.2.3/lib/cucumber/ast/outline_table.rb:27:in `block in accept'
/usr/local/rvm/gems/ruby-1.9.3-p392/gems/cucumber-1.2.3/lib/cucumber/ast/outline_table.rb:23:in `each'
/usr/local/rvm/gems/ruby-1.9.3-p392/gems/cucumber-1.2.3/lib/cucumber/ast/outline_table.rb:23:in `each_with_index'
/usr/local/rvm/gems/ruby-1.9.3-p392/gems/cucumber-1.2.3/lib/cucumber/ast/outline_table.rb:23:in `accept'
/usr/local/rvm/gems/ruby-1.9.3-p392/gems/cucumber-1.2.3/lib/cucumber/ast/tree_walker.rb:83:in `block in visit_outline_table'
/usr/local/rvm/gems/ruby-1.9.3-p392/gems/cucumber-1.2.3/lib/cucumber/ast/tree_walker.rb:163:in `broadcast'
/usr/local/rvm/gems/ruby-1.9.3-p392/gems/cucumber-1.2.3/lib/cucumber/ast/tree_walker.rb:82:in `visit_outline_table'
/usr/local/rvm/gems/ruby-1.9.3-p392/gems/cucumber-1.2.3/lib/cucumber/ast/examples.rb:22:in `accept'
/usr/local/rvm/gems/ruby-1.9.3-p392/gems/cucumber-1.2.3/lib/cucumber/ast/tree_walker.rb:73:in `block in visit_examples'
/usr/local/rvm/gems/ruby-1.9.3-p392/gems/cucumber-1.2.3/lib/cucumber/ast/tree_walker.rb:163:in `broadcast'
/usr/local/rvm/gems/ruby-1.9.3-p392/gems/cucumber-1.2.3/lib/cucumber/ast/tree_walker.rb:72:in `visit_examples'
/usr/local/rvm/gems/ruby-1.9.3-p392/gems/cucumber-1.2.3/lib/cucumber/ast/scenario_outline.rb:14:in `block in accept'
/usr/local/rvm/gems/ruby-1.9.3-p392/gems/cucumber-1.2.3/lib/cucumber/ast/scenario_outline.rb:13:in `each'
/usr/local/rvm/gems/ruby-1.9.3-p392/gems/cucumber-1.2.3/lib/cucumber/ast/scenario_outline.rb:13:in `accept'
/usr/local/rvm/gems/ruby-1.9.3-p392/gems/cucumber-1.2.3/lib/cucumber/ast/tree_walker.rb:67:in `block in visit_examples_array'
/usr/local/rvm/gems/ruby-1.9.3-p392/gems/cucumber-1.2.3/lib/cucumber/ast/tree_walker.rb:163:in `broadcast'
/usr/local/rvm/gems/ruby-1.9.3-p392/gems/cucumber-1.2.3/lib/cucumber/ast/tree_walker.rb:66:in `visit_examples_array'
/usr/local/rvm/gems/ruby-1.9.3-p392/gems/cucumber-1.2.3/lib/cucumber/ast/scenario_outline.rb:68:in `accept'
/usr/local/rvm/gems/ruby-1.9.3-p392/gems/cucumber-1.2.3/lib/cucumber/ast/tree_walker.rb:51:in `block in visit_feature_element'
/usr/local/rvm/gems/ruby-1.9.3-p392/gems/cucumber-1.2.3/lib/cucumber/ast/tree_walker.rb:163:in `broadcast'
/usr/local/rvm/gems/ruby-1.9.3-p392/gems/cucumber-1.2.3/lib/cucumber/ast/tree_walker.rb:50:in `visit_feature_element'
/usr/local/rvm/gems/ruby-1.9.3-p392/gems/cucumber-1.2.3/lib/cucumber/ast/feature.rb:43:in `block in accept'
/usr/local/rvm/gems/ruby-1.9.3-p392/gems/cucumber-1.2.3/lib/cucumber/ast/feature.rb:42:in `each'
/usr/local/rvm/gems/ruby-1.9.3-p392/gems/cucumber-1.2.3/lib/cucumber/ast/feature.rb:42:in `accept'
/usr/local/rvm/gems/ruby-1.9.3-p392/gems/cucumber-1.2.3/lib/cucumber/ast/tree_walker.rb:20:in `block in visit_feature'
/usr/local/rvm/gems/ruby-1.9.3-p392/gems/cucumber-1.2.3/lib/cucumber/ast/tree_walker.rb:163:in `broadcast'
/usr/local/rvm/gems/ruby-1.9.3-p392/gems/cucumber-1.2.3/lib/cucumber/ast/tree_walker.rb:19:in `visit_feature'
/usr/local/rvm/gems/ruby-1.9.3-p392/gems/cucumber-1.2.3/lib/cucumber/ast/features.rb:29:in `block in accept'
/usr/local/rvm/gems/ruby-1.9.3-p392/gems/cucumber-1.2.3/lib/cucumber/ast/features.rb:17:in `each'
/usr/local/rvm/gems/ruby-1.9.3-p392/gems/cucumber-1.2.3/lib/cucumber/ast/features.rb:17:in `each'
/usr/local/rvm/gems/ruby-1.9.3-p392/gems/cucumber-1.2.3/lib/cucumber/ast/features.rb:28:in `accept'
/usr/local/rvm/gems/ruby-1.9.3-p392/gems/cucumber-1.2.3/lib/cucumber/ast/tree_walker.rb:14:in `block in visit_features'
/usr/local/rvm/gems/ruby-1.9.3-p392/gems/cucumber-1.2.3/lib/cucumber/ast/tree_walker.rb:163:in `broadcast'
/usr/local/rvm/gems/ruby-1.9.3-p392/gems/cucumber-1.2.3/lib/cucumber/ast/tree_walker.rb:13:in `visit_features'
/usr/local/rvm/gems/ruby-1.9.3-p392/gems/cucumber-1.2.3/lib/cucumber/runtime.rb:47:in `run!'
/usr/local/rvm/gems/ruby-1.9.3-p392/gems/cucumber-1.2.3/lib/cucumber/cli/main.rb:43:in `execute!'
/usr/local/rvm/gems/ruby-1.9.3-p392/gems/cucumber-1.2.3/lib/cucumber/cli/main.rb:20:in `execute'
/usr/local/rvm/gems/ruby-1.9.3-p392/gems/cucumber-1.2.3/bin/cucumber:14:in `<top (required)>'
/usr/local/rvm/gems/ruby-1.9.3-p392/bin/cucumber:19:in `load'
/usr/local/rvm/gems/ruby-1.9.3-p392/bin/cucumber:19:in `<main>'
/usr/local/rvm/gems/ruby-1.9.3-p392/bin/ruby_noexec_wrapper:14:in `eval'
/usr/local/rvm/gems/ruby-1.9.3-p392/bin/ruby_noexec_wrapper:14:in `<main>'
features/login.feature:190:in `Then I see login cookie present']]>
  </failure>
  <system-out/>
  <system-err/>
</testcase>
<testcase classname="LOGIN" name="ES Logout (outline example : | mobileprotect | current_ES_msisdn | ES_password_1 |)" time="0.542701">
  <failure message="failed ES Logout (outline example : | mobileprotect | current_ES_msisdn | ES_password_1 |)" type="failed">
    <![CDATA[Scenario Outline: ES Logout

Example row: | mobileprotect | current_ES_msisdn | ES_password_1 |

Message:
]]>
    <![CDATA[unexpected response, code=404, content-type=""
unknown command: session/61a9d9f6391e38daf5d133be8708e330/element/name (Selenium::WebDriver::Error::WebDriverError)
/usr/local/rvm/gems/ruby-1.9.3-p392/gems/selenium-webdriver-2.31.0/lib/selenium/webdriver/remote/http/common.rb:66:in `create_response'
/usr/local/rvm/gems/ruby-1.9.3-p392/gems/selenium-webdriver-2.31.0/lib/selenium/webdriver/remote/http/default.rb:66:in `request'
/usr/local/rvm/gems/ruby-1.9.3-p392/gems/selenium-webdriver-2.31.0/lib/selenium/webdriver/remote/http/common.rb:40:in `call'
/usr/local/rvm/gems/ruby-1.9.3-p392/gems/selenium-webdriver-2.31.0/lib/selenium/webdriver/remote/bridge.rb:616:in `raw_execute'
/usr/local/rvm/gems/ruby-1.9.3-p392/gems/selenium-webdriver-2.31.0/lib/selenium/webdriver/remote/bridge.rb:594:in `execute'
/usr/local/rvm/gems/ruby-1.9.3-p392/gems/selenium-webdriver-2.31.0/lib/selenium/webdriver/remote/bridge.rb:493:in `getElementTagName'
/usr/local/rvm/gems/ruby-1.9.3-p392/gems/selenium-webdriver-2.31.0/lib/selenium/webdriver/common/element.rb:68:in `tag_name'
/usr/local/rvm/gems/ruby-1.9.3-p392/gems/watir-webdriver-0.6.2/lib/watir-webdriver/locators/element_locator.rb:387:in `validate_element'
/usr/local/rvm/gems/ruby-1.9.3-p392/gems/watir-webdriver-0.6.2/lib/watir-webdriver/locators/element_locator.rb:37:in `locate'
/usr/local/rvm/gems/ruby-1.9.3-p392/gems/watir-webdriver-0.6.2/lib/watir-webdriver/elements/element.rb:509:in `locate'
/usr/local/rvm/gems/ruby-1.9.3-p392/gems/watir-webdriver-0.6.2/lib/watir-webdriver/elements/element.rb:487:in `assert_exists'
/usr/local/rvm/gems/ruby-1.9.3-p392/gems/watir-webdriver-0.6.2/lib/watir-webdriver/elements/element.rb:118:in `click'
/Users/Subhash/git/automated_tests_web_login_app/features/pages/MockServicePage.rb:13:in `visit'
/Users/Subhash/git/automated_tests_web_login_app/features/step_definitions/loginapp_steps.rb:17:in `block in <top (required)>'
/usr/local/rvm/gems/ruby-1.9.3-p392/gems/cucumber-1.2.3/lib/cucumber/core_ext/instance_exec.rb:48:in `instance_exec'
/usr/local/rvm/gems/ruby-1.9.3-p392/gems/cucumber-1.2.3/lib/cucumber/core_ext/instance_exec.rb:48:in `block in cucumber_instance_exec'
/usr/local/rvm/gems/ruby-1.9.3-p392/gems/cucumber-1.2.3/lib/cucumber/core_ext/instance_exec.rb:69:in `cucumber_run_with_backtrace_filtering'
/usr/local/rvm/gems/ruby-1.9.3-p392/gems/cucumber-1.2.3/lib/cucumber/core_ext/instance_exec.rb:36:in `cucumber_instance_exec'
/usr/local/rvm/gems/ruby-1.9.3-p392/gems/cucumber-1.2.3/lib/cucumber/rb_support/rb_step_definition.rb:97:in `invoke'
/usr/local/rvm/gems/ruby-1.9.3-p392/gems/cucumber-1.2.3/lib/cucumber/step_match.rb:25:in `invoke'
/usr/local/rvm/gems/ruby-1.9.3-p392/gems/cucumber-1.2.3/lib/cucumber/ast/step_invocation.rb:60:in `invoke'
/usr/local/rvm/gems/ruby-1.9.3-p392/gems/cucumber-1.2.3/lib/cucumber/ast/outline_table.rb:119:in `block (2 levels) in accept_plain'
/usr/local/rvm/gems/ruby-1.9.3-p392/gems/cucumber-1.2.3/lib/cucumber/ast/step_collection.rb:37:in `each'
/usr/local/rvm/gems/ruby-1.9.3-p392/gems/cucumber-1.2.3/lib/cucumber/ast/step_collection.rb:37:in `each'
/usr/local/rvm/gems/ruby-1.9.3-p392/gems/cucumber-1.2.3/lib/cucumber/ast/outline_table.rb:118:in `block in accept_plain'
/usr/local/rvm/gems/ruby-1.9.3-p392/gems/cucumber-1.2.3/lib/cucumber/runtime.rb:81:in `block (2 levels) in with_hooks'
/usr/local/rvm/gems/ruby-1.9.3-p392/gems/cucumber-1.2.3/lib/cucumber/runtime.rb:97:in `before_and_after'
/usr/local/rvm/gems/ruby-1.9.3-p392/gems/cucumber-1.2.3/lib/cucumber/runtime.rb:80:in `block in with_hooks'
/usr/local/rvm/gems/ruby-1.9.3-p392/gems/cucumber-1.2.3/lib/cucumber/runtime/support_code.rb:120:in `call'
/usr/local/rvm/gems/ruby-1.9.3-p392/gems/cucumber-1.2.3/lib/cucumber/runtime/support_code.rb:120:in `block (3 levels) in around'
/usr/local/rvm/gems/ruby-1.9.3-p392/gems/cucumber-1.2.3/lib/cucumber/language_support/language_methods.rb:9:in `block in around'
/usr/local/rvm/gems/ruby-1.9.3-p392/gems/cucumber-1.2.3/lib/cucumber/language_support/language_methods.rb:91:in `call'
/usr/local/rvm/gems/ruby-1.9.3-p392/gems/cucumber-1.2.3/lib/cucumber/language_support/language_methods.rb:91:in `execute_around'
/usr/local/rvm/gems/ruby-1.9.3-p392/gems/cucumber-1.2.3/lib/cucumber/language_support/language_methods.rb:8:in `around'
/usr/local/rvm/gems/ruby-1.9.3-p392/gems/cucumber-1.2.3/lib/cucumber/runtime/support_code.rb:119:in `block (2 levels) in around'
/usr/local/rvm/gems/ruby-1.9.3-p392/gems/cucumber-1.2.3/lib/cucumber/runtime/support_code.rb:117:in `call'
/usr/local/rvm/gems/ruby-1.9.3-p392/gems/cucumber-1.2.3/lib/cucumber/runtime/support_code.rb:117:in `around'
/usr/local/rvm/gems/ruby-1.9.3-p392/gems/cucumber-1.2.3/lib/cucumber/runtime.rb:92:in `around'
/usr/local/rvm/gems/ruby-1.9.3-p392/gems/cucumber-1.2.3/lib/cucumber/runtime.rb:79:in `with_hooks'
/usr/local/rvm/gems/ruby-1.9.3-p392/gems/cucumber-1.2.3/lib/cucumber/ast/outline_table.rb:117:in `accept_plain'
/usr/local/rvm/gems/ruby-1.9.3-p392/gems/cucumber-1.2.3/lib/cucumber/ast/outline_table.rb:107:in `accept'
/usr/local/rvm/gems/ruby-1.9.3-p392/gems/cucumber-1.2.3/lib/cucumber/ast/tree_walker.rb:131:in `block in visit_table_row'
/usr/local/rvm/gems/ruby-1.9.3-p392/gems/cucumber-1.2.3/lib/cucumber/ast/tree_walker.rb:163:in `broadcast'
/usr/local/rvm/gems/ruby-1.9.3-p392/gems/cucumber-1.2.3/lib/cucumber/ast/tree_walker.rb:130:in `visit_table_row'
/usr/local/rvm/gems/ruby-1.9.3-p392/gems/cucumber-1.2.3/lib/cucumber/ast/outline_table.rb:27:in `block in accept'
/usr/local/rvm/gems/ruby-1.9.3-p392/gems/cucumber-1.2.3/lib/cucumber/ast/outline_table.rb:23:in `each'
/usr/local/rvm/gems/ruby-1.9.3-p392/gems/cucumber-1.2.3/lib/cucumber/ast/outline_table.rb:23:in `each_with_index'
/usr/local/rvm/gems/ruby-1.9.3-p392/gems/cucumber-1.2.3/lib/cucumber/ast/outline_table.rb:23:in `accept'
/usr/local/rvm/gems/ruby-1.9.3-p392/gems/cucumber-1.2.3/lib/cucumber/ast/tree_walker.rb:83:in `block in visit_outline_table'
/usr/local/rvm/gems/ruby-1.9.3-p392/gems/cucumber-1.2.3/lib/cucumber/ast/tree_walker.rb:163:in `broadcast'
/usr/local/rvm/gems/ruby-1.9.3-p392/gems/cucumber-1.2.3/lib/cucumber/ast/tree_walker.rb:82:in `visit_outline_table'
/usr/local/rvm/gems/ruby-1.9.3-p392/gems/cucumber-1.2.3/lib/cucumber/ast/examples.rb:22:in `accept'
/usr/local/rvm/gems/ruby-1.9.3-p392/gems/cucumber-1.2.3/lib/cucumber/ast/tree_walker.rb:73:in `block in visit_examples'
/usr/local/rvm/gems/ruby-1.9.3-p392/gems/cucumber-1.2.3/lib/cucumber/ast/tree_walker.rb:163:in `broadcast'
/usr/local/rvm/gems/ruby-1.9.3-p392/gems/cucumber-1.2.3/lib/cucumber/ast/tree_walker.rb:72:in `visit_examples'
/usr/local/rvm/gems/ruby-1.9.3-p392/gems/cucumber-1.2.3/lib/cucumber/ast/scenario_outline.rb:14:in `block in accept'
/usr/local/rvm/gems/ruby-1.9.3-p392/gems/cucumber-1.2.3/lib/cucumber/ast/scenario_outline.rb:13:in `each'
/usr/local/rvm/gems/ruby-1.9.3-p392/gems/cucumber-1.2.3/lib/cucumber/ast/scenario_outline.rb:13:in `accept'
/usr/local/rvm/gems/ruby-1.9.3-p392/gems/cucumber-1.2.3/lib/cucumber/ast/tree_walker.rb:67:in `block in visit_examples_array'
/usr/local/rvm/gems/ruby-1.9.3-p392/gems/cucumber-1.2.3/lib/cucumber/ast/tree_walker.rb:163:in `broadcast'
/usr/local/rvm/gems/ruby-1.9.3-p392/gems/cucumber-1.2.3/lib/cucumber/ast/tree_walker.rb:66:in `visit_examples_array'
/usr/local/rvm/gems/ruby-1.9.3-p392/gems/cucumber-1.2.3/lib/cucumber/ast/scenario_outline.rb:68:in `accept'
/usr/local/rvm/gems/ruby-1.9.3-p392/gems/cucumber-1.2.3/lib/cucumber/ast/tree_walker.rb:51:in `block in visit_feature_element'
/usr/local/rvm/gems/ruby-1.9.3-p392/gems/cucumber-1.2.3/lib/cucumber/ast/tree_walker.rb:163:in `broadcast'
/usr/local/rvm/gems/ruby-1.9.3-p392/gems/cucumber-1.2.3/lib/cucumber/ast/tree_walker.rb:50:in `visit_feature_element'
/usr/local/rvm/gems/ruby-1.9.3-p392/gems/cucumber-1.2.3/lib/cucumber/ast/feature.rb:43:in `block in accept'
/usr/local/rvm/gems/ruby-1.9.3-p392/gems/cucumber-1.2.3/lib/cucumber/ast/feature.rb:42:in `each'
/usr/local/rvm/gems/ruby-1.9.3-p392/gems/cucumber-1.2.3/lib/cucumber/ast/feature.rb:42:in `accept'
/usr/local/rvm/gems/ruby-1.9.3-p392/gems/cucumber-1.2.3/lib/cucumber/ast/tree_walker.rb:20:in `block in visit_feature'
/usr/local/rvm/gems/ruby-1.9.3-p392/gems/cucumber-1.2.3/lib/cucumber/ast/tree_walker.rb:163:in `broadcast'
/usr/local/rvm/gems/ruby-1.9.3-p392/gems/cucumber-1.2.3/lib/cucumber/ast/tree_walker.rb:19:in `visit_feature'
/usr/local/rvm/gems/ruby-1.9.3-p392/gems/cucumber-1.2.3/lib/cucumber/ast/features.rb:29:in `block in accept'
/usr/local/rvm/gems/ruby-1.9.3-p392/gems/cucumber-1.2.3/lib/cucumber/ast/features.rb:17:in `each'
/usr/local/rvm/gems/ruby-1.9.3-p392/gems/cucumber-1.2.3/lib/cucumber/ast/features.rb:17:in `each'
/usr/local/rvm/gems/ruby-1.9.3-p392/gems/cucumber-1.2.3/lib/cucumber/ast/features.rb:28:in `accept'
/usr/local/rvm/gems/ruby-1.9.3-p392/gems/cucumber-1.2.3/lib/cucumber/ast/tree_walker.rb:14:in `block in visit_features'
/usr/local/rvm/gems/ruby-1.9.3-p392/gems/cucumber-1.2.3/lib/cucumber/ast/tree_walker.rb:163:in `broadcast'
/usr/local/rvm/gems/ruby-1.9.3-p392/gems/cucumber-1.2.3/lib/cucumber/ast/tree_walker.rb:13:in `visit_features'
/usr/local/rvm/gems/ruby-1.9.3-p392/gems/cucumber-1.2.3/lib/cucumber/runtime.rb:47:in `run!'
/usr/local/rvm/gems/ruby-1.9.3-p392/gems/cucumber-1.2.3/lib/cucumber/cli/main.rb:43:in `execute!'
/usr/local/rvm/gems/ruby-1.9.3-p392/gems/cucumber-1.2.3/lib/cucumber/cli/main.rb:20:in `execute'
/usr/local/rvm/gems/ruby-1.9.3-p392/gems/cucumber-1.2.3/bin/cucumber:14:in `<top (required)>'
/usr/local/rvm/gems/ruby-1.9.3-p392/bin/cucumber:19:in `load'
/usr/local/rvm/gems/ruby-1.9.3-p392/bin/cucumber:19:in `<main>'
/usr/local/rvm/gems/ruby-1.9.3-p392/bin/ruby_noexec_wrapper:14:in `eval'
/usr/local/rvm/gems/ruby-1.9.3-p392/bin/ruby_noexec_wrapper:14:in `<main>'
features/login.feature:200:in `And I open '<service>' site for the opco 'es' in a logged out state']]>
  </failure>
  <system-out/>
  <system-err/>
</testcase>
<testcase classname="LOGIN" name="ES Logout (outline example : | kids | current_ES_msisdn | ES_password_1 |)" time="0.990124">
  <failure message="failed ES Logout (outline example : | kids | current_ES_msisdn | ES_password_1 |)" type="failed">
    <![CDATA[Scenario Outline: ES Logout

Example row: | mobileprotect | current_ES_msisdn | ES_password_1 |

Message:
Example row: | kids | current_ES_msisdn | ES_password_1 |

Message:
]]>
    <![CDATA[unexpected response, code=404, content-type=""
unknown command: session/61a9d9f6391e38daf5d133be8708e330/element/name (Selenium::WebDriver::Error::WebDriverError)
/usr/local/rvm/gems/ruby-1.9.3-p392/gems/selenium-webdriver-2.31.0/lib/selenium/webdriver/remote/http/common.rb:66:in `create_response'
/usr/local/rvm/gems/ruby-1.9.3-p392/gems/selenium-webdriver-2.31.0/lib/selenium/webdriver/remote/http/default.rb:66:in `request'
/usr/local/rvm/gems/ruby-1.9.3-p392/gems/selenium-webdriver-2.31.0/lib/selenium/webdriver/remote/http/common.rb:40:in `call'
/usr/local/rvm/gems/ruby-1.9.3-p392/gems/selenium-webdriver-2.31.0/lib/selenium/webdriver/remote/bridge.rb:616:in `raw_execute'
/usr/local/rvm/gems/ruby-1.9.3-p392/gems/selenium-webdriver-2.31.0/lib/selenium/webdriver/remote/bridge.rb:594:in `execute'
/usr/local/rvm/gems/ruby-1.9.3-p392/gems/selenium-webdriver-2.31.0/lib/selenium/webdriver/remote/bridge.rb:493:in `getElementTagName'
/usr/local/rvm/gems/ruby-1.9.3-p392/gems/selenium-webdriver-2.31.0/lib/selenium/webdriver/common/element.rb:68:in `tag_name'
/usr/local/rvm/gems/ruby-1.9.3-p392/gems/watir-webdriver-0.6.2/lib/watir-webdriver/locators/element_locator.rb:387:in `validate_element'
/usr/local/rvm/gems/ruby-1.9.3-p392/gems/watir-webdriver-0.6.2/lib/watir-webdriver/locators/element_locator.rb:37:in `locate'
/usr/local/rvm/gems/ruby-1.9.3-p392/gems/watir-webdriver-0.6.2/lib/watir-webdriver/elements/element.rb:509:in `locate'
/usr/local/rvm/gems/ruby-1.9.3-p392/gems/watir-webdriver-0.6.2/lib/watir-webdriver/elements/element.rb:487:in `assert_exists'
/usr/local/rvm/gems/ruby-1.9.3-p392/gems/watir-webdriver-0.6.2/lib/watir-webdriver/elements/element.rb:118:in `click'
/Users/Subhash/git/automated_tests_web_login_app/features/pages/MockServicePage.rb:18:in `click_login_button'
/Users/Subhash/git/automated_tests_web_login_app/features/step_definitions/loginapp_steps.rb:35:in `block in <top (required)>'
/usr/local/rvm/gems/ruby-1.9.3-p392/gems/cucumber-1.2.3/lib/cucumber/core_ext/instance_exec.rb:48:in `instance_exec'
/usr/local/rvm/gems/ruby-1.9.3-p392/gems/cucumber-1.2.3/lib/cucumber/core_ext/instance_exec.rb:48:in `block in cucumber_instance_exec'
/usr/local/rvm/gems/ruby-1.9.3-p392/gems/cucumber-1.2.3/lib/cucumber/core_ext/instance_exec.rb:69:in `cucumber_run_with_backtrace_filtering'
/usr/local/rvm/gems/ruby-1.9.3-p392/gems/cucumber-1.2.3/lib/cucumber/core_ext/instance_exec.rb:36:in `cucumber_instance_exec'
/usr/local/rvm/gems/ruby-1.9.3-p392/gems/cucumber-1.2.3/lib/cucumber/rb_support/rb_step_definition.rb:97:in `invoke'
/usr/local/rvm/gems/ruby-1.9.3-p392/gems/cucumber-1.2.3/lib/cucumber/step_match.rb:25:in `invoke'
/usr/local/rvm/gems/ruby-1.9.3-p392/gems/cucumber-1.2.3/lib/cucumber/ast/step_invocation.rb:60:in `invoke'
/usr/local/rvm/gems/ruby-1.9.3-p392/gems/cucumber-1.2.3/lib/cucumber/ast/outline_table.rb:119:in `block (2 levels) in accept_plain'
/usr/local/rvm/gems/ruby-1.9.3-p392/gems/cucumber-1.2.3/lib/cucumber/ast/step_collection.rb:37:in `each'
/usr/local/rvm/gems/ruby-1.9.3-p392/gems/cucumber-1.2.3/lib/cucumber/ast/step_collection.rb:37:in `each'
/usr/local/rvm/gems/ruby-1.9.3-p392/gems/cucumber-1.2.3/lib/cucumber/ast/outline_table.rb:118:in `block in accept_plain'
/usr/local/rvm/gems/ruby-1.9.3-p392/gems/cucumber-1.2.3/lib/cucumber/runtime.rb:81:in `block (2 levels) in with_hooks'
/usr/local/rvm/gems/ruby-1.9.3-p392/gems/cucumber-1.2.3/lib/cucumber/runtime.rb:97:in `before_and_after'
/usr/local/rvm/gems/ruby-1.9.3-p392/gems/cucumber-1.2.3/lib/cucumber/runtime.rb:80:in `block in with_hooks'
/usr/local/rvm/gems/ruby-1.9.3-p392/gems/cucumber-1.2.3/lib/cucumber/runtime/support_code.rb:120:in `call'
/usr/local/rvm/gems/ruby-1.9.3-p392/gems/cucumber-1.2.3/lib/cucumber/runtime/support_code.rb:120:in `block (3 levels) in around'
/usr/local/rvm/gems/ruby-1.9.3-p392/gems/cucumber-1.2.3/lib/cucumber/language_support/language_methods.rb:9:in `block in around'
/usr/local/rvm/gems/ruby-1.9.3-p392/gems/cucumber-1.2.3/lib/cucumber/language_support/language_methods.rb:91:in `call'
/usr/local/rvm/gems/ruby-1.9.3-p392/gems/cucumber-1.2.3/lib/cucumber/language_support/language_methods.rb:91:in `execute_around'
/usr/local/rvm/gems/ruby-1.9.3-p392/gems/cucumber-1.2.3/lib/cucumber/language_support/language_methods.rb:8:in `around'
/usr/local/rvm/gems/ruby-1.9.3-p392/gems/cucumber-1.2.3/lib/cucumber/runtime/support_code.rb:119:in `block (2 levels) in around'
/usr/local/rvm/gems/ruby-1.9.3-p392/gems/cucumber-1.2.3/lib/cucumber/runtime/support_code.rb:117:in `call'
/usr/local/rvm/gems/ruby-1.9.3-p392/gems/cucumber-1.2.3/lib/cucumber/runtime/support_code.rb:117:in `around'
/usr/local/rvm/gems/ruby-1.9.3-p392/gems/cucumber-1.2.3/lib/cucumber/runtime.rb:92:in `around'
/usr/local/rvm/gems/ruby-1.9.3-p392/gems/cucumber-1.2.3/lib/cucumber/runtime.rb:79:in `with_hooks'
/usr/local/rvm/gems/ruby-1.9.3-p392/gems/cucumber-1.2.3/lib/cucumber/ast/outline_table.rb:117:in `accept_plain'
/usr/local/rvm/gems/ruby-1.9.3-p392/gems/cucumber-1.2.3/lib/cucumber/ast/outline_table.rb:107:in `accept'
/usr/local/rvm/gems/ruby-1.9.3-p392/gems/cucumber-1.2.3/lib/cucumber/ast/tree_walker.rb:131:in `block in visit_table_row'
/usr/local/rvm/gems/ruby-1.9.3-p392/gems/cucumber-1.2.3/lib/cucumber/ast/tree_walker.rb:163:in `broadcast'
/usr/local/rvm/gems/ruby-1.9.3-p392/gems/cucumber-1.2.3/lib/cucumber/ast/tree_walker.rb:130:in `visit_table_row'
/usr/local/rvm/gems/ruby-1.9.3-p392/gems/cucumber-1.2.3/lib/cucumber/ast/outline_table.rb:27:in `block in accept'
/usr/local/rvm/gems/ruby-1.9.3-p392/gems/cucumber-1.2.3/lib/cucumber/ast/outline_table.rb:23:in `each'
/usr/local/rvm/gems/ruby-1.9.3-p392/gems/cucumber-1.2.3/lib/cucumber/ast/outline_table.rb:23:in `each_with_index'
/usr/local/rvm/gems/ruby-1.9.3-p392/gems/cucumber-1.2.3/lib/cucumber/ast/outline_table.rb:23:in `accept'
/usr/local/rvm/gems/ruby-1.9.3-p392/gems/cucumber-1.2.3/lib/cucumber/ast/tree_walker.rb:83:in `block in visit_outline_table'
/usr/local/rvm/gems/ruby-1.9.3-p392/gems/cucumber-1.2.3/lib/cucumber/ast/tree_walker.rb:163:in `broadcast'
/usr/local/rvm/gems/ruby-1.9.3-p392/gems/cucumber-1.2.3/lib/cucumber/ast/tree_walker.rb:82:in `visit_outline_table'
/usr/local/rvm/gems/ruby-1.9.3-p392/gems/cucumber-1.2.3/lib/cucumber/ast/examples.rb:22:in `accept'
/usr/local/rvm/gems/ruby-1.9.3-p392/gems/cucumber-1.2.3/lib/cucumber/ast/tree_walker.rb:73:in `block in visit_examples'
/usr/local/rvm/gems/ruby-1.9.3-p392/gems/cucumber-1.2.3/lib/cucumber/ast/tree_walker.rb:163:in `broadcast'
/usr/local/rvm/gems/ruby-1.9.3-p392/gems/cucumber-1.2.3/lib/cucumber/ast/tree_walker.rb:72:in `visit_examples'
/usr/local/rvm/gems/ruby-1.9.3-p392/gems/cucumber-1.2.3/lib/cucumber/ast/scenario_outline.rb:14:in `block in accept'
/usr/local/rvm/gems/ruby-1.9.3-p392/gems/cucumber-1.2.3/lib/cucumber/ast/scenario_outline.rb:13:in `each'
/usr/local/rvm/gems/ruby-1.9.3-p392/gems/cucumber-1.2.3/lib/cucumber/ast/scenario_outline.rb:13:in `accept'
/usr/local/rvm/gems/ruby-1.9.3-p392/gems/cucumber-1.2.3/lib/cucumber/ast/tree_walker.rb:67:in `block in visit_examples_array'
/usr/local/rvm/gems/ruby-1.9.3-p392/gems/cucumber-1.2.3/lib/cucumber/ast/tree_walker.rb:163:in `broadcast'
/usr/local/rvm/gems/ruby-1.9.3-p392/gems/cucumber-1.2.3/lib/cucumber/ast/tree_walker.rb:66:in `visit_examples_array'
/usr/local/rvm/gems/ruby-1.9.3-p392/gems/cucumber-1.2.3/lib/cucumber/ast/scenario_outline.rb:68:in `accept'
/usr/local/rvm/gems/ruby-1.9.3-p392/gems/cucumber-1.2.3/lib/cucumber/ast/tree_walker.rb:51:in `block in visit_feature_element'
/usr/local/rvm/gems/ruby-1.9.3-p392/gems/cucumber-1.2.3/lib/cucumber/ast/tree_walker.rb:163:in `broadcast'
/usr/local/rvm/gems/ruby-1.9.3-p392/gems/cucumber-1.2.3/lib/cucumber/ast/tree_walker.rb:50:in `visit_feature_element'
/usr/local/rvm/gems/ruby-1.9.3-p392/gems/cucumber-1.2.3/lib/cucumber/ast/feature.rb:43:in `block in accept'
/usr/local/rvm/gems/ruby-1.9.3-p392/gems/cucumber-1.2.3/lib/cucumber/ast/feature.rb:42:in `each'
/usr/local/rvm/gems/ruby-1.9.3-p392/gems/cucumber-1.2.3/lib/cucumber/ast/feature.rb:42:in `accept'
/usr/local/rvm/gems/ruby-1.9.3-p392/gems/cucumber-1.2.3/lib/cucumber/ast/tree_walker.rb:20:in `block in visit_feature'
/usr/local/rvm/gems/ruby-1.9.3-p392/gems/cucumber-1.2.3/lib/cucumber/ast/tree_walker.rb:163:in `broadcast'
/usr/local/rvm/gems/ruby-1.9.3-p392/gems/cucumber-1.2.3/lib/cucumber/ast/tree_walker.rb:19:in `visit_feature'
/usr/local/rvm/gems/ruby-1.9.3-p392/gems/cucumber-1.2.3/lib/cucumber/ast/features.rb:29:in `block in accept'
/usr/local/rvm/gems/ruby-1.9.3-p392/gems/cucumber-1.2.3/lib/cucumber/ast/features.rb:17:in `each'
/usr/local/rvm/gems/ruby-1.9.3-p392/gems/cucumber-1.2.3/lib/cucumber/ast/features.rb:17:in `each'
/usr/local/rvm/gems/ruby-1.9.3-p392/gems/cucumber-1.2.3/lib/cucumber/ast/features.rb:28:in `accept'
/usr/local/rvm/gems/ruby-1.9.3-p392/gems/cucumber-1.2.3/lib/cucumber/ast/tree_walker.rb:14:in `block in visit_features'
/usr/local/rvm/gems/ruby-1.9.3-p392/gems/cucumber-1.2.3/lib/cucumber/ast/tree_walker.rb:163:in `broadcast'
/usr/local/rvm/gems/ruby-1.9.3-p392/gems/cucumber-1.2.3/lib/cucumber/ast/tree_walker.rb:13:in `visit_features'
/usr/local/rvm/gems/ruby-1.9.3-p392/gems/cucumber-1.2.3/lib/cucumber/runtime.rb:47:in `run!'
/usr/local/rvm/gems/ruby-1.9.3-p392/gems/cucumber-1.2.3/lib/cucumber/cli/main.rb:43:in `execute!'
/usr/local/rvm/gems/ruby-1.9.3-p392/gems/cucumber-1.2.3/lib/cucumber/cli/main.rb:20:in `execute'
/usr/local/rvm/gems/ruby-1.9.3-p392/gems/cucumber-1.2.3/bin/cucumber:14:in `<top (required)>'
/usr/local/rvm/gems/ruby-1.9.3-p392/bin/cucumber:19:in `load'
/usr/local/rvm/gems/ruby-1.9.3-p392/bin/cucumber:19:in `<main>'
/usr/local/rvm/gems/ruby-1.9.3-p392/bin/ruby_noexec_wrapper:14:in `eval'
/usr/local/rvm/gems/ruby-1.9.3-p392/bin/ruby_noexec_wrapper:14:in `<main>'
features/login.feature:201:in `And I go to login page']]>
  </failure>
  <system-out/>
  <system-err/>
</testcase>
<testcase classname="LOGIN" name="ES Login adding email (outline example : | contacts | current_ES_msisdn | ES_password_1 | current_email |)" time="1.975059">
  <failure message="failed ES Login adding email (outline example : | contacts | current_ES_msisdn | ES_password_1 | current_email |)" type="failed">
    <![CDATA[Scenario Outline: ES Login adding email

Example row: | contacts | current_ES_msisdn | ES_password_1 | current_email |

Message:
]]>
    <![CDATA[unexpected response, code=404, content-type=""
unknown command: session/61a9d9f6391e38daf5d133be8708e330/element/name (Selenium::WebDriver::Error::WebDriverError)
/usr/local/rvm/gems/ruby-1.9.3-p392/gems/selenium-webdriver-2.31.0/lib/selenium/webdriver/remote/http/common.rb:66:in `create_response'
/usr/local/rvm/gems/ruby-1.9.3-p392/gems/selenium-webdriver-2.31.0/lib/selenium/webdriver/remote/http/default.rb:66:in `request'
/usr/local/rvm/gems/ruby-1.9.3-p392/gems/selenium-webdriver-2.31.0/lib/selenium/webdriver/remote/http/common.rb:40:in `call'
/usr/local/rvm/gems/ruby-1.9.3-p392/gems/selenium-webdriver-2.31.0/lib/selenium/webdriver/remote/bridge.rb:616:in `raw_execute'
/usr/local/rvm/gems/ruby-1.9.3-p392/gems/selenium-webdriver-2.31.0/lib/selenium/webdriver/remote/bridge.rb:594:in `execute'
/usr/local/rvm/gems/ruby-1.9.3-p392/gems/selenium-webdriver-2.31.0/lib/selenium/webdriver/remote/bridge.rb:493:in `getElementTagName'
/usr/local/rvm/gems/ruby-1.9.3-p392/gems/selenium-webdriver-2.31.0/lib/selenium/webdriver/common/element.rb:68:in `tag_name'
/usr/local/rvm/gems/ruby-1.9.3-p392/gems/watir-webdriver-0.6.2/lib/watir-webdriver/locators/element_locator.rb:387:in `validate_element'
/usr/local/rvm/gems/ruby-1.9.3-p392/gems/watir-webdriver-0.6.2/lib/watir-webdriver/locators/element_locator.rb:37:in `locate'
/usr/local/rvm/gems/ruby-1.9.3-p392/gems/watir-webdriver-0.6.2/lib/watir-webdriver/elements/element.rb:509:in `locate'
/usr/local/rvm/gems/ruby-1.9.3-p392/gems/watir-webdriver-0.6.2/lib/watir-webdriver/elements/element.rb:487:in `assert_exists'
/usr/local/rvm/gems/ruby-1.9.3-p392/gems/watir-webdriver-0.6.2/lib/watir-webdriver/elements/element.rb:118:in `click'
/Users/Subhash/git/automated_tests_web_login_app/features/pages/MockServicePage.rb:13:in `visit'
/Users/Subhash/git/automated_tests_web_login_app/features/step_definitions/loginapp_steps.rb:17:in `block in <top (required)>'
/usr/local/rvm/gems/ruby-1.9.3-p392/gems/cucumber-1.2.3/lib/cucumber/core_ext/instance_exec.rb:48:in `instance_exec'
/usr/local/rvm/gems/ruby-1.9.3-p392/gems/cucumber-1.2.3/lib/cucumber/core_ext/instance_exec.rb:48:in `block in cucumber_instance_exec'
/usr/local/rvm/gems/ruby-1.9.3-p392/gems/cucumber-1.2.3/lib/cucumber/core_ext/instance_exec.rb:69:in `cucumber_run_with_backtrace_filtering'
/usr/local/rvm/gems/ruby-1.9.3-p392/gems/cucumber-1.2.3/lib/cucumber/core_ext/instance_exec.rb:36:in `cucumber_instance_exec'
/usr/local/rvm/gems/ruby-1.9.3-p392/gems/cucumber-1.2.3/lib/cucumber/rb_support/rb_step_definition.rb:97:in `invoke'
/usr/local/rvm/gems/ruby-1.9.3-p392/gems/cucumber-1.2.3/lib/cucumber/step_match.rb:25:in `invoke'
/usr/local/rvm/gems/ruby-1.9.3-p392/gems/cucumber-1.2.3/lib/cucumber/ast/step_invocation.rb:60:in `invoke'
/usr/local/rvm/gems/ruby-1.9.3-p392/gems/cucumber-1.2.3/lib/cucumber/ast/outline_table.rb:119:in `block (2 levels) in accept_plain'
/usr/local/rvm/gems/ruby-1.9.3-p392/gems/cucumber-1.2.3/lib/cucumber/ast/step_collection.rb:37:in `each'
/usr/local/rvm/gems/ruby-1.9.3-p392/gems/cucumber-1.2.3/lib/cucumber/ast/step_collection.rb:37:in `each'
/usr/local/rvm/gems/ruby-1.9.3-p392/gems/cucumber-1.2.3/lib/cucumber/ast/outline_table.rb:118:in `block in accept_plain'
/usr/local/rvm/gems/ruby-1.9.3-p392/gems/cucumber-1.2.3/lib/cucumber/runtime.rb:81:in `block (2 levels) in with_hooks'
/usr/local/rvm/gems/ruby-1.9.3-p392/gems/cucumber-1.2.3/lib/cucumber/runtime.rb:97:in `before_and_after'
/usr/local/rvm/gems/ruby-1.9.3-p392/gems/cucumber-1.2.3/lib/cucumber/runtime.rb:80:in `block in with_hooks'
/usr/local/rvm/gems/ruby-1.9.3-p392/gems/cucumber-1.2.3/lib/cucumber/runtime/support_code.rb:120:in `call'
/usr/local/rvm/gems/ruby-1.9.3-p392/gems/cucumber-1.2.3/lib/cucumber/runtime/support_code.rb:120:in `block (3 levels) in around'
/usr/local/rvm/gems/ruby-1.9.3-p392/gems/cucumber-1.2.3/lib/cucumber/language_support/language_methods.rb:9:in `block in around'
/usr/local/rvm/gems/ruby-1.9.3-p392/gems/cucumber-1.2.3/lib/cucumber/language_support/language_methods.rb:91:in `call'
/usr/local/rvm/gems/ruby-1.9.3-p392/gems/cucumber-1.2.3/lib/cucumber/language_support/language_methods.rb:91:in `execute_around'
/usr/local/rvm/gems/ruby-1.9.3-p392/gems/cucumber-1.2.3/lib/cucumber/language_support/language_methods.rb:8:in `around'
/usr/local/rvm/gems/ruby-1.9.3-p392/gems/cucumber-1.2.3/lib/cucumber/runtime/support_code.rb:119:in `block (2 levels) in around'
/usr/local/rvm/gems/ruby-1.9.3-p392/gems/cucumber-1.2.3/lib/cucumber/runtime/support_code.rb:117:in `call'
/usr/local/rvm/gems/ruby-1.9.3-p392/gems/cucumber-1.2.3/lib/cucumber/runtime/support_code.rb:117:in `around'
/usr/local/rvm/gems/ruby-1.9.3-p392/gems/cucumber-1.2.3/lib/cucumber/runtime.rb:92:in `around'
/usr/local/rvm/gems/ruby-1.9.3-p392/gems/cucumber-1.2.3/lib/cucumber/runtime.rb:79:in `with_hooks'
/usr/local/rvm/gems/ruby-1.9.3-p392/gems/cucumber-1.2.3/lib/cucumber/ast/outline_table.rb:117:in `accept_plain'
/usr/local/rvm/gems/ruby-1.9.3-p392/gems/cucumber-1.2.3/lib/cucumber/ast/outline_table.rb:107:in `accept'
/usr/local/rvm/gems/ruby-1.9.3-p392/gems/cucumber-1.2.3/lib/cucumber/ast/tree_walker.rb:131:in `block in visit_table_row'
/usr/local/rvm/gems/ruby-1.9.3-p392/gems/cucumber-1.2.3/lib/cucumber/ast/tree_walker.rb:163:in `broadcast'
/usr/local/rvm/gems/ruby-1.9.3-p392/gems/cucumber-1.2.3/lib/cucumber/ast/tree_walker.rb:130:in `visit_table_row'
/usr/local/rvm/gems/ruby-1.9.3-p392/gems/cucumber-1.2.3/lib/cucumber/ast/outline_table.rb:27:in `block in accept'
/usr/local/rvm/gems/ruby-1.9.3-p392/gems/cucumber-1.2.3/lib/cucumber/ast/outline_table.rb:23:in `each'
/usr/local/rvm/gems/ruby-1.9.3-p392/gems/cucumber-1.2.3/lib/cucumber/ast/outline_table.rb:23:in `each_with_index'
/usr/local/rvm/gems/ruby-1.9.3-p392/gems/cucumber-1.2.3/lib/cucumber/ast/outline_table.rb:23:in `accept'
/usr/local/rvm/gems/ruby-1.9.3-p392/gems/cucumber-1.2.3/lib/cucumber/ast/tree_walker.rb:83:in `block in visit_outline_table'
/usr/local/rvm/gems/ruby-1.9.3-p392/gems/cucumber-1.2.3/lib/cucumber/ast/tree_walker.rb:163:in `broadcast'
/usr/local/rvm/gems/ruby-1.9.3-p392/gems/cucumber-1.2.3/lib/cucumber/ast/tree_walker.rb:82:in `visit_outline_table'
/usr/local/rvm/gems/ruby-1.9.3-p392/gems/cucumber-1.2.3/lib/cucumber/ast/examples.rb:22:in `accept'
/usr/local/rvm/gems/ruby-1.9.3-p392/gems/cucumber-1.2.3/lib/cucumber/ast/tree_walker.rb:73:in `block in visit_examples'
/usr/local/rvm/gems/ruby-1.9.3-p392/gems/cucumber-1.2.3/lib/cucumber/ast/tree_walker.rb:163:in `broadcast'
/usr/local/rvm/gems/ruby-1.9.3-p392/gems/cucumber-1.2.3/lib/cucumber/ast/tree_walker.rb:72:in `visit_examples'
/usr/local/rvm/gems/ruby-1.9.3-p392/gems/cucumber-1.2.3/lib/cucumber/ast/scenario_outline.rb:14:in `block in accept'
/usr/local/rvm/gems/ruby-1.9.3-p392/gems/cucumber-1.2.3/lib/cucumber/ast/scenario_outline.rb:13:in `each'
/usr/local/rvm/gems/ruby-1.9.3-p392/gems/cucumber-1.2.3/lib/cucumber/ast/scenario_outline.rb:13:in `accept'
/usr/local/rvm/gems/ruby-1.9.3-p392/gems/cucumber-1.2.3/lib/cucumber/ast/tree_walker.rb:67:in `block in visit_examples_array'
/usr/local/rvm/gems/ruby-1.9.3-p392/gems/cucumber-1.2.3/lib/cucumber/ast/tree_walker.rb:163:in `broadcast'
/usr/local/rvm/gems/ruby-1.9.3-p392/gems/cucumber-1.2.3/lib/cucumber/ast/tree_walker.rb:66:in `visit_examples_array'
/usr/local/rvm/gems/ruby-1.9.3-p392/gems/cucumber-1.2.3/lib/cucumber/ast/scenario_outline.rb:68:in `accept'
/usr/local/rvm/gems/ruby-1.9.3-p392/gems/cucumber-1.2.3/lib/cucumber/ast/tree_walker.rb:51:in `block in visit_feature_element'
/usr/local/rvm/gems/ruby-1.9.3-p392/gems/cucumber-1.2.3/lib/cucumber/ast/tree_walker.rb:163:in `broadcast'
/usr/local/rvm/gems/ruby-1.9.3-p392/gems/cucumber-1.2.3/lib/cucumber/ast/tree_walker.rb:50:in `visit_feature_element'
/usr/local/rvm/gems/ruby-1.9.3-p392/gems/cucumber-1.2.3/lib/cucumber/ast/feature.rb:43:in `block in accept'
/usr/local/rvm/gems/ruby-1.9.3-p392/gems/cucumber-1.2.3/lib/cucumber/ast/feature.rb:42:in `each'
/usr/local/rvm/gems/ruby-1.9.3-p392/gems/cucumber-1.2.3/lib/cucumber/ast/feature.rb:42:in `accept'
/usr/local/rvm/gems/ruby-1.9.3-p392/gems/cucumber-1.2.3/lib/cucumber/ast/tree_walker.rb:20:in `block in visit_feature'
/usr/local/rvm/gems/ruby-1.9.3-p392/gems/cucumber-1.2.3/lib/cucumber/ast/tree_walker.rb:163:in `broadcast'
/usr/local/rvm/gems/ruby-1.9.3-p392/gems/cucumber-1.2.3/lib/cucumber/ast/tree_walker.rb:19:in `visit_feature'
/usr/local/rvm/gems/ruby-1.9.3-p392/gems/cucumber-1.2.3/lib/cucumber/ast/features.rb:29:in `block in accept'
/usr/local/rvm/gems/ruby-1.9.3-p392/gems/cucumber-1.2.3/lib/cucumber/ast/features.rb:17:in `each'
/usr/local/rvm/gems/ruby-1.9.3-p392/gems/cucumber-1.2.3/lib/cucumber/ast/features.rb:17:in `each'
/usr/local/rvm/gems/ruby-1.9.3-p392/gems/cucumber-1.2.3/lib/cucumber/ast/features.rb:28:in `accept'
/usr/local/rvm/gems/ruby-1.9.3-p392/gems/cucumber-1.2.3/lib/cucumber/ast/tree_walker.rb:14:in `block in visit_features'
/usr/local/rvm/gems/ruby-1.9.3-p392/gems/cucumber-1.2.3/lib/cucumber/ast/tree_walker.rb:163:in `broadcast'
/usr/local/rvm/gems/ruby-1.9.3-p392/gems/cucumber-1.2.3/lib/cucumber/ast/tree_walker.rb:13:in `visit_features'
/usr/local/rvm/gems/ruby-1.9.3-p392/gems/cucumber-1.2.3/lib/cucumber/runtime.rb:47:in `run!'
/usr/local/rvm/gems/ruby-1.9.3-p392/gems/cucumber-1.2.3/lib/cucumber/cli/main.rb:43:in `execute!'
/usr/local/rvm/gems/ruby-1.9.3-p392/gems/cucumber-1.2.3/lib/cucumber/cli/main.rb:20:in `execute'
/usr/local/rvm/gems/ruby-1.9.3-p392/gems/cucumber-1.2.3/bin/cucumber:14:in `<top (required)>'
/usr/local/rvm/gems/ruby-1.9.3-p392/bin/cucumber:19:in `load'
/usr/local/rvm/gems/ruby-1.9.3-p392/bin/cucumber:19:in `<main>'
/usr/local/rvm/gems/ruby-1.9.3-p392/bin/ruby_noexec_wrapper:14:in `eval'
/usr/local/rvm/gems/ruby-1.9.3-p392/bin/ruby_noexec_wrapper:14:in `<main>'
features/login.feature:215:in `And I open '<service>' site for the opco 'es' in a logged out state']]>
  </failure>
  <system-out/>
  <system-err/>
</testcase>
<testcase classname="LOGIN" name="ES Login adding email (outline example : | nwab | current_ES_msisdn | ES_password_1 | current_email |)" time="1.603863">
  <failure message="failed ES Login adding email (outline example : | nwab | current_ES_msisdn | ES_password_1 | current_email |)" type="failed">
    <![CDATA[Scenario Outline: ES Login adding email

Example row: | contacts | current_ES_msisdn | ES_password_1 | current_email |

Message:
Example row: | nwab | current_ES_msisdn | ES_password_1 | current_email |

Message:
]]>
    <![CDATA[unexpected response, code=404, content-type=""
unknown command: session/61a9d9f6391e38daf5d133be8708e330/element/name (Selenium::WebDriver::Error::WebDriverError)
/usr/local/rvm/gems/ruby-1.9.3-p392/gems/selenium-webdriver-2.31.0/lib/selenium/webdriver/remote/http/common.rb:66:in `create_response'
/usr/local/rvm/gems/ruby-1.9.3-p392/gems/selenium-webdriver-2.31.0/lib/selenium/webdriver/remote/http/default.rb:66:in `request'
/usr/local/rvm/gems/ruby-1.9.3-p392/gems/selenium-webdriver-2.31.0/lib/selenium/webdriver/remote/http/common.rb:40:in `call'
/usr/local/rvm/gems/ruby-1.9.3-p392/gems/selenium-webdriver-2.31.0/lib/selenium/webdriver/remote/bridge.rb:616:in `raw_execute'
/usr/local/rvm/gems/ruby-1.9.3-p392/gems/selenium-webdriver-2.31.0/lib/selenium/webdriver/remote/bridge.rb:594:in `execute'
/usr/local/rvm/gems/ruby-1.9.3-p392/gems/selenium-webdriver-2.31.0/lib/selenium/webdriver/remote/bridge.rb:493:in `getElementTagName'
/usr/local/rvm/gems/ruby-1.9.3-p392/gems/selenium-webdriver-2.31.0/lib/selenium/webdriver/common/element.rb:68:in `tag_name'
/usr/local/rvm/gems/ruby-1.9.3-p392/gems/watir-webdriver-0.6.2/lib/watir-webdriver/locators/element_locator.rb:387:in `validate_element'
/usr/local/rvm/gems/ruby-1.9.3-p392/gems/watir-webdriver-0.6.2/lib/watir-webdriver/locators/element_locator.rb:37:in `locate'
/usr/local/rvm/gems/ruby-1.9.3-p392/gems/watir-webdriver-0.6.2/lib/watir-webdriver/elements/element.rb:509:in `locate'
/usr/local/rvm/gems/ruby-1.9.3-p392/gems/watir-webdriver-0.6.2/lib/watir-webdriver/elements/element.rb:487:in `assert_exists'
/usr/local/rvm/gems/ruby-1.9.3-p392/gems/watir-webdriver-0.6.2/lib/watir-webdriver/elements/element.rb:118:in `click'
/Users/Subhash/git/automated_tests_web_login_app/features/pages/MockServicePage.rb:13:in `visit'
/Users/Subhash/git/automated_tests_web_login_app/features/step_definitions/loginapp_steps.rb:17:in `block in <top (required)>'
/usr/local/rvm/gems/ruby-1.9.3-p392/gems/cucumber-1.2.3/lib/cucumber/core_ext/instance_exec.rb:48:in `instance_exec'
/usr/local/rvm/gems/ruby-1.9.3-p392/gems/cucumber-1.2.3/lib/cucumber/core_ext/instance_exec.rb:48:in `block in cucumber_instance_exec'
/usr/local/rvm/gems/ruby-1.9.3-p392/gems/cucumber-1.2.3/lib/cucumber/core_ext/instance_exec.rb:69:in `cucumber_run_with_backtrace_filtering'
/usr/local/rvm/gems/ruby-1.9.3-p392/gems/cucumber-1.2.3/lib/cucumber/core_ext/instance_exec.rb:36:in `cucumber_instance_exec'
/usr/local/rvm/gems/ruby-1.9.3-p392/gems/cucumber-1.2.3/lib/cucumber/rb_support/rb_step_definition.rb:97:in `invoke'
/usr/local/rvm/gems/ruby-1.9.3-p392/gems/cucumber-1.2.3/lib/cucumber/step_match.rb:25:in `invoke'
/usr/local/rvm/gems/ruby-1.9.3-p392/gems/cucumber-1.2.3/lib/cucumber/ast/step_invocation.rb:60:in `invoke'
/usr/local/rvm/gems/ruby-1.9.3-p392/gems/cucumber-1.2.3/lib/cucumber/ast/outline_table.rb:119:in `block (2 levels) in accept_plain'
/usr/local/rvm/gems/ruby-1.9.3-p392/gems/cucumber-1.2.3/lib/cucumber/ast/step_collection.rb:37:in `each'
/usr/local/rvm/gems/ruby-1.9.3-p392/gems/cucumber-1.2.3/lib/cucumber/ast/step_collection.rb:37:in `each'
/usr/local/rvm/gems/ruby-1.9.3-p392/gems/cucumber-1.2.3/lib/cucumber/ast/outline_table.rb:118:in `block in accept_plain'
/usr/local/rvm/gems/ruby-1.9.3-p392/gems/cucumber-1.2.3/lib/cucumber/runtime.rb:81:in `block (2 levels) in with_hooks'
/usr/local/rvm/gems/ruby-1.9.3-p392/gems/cucumber-1.2.3/lib/cucumber/runtime.rb:97:in `before_and_after'
/usr/local/rvm/gems/ruby-1.9.3-p392/gems/cucumber-1.2.3/lib/cucumber/runtime.rb:80:in `block in with_hooks'
/usr/local/rvm/gems/ruby-1.9.3-p392/gems/cucumber-1.2.3/lib/cucumber/runtime/support_code.rb:120:in `call'
/usr/local/rvm/gems/ruby-1.9.3-p392/gems/cucumber-1.2.3/lib/cucumber/runtime/support_code.rb:120:in `block (3 levels) in around'
/usr/local/rvm/gems/ruby-1.9.3-p392/gems/cucumber-1.2.3/lib/cucumber/language_support/language_methods.rb:9:in `block in around'
/usr/local/rvm/gems/ruby-1.9.3-p392/gems/cucumber-1.2.3/lib/cucumber/language_support/language_methods.rb:91:in `call'
/usr/local/rvm/gems/ruby-1.9.3-p392/gems/cucumber-1.2.3/lib/cucumber/language_support/language_methods.rb:91:in `execute_around'
/usr/local/rvm/gems/ruby-1.9.3-p392/gems/cucumber-1.2.3/lib/cucumber/language_support/language_methods.rb:8:in `around'
/usr/local/rvm/gems/ruby-1.9.3-p392/gems/cucumber-1.2.3/lib/cucumber/runtime/support_code.rb:119:in `block (2 levels) in around'
/usr/local/rvm/gems/ruby-1.9.3-p392/gems/cucumber-1.2.3/lib/cucumber/runtime/support_code.rb:117:in `call'
/usr/local/rvm/gems/ruby-1.9.3-p392/gems/cucumber-1.2.3/lib/cucumber/runtime/support_code.rb:117:in `around'
/usr/local/rvm/gems/ruby-1.9.3-p392/gems/cucumber-1.2.3/lib/cucumber/runtime.rb:92:in `around'
/usr/local/rvm/gems/ruby-1.9.3-p392/gems/cucumber-1.2.3/lib/cucumber/runtime.rb:79:in `with_hooks'
/usr/local/rvm/gems/ruby-1.9.3-p392/gems/cucumber-1.2.3/lib/cucumber/ast/outline_table.rb:117:in `accept_plain'
/usr/local/rvm/gems/ruby-1.9.3-p392/gems/cucumber-1.2.3/lib/cucumber/ast/outline_table.rb:107:in `accept'
/usr/local/rvm/gems/ruby-1.9.3-p392/gems/cucumber-1.2.3/lib/cucumber/ast/tree_walker.rb:131:in `block in visit_table_row'
/usr/local/rvm/gems/ruby-1.9.3-p392/gems/cucumber-1.2.3/lib/cucumber/ast/tree_walker.rb:163:in `broadcast'
/usr/local/rvm/gems/ruby-1.9.3-p392/gems/cucumber-1.2.3/lib/cucumber/ast/tree_walker.rb:130:in `visit_table_row'
/usr/local/rvm/gems/ruby-1.9.3-p392/gems/cucumber-1.2.3/lib/cucumber/ast/outline_table.rb:27:in `block in accept'
/usr/local/rvm/gems/ruby-1.9.3-p392/gems/cucumber-1.2.3/lib/cucumber/ast/outline_table.rb:23:in `each'
/usr/local/rvm/gems/ruby-1.9.3-p392/gems/cucumber-1.2.3/lib/cucumber/ast/outline_table.rb:23:in `each_with_index'
/usr/local/rvm/gems/ruby-1.9.3-p392/gems/cucumber-1.2.3/lib/cucumber/ast/outline_table.rb:23:in `accept'
/usr/local/rvm/gems/ruby-1.9.3-p392/gems/cucumber-1.2.3/lib/cucumber/ast/tree_walker.rb:83:in `block in visit_outline_table'
/usr/local/rvm/gems/ruby-1.9.3-p392/gems/cucumber-1.2.3/lib/cucumber/ast/tree_walker.rb:163:in `broadcast'
/usr/local/rvm/gems/ruby-1.9.3-p392/gems/cucumber-1.2.3/lib/cucumber/ast/tree_walker.rb:82:in `visit_outline_table'
/usr/local/rvm/gems/ruby-1.9.3-p392/gems/cucumber-1.2.3/lib/cucumber/ast/examples.rb:22:in `accept'
/usr/local/rvm/gems/ruby-1.9.3-p392/gems/cucumber-1.2.3/lib/cucumber/ast/tree_walker.rb:73:in `block in visit_examples'
/usr/local/rvm/gems/ruby-1.9.3-p392/gems/cucumber-1.2.3/lib/cucumber/ast/tree_walker.rb:163:in `broadcast'
/usr/local/rvm/gems/ruby-1.9.3-p392/gems/cucumber-1.2.3/lib/cucumber/ast/tree_walker.rb:72:in `visit_examples'
/usr/local/rvm/gems/ruby-1.9.3-p392/gems/cucumber-1.2.3/lib/cucumber/ast/scenario_outline.rb:14:in `block in accept'
/usr/local/rvm/gems/ruby-1.9.3-p392/gems/cucumber-1.2.3/lib/cucumber/ast/scenario_outline.rb:13:in `each'
/usr/local/rvm/gems/ruby-1.9.3-p392/gems/cucumber-1.2.3/lib/cucumber/ast/scenario_outline.rb:13:in `accept'
/usr/local/rvm/gems/ruby-1.9.3-p392/gems/cucumber-1.2.3/lib/cucumber/ast/tree_walker.rb:67:in `block in visit_examples_array'
/usr/local/rvm/gems/ruby-1.9.3-p392/gems/cucumber-1.2.3/lib/cucumber/ast/tree_walker.rb:163:in `broadcast'
/usr/local/rvm/gems/ruby-1.9.3-p392/gems/cucumber-1.2.3/lib/cucumber/ast/tree_walker.rb:66:in `visit_examples_array'
/usr/local/rvm/gems/ruby-1.9.3-p392/gems/cucumber-1.2.3/lib/cucumber/ast/scenario_outline.rb:68:in `accept'
/usr/local/rvm/gems/ruby-1.9.3-p392/gems/cucumber-1.2.3/lib/cucumber/ast/tree_walker.rb:51:in `block in visit_feature_element'
/usr/local/rvm/gems/ruby-1.9.3-p392/gems/cucumber-1.2.3/lib/cucumber/ast/tree_walker.rb:163:in `broadcast'
/usr/local/rvm/gems/ruby-1.9.3-p392/gems/cucumber-1.2.3/lib/cucumber/ast/tree_walker.rb:50:in `visit_feature_element'
/usr/local/rvm/gems/ruby-1.9.3-p392/gems/cucumber-1.2.3/lib/cucumber/ast/feature.rb:43:in `block in accept'
/usr/local/rvm/gems/ruby-1.9.3-p392/gems/cucumber-1.2.3/lib/cucumber/ast/feature.rb:42:in `each'
/usr/local/rvm/gems/ruby-1.9.3-p392/gems/cucumber-1.2.3/lib/cucumber/ast/feature.rb:42:in `accept'
/usr/local/rvm/gems/ruby-1.9.3-p392/gems/cucumber-1.2.3/lib/cucumber/ast/tree_walker.rb:20:in `block in visit_feature'
/usr/local/rvm/gems/ruby-1.9.3-p392/gems/cucumber-1.2.3/lib/cucumber/ast/tree_walker.rb:163:in `broadcast'
/usr/local/rvm/gems/ruby-1.9.3-p392/gems/cucumber-1.2.3/lib/cucumber/ast/tree_walker.rb:19:in `visit_feature'
/usr/local/rvm/gems/ruby-1.9.3-p392/gems/cucumber-1.2.3/lib/cucumber/ast/features.rb:29:in `block in accept'
/usr/local/rvm/gems/ruby-1.9.3-p392/gems/cucumber-1.2.3/lib/cucumber/ast/features.rb:17:in `each'
/usr/local/rvm/gems/ruby-1.9.3-p392/gems/cucumber-1.2.3/lib/cucumber/ast/features.rb:17:in `each'
/usr/local/rvm/gems/ruby-1.9.3-p392/gems/cucumber-1.2.3/lib/cucumber/ast/features.rb:28:in `accept'
/usr/local/rvm/gems/ruby-1.9.3-p392/gems/cucumber-1.2.3/lib/cucumber/ast/tree_walker.rb:14:in `block in visit_features'
/usr/local/rvm/gems/ruby-1.9.3-p392/gems/cucumber-1.2.3/lib/cucumber/ast/tree_walker.rb:163:in `broadcast'
/usr/local/rvm/gems/ruby-1.9.3-p392/gems/cucumber-1.2.3/lib/cucumber/ast/tree_walker.rb:13:in `visit_features'
/usr/local/rvm/gems/ruby-1.9.3-p392/gems/cucumber-1.2.3/lib/cucumber/runtime.rb:47:in `run!'
/usr/local/rvm/gems/ruby-1.9.3-p392/gems/cucumber-1.2.3/lib/cucumber/cli/main.rb:43:in `execute!'
/usr/local/rvm/gems/ruby-1.9.3-p392/gems/cucumber-1.2.3/lib/cucumber/cli/main.rb:20:in `execute'
/usr/local/rvm/gems/ruby-1.9.3-p392/gems/cucumber-1.2.3/bin/cucumber:14:in `<top (required)>'
/usr/local/rvm/gems/ruby-1.9.3-p392/bin/cucumber:19:in `load'
/usr/local/rvm/gems/ruby-1.9.3-p392/bin/cucumber:19:in `<main>'
/usr/local/rvm/gems/ruby-1.9.3-p392/bin/ruby_noexec_wrapper:14:in `eval'
/usr/local/rvm/gems/ruby-1.9.3-p392/bin/ruby_noexec_wrapper:14:in `<main>'
features/login.feature:215:in `And I open '<service>' site for the opco 'es' in a logged out state']]>
  </failure>
  <system-out/>
  <system-err/>
</testcase>
<testcase classname="LOGIN" name="ES Login adding email (outline example : | contentbackup | current_ES_msisdn | ES_password_1 | current_email |)" time="1.593396">
  <failure message="failed ES Login adding email (outline example : | contentbackup | current_ES_msisdn | ES_password_1 | current_email |)" type="failed">
    <![CDATA[Scenario Outline: ES Login adding email

Example row: | contacts | current_ES_msisdn | ES_password_1 | current_email |

Message:
Example row: | nwab | current_ES_msisdn | ES_password_1 | current_email |

Message:
Example row: | contentbackup | current_ES_msisdn | ES_password_1 | current_email |

Message:
]]>
    <![CDATA[unexpected response, code=404, content-type=""
unknown command: session/61a9d9f6391e38daf5d133be8708e330/element/name (Selenium::WebDriver::Error::WebDriverError)
/usr/local/rvm/gems/ruby-1.9.3-p392/gems/selenium-webdriver-2.31.0/lib/selenium/webdriver/remote/http/common.rb:66:in `create_response'
/usr/local/rvm/gems/ruby-1.9.3-p392/gems/selenium-webdriver-2.31.0/lib/selenium/webdriver/remote/http/default.rb:66:in `request'
/usr/local/rvm/gems/ruby-1.9.3-p392/gems/selenium-webdriver-2.31.0/lib/selenium/webdriver/remote/http/common.rb:40:in `call'
/usr/local/rvm/gems/ruby-1.9.3-p392/gems/selenium-webdriver-2.31.0/lib/selenium/webdriver/remote/bridge.rb:616:in `raw_execute'
/usr/local/rvm/gems/ruby-1.9.3-p392/gems/selenium-webdriver-2.31.0/lib/selenium/webdriver/remote/bridge.rb:594:in `execute'
/usr/local/rvm/gems/ruby-1.9.3-p392/gems/selenium-webdriver-2.31.0/lib/selenium/webdriver/remote/bridge.rb:493:in `getElementTagName'
/usr/local/rvm/gems/ruby-1.9.3-p392/gems/selenium-webdriver-2.31.0/lib/selenium/webdriver/common/element.rb:68:in `tag_name'
/usr/local/rvm/gems/ruby-1.9.3-p392/gems/watir-webdriver-0.6.2/lib/watir-webdriver/locators/element_locator.rb:387:in `validate_element'
/usr/local/rvm/gems/ruby-1.9.3-p392/gems/watir-webdriver-0.6.2/lib/watir-webdriver/locators/element_locator.rb:37:in `locate'
/usr/local/rvm/gems/ruby-1.9.3-p392/gems/watir-webdriver-0.6.2/lib/watir-webdriver/elements/element.rb:509:in `locate'
/usr/local/rvm/gems/ruby-1.9.3-p392/gems/watir-webdriver-0.6.2/lib/watir-webdriver/elements/element.rb:487:in `assert_exists'
/usr/local/rvm/gems/ruby-1.9.3-p392/gems/watir-webdriver-0.6.2/lib/watir-webdriver/elements/element.rb:118:in `click'
/Users/Subhash/git/automated_tests_web_login_app/features/pages/MockServicePage.rb:13:in `visit'
/Users/Subhash/git/automated_tests_web_login_app/features/step_definitions/loginapp_steps.rb:17:in `block in <top (required)>'
/usr/local/rvm/gems/ruby-1.9.3-p392/gems/cucumber-1.2.3/lib/cucumber/core_ext/instance_exec.rb:48:in `instance_exec'
/usr/local/rvm/gems/ruby-1.9.3-p392/gems/cucumber-1.2.3/lib/cucumber/core_ext/instance_exec.rb:48:in `block in cucumber_instance_exec'
/usr/local/rvm/gems/ruby-1.9.3-p392/gems/cucumber-1.2.3/lib/cucumber/core_ext/instance_exec.rb:69:in `cucumber_run_with_backtrace_filtering'
/usr/local/rvm/gems/ruby-1.9.3-p392/gems/cucumber-1.2.3/lib/cucumber/core_ext/instance_exec.rb:36:in `cucumber_instance_exec'
/usr/local/rvm/gems/ruby-1.9.3-p392/gems/cucumber-1.2.3/lib/cucumber/rb_support/rb_step_definition.rb:97:in `invoke'
/usr/local/rvm/gems/ruby-1.9.3-p392/gems/cucumber-1.2.3/lib/cucumber/step_match.rb:25:in `invoke'
/usr/local/rvm/gems/ruby-1.9.3-p392/gems/cucumber-1.2.3/lib/cucumber/ast/step_invocation.rb:60:in `invoke'
/usr/local/rvm/gems/ruby-1.9.3-p392/gems/cucumber-1.2.3/lib/cucumber/ast/outline_table.rb:119:in `block (2 levels) in accept_plain'
/usr/local/rvm/gems/ruby-1.9.3-p392/gems/cucumber-1.2.3/lib/cucumber/ast/step_collection.rb:37:in `each'
/usr/local/rvm/gems/ruby-1.9.3-p392/gems/cucumber-1.2.3/lib/cucumber/ast/step_collection.rb:37:in `each'
/usr/local/rvm/gems/ruby-1.9.3-p392/gems/cucumber-1.2.3/lib/cucumber/ast/outline_table.rb:118:in `block in accept_plain'
/usr/local/rvm/gems/ruby-1.9.3-p392/gems/cucumber-1.2.3/lib/cucumber/runtime.rb:81:in `block (2 levels) in with_hooks'
/usr/local/rvm/gems/ruby-1.9.3-p392/gems/cucumber-1.2.3/lib/cucumber/runtime.rb:97:in `before_and_after'
/usr/local/rvm/gems/ruby-1.9.3-p392/gems/cucumber-1.2.3/lib/cucumber/runtime.rb:80:in `block in with_hooks'
/usr/local/rvm/gems/ruby-1.9.3-p392/gems/cucumber-1.2.3/lib/cucumber/runtime/support_code.rb:120:in `call'
/usr/local/rvm/gems/ruby-1.9.3-p392/gems/cucumber-1.2.3/lib/cucumber/runtime/support_code.rb:120:in `block (3 levels) in around'
/usr/local/rvm/gems/ruby-1.9.3-p392/gems/cucumber-1.2.3/lib/cucumber/language_support/language_methods.rb:9:in `block in around'
/usr/local/rvm/gems/ruby-1.9.3-p392/gems/cucumber-1.2.3/lib/cucumber/language_support/language_methods.rb:91:in `call'
/usr/local/rvm/gems/ruby-1.9.3-p392/gems/cucumber-1.2.3/lib/cucumber/language_support/language_methods.rb:91:in `execute_around'
/usr/local/rvm/gems/ruby-1.9.3-p392/gems/cucumber-1.2.3/lib/cucumber/language_support/language_methods.rb:8:in `around'
/usr/local/rvm/gems/ruby-1.9.3-p392/gems/cucumber-1.2.3/lib/cucumber/runtime/support_code.rb:119:in `block (2 levels) in around'
/usr/local/rvm/gems/ruby-1.9.3-p392/gems/cucumber-1.2.3/lib/cucumber/runtime/support_code.rb:117:in `call'
/usr/local/rvm/gems/ruby-1.9.3-p392/gems/cucumber-1.2.3/lib/cucumber/runtime/support_code.rb:117:in `around'
/usr/local/rvm/gems/ruby-1.9.3-p392/gems/cucumber-1.2.3/lib/cucumber/runtime.rb:92:in `around'
/usr/local/rvm/gems/ruby-1.9.3-p392/gems/cucumber-1.2.3/lib/cucumber/runtime.rb:79:in `with_hooks'
/usr/local/rvm/gems/ruby-1.9.3-p392/gems/cucumber-1.2.3/lib/cucumber/ast/outline_table.rb:117:in `accept_plain'
/usr/local/rvm/gems/ruby-1.9.3-p392/gems/cucumber-1.2.3/lib/cucumber/ast/outline_table.rb:107:in `accept'
/usr/local/rvm/gems/ruby-1.9.3-p392/gems/cucumber-1.2.3/lib/cucumber/ast/tree_walker.rb:131:in `block in visit_table_row'
/usr/local/rvm/gems/ruby-1.9.3-p392/gems/cucumber-1.2.3/lib/cucumber/ast/tree_walker.rb:163:in `broadcast'
/usr/local/rvm/gems/ruby-1.9.3-p392/gems/cucumber-1.2.3/lib/cucumber/ast/tree_walker.rb:130:in `visit_table_row'
/usr/local/rvm/gems/ruby-1.9.3-p392/gems/cucumber-1.2.3/lib/cucumber/ast/outline_table.rb:27:in `block in accept'
/usr/local/rvm/gems/ruby-1.9.3-p392/gems/cucumber-1.2.3/lib/cucumber/ast/outline_table.rb:23:in `each'
/usr/local/rvm/gems/ruby-1.9.3-p392/gems/cucumber-1.2.3/lib/cucumber/ast/outline_table.rb:23:in `each_with_index'
/usr/local/rvm/gems/ruby-1.9.3-p392/gems/cucumber-1.2.3/lib/cucumber/ast/outline_table.rb:23:in `accept'
/usr/local/rvm/gems/ruby-1.9.3-p392/gems/cucumber-1.2.3/lib/cucumber/ast/tree_walker.rb:83:in `block in visit_outline_table'
/usr/local/rvm/gems/ruby-1.9.3-p392/gems/cucumber-1.2.3/lib/cucumber/ast/tree_walker.rb:163:in `broadcast'
/usr/local/rvm/gems/ruby-1.9.3-p392/gems/cucumber-1.2.3/lib/cucumber/ast/tree_walker.rb:82:in `visit_outline_table'
/usr/local/rvm/gems/ruby-1.9.3-p392/gems/cucumber-1.2.3/lib/cucumber/ast/examples.rb:22:in `accept'
/usr/local/rvm/gems/ruby-1.9.3-p392/gems/cucumber-1.2.3/lib/cucumber/ast/tree_walker.rb:73:in `block in visit_examples'
/usr/local/rvm/gems/ruby-1.9.3-p392/gems/cucumber-1.2.3/lib/cucumber/ast/tree_walker.rb:163:in `broadcast'
/usr/local/rvm/gems/ruby-1.9.3-p392/gems/cucumber-1.2.3/lib/cucumber/ast/tree_walker.rb:72:in `visit_examples'
/usr/local/rvm/gems/ruby-1.9.3-p392/gems/cucumber-1.2.3/lib/cucumber/ast/scenario_outline.rb:14:in `block in accept'
/usr/local/rvm/gems/ruby-1.9.3-p392/gems/cucumber-1.2.3/lib/cucumber/ast/scenario_outline.rb:13:in `each'
/usr/local/rvm/gems/ruby-1.9.3-p392/gems/cucumber-1.2.3/lib/cucumber/ast/scenario_outline.rb:13:in `accept'
/usr/local/rvm/gems/ruby-1.9.3-p392/gems/cucumber-1.2.3/lib/cucumber/ast/tree_walker.rb:67:in `block in visit_examples_array'
/usr/local/rvm/gems/ruby-1.9.3-p392/gems/cucumber-1.2.3/lib/cucumber/ast/tree_walker.rb:163:in `broadcast'
/usr/local/rvm/gems/ruby-1.9.3-p392/gems/cucumber-1.2.3/lib/cucumber/ast/tree_walker.rb:66:in `visit_examples_array'
/usr/local/rvm/gems/ruby-1.9.3-p392/gems/cucumber-1.2.3/lib/cucumber/ast/scenario_outline.rb:68:in `accept'
/usr/local/rvm/gems/ruby-1.9.3-p392/gems/cucumber-1.2.3/lib/cucumber/ast/tree_walker.rb:51:in `block in visit_feature_element'
/usr/local/rvm/gems/ruby-1.9.3-p392/gems/cucumber-1.2.3/lib/cucumber/ast/tree_walker.rb:163:in `broadcast'
/usr/local/rvm/gems/ruby-1.9.3-p392/gems/cucumber-1.2.3/lib/cucumber/ast/tree_walker.rb:50:in `visit_feature_element'
/usr/local/rvm/gems/ruby-1.9.3-p392/gems/cucumber-1.2.3/lib/cucumber/ast/feature.rb:43:in `block in accept'
/usr/local/rvm/gems/ruby-1.9.3-p392/gems/cucumber-1.2.3/lib/cucumber/ast/feature.rb:42:in `each'
/usr/local/rvm/gems/ruby-1.9.3-p392/gems/cucumber-1.2.3/lib/cucumber/ast/feature.rb:42:in `accept'
/usr/local/rvm/gems/ruby-1.9.3-p392/gems/cucumber-1.2.3/lib/cucumber/ast/tree_walker.rb:20:in `block in visit_feature'
/usr/local/rvm/gems/ruby-1.9.3-p392/gems/cucumber-1.2.3/lib/cucumber/ast/tree_walker.rb:163:in `broadcast'
/usr/local/rvm/gems/ruby-1.9.3-p392/gems/cucumber-1.2.3/lib/cucumber/ast/tree_walker.rb:19:in `visit_feature'
/usr/local/rvm/gems/ruby-1.9.3-p392/gems/cucumber-1.2.3/lib/cucumber/ast/features.rb:29:in `block in accept'
/usr/local/rvm/gems/ruby-1.9.3-p392/gems/cucumber-1.2.3/lib/cucumber/ast/features.rb:17:in `each'
/usr/local/rvm/gems/ruby-1.9.3-p392/gems/cucumber-1.2.3/lib/cucumber/ast/features.rb:17:in `each'
/usr/local/rvm/gems/ruby-1.9.3-p392/gems/cucumber-1.2.3/lib/cucumber/ast/features.rb:28:in `accept'
/usr/local/rvm/gems/ruby-1.9.3-p392/gems/cucumber-1.2.3/lib/cucumber/ast/tree_walker.rb:14:in `block in visit_features'
/usr/local/rvm/gems/ruby-1.9.3-p392/gems/cucumber-1.2.3/lib/cucumber/ast/tree_walker.rb:163:in `broadcast'
/usr/local/rvm/gems/ruby-1.9.3-p392/gems/cucumber-1.2.3/lib/cucumber/ast/tree_walker.rb:13:in `visit_features'
/usr/local/rvm/gems/ruby-1.9.3-p392/gems/cucumber-1.2.3/lib/cucumber/runtime.rb:47:in `run!'
/usr/local/rvm/gems/ruby-1.9.3-p392/gems/cucumber-1.2.3/lib/cucumber/cli/main.rb:43:in `execute!'
/usr/local/rvm/gems/ruby-1.9.3-p392/gems/cucumber-1.2.3/lib/cucumber/cli/main.rb:20:in `execute'
/usr/local/rvm/gems/ruby-1.9.3-p392/gems/cucumber-1.2.3/bin/cucumber:14:in `<top (required)>'
/usr/local/rvm/gems/ruby-1.9.3-p392/bin/cucumber:19:in `load'
/usr/local/rvm/gems/ruby-1.9.3-p392/bin/cucumber:19:in `<main>'
/usr/local/rvm/gems/ruby-1.9.3-p392/bin/ruby_noexec_wrapper:14:in `eval'
/usr/local/rvm/gems/ruby-1.9.3-p392/bin/ruby_noexec_wrapper:14:in `<main>'
features/login.feature:215:in `And I open '<service>' site for the opco 'es' in a logged out state']]>
  </failure>
  <system-out/>
  <system-err/>
</testcase>
<testcase classname="LOGIN" name="NL first Login (outline example : | mobileprotect | NL_msisdn_1 | NL_password_1 |)" time="1.813788">
  <failure message="failed NL first Login (outline example : | mobileprotect | NL_msisdn_1 | NL_password_1 |)" type="failed">
    <![CDATA[Scenario Outline: NL first Login

Example row: | mobileprotect | NL_msisdn_1 | NL_password_1 |

Message:
]]>
    <![CDATA[unexpected response, code=404, content-type=""
unknown command: session/61a9d9f6391e38daf5d133be8708e330/element/name (Selenium::WebDriver::Error::WebDriverError)
/usr/local/rvm/gems/ruby-1.9.3-p392/gems/selenium-webdriver-2.31.0/lib/selenium/webdriver/remote/http/common.rb:66:in `create_response'
/usr/local/rvm/gems/ruby-1.9.3-p392/gems/selenium-webdriver-2.31.0/lib/selenium/webdriver/remote/http/default.rb:66:in `request'
/usr/local/rvm/gems/ruby-1.9.3-p392/gems/selenium-webdriver-2.31.0/lib/selenium/webdriver/remote/http/common.rb:40:in `call'
/usr/local/rvm/gems/ruby-1.9.3-p392/gems/selenium-webdriver-2.31.0/lib/selenium/webdriver/remote/bridge.rb:616:in `raw_execute'
/usr/local/rvm/gems/ruby-1.9.3-p392/gems/selenium-webdriver-2.31.0/lib/selenium/webdriver/remote/bridge.rb:594:in `execute'
/usr/local/rvm/gems/ruby-1.9.3-p392/gems/selenium-webdriver-2.31.0/lib/selenium/webdriver/remote/bridge.rb:493:in `getElementTagName'
/usr/local/rvm/gems/ruby-1.9.3-p392/gems/selenium-webdriver-2.31.0/lib/selenium/webdriver/common/element.rb:68:in `tag_name'
/usr/local/rvm/gems/ruby-1.9.3-p392/gems/watir-webdriver-0.6.2/lib/watir-webdriver/locators/element_locator.rb:387:in `validate_element'
/usr/local/rvm/gems/ruby-1.9.3-p392/gems/watir-webdriver-0.6.2/lib/watir-webdriver/locators/element_locator.rb:37:in `locate'
/usr/local/rvm/gems/ruby-1.9.3-p392/gems/watir-webdriver-0.6.2/lib/watir-webdriver/elements/element.rb:509:in `locate'
/usr/local/rvm/gems/ruby-1.9.3-p392/gems/watir-webdriver-0.6.2/lib/watir-webdriver/elements/element.rb:487:in `assert_exists'
/usr/local/rvm/gems/ruby-1.9.3-p392/gems/watir-webdriver-0.6.2/lib/watir-webdriver/elements/element.rb:118:in `click'
/Users/Subhash/git/automated_tests_web_login_app/features/pages/MockServicePage.rb:13:in `visit'
/Users/Subhash/git/automated_tests_web_login_app/features/step_definitions/loginapp_steps.rb:17:in `block in <top (required)>'
/usr/local/rvm/gems/ruby-1.9.3-p392/gems/cucumber-1.2.3/lib/cucumber/core_ext/instance_exec.rb:48:in `instance_exec'
/usr/local/rvm/gems/ruby-1.9.3-p392/gems/cucumber-1.2.3/lib/cucumber/core_ext/instance_exec.rb:48:in `block in cucumber_instance_exec'
/usr/local/rvm/gems/ruby-1.9.3-p392/gems/cucumber-1.2.3/lib/cucumber/core_ext/instance_exec.rb:69:in `cucumber_run_with_backtrace_filtering'
/usr/local/rvm/gems/ruby-1.9.3-p392/gems/cucumber-1.2.3/lib/cucumber/core_ext/instance_exec.rb:36:in `cucumber_instance_exec'
/usr/local/rvm/gems/ruby-1.9.3-p392/gems/cucumber-1.2.3/lib/cucumber/rb_support/rb_step_definition.rb:97:in `invoke'
/usr/local/rvm/gems/ruby-1.9.3-p392/gems/cucumber-1.2.3/lib/cucumber/step_match.rb:25:in `invoke'
/usr/local/rvm/gems/ruby-1.9.3-p392/gems/cucumber-1.2.3/lib/cucumber/ast/step_invocation.rb:60:in `invoke'
/usr/local/rvm/gems/ruby-1.9.3-p392/gems/cucumber-1.2.3/lib/cucumber/ast/outline_table.rb:119:in `block (2 levels) in accept_plain'
/usr/local/rvm/gems/ruby-1.9.3-p392/gems/cucumber-1.2.3/lib/cucumber/ast/step_collection.rb:37:in `each'
/usr/local/rvm/gems/ruby-1.9.3-p392/gems/cucumber-1.2.3/lib/cucumber/ast/step_collection.rb:37:in `each'
/usr/local/rvm/gems/ruby-1.9.3-p392/gems/cucumber-1.2.3/lib/cucumber/ast/outline_table.rb:118:in `block in accept_plain'
/usr/local/rvm/gems/ruby-1.9.3-p392/gems/cucumber-1.2.3/lib/cucumber/runtime.rb:81:in `block (2 levels) in with_hooks'
/usr/local/rvm/gems/ruby-1.9.3-p392/gems/cucumber-1.2.3/lib/cucumber/runtime.rb:97:in `before_and_after'
/usr/local/rvm/gems/ruby-1.9.3-p392/gems/cucumber-1.2.3/lib/cucumber/runtime.rb:80:in `block in with_hooks'
/usr/local/rvm/gems/ruby-1.9.3-p392/gems/cucumber-1.2.3/lib/cucumber/runtime/support_code.rb:120:in `call'
/usr/local/rvm/gems/ruby-1.9.3-p392/gems/cucumber-1.2.3/lib/cucumber/runtime/support_code.rb:120:in `block (3 levels) in around'
/usr/local/rvm/gems/ruby-1.9.3-p392/gems/cucumber-1.2.3/lib/cucumber/language_support/language_methods.rb:9:in `block in around'
/usr/local/rvm/gems/ruby-1.9.3-p392/gems/cucumber-1.2.3/lib/cucumber/language_support/language_methods.rb:91:in `call'
/usr/local/rvm/gems/ruby-1.9.3-p392/gems/cucumber-1.2.3/lib/cucumber/language_support/language_methods.rb:91:in `execute_around'
/usr/local/rvm/gems/ruby-1.9.3-p392/gems/cucumber-1.2.3/lib/cucumber/language_support/language_methods.rb:8:in `around'
/usr/local/rvm/gems/ruby-1.9.3-p392/gems/cucumber-1.2.3/lib/cucumber/runtime/support_code.rb:119:in `block (2 levels) in around'
/usr/local/rvm/gems/ruby-1.9.3-p392/gems/cucumber-1.2.3/lib/cucumber/runtime/support_code.rb:117:in `call'
/usr/local/rvm/gems/ruby-1.9.3-p392/gems/cucumber-1.2.3/lib/cucumber/runtime/support_code.rb:117:in `around'
/usr/local/rvm/gems/ruby-1.9.3-p392/gems/cucumber-1.2.3/lib/cucumber/runtime.rb:92:in `around'
/usr/local/rvm/gems/ruby-1.9.3-p392/gems/cucumber-1.2.3/lib/cucumber/runtime.rb:79:in `with_hooks'
/usr/local/rvm/gems/ruby-1.9.3-p392/gems/cucumber-1.2.3/lib/cucumber/ast/outline_table.rb:117:in `accept_plain'
/usr/local/rvm/gems/ruby-1.9.3-p392/gems/cucumber-1.2.3/lib/cucumber/ast/outline_table.rb:107:in `accept'
/usr/local/rvm/gems/ruby-1.9.3-p392/gems/cucumber-1.2.3/lib/cucumber/ast/tree_walker.rb:131:in `block in visit_table_row'
/usr/local/rvm/gems/ruby-1.9.3-p392/gems/cucumber-1.2.3/lib/cucumber/ast/tree_walker.rb:163:in `broadcast'
/usr/local/rvm/gems/ruby-1.9.3-p392/gems/cucumber-1.2.3/lib/cucumber/ast/tree_walker.rb:130:in `visit_table_row'
/usr/local/rvm/gems/ruby-1.9.3-p392/gems/cucumber-1.2.3/lib/cucumber/ast/outline_table.rb:27:in `block in accept'
/usr/local/rvm/gems/ruby-1.9.3-p392/gems/cucumber-1.2.3/lib/cucumber/ast/outline_table.rb:23:in `each'
/usr/local/rvm/gems/ruby-1.9.3-p392/gems/cucumber-1.2.3/lib/cucumber/ast/outline_table.rb:23:in `each_with_index'
/usr/local/rvm/gems/ruby-1.9.3-p392/gems/cucumber-1.2.3/lib/cucumber/ast/outline_table.rb:23:in `accept'
/usr/local/rvm/gems/ruby-1.9.3-p392/gems/cucumber-1.2.3/lib/cucumber/ast/tree_walker.rb:83:in `block in visit_outline_table'
/usr/local/rvm/gems/ruby-1.9.3-p392/gems/cucumber-1.2.3/lib/cucumber/ast/tree_walker.rb:163:in `broadcast'
/usr/local/rvm/gems/ruby-1.9.3-p392/gems/cucumber-1.2.3/lib/cucumber/ast/tree_walker.rb:82:in `visit_outline_table'
/usr/local/rvm/gems/ruby-1.9.3-p392/gems/cucumber-1.2.3/lib/cucumber/ast/examples.rb:22:in `accept'
/usr/local/rvm/gems/ruby-1.9.3-p392/gems/cucumber-1.2.3/lib/cucumber/ast/tree_walker.rb:73:in `block in visit_examples'
/usr/local/rvm/gems/ruby-1.9.3-p392/gems/cucumber-1.2.3/lib/cucumber/ast/tree_walker.rb:163:in `broadcast'
/usr/local/rvm/gems/ruby-1.9.3-p392/gems/cucumber-1.2.3/lib/cucumber/ast/tree_walker.rb:72:in `visit_examples'
/usr/local/rvm/gems/ruby-1.9.3-p392/gems/cucumber-1.2.3/lib/cucumber/ast/scenario_outline.rb:14:in `block in accept'
/usr/local/rvm/gems/ruby-1.9.3-p392/gems/cucumber-1.2.3/lib/cucumber/ast/scenario_outline.rb:13:in `each'
/usr/local/rvm/gems/ruby-1.9.3-p392/gems/cucumber-1.2.3/lib/cucumber/ast/scenario_outline.rb:13:in `accept'
/usr/local/rvm/gems/ruby-1.9.3-p392/gems/cucumber-1.2.3/lib/cucumber/ast/tree_walker.rb:67:in `block in visit_examples_array'
/usr/local/rvm/gems/ruby-1.9.3-p392/gems/cucumber-1.2.3/lib/cucumber/ast/tree_walker.rb:163:in `broadcast'
/usr/local/rvm/gems/ruby-1.9.3-p392/gems/cucumber-1.2.3/lib/cucumber/ast/tree_walker.rb:66:in `visit_examples_array'
/usr/local/rvm/gems/ruby-1.9.3-p392/gems/cucumber-1.2.3/lib/cucumber/ast/scenario_outline.rb:68:in `accept'
/usr/local/rvm/gems/ruby-1.9.3-p392/gems/cucumber-1.2.3/lib/cucumber/ast/tree_walker.rb:51:in `block in visit_feature_element'
/usr/local/rvm/gems/ruby-1.9.3-p392/gems/cucumber-1.2.3/lib/cucumber/ast/tree_walker.rb:163:in `broadcast'
/usr/local/rvm/gems/ruby-1.9.3-p392/gems/cucumber-1.2.3/lib/cucumber/ast/tree_walker.rb:50:in `visit_feature_element'
/usr/local/rvm/gems/ruby-1.9.3-p392/gems/cucumber-1.2.3/lib/cucumber/ast/feature.rb:43:in `block in accept'
/usr/local/rvm/gems/ruby-1.9.3-p392/gems/cucumber-1.2.3/lib/cucumber/ast/feature.rb:42:in `each'
/usr/local/rvm/gems/ruby-1.9.3-p392/gems/cucumber-1.2.3/lib/cucumber/ast/feature.rb:42:in `accept'
/usr/local/rvm/gems/ruby-1.9.3-p392/gems/cucumber-1.2.3/lib/cucumber/ast/tree_walker.rb:20:in `block in visit_feature'
/usr/local/rvm/gems/ruby-1.9.3-p392/gems/cucumber-1.2.3/lib/cucumber/ast/tree_walker.rb:163:in `broadcast'
/usr/local/rvm/gems/ruby-1.9.3-p392/gems/cucumber-1.2.3/lib/cucumber/ast/tree_walker.rb:19:in `visit_feature'
/usr/local/rvm/gems/ruby-1.9.3-p392/gems/cucumber-1.2.3/lib/cucumber/ast/features.rb:29:in `block in accept'
/usr/local/rvm/gems/ruby-1.9.3-p392/gems/cucumber-1.2.3/lib/cucumber/ast/features.rb:17:in `each'
/usr/local/rvm/gems/ruby-1.9.3-p392/gems/cucumber-1.2.3/lib/cucumber/ast/features.rb:17:in `each'
/usr/local/rvm/gems/ruby-1.9.3-p392/gems/cucumber-1.2.3/lib/cucumber/ast/features.rb:28:in `accept'
/usr/local/rvm/gems/ruby-1.9.3-p392/gems/cucumber-1.2.3/lib/cucumber/ast/tree_walker.rb:14:in `block in visit_features'
/usr/local/rvm/gems/ruby-1.9.3-p392/gems/cucumber-1.2.3/lib/cucumber/ast/tree_walker.rb:163:in `broadcast'
/usr/local/rvm/gems/ruby-1.9.3-p392/gems/cucumber-1.2.3/lib/cucumber/ast/tree_walker.rb:13:in `visit_features'
/usr/local/rvm/gems/ruby-1.9.3-p392/gems/cucumber-1.2.3/lib/cucumber/runtime.rb:47:in `run!'
/usr/local/rvm/gems/ruby-1.9.3-p392/gems/cucumber-1.2.3/lib/cucumber/cli/main.rb:43:in `execute!'
/usr/local/rvm/gems/ruby-1.9.3-p392/gems/cucumber-1.2.3/lib/cucumber/cli/main.rb:20:in `execute'
/usr/local/rvm/gems/ruby-1.9.3-p392/gems/cucumber-1.2.3/bin/cucumber:14:in `<top (required)>'
/usr/local/rvm/gems/ruby-1.9.3-p392/bin/cucumber:19:in `load'
/usr/local/rvm/gems/ruby-1.9.3-p392/bin/cucumber:19:in `<main>'
/usr/local/rvm/gems/ruby-1.9.3-p392/bin/ruby_noexec_wrapper:14:in `eval'
/usr/local/rvm/gems/ruby-1.9.3-p392/bin/ruby_noexec_wrapper:14:in `<main>'
features/login.feature:230:in `And I open '<service>' site for the opco 'nl' in a logged out state']]>
  </failure>
  <system-out/>
  <system-err/>
</testcase>
<testcase classname="LOGIN" name="NL click through Login (outline example : | mobileprotect | NL_msisdn_1 | NL_password_1 |)" time="1.672809">
  <failure message="failed NL click through Login (outline example : | mobileprotect | NL_msisdn_1 | NL_password_1 |)" type="failed">
    <![CDATA[Scenario Outline: NL click through Login

Example row: | mobileprotect | NL_msisdn_1 | NL_password_1 |

Message:
]]>
    <![CDATA[unexpected response, code=404, content-type=""
unknown command: session/61a9d9f6391e38daf5d133be8708e330/element/name (Selenium::WebDriver::Error::WebDriverError)
/usr/local/rvm/gems/ruby-1.9.3-p392/gems/selenium-webdriver-2.31.0/lib/selenium/webdriver/remote/http/common.rb:66:in `create_response'
/usr/local/rvm/gems/ruby-1.9.3-p392/gems/selenium-webdriver-2.31.0/lib/selenium/webdriver/remote/http/default.rb:66:in `request'
/usr/local/rvm/gems/ruby-1.9.3-p392/gems/selenium-webdriver-2.31.0/lib/selenium/webdriver/remote/http/common.rb:40:in `call'
/usr/local/rvm/gems/ruby-1.9.3-p392/gems/selenium-webdriver-2.31.0/lib/selenium/webdriver/remote/bridge.rb:616:in `raw_execute'
/usr/local/rvm/gems/ruby-1.9.3-p392/gems/selenium-webdriver-2.31.0/lib/selenium/webdriver/remote/bridge.rb:594:in `execute'
/usr/local/rvm/gems/ruby-1.9.3-p392/gems/selenium-webdriver-2.31.0/lib/selenium/webdriver/remote/bridge.rb:493:in `getElementTagName'
/usr/local/rvm/gems/ruby-1.9.3-p392/gems/selenium-webdriver-2.31.0/lib/selenium/webdriver/common/element.rb:68:in `tag_name'
/usr/local/rvm/gems/ruby-1.9.3-p392/gems/watir-webdriver-0.6.2/lib/watir-webdriver/locators/element_locator.rb:387:in `validate_element'
/usr/local/rvm/gems/ruby-1.9.3-p392/gems/watir-webdriver-0.6.2/lib/watir-webdriver/locators/element_locator.rb:37:in `locate'
/usr/local/rvm/gems/ruby-1.9.3-p392/gems/watir-webdriver-0.6.2/lib/watir-webdriver/elements/element.rb:509:in `locate'
/usr/local/rvm/gems/ruby-1.9.3-p392/gems/watir-webdriver-0.6.2/lib/watir-webdriver/elements/element.rb:487:in `assert_exists'
/usr/local/rvm/gems/ruby-1.9.3-p392/gems/watir-webdriver-0.6.2/lib/watir-webdriver/elements/element.rb:118:in `click'
/Users/Subhash/git/automated_tests_web_login_app/features/pages/MockServicePage.rb:13:in `visit'
/Users/Subhash/git/automated_tests_web_login_app/features/step_definitions/loginapp_steps.rb:17:in `block in <top (required)>'
/usr/local/rvm/gems/ruby-1.9.3-p392/gems/cucumber-1.2.3/lib/cucumber/core_ext/instance_exec.rb:48:in `instance_exec'
/usr/local/rvm/gems/ruby-1.9.3-p392/gems/cucumber-1.2.3/lib/cucumber/core_ext/instance_exec.rb:48:in `block in cucumber_instance_exec'
/usr/local/rvm/gems/ruby-1.9.3-p392/gems/cucumber-1.2.3/lib/cucumber/core_ext/instance_exec.rb:69:in `cucumber_run_with_backtrace_filtering'
/usr/local/rvm/gems/ruby-1.9.3-p392/gems/cucumber-1.2.3/lib/cucumber/core_ext/instance_exec.rb:36:in `cucumber_instance_exec'
/usr/local/rvm/gems/ruby-1.9.3-p392/gems/cucumber-1.2.3/lib/cucumber/rb_support/rb_step_definition.rb:97:in `invoke'
/usr/local/rvm/gems/ruby-1.9.3-p392/gems/cucumber-1.2.3/lib/cucumber/step_match.rb:25:in `invoke'
/usr/local/rvm/gems/ruby-1.9.3-p392/gems/cucumber-1.2.3/lib/cucumber/ast/step_invocation.rb:60:in `invoke'
/usr/local/rvm/gems/ruby-1.9.3-p392/gems/cucumber-1.2.3/lib/cucumber/ast/outline_table.rb:119:in `block (2 levels) in accept_plain'
/usr/local/rvm/gems/ruby-1.9.3-p392/gems/cucumber-1.2.3/lib/cucumber/ast/step_collection.rb:37:in `each'
/usr/local/rvm/gems/ruby-1.9.3-p392/gems/cucumber-1.2.3/lib/cucumber/ast/step_collection.rb:37:in `each'
/usr/local/rvm/gems/ruby-1.9.3-p392/gems/cucumber-1.2.3/lib/cucumber/ast/outline_table.rb:118:in `block in accept_plain'
/usr/local/rvm/gems/ruby-1.9.3-p392/gems/cucumber-1.2.3/lib/cucumber/runtime.rb:81:in `block (2 levels) in with_hooks'
/usr/local/rvm/gems/ruby-1.9.3-p392/gems/cucumber-1.2.3/lib/cucumber/runtime.rb:97:in `before_and_after'
/usr/local/rvm/gems/ruby-1.9.3-p392/gems/cucumber-1.2.3/lib/cucumber/runtime.rb:80:in `block in with_hooks'
/usr/local/rvm/gems/ruby-1.9.3-p392/gems/cucumber-1.2.3/lib/cucumber/runtime/support_code.rb:120:in `call'
/usr/local/rvm/gems/ruby-1.9.3-p392/gems/cucumber-1.2.3/lib/cucumber/runtime/support_code.rb:120:in `block (3 levels) in around'
/usr/local/rvm/gems/ruby-1.9.3-p392/gems/cucumber-1.2.3/lib/cucumber/language_support/language_methods.rb:9:in `block in around'
/usr/local/rvm/gems/ruby-1.9.3-p392/gems/cucumber-1.2.3/lib/cucumber/language_support/language_methods.rb:91:in `call'
/usr/local/rvm/gems/ruby-1.9.3-p392/gems/cucumber-1.2.3/lib/cucumber/language_support/language_methods.rb:91:in `execute_around'
/usr/local/rvm/gems/ruby-1.9.3-p392/gems/cucumber-1.2.3/lib/cucumber/language_support/language_methods.rb:8:in `around'
/usr/local/rvm/gems/ruby-1.9.3-p392/gems/cucumber-1.2.3/lib/cucumber/runtime/support_code.rb:119:in `block (2 levels) in around'
/usr/local/rvm/gems/ruby-1.9.3-p392/gems/cucumber-1.2.3/lib/cucumber/runtime/support_code.rb:117:in `call'
/usr/local/rvm/gems/ruby-1.9.3-p392/gems/cucumber-1.2.3/lib/cucumber/runtime/support_code.rb:117:in `around'
/usr/local/rvm/gems/ruby-1.9.3-p392/gems/cucumber-1.2.3/lib/cucumber/runtime.rb:92:in `around'
/usr/local/rvm/gems/ruby-1.9.3-p392/gems/cucumber-1.2.3/lib/cucumber/runtime.rb:79:in `with_hooks'
/usr/local/rvm/gems/ruby-1.9.3-p392/gems/cucumber-1.2.3/lib/cucumber/ast/outline_table.rb:117:in `accept_plain'
/usr/local/rvm/gems/ruby-1.9.3-p392/gems/cucumber-1.2.3/lib/cucumber/ast/outline_table.rb:107:in `accept'
/usr/local/rvm/gems/ruby-1.9.3-p392/gems/cucumber-1.2.3/lib/cucumber/ast/tree_walker.rb:131:in `block in visit_table_row'
/usr/local/rvm/gems/ruby-1.9.3-p392/gems/cucumber-1.2.3/lib/cucumber/ast/tree_walker.rb:163:in `broadcast'
/usr/local/rvm/gems/ruby-1.9.3-p392/gems/cucumber-1.2.3/lib/cucumber/ast/tree_walker.rb:130:in `visit_table_row'
/usr/local/rvm/gems/ruby-1.9.3-p392/gems/cucumber-1.2.3/lib/cucumber/ast/outline_table.rb:27:in `block in accept'
/usr/local/rvm/gems/ruby-1.9.3-p392/gems/cucumber-1.2.3/lib/cucumber/ast/outline_table.rb:23:in `each'
/usr/local/rvm/gems/ruby-1.9.3-p392/gems/cucumber-1.2.3/lib/cucumber/ast/outline_table.rb:23:in `each_with_index'
/usr/local/rvm/gems/ruby-1.9.3-p392/gems/cucumber-1.2.3/lib/cucumber/ast/outline_table.rb:23:in `accept'
/usr/local/rvm/gems/ruby-1.9.3-p392/gems/cucumber-1.2.3/lib/cucumber/ast/tree_walker.rb:83:in `block in visit_outline_table'
/usr/local/rvm/gems/ruby-1.9.3-p392/gems/cucumber-1.2.3/lib/cucumber/ast/tree_walker.rb:163:in `broadcast'
/usr/local/rvm/gems/ruby-1.9.3-p392/gems/cucumber-1.2.3/lib/cucumber/ast/tree_walker.rb:82:in `visit_outline_table'
/usr/local/rvm/gems/ruby-1.9.3-p392/gems/cucumber-1.2.3/lib/cucumber/ast/examples.rb:22:in `accept'
/usr/local/rvm/gems/ruby-1.9.3-p392/gems/cucumber-1.2.3/lib/cucumber/ast/tree_walker.rb:73:in `block in visit_examples'
/usr/local/rvm/gems/ruby-1.9.3-p392/gems/cucumber-1.2.3/lib/cucumber/ast/tree_walker.rb:163:in `broadcast'
/usr/local/rvm/gems/ruby-1.9.3-p392/gems/cucumber-1.2.3/lib/cucumber/ast/tree_walker.rb:72:in `visit_examples'
/usr/local/rvm/gems/ruby-1.9.3-p392/gems/cucumber-1.2.3/lib/cucumber/ast/scenario_outline.rb:14:in `block in accept'
/usr/local/rvm/gems/ruby-1.9.3-p392/gems/cucumber-1.2.3/lib/cucumber/ast/scenario_outline.rb:13:in `each'
/usr/local/rvm/gems/ruby-1.9.3-p392/gems/cucumber-1.2.3/lib/cucumber/ast/scenario_outline.rb:13:in `accept'
/usr/local/rvm/gems/ruby-1.9.3-p392/gems/cucumber-1.2.3/lib/cucumber/ast/tree_walker.rb:67:in `block in visit_examples_array'
/usr/local/rvm/gems/ruby-1.9.3-p392/gems/cucumber-1.2.3/lib/cucumber/ast/tree_walker.rb:163:in `broadcast'
/usr/local/rvm/gems/ruby-1.9.3-p392/gems/cucumber-1.2.3/lib/cucumber/ast/tree_walker.rb:66:in `visit_examples_array'
/usr/local/rvm/gems/ruby-1.9.3-p392/gems/cucumber-1.2.3/lib/cucumber/ast/scenario_outline.rb:68:in `accept'
/usr/local/rvm/gems/ruby-1.9.3-p392/gems/cucumber-1.2.3/lib/cucumber/ast/tree_walker.rb:51:in `block in visit_feature_element'
/usr/local/rvm/gems/ruby-1.9.3-p392/gems/cucumber-1.2.3/lib/cucumber/ast/tree_walker.rb:163:in `broadcast'
/usr/local/rvm/gems/ruby-1.9.3-p392/gems/cucumber-1.2.3/lib/cucumber/ast/tree_walker.rb:50:in `visit_feature_element'
/usr/local/rvm/gems/ruby-1.9.3-p392/gems/cucumber-1.2.3/lib/cucumber/ast/feature.rb:43:in `block in accept'
/usr/local/rvm/gems/ruby-1.9.3-p392/gems/cucumber-1.2.3/lib/cucumber/ast/feature.rb:42:in `each'
/usr/local/rvm/gems/ruby-1.9.3-p392/gems/cucumber-1.2.3/lib/cucumber/ast/feature.rb:42:in `accept'
/usr/local/rvm/gems/ruby-1.9.3-p392/gems/cucumber-1.2.3/lib/cucumber/ast/tree_walker.rb:20:in `block in visit_feature'
/usr/local/rvm/gems/ruby-1.9.3-p392/gems/cucumber-1.2.3/lib/cucumber/ast/tree_walker.rb:163:in `broadcast'
/usr/local/rvm/gems/ruby-1.9.3-p392/gems/cucumber-1.2.3/lib/cucumber/ast/tree_walker.rb:19:in `visit_feature'
/usr/local/rvm/gems/ruby-1.9.3-p392/gems/cucumber-1.2.3/lib/cucumber/ast/features.rb:29:in `block in accept'
/usr/local/rvm/gems/ruby-1.9.3-p392/gems/cucumber-1.2.3/lib/cucumber/ast/features.rb:17:in `each'
/usr/local/rvm/gems/ruby-1.9.3-p392/gems/cucumber-1.2.3/lib/cucumber/ast/features.rb:17:in `each'
/usr/local/rvm/gems/ruby-1.9.3-p392/gems/cucumber-1.2.3/lib/cucumber/ast/features.rb:28:in `accept'
/usr/local/rvm/gems/ruby-1.9.3-p392/gems/cucumber-1.2.3/lib/cucumber/ast/tree_walker.rb:14:in `block in visit_features'
/usr/local/rvm/gems/ruby-1.9.3-p392/gems/cucumber-1.2.3/lib/cucumber/ast/tree_walker.rb:163:in `broadcast'
/usr/local/rvm/gems/ruby-1.9.3-p392/gems/cucumber-1.2.3/lib/cucumber/ast/tree_walker.rb:13:in `visit_features'
/usr/local/rvm/gems/ruby-1.9.3-p392/gems/cucumber-1.2.3/lib/cucumber/runtime.rb:47:in `run!'
/usr/local/rvm/gems/ruby-1.9.3-p392/gems/cucumber-1.2.3/lib/cucumber/cli/main.rb:43:in `execute!'
/usr/local/rvm/gems/ruby-1.9.3-p392/gems/cucumber-1.2.3/lib/cucumber/cli/main.rb:20:in `execute'
/usr/local/rvm/gems/ruby-1.9.3-p392/gems/cucumber-1.2.3/bin/cucumber:14:in `<top (required)>'
/usr/local/rvm/gems/ruby-1.9.3-p392/bin/cucumber:19:in `load'
/usr/local/rvm/gems/ruby-1.9.3-p392/bin/cucumber:19:in `<main>'
/usr/local/rvm/gems/ruby-1.9.3-p392/bin/ruby_noexec_wrapper:14:in `eval'
/usr/local/rvm/gems/ruby-1.9.3-p392/bin/ruby_noexec_wrapper:14:in `<main>'
features/login.feature:240:in `And I open '<service>' site for the opco 'nl' in a logged out state']]>
  </failure>
  <system-out/>
  <system-err/>
</testcase>
<testcase classname="LOGIN" name="NL second Login (outline example : | mobileprotect | NL_msisdn_1 | NL_password_1 |)" time="1.460054">
  <failure message="failed NL second Login (outline example : | mobileprotect | NL_msisdn_1 | NL_password_1 |)" type="failed">
    <![CDATA[Scenario Outline: NL second Login

Example row: | mobileprotect | NL_msisdn_1 | NL_password_1 |

Message:
]]>
    <![CDATA[unexpected response, code=404, content-type=""
unknown command: session/61a9d9f6391e38daf5d133be8708e330/element/name (Selenium::WebDriver::Error::WebDriverError)
/usr/local/rvm/gems/ruby-1.9.3-p392/gems/selenium-webdriver-2.31.0/lib/selenium/webdriver/remote/http/common.rb:66:in `create_response'
/usr/local/rvm/gems/ruby-1.9.3-p392/gems/selenium-webdriver-2.31.0/lib/selenium/webdriver/remote/http/default.rb:66:in `request'
/usr/local/rvm/gems/ruby-1.9.3-p392/gems/selenium-webdriver-2.31.0/lib/selenium/webdriver/remote/http/common.rb:40:in `call'
/usr/local/rvm/gems/ruby-1.9.3-p392/gems/selenium-webdriver-2.31.0/lib/selenium/webdriver/remote/bridge.rb:616:in `raw_execute'
/usr/local/rvm/gems/ruby-1.9.3-p392/gems/selenium-webdriver-2.31.0/lib/selenium/webdriver/remote/bridge.rb:594:in `execute'
/usr/local/rvm/gems/ruby-1.9.3-p392/gems/selenium-webdriver-2.31.0/lib/selenium/webdriver/remote/bridge.rb:493:in `getElementTagName'
/usr/local/rvm/gems/ruby-1.9.3-p392/gems/selenium-webdriver-2.31.0/lib/selenium/webdriver/common/element.rb:68:in `tag_name'
/usr/local/rvm/gems/ruby-1.9.3-p392/gems/watir-webdriver-0.6.2/lib/watir-webdriver/locators/element_locator.rb:387:in `validate_element'
/usr/local/rvm/gems/ruby-1.9.3-p392/gems/watir-webdriver-0.6.2/lib/watir-webdriver/locators/element_locator.rb:37:in `locate'
/usr/local/rvm/gems/ruby-1.9.3-p392/gems/watir-webdriver-0.6.2/lib/watir-webdriver/elements/element.rb:509:in `locate'
/usr/local/rvm/gems/ruby-1.9.3-p392/gems/watir-webdriver-0.6.2/lib/watir-webdriver/elements/element.rb:487:in `assert_exists'
/usr/local/rvm/gems/ruby-1.9.3-p392/gems/watir-webdriver-0.6.2/lib/watir-webdriver/elements/element.rb:118:in `click'
/Users/Subhash/git/automated_tests_web_login_app/features/pages/MockServicePage.rb:13:in `visit'
/Users/Subhash/git/automated_tests_web_login_app/features/step_definitions/loginapp_steps.rb:17:in `block in <top (required)>'
/usr/local/rvm/gems/ruby-1.9.3-p392/gems/cucumber-1.2.3/lib/cucumber/core_ext/instance_exec.rb:48:in `instance_exec'
/usr/local/rvm/gems/ruby-1.9.3-p392/gems/cucumber-1.2.3/lib/cucumber/core_ext/instance_exec.rb:48:in `block in cucumber_instance_exec'
/usr/local/rvm/gems/ruby-1.9.3-p392/gems/cucumber-1.2.3/lib/cucumber/core_ext/instance_exec.rb:69:in `cucumber_run_with_backtrace_filtering'
/usr/local/rvm/gems/ruby-1.9.3-p392/gems/cucumber-1.2.3/lib/cucumber/core_ext/instance_exec.rb:36:in `cucumber_instance_exec'
/usr/local/rvm/gems/ruby-1.9.3-p392/gems/cucumber-1.2.3/lib/cucumber/rb_support/rb_step_definition.rb:97:in `invoke'
/usr/local/rvm/gems/ruby-1.9.3-p392/gems/cucumber-1.2.3/lib/cucumber/step_match.rb:25:in `invoke'
/usr/local/rvm/gems/ruby-1.9.3-p392/gems/cucumber-1.2.3/lib/cucumber/ast/step_invocation.rb:60:in `invoke'
/usr/local/rvm/gems/ruby-1.9.3-p392/gems/cucumber-1.2.3/lib/cucumber/ast/outline_table.rb:119:in `block (2 levels) in accept_plain'
/usr/local/rvm/gems/ruby-1.9.3-p392/gems/cucumber-1.2.3/lib/cucumber/ast/step_collection.rb:37:in `each'
/usr/local/rvm/gems/ruby-1.9.3-p392/gems/cucumber-1.2.3/lib/cucumber/ast/step_collection.rb:37:in `each'
/usr/local/rvm/gems/ruby-1.9.3-p392/gems/cucumber-1.2.3/lib/cucumber/ast/outline_table.rb:118:in `block in accept_plain'
/usr/local/rvm/gems/ruby-1.9.3-p392/gems/cucumber-1.2.3/lib/cucumber/runtime.rb:81:in `block (2 levels) in with_hooks'
/usr/local/rvm/gems/ruby-1.9.3-p392/gems/cucumber-1.2.3/lib/cucumber/runtime.rb:97:in `before_and_after'
/usr/local/rvm/gems/ruby-1.9.3-p392/gems/cucumber-1.2.3/lib/cucumber/runtime.rb:80:in `block in with_hooks'
/usr/local/rvm/gems/ruby-1.9.3-p392/gems/cucumber-1.2.3/lib/cucumber/runtime/support_code.rb:120:in `call'
/usr/local/rvm/gems/ruby-1.9.3-p392/gems/cucumber-1.2.3/lib/cucumber/runtime/support_code.rb:120:in `block (3 levels) in around'
/usr/local/rvm/gems/ruby-1.9.3-p392/gems/cucumber-1.2.3/lib/cucumber/language_support/language_methods.rb:9:in `block in around'
/usr/local/rvm/gems/ruby-1.9.3-p392/gems/cucumber-1.2.3/lib/cucumber/language_support/language_methods.rb:91:in `call'
/usr/local/rvm/gems/ruby-1.9.3-p392/gems/cucumber-1.2.3/lib/cucumber/language_support/language_methods.rb:91:in `execute_around'
/usr/local/rvm/gems/ruby-1.9.3-p392/gems/cucumber-1.2.3/lib/cucumber/language_support/language_methods.rb:8:in `around'
/usr/local/rvm/gems/ruby-1.9.3-p392/gems/cucumber-1.2.3/lib/cucumber/runtime/support_code.rb:119:in `block (2 levels) in around'
/usr/local/rvm/gems/ruby-1.9.3-p392/gems/cucumber-1.2.3/lib/cucumber/runtime/support_code.rb:117:in `call'
/usr/local/rvm/gems/ruby-1.9.3-p392/gems/cucumber-1.2.3/lib/cucumber/runtime/support_code.rb:117:in `around'
/usr/local/rvm/gems/ruby-1.9.3-p392/gems/cucumber-1.2.3/lib/cucumber/runtime.rb:92:in `around'
/usr/local/rvm/gems/ruby-1.9.3-p392/gems/cucumber-1.2.3/lib/cucumber/runtime.rb:79:in `with_hooks'
/usr/local/rvm/gems/ruby-1.9.3-p392/gems/cucumber-1.2.3/lib/cucumber/ast/outline_table.rb:117:in `accept_plain'
/usr/local/rvm/gems/ruby-1.9.3-p392/gems/cucumber-1.2.3/lib/cucumber/ast/outline_table.rb:107:in `accept'
/usr/local/rvm/gems/ruby-1.9.3-p392/gems/cucumber-1.2.3/lib/cucumber/ast/tree_walker.rb:131:in `block in visit_table_row'
/usr/local/rvm/gems/ruby-1.9.3-p392/gems/cucumber-1.2.3/lib/cucumber/ast/tree_walker.rb:163:in `broadcast'
/usr/local/rvm/gems/ruby-1.9.3-p392/gems/cucumber-1.2.3/lib/cucumber/ast/tree_walker.rb:130:in `visit_table_row'
/usr/local/rvm/gems/ruby-1.9.3-p392/gems/cucumber-1.2.3/lib/cucumber/ast/outline_table.rb:27:in `block in accept'
/usr/local/rvm/gems/ruby-1.9.3-p392/gems/cucumber-1.2.3/lib/cucumber/ast/outline_table.rb:23:in `each'
/usr/local/rvm/gems/ruby-1.9.3-p392/gems/cucumber-1.2.3/lib/cucumber/ast/outline_table.rb:23:in `each_with_index'
/usr/local/rvm/gems/ruby-1.9.3-p392/gems/cucumber-1.2.3/lib/cucumber/ast/outline_table.rb:23:in `accept'
/usr/local/rvm/gems/ruby-1.9.3-p392/gems/cucumber-1.2.3/lib/cucumber/ast/tree_walker.rb:83:in `block in visit_outline_table'
/usr/local/rvm/gems/ruby-1.9.3-p392/gems/cucumber-1.2.3/lib/cucumber/ast/tree_walker.rb:163:in `broadcast'
/usr/local/rvm/gems/ruby-1.9.3-p392/gems/cucumber-1.2.3/lib/cucumber/ast/tree_walker.rb:82:in `visit_outline_table'
/usr/local/rvm/gems/ruby-1.9.3-p392/gems/cucumber-1.2.3/lib/cucumber/ast/examples.rb:22:in `accept'
/usr/local/rvm/gems/ruby-1.9.3-p392/gems/cucumber-1.2.3/lib/cucumber/ast/tree_walker.rb:73:in `block in visit_examples'
/usr/local/rvm/gems/ruby-1.9.3-p392/gems/cucumber-1.2.3/lib/cucumber/ast/tree_walker.rb:163:in `broadcast'
/usr/local/rvm/gems/ruby-1.9.3-p392/gems/cucumber-1.2.3/lib/cucumber/ast/tree_walker.rb:72:in `visit_examples'
/usr/local/rvm/gems/ruby-1.9.3-p392/gems/cucumber-1.2.3/lib/cucumber/ast/scenario_outline.rb:14:in `block in accept'
/usr/local/rvm/gems/ruby-1.9.3-p392/gems/cucumber-1.2.3/lib/cucumber/ast/scenario_outline.rb:13:in `each'
/usr/local/rvm/gems/ruby-1.9.3-p392/gems/cucumber-1.2.3/lib/cucumber/ast/scenario_outline.rb:13:in `accept'
/usr/local/rvm/gems/ruby-1.9.3-p392/gems/cucumber-1.2.3/lib/cucumber/ast/tree_walker.rb:67:in `block in visit_examples_array'
/usr/local/rvm/gems/ruby-1.9.3-p392/gems/cucumber-1.2.3/lib/cucumber/ast/tree_walker.rb:163:in `broadcast'
/usr/local/rvm/gems/ruby-1.9.3-p392/gems/cucumber-1.2.3/lib/cucumber/ast/tree_walker.rb:66:in `visit_examples_array'
/usr/local/rvm/gems/ruby-1.9.3-p392/gems/cucumber-1.2.3/lib/cucumber/ast/scenario_outline.rb:68:in `accept'
/usr/local/rvm/gems/ruby-1.9.3-p392/gems/cucumber-1.2.3/lib/cucumber/ast/tree_walker.rb:51:in `block in visit_feature_element'
/usr/local/rvm/gems/ruby-1.9.3-p392/gems/cucumber-1.2.3/lib/cucumber/ast/tree_walker.rb:163:in `broadcast'
/usr/local/rvm/gems/ruby-1.9.3-p392/gems/cucumber-1.2.3/lib/cucumber/ast/tree_walker.rb:50:in `visit_feature_element'
/usr/local/rvm/gems/ruby-1.9.3-p392/gems/cucumber-1.2.3/lib/cucumber/ast/feature.rb:43:in `block in accept'
/usr/local/rvm/gems/ruby-1.9.3-p392/gems/cucumber-1.2.3/lib/cucumber/ast/feature.rb:42:in `each'
/usr/local/rvm/gems/ruby-1.9.3-p392/gems/cucumber-1.2.3/lib/cucumber/ast/feature.rb:42:in `accept'
/usr/local/rvm/gems/ruby-1.9.3-p392/gems/cucumber-1.2.3/lib/cucumber/ast/tree_walker.rb:20:in `block in visit_feature'
/usr/local/rvm/gems/ruby-1.9.3-p392/gems/cucumber-1.2.3/lib/cucumber/ast/tree_walker.rb:163:in `broadcast'
/usr/local/rvm/gems/ruby-1.9.3-p392/gems/cucumber-1.2.3/lib/cucumber/ast/tree_walker.rb:19:in `visit_feature'
/usr/local/rvm/gems/ruby-1.9.3-p392/gems/cucumber-1.2.3/lib/cucumber/ast/features.rb:29:in `block in accept'
/usr/local/rvm/gems/ruby-1.9.3-p392/gems/cucumber-1.2.3/lib/cucumber/ast/features.rb:17:in `each'
/usr/local/rvm/gems/ruby-1.9.3-p392/gems/cucumber-1.2.3/lib/cucumber/ast/features.rb:17:in `each'
/usr/local/rvm/gems/ruby-1.9.3-p392/gems/cucumber-1.2.3/lib/cucumber/ast/features.rb:28:in `accept'
/usr/local/rvm/gems/ruby-1.9.3-p392/gems/cucumber-1.2.3/lib/cucumber/ast/tree_walker.rb:14:in `block in visit_features'
/usr/local/rvm/gems/ruby-1.9.3-p392/gems/cucumber-1.2.3/lib/cucumber/ast/tree_walker.rb:163:in `broadcast'
/usr/local/rvm/gems/ruby-1.9.3-p392/gems/cucumber-1.2.3/lib/cucumber/ast/tree_walker.rb:13:in `visit_features'
/usr/local/rvm/gems/ruby-1.9.3-p392/gems/cucumber-1.2.3/lib/cucumber/runtime.rb:47:in `run!'
/usr/local/rvm/gems/ruby-1.9.3-p392/gems/cucumber-1.2.3/lib/cucumber/cli/main.rb:43:in `execute!'
/usr/local/rvm/gems/ruby-1.9.3-p392/gems/cucumber-1.2.3/lib/cucumber/cli/main.rb:20:in `execute'
/usr/local/rvm/gems/ruby-1.9.3-p392/gems/cucumber-1.2.3/bin/cucumber:14:in `<top (required)>'
/usr/local/rvm/gems/ruby-1.9.3-p392/bin/cucumber:19:in `load'
/usr/local/rvm/gems/ruby-1.9.3-p392/bin/cucumber:19:in `<main>'
/usr/local/rvm/gems/ruby-1.9.3-p392/bin/ruby_noexec_wrapper:14:in `eval'
/usr/local/rvm/gems/ruby-1.9.3-p392/bin/ruby_noexec_wrapper:14:in `<main>'
features/login.feature:255:in `And I open '<service>' site for the opco 'nl' in a logged out state']]>
  </failure>
  <system-out/>
  <system-err/>
</testcase>
<testcase classname="LOGIN" name="DE first Login (outline example : | mobileprotect | DE_msisdn_1 | DE_username_1 | DE_password_1 |)" time="1.766429">
  <failure message="failed DE first Login (outline example : | mobileprotect | DE_msisdn_1 | DE_username_1 | DE_password_1 |)" type="failed">
    <![CDATA[Scenario Outline: DE first Login

Example row: | mobileprotect | DE_msisdn_1 | DE_username_1 | DE_password_1 |

Message:
]]>
    <![CDATA[unexpected response, code=404, content-type=""
unknown command: session/61a9d9f6391e38daf5d133be8708e330/element/name (Selenium::WebDriver::Error::WebDriverError)
/usr/local/rvm/gems/ruby-1.9.3-p392/gems/selenium-webdriver-2.31.0/lib/selenium/webdriver/remote/http/common.rb:66:in `create_response'
/usr/local/rvm/gems/ruby-1.9.3-p392/gems/selenium-webdriver-2.31.0/lib/selenium/webdriver/remote/http/default.rb:66:in `request'
/usr/local/rvm/gems/ruby-1.9.3-p392/gems/selenium-webdriver-2.31.0/lib/selenium/webdriver/remote/http/common.rb:40:in `call'
/usr/local/rvm/gems/ruby-1.9.3-p392/gems/selenium-webdriver-2.31.0/lib/selenium/webdriver/remote/bridge.rb:616:in `raw_execute'
/usr/local/rvm/gems/ruby-1.9.3-p392/gems/selenium-webdriver-2.31.0/lib/selenium/webdriver/remote/bridge.rb:594:in `execute'
/usr/local/rvm/gems/ruby-1.9.3-p392/gems/selenium-webdriver-2.31.0/lib/selenium/webdriver/remote/bridge.rb:493:in `getElementTagName'
/usr/local/rvm/gems/ruby-1.9.3-p392/gems/selenium-webdriver-2.31.0/lib/selenium/webdriver/common/element.rb:68:in `tag_name'
/usr/local/rvm/gems/ruby-1.9.3-p392/gems/watir-webdriver-0.6.2/lib/watir-webdriver/locators/element_locator.rb:387:in `validate_element'
/usr/local/rvm/gems/ruby-1.9.3-p392/gems/watir-webdriver-0.6.2/lib/watir-webdriver/locators/element_locator.rb:37:in `locate'
/usr/local/rvm/gems/ruby-1.9.3-p392/gems/watir-webdriver-0.6.2/lib/watir-webdriver/elements/element.rb:509:in `locate'
/usr/local/rvm/gems/ruby-1.9.3-p392/gems/watir-webdriver-0.6.2/lib/watir-webdriver/elements/element.rb:487:in `assert_exists'
/usr/local/rvm/gems/ruby-1.9.3-p392/gems/watir-webdriver-0.6.2/lib/watir-webdriver/elements/element.rb:118:in `click'
/Users/Subhash/git/automated_tests_web_login_app/features/pages/MockServicePage.rb:13:in `visit'
/Users/Subhash/git/automated_tests_web_login_app/features/step_definitions/loginapp_steps.rb:17:in `block in <top (required)>'
/usr/local/rvm/gems/ruby-1.9.3-p392/gems/cucumber-1.2.3/lib/cucumber/core_ext/instance_exec.rb:48:in `instance_exec'
/usr/local/rvm/gems/ruby-1.9.3-p392/gems/cucumber-1.2.3/lib/cucumber/core_ext/instance_exec.rb:48:in `block in cucumber_instance_exec'
/usr/local/rvm/gems/ruby-1.9.3-p392/gems/cucumber-1.2.3/lib/cucumber/core_ext/instance_exec.rb:69:in `cucumber_run_with_backtrace_filtering'
/usr/local/rvm/gems/ruby-1.9.3-p392/gems/cucumber-1.2.3/lib/cucumber/core_ext/instance_exec.rb:36:in `cucumber_instance_exec'
/usr/local/rvm/gems/ruby-1.9.3-p392/gems/cucumber-1.2.3/lib/cucumber/rb_support/rb_step_definition.rb:97:in `invoke'
/usr/local/rvm/gems/ruby-1.9.3-p392/gems/cucumber-1.2.3/lib/cucumber/step_match.rb:25:in `invoke'
/usr/local/rvm/gems/ruby-1.9.3-p392/gems/cucumber-1.2.3/lib/cucumber/ast/step_invocation.rb:60:in `invoke'
/usr/local/rvm/gems/ruby-1.9.3-p392/gems/cucumber-1.2.3/lib/cucumber/ast/outline_table.rb:119:in `block (2 levels) in accept_plain'
/usr/local/rvm/gems/ruby-1.9.3-p392/gems/cucumber-1.2.3/lib/cucumber/ast/step_collection.rb:37:in `each'
/usr/local/rvm/gems/ruby-1.9.3-p392/gems/cucumber-1.2.3/lib/cucumber/ast/step_collection.rb:37:in `each'
/usr/local/rvm/gems/ruby-1.9.3-p392/gems/cucumber-1.2.3/lib/cucumber/ast/outline_table.rb:118:in `block in accept_plain'
/usr/local/rvm/gems/ruby-1.9.3-p392/gems/cucumber-1.2.3/lib/cucumber/runtime.rb:81:in `block (2 levels) in with_hooks'
/usr/local/rvm/gems/ruby-1.9.3-p392/gems/cucumber-1.2.3/lib/cucumber/runtime.rb:97:in `before_and_after'
/usr/local/rvm/gems/ruby-1.9.3-p392/gems/cucumber-1.2.3/lib/cucumber/runtime.rb:80:in `block in with_hooks'
/usr/local/rvm/gems/ruby-1.9.3-p392/gems/cucumber-1.2.3/lib/cucumber/runtime/support_code.rb:120:in `call'
/usr/local/rvm/gems/ruby-1.9.3-p392/gems/cucumber-1.2.3/lib/cucumber/runtime/support_code.rb:120:in `block (3 levels) in around'
/usr/local/rvm/gems/ruby-1.9.3-p392/gems/cucumber-1.2.3/lib/cucumber/language_support/language_methods.rb:9:in `block in around'
/usr/local/rvm/gems/ruby-1.9.3-p392/gems/cucumber-1.2.3/lib/cucumber/language_support/language_methods.rb:91:in `call'
/usr/local/rvm/gems/ruby-1.9.3-p392/gems/cucumber-1.2.3/lib/cucumber/language_support/language_methods.rb:91:in `execute_around'
/usr/local/rvm/gems/ruby-1.9.3-p392/gems/cucumber-1.2.3/lib/cucumber/language_support/language_methods.rb:8:in `around'
/usr/local/rvm/gems/ruby-1.9.3-p392/gems/cucumber-1.2.3/lib/cucumber/runtime/support_code.rb:119:in `block (2 levels) in around'
/usr/local/rvm/gems/ruby-1.9.3-p392/gems/cucumber-1.2.3/lib/cucumber/runtime/support_code.rb:117:in `call'
/usr/local/rvm/gems/ruby-1.9.3-p392/gems/cucumber-1.2.3/lib/cucumber/runtime/support_code.rb:117:in `around'
/usr/local/rvm/gems/ruby-1.9.3-p392/gems/cucumber-1.2.3/lib/cucumber/runtime.rb:92:in `around'
/usr/local/rvm/gems/ruby-1.9.3-p392/gems/cucumber-1.2.3/lib/cucumber/runtime.rb:79:in `with_hooks'
/usr/local/rvm/gems/ruby-1.9.3-p392/gems/cucumber-1.2.3/lib/cucumber/ast/outline_table.rb:117:in `accept_plain'
/usr/local/rvm/gems/ruby-1.9.3-p392/gems/cucumber-1.2.3/lib/cucumber/ast/outline_table.rb:107:in `accept'
/usr/local/rvm/gems/ruby-1.9.3-p392/gems/cucumber-1.2.3/lib/cucumber/ast/tree_walker.rb:131:in `block in visit_table_row'
/usr/local/rvm/gems/ruby-1.9.3-p392/gems/cucumber-1.2.3/lib/cucumber/ast/tree_walker.rb:163:in `broadcast'
/usr/local/rvm/gems/ruby-1.9.3-p392/gems/cucumber-1.2.3/lib/cucumber/ast/tree_walker.rb:130:in `visit_table_row'
/usr/local/rvm/gems/ruby-1.9.3-p392/gems/cucumber-1.2.3/lib/cucumber/ast/outline_table.rb:27:in `block in accept'
/usr/local/rvm/gems/ruby-1.9.3-p392/gems/cucumber-1.2.3/lib/cucumber/ast/outline_table.rb:23:in `each'
/usr/local/rvm/gems/ruby-1.9.3-p392/gems/cucumber-1.2.3/lib/cucumber/ast/outline_table.rb:23:in `each_with_index'
/usr/local/rvm/gems/ruby-1.9.3-p392/gems/cucumber-1.2.3/lib/cucumber/ast/outline_table.rb:23:in `accept'
/usr/local/rvm/gems/ruby-1.9.3-p392/gems/cucumber-1.2.3/lib/cucumber/ast/tree_walker.rb:83:in `block in visit_outline_table'
/usr/local/rvm/gems/ruby-1.9.3-p392/gems/cucumber-1.2.3/lib/cucumber/ast/tree_walker.rb:163:in `broadcast'
/usr/local/rvm/gems/ruby-1.9.3-p392/gems/cucumber-1.2.3/lib/cucumber/ast/tree_walker.rb:82:in `visit_outline_table'
/usr/local/rvm/gems/ruby-1.9.3-p392/gems/cucumber-1.2.3/lib/cucumber/ast/examples.rb:22:in `accept'
/usr/local/rvm/gems/ruby-1.9.3-p392/gems/cucumber-1.2.3/lib/cucumber/ast/tree_walker.rb:73:in `block in visit_examples'
/usr/local/rvm/gems/ruby-1.9.3-p392/gems/cucumber-1.2.3/lib/cucumber/ast/tree_walker.rb:163:in `broadcast'
/usr/local/rvm/gems/ruby-1.9.3-p392/gems/cucumber-1.2.3/lib/cucumber/ast/tree_walker.rb:72:in `visit_examples'
/usr/local/rvm/gems/ruby-1.9.3-p392/gems/cucumber-1.2.3/lib/cucumber/ast/scenario_outline.rb:14:in `block in accept'
/usr/local/rvm/gems/ruby-1.9.3-p392/gems/cucumber-1.2.3/lib/cucumber/ast/scenario_outline.rb:13:in `each'
/usr/local/rvm/gems/ruby-1.9.3-p392/gems/cucumber-1.2.3/lib/cucumber/ast/scenario_outline.rb:13:in `accept'
/usr/local/rvm/gems/ruby-1.9.3-p392/gems/cucumber-1.2.3/lib/cucumber/ast/tree_walker.rb:67:in `block in visit_examples_array'
/usr/local/rvm/gems/ruby-1.9.3-p392/gems/cucumber-1.2.3/lib/cucumber/ast/tree_walker.rb:163:in `broadcast'
/usr/local/rvm/gems/ruby-1.9.3-p392/gems/cucumber-1.2.3/lib/cucumber/ast/tree_walker.rb:66:in `visit_examples_array'
/usr/local/rvm/gems/ruby-1.9.3-p392/gems/cucumber-1.2.3/lib/cucumber/ast/scenario_outline.rb:68:in `accept'
/usr/local/rvm/gems/ruby-1.9.3-p392/gems/cucumber-1.2.3/lib/cucumber/ast/tree_walker.rb:51:in `block in visit_feature_element'
/usr/local/rvm/gems/ruby-1.9.3-p392/gems/cucumber-1.2.3/lib/cucumber/ast/tree_walker.rb:163:in `broadcast'
/usr/local/rvm/gems/ruby-1.9.3-p392/gems/cucumber-1.2.3/lib/cucumber/ast/tree_walker.rb:50:in `visit_feature_element'
/usr/local/rvm/gems/ruby-1.9.3-p392/gems/cucumber-1.2.3/lib/cucumber/ast/feature.rb:43:in `block in accept'
/usr/local/rvm/gems/ruby-1.9.3-p392/gems/cucumber-1.2.3/lib/cucumber/ast/feature.rb:42:in `each'
/usr/local/rvm/gems/ruby-1.9.3-p392/gems/cucumber-1.2.3/lib/cucumber/ast/feature.rb:42:in `accept'
/usr/local/rvm/gems/ruby-1.9.3-p392/gems/cucumber-1.2.3/lib/cucumber/ast/tree_walker.rb:20:in `block in visit_feature'
/usr/local/rvm/gems/ruby-1.9.3-p392/gems/cucumber-1.2.3/lib/cucumber/ast/tree_walker.rb:163:in `broadcast'
/usr/local/rvm/gems/ruby-1.9.3-p392/gems/cucumber-1.2.3/lib/cucumber/ast/tree_walker.rb:19:in `visit_feature'
/usr/local/rvm/gems/ruby-1.9.3-p392/gems/cucumber-1.2.3/lib/cucumber/ast/features.rb:29:in `block in accept'
/usr/local/rvm/gems/ruby-1.9.3-p392/gems/cucumber-1.2.3/lib/cucumber/ast/features.rb:17:in `each'
/usr/local/rvm/gems/ruby-1.9.3-p392/gems/cucumber-1.2.3/lib/cucumber/ast/features.rb:17:in `each'
/usr/local/rvm/gems/ruby-1.9.3-p392/gems/cucumber-1.2.3/lib/cucumber/ast/features.rb:28:in `accept'
/usr/local/rvm/gems/ruby-1.9.3-p392/gems/cucumber-1.2.3/lib/cucumber/ast/tree_walker.rb:14:in `block in visit_features'
/usr/local/rvm/gems/ruby-1.9.3-p392/gems/cucumber-1.2.3/lib/cucumber/ast/tree_walker.rb:163:in `broadcast'
/usr/local/rvm/gems/ruby-1.9.3-p392/gems/cucumber-1.2.3/lib/cucumber/ast/tree_walker.rb:13:in `visit_features'
/usr/local/rvm/gems/ruby-1.9.3-p392/gems/cucumber-1.2.3/lib/cucumber/runtime.rb:47:in `run!'
/usr/local/rvm/gems/ruby-1.9.3-p392/gems/cucumber-1.2.3/lib/cucumber/cli/main.rb:43:in `execute!'
/usr/local/rvm/gems/ruby-1.9.3-p392/gems/cucumber-1.2.3/lib/cucumber/cli/main.rb:20:in `execute'
/usr/local/rvm/gems/ruby-1.9.3-p392/gems/cucumber-1.2.3/bin/cucumber:14:in `<top (required)>'
/usr/local/rvm/gems/ruby-1.9.3-p392/bin/cucumber:19:in `load'
/usr/local/rvm/gems/ruby-1.9.3-p392/bin/cucumber:19:in `<main>'
/usr/local/rvm/gems/ruby-1.9.3-p392/bin/ruby_noexec_wrapper:14:in `eval'
/usr/local/rvm/gems/ruby-1.9.3-p392/bin/ruby_noexec_wrapper:14:in `<main>'
features/login.feature:274:in `And I open '<service>' site for the opco 'de' in a logged out state']]>
  </failure>
  <system-out/>
  <system-err/>
</testcase>
<testcase classname="LOGIN" name="DE second Login (outline example : | mobileprotect | DE_username_1 | DE_password_1 |)" time="2.018970">
  <failure message="failed DE second Login (outline example : | mobileprotect | DE_username_1 | DE_password_1 |)" type="failed">
    <![CDATA[Scenario Outline: DE second Login

Example row: | mobileprotect | DE_username_1 | DE_password_1 |

Message:
]]>
    <![CDATA[unexpected response, code=404, content-type=""
unknown command: session/61a9d9f6391e38daf5d133be8708e330/element/name (Selenium::WebDriver::Error::WebDriverError)
/usr/local/rvm/gems/ruby-1.9.3-p392/gems/selenium-webdriver-2.31.0/lib/selenium/webdriver/remote/http/common.rb:66:in `create_response'
/usr/local/rvm/gems/ruby-1.9.3-p392/gems/selenium-webdriver-2.31.0/lib/selenium/webdriver/remote/http/default.rb:66:in `request'
/usr/local/rvm/gems/ruby-1.9.3-p392/gems/selenium-webdriver-2.31.0/lib/selenium/webdriver/remote/http/common.rb:40:in `call'
/usr/local/rvm/gems/ruby-1.9.3-p392/gems/selenium-webdriver-2.31.0/lib/selenium/webdriver/remote/bridge.rb:616:in `raw_execute'
/usr/local/rvm/gems/ruby-1.9.3-p392/gems/selenium-webdriver-2.31.0/lib/selenium/webdriver/remote/bridge.rb:594:in `execute'
/usr/local/rvm/gems/ruby-1.9.3-p392/gems/selenium-webdriver-2.31.0/lib/selenium/webdriver/remote/bridge.rb:493:in `getElementTagName'
/usr/local/rvm/gems/ruby-1.9.3-p392/gems/selenium-webdriver-2.31.0/lib/selenium/webdriver/common/element.rb:68:in `tag_name'
/usr/local/rvm/gems/ruby-1.9.3-p392/gems/watir-webdriver-0.6.2/lib/watir-webdriver/locators/element_locator.rb:387:in `validate_element'
/usr/local/rvm/gems/ruby-1.9.3-p392/gems/watir-webdriver-0.6.2/lib/watir-webdriver/locators/element_locator.rb:37:in `locate'
/usr/local/rvm/gems/ruby-1.9.3-p392/gems/watir-webdriver-0.6.2/lib/watir-webdriver/elements/element.rb:509:in `locate'
/usr/local/rvm/gems/ruby-1.9.3-p392/gems/watir-webdriver-0.6.2/lib/watir-webdriver/elements/element.rb:487:in `assert_exists'
/usr/local/rvm/gems/ruby-1.9.3-p392/gems/watir-webdriver-0.6.2/lib/watir-webdriver/elements/element.rb:118:in `click'
/Users/Subhash/git/automated_tests_web_login_app/features/pages/MockServicePage.rb:13:in `visit'
/Users/Subhash/git/automated_tests_web_login_app/features/step_definitions/loginapp_steps.rb:17:in `block in <top (required)>'
/usr/local/rvm/gems/ruby-1.9.3-p392/gems/cucumber-1.2.3/lib/cucumber/core_ext/instance_exec.rb:48:in `instance_exec'
/usr/local/rvm/gems/ruby-1.9.3-p392/gems/cucumber-1.2.3/lib/cucumber/core_ext/instance_exec.rb:48:in `block in cucumber_instance_exec'
/usr/local/rvm/gems/ruby-1.9.3-p392/gems/cucumber-1.2.3/lib/cucumber/core_ext/instance_exec.rb:69:in `cucumber_run_with_backtrace_filtering'
/usr/local/rvm/gems/ruby-1.9.3-p392/gems/cucumber-1.2.3/lib/cucumber/core_ext/instance_exec.rb:36:in `cucumber_instance_exec'
/usr/local/rvm/gems/ruby-1.9.3-p392/gems/cucumber-1.2.3/lib/cucumber/rb_support/rb_step_definition.rb:97:in `invoke'
/usr/local/rvm/gems/ruby-1.9.3-p392/gems/cucumber-1.2.3/lib/cucumber/step_match.rb:25:in `invoke'
/usr/local/rvm/gems/ruby-1.9.3-p392/gems/cucumber-1.2.3/lib/cucumber/ast/step_invocation.rb:60:in `invoke'
/usr/local/rvm/gems/ruby-1.9.3-p392/gems/cucumber-1.2.3/lib/cucumber/ast/outline_table.rb:119:in `block (2 levels) in accept_plain'
/usr/local/rvm/gems/ruby-1.9.3-p392/gems/cucumber-1.2.3/lib/cucumber/ast/step_collection.rb:37:in `each'
/usr/local/rvm/gems/ruby-1.9.3-p392/gems/cucumber-1.2.3/lib/cucumber/ast/step_collection.rb:37:in `each'
/usr/local/rvm/gems/ruby-1.9.3-p392/gems/cucumber-1.2.3/lib/cucumber/ast/outline_table.rb:118:in `block in accept_plain'
/usr/local/rvm/gems/ruby-1.9.3-p392/gems/cucumber-1.2.3/lib/cucumber/runtime.rb:81:in `block (2 levels) in with_hooks'
/usr/local/rvm/gems/ruby-1.9.3-p392/gems/cucumber-1.2.3/lib/cucumber/runtime.rb:97:in `before_and_after'
/usr/local/rvm/gems/ruby-1.9.3-p392/gems/cucumber-1.2.3/lib/cucumber/runtime.rb:80:in `block in with_hooks'
/usr/local/rvm/gems/ruby-1.9.3-p392/gems/cucumber-1.2.3/lib/cucumber/runtime/support_code.rb:120:in `call'
/usr/local/rvm/gems/ruby-1.9.3-p392/gems/cucumber-1.2.3/lib/cucumber/runtime/support_code.rb:120:in `block (3 levels) in around'
/usr/local/rvm/gems/ruby-1.9.3-p392/gems/cucumber-1.2.3/lib/cucumber/language_support/language_methods.rb:9:in `block in around'
/usr/local/rvm/gems/ruby-1.9.3-p392/gems/cucumber-1.2.3/lib/cucumber/language_support/language_methods.rb:91:in `call'
/usr/local/rvm/gems/ruby-1.9.3-p392/gems/cucumber-1.2.3/lib/cucumber/language_support/language_methods.rb:91:in `execute_around'
/usr/local/rvm/gems/ruby-1.9.3-p392/gems/cucumber-1.2.3/lib/cucumber/language_support/language_methods.rb:8:in `around'
/usr/local/rvm/gems/ruby-1.9.3-p392/gems/cucumber-1.2.3/lib/cucumber/runtime/support_code.rb:119:in `block (2 levels) in around'
/usr/local/rvm/gems/ruby-1.9.3-p392/gems/cucumber-1.2.3/lib/cucumber/runtime/support_code.rb:117:in `call'
/usr/local/rvm/gems/ruby-1.9.3-p392/gems/cucumber-1.2.3/lib/cucumber/runtime/support_code.rb:117:in `around'
/usr/local/rvm/gems/ruby-1.9.3-p392/gems/cucumber-1.2.3/lib/cucumber/runtime.rb:92:in `around'
/usr/local/rvm/gems/ruby-1.9.3-p392/gems/cucumber-1.2.3/lib/cucumber/runtime.rb:79:in `with_hooks'
/usr/local/rvm/gems/ruby-1.9.3-p392/gems/cucumber-1.2.3/lib/cucumber/ast/outline_table.rb:117:in `accept_plain'
/usr/local/rvm/gems/ruby-1.9.3-p392/gems/cucumber-1.2.3/lib/cucumber/ast/outline_table.rb:107:in `accept'
/usr/local/rvm/gems/ruby-1.9.3-p392/gems/cucumber-1.2.3/lib/cucumber/ast/tree_walker.rb:131:in `block in visit_table_row'
/usr/local/rvm/gems/ruby-1.9.3-p392/gems/cucumber-1.2.3/lib/cucumber/ast/tree_walker.rb:163:in `broadcast'
/usr/local/rvm/gems/ruby-1.9.3-p392/gems/cucumber-1.2.3/lib/cucumber/ast/tree_walker.rb:130:in `visit_table_row'
/usr/local/rvm/gems/ruby-1.9.3-p392/gems/cucumber-1.2.3/lib/cucumber/ast/outline_table.rb:27:in `block in accept'
/usr/local/rvm/gems/ruby-1.9.3-p392/gems/cucumber-1.2.3/lib/cucumber/ast/outline_table.rb:23:in `each'
/usr/local/rvm/gems/ruby-1.9.3-p392/gems/cucumber-1.2.3/lib/cucumber/ast/outline_table.rb:23:in `each_with_index'
/usr/local/rvm/gems/ruby-1.9.3-p392/gems/cucumber-1.2.3/lib/cucumber/ast/outline_table.rb:23:in `accept'
/usr/local/rvm/gems/ruby-1.9.3-p392/gems/cucumber-1.2.3/lib/cucumber/ast/tree_walker.rb:83:in `block in visit_outline_table'
/usr/local/rvm/gems/ruby-1.9.3-p392/gems/cucumber-1.2.3/lib/cucumber/ast/tree_walker.rb:163:in `broadcast'
/usr/local/rvm/gems/ruby-1.9.3-p392/gems/cucumber-1.2.3/lib/cucumber/ast/tree_walker.rb:82:in `visit_outline_table'
/usr/local/rvm/gems/ruby-1.9.3-p392/gems/cucumber-1.2.3/lib/cucumber/ast/examples.rb:22:in `accept'
/usr/local/rvm/gems/ruby-1.9.3-p392/gems/cucumber-1.2.3/lib/cucumber/ast/tree_walker.rb:73:in `block in visit_examples'
/usr/local/rvm/gems/ruby-1.9.3-p392/gems/cucumber-1.2.3/lib/cucumber/ast/tree_walker.rb:163:in `broadcast'
/usr/local/rvm/gems/ruby-1.9.3-p392/gems/cucumber-1.2.3/lib/cucumber/ast/tree_walker.rb:72:in `visit_examples'
/usr/local/rvm/gems/ruby-1.9.3-p392/gems/cucumber-1.2.3/lib/cucumber/ast/scenario_outline.rb:14:in `block in accept'
/usr/local/rvm/gems/ruby-1.9.3-p392/gems/cucumber-1.2.3/lib/cucumber/ast/scenario_outline.rb:13:in `each'
/usr/local/rvm/gems/ruby-1.9.3-p392/gems/cucumber-1.2.3/lib/cucumber/ast/scenario_outline.rb:13:in `accept'
/usr/local/rvm/gems/ruby-1.9.3-p392/gems/cucumber-1.2.3/lib/cucumber/ast/tree_walker.rb:67:in `block in visit_examples_array'
/usr/local/rvm/gems/ruby-1.9.3-p392/gems/cucumber-1.2.3/lib/cucumber/ast/tree_walker.rb:163:in `broadcast'
/usr/local/rvm/gems/ruby-1.9.3-p392/gems/cucumber-1.2.3/lib/cucumber/ast/tree_walker.rb:66:in `visit_examples_array'
/usr/local/rvm/gems/ruby-1.9.3-p392/gems/cucumber-1.2.3/lib/cucumber/ast/scenario_outline.rb:68:in `accept'
/usr/local/rvm/gems/ruby-1.9.3-p392/gems/cucumber-1.2.3/lib/cucumber/ast/tree_walker.rb:51:in `block in visit_feature_element'
/usr/local/rvm/gems/ruby-1.9.3-p392/gems/cucumber-1.2.3/lib/cucumber/ast/tree_walker.rb:163:in `broadcast'
/usr/local/rvm/gems/ruby-1.9.3-p392/gems/cucumber-1.2.3/lib/cucumber/ast/tree_walker.rb:50:in `visit_feature_element'
/usr/local/rvm/gems/ruby-1.9.3-p392/gems/cucumber-1.2.3/lib/cucumber/ast/feature.rb:43:in `block in accept'
/usr/local/rvm/gems/ruby-1.9.3-p392/gems/cucumber-1.2.3/lib/cucumber/ast/feature.rb:42:in `each'
/usr/local/rvm/gems/ruby-1.9.3-p392/gems/cucumber-1.2.3/lib/cucumber/ast/feature.rb:42:in `accept'
/usr/local/rvm/gems/ruby-1.9.3-p392/gems/cucumber-1.2.3/lib/cucumber/ast/tree_walker.rb:20:in `block in visit_feature'
/usr/local/rvm/gems/ruby-1.9.3-p392/gems/cucumber-1.2.3/lib/cucumber/ast/tree_walker.rb:163:in `broadcast'
/usr/local/rvm/gems/ruby-1.9.3-p392/gems/cucumber-1.2.3/lib/cucumber/ast/tree_walker.rb:19:in `visit_feature'
/usr/local/rvm/gems/ruby-1.9.3-p392/gems/cucumber-1.2.3/lib/cucumber/ast/features.rb:29:in `block in accept'
/usr/local/rvm/gems/ruby-1.9.3-p392/gems/cucumber-1.2.3/lib/cucumber/ast/features.rb:17:in `each'
/usr/local/rvm/gems/ruby-1.9.3-p392/gems/cucumber-1.2.3/lib/cucumber/ast/features.rb:17:in `each'
/usr/local/rvm/gems/ruby-1.9.3-p392/gems/cucumber-1.2.3/lib/cucumber/ast/features.rb:28:in `accept'
/usr/local/rvm/gems/ruby-1.9.3-p392/gems/cucumber-1.2.3/lib/cucumber/ast/tree_walker.rb:14:in `block in visit_features'
/usr/local/rvm/gems/ruby-1.9.3-p392/gems/cucumber-1.2.3/lib/cucumber/ast/tree_walker.rb:163:in `broadcast'
/usr/local/rvm/gems/ruby-1.9.3-p392/gems/cucumber-1.2.3/lib/cucumber/ast/tree_walker.rb:13:in `visit_features'
/usr/local/rvm/gems/ruby-1.9.3-p392/gems/cucumber-1.2.3/lib/cucumber/runtime.rb:47:in `run!'
/usr/local/rvm/gems/ruby-1.9.3-p392/gems/cucumber-1.2.3/lib/cucumber/cli/main.rb:43:in `execute!'
/usr/local/rvm/gems/ruby-1.9.3-p392/gems/cucumber-1.2.3/lib/cucumber/cli/main.rb:20:in `execute'
/usr/local/rvm/gems/ruby-1.9.3-p392/gems/cucumber-1.2.3/bin/cucumber:14:in `<top (required)>'
/usr/local/rvm/gems/ruby-1.9.3-p392/bin/cucumber:19:in `load'
/usr/local/rvm/gems/ruby-1.9.3-p392/bin/cucumber:19:in `<main>'
/usr/local/rvm/gems/ruby-1.9.3-p392/bin/ruby_noexec_wrapper:14:in `eval'
/usr/local/rvm/gems/ruby-1.9.3-p392/bin/ruby_noexec_wrapper:14:in `<main>'
features/login.feature:285:in `And I open '<service>' site for the opco 'de' in a logged out state']]>
  </failure>
  <system-out/>
  <system-err/>
</testcase>
<testcase classname="LOGIN" name="DE second Login (outline example : | music | DE_username_1 | DE_password_1 |)" time="1.605461">
  <failure message="failed DE second Login (outline example : | music | DE_username_1 | DE_password_1 |)" type="failed">
    <![CDATA[Scenario Outline: DE second Login

Example row: | mobileprotect | DE_username_1 | DE_password_1 |

Message:
Example row: | music | DE_username_1 | DE_password_1 |

Message:
]]>
    <![CDATA[unexpected response, code=404, content-type=""
unknown command: session/61a9d9f6391e38daf5d133be8708e330/element/name (Selenium::WebDriver::Error::WebDriverError)
/usr/local/rvm/gems/ruby-1.9.3-p392/gems/selenium-webdriver-2.31.0/lib/selenium/webdriver/remote/http/common.rb:66:in `create_response'
/usr/local/rvm/gems/ruby-1.9.3-p392/gems/selenium-webdriver-2.31.0/lib/selenium/webdriver/remote/http/default.rb:66:in `request'
/usr/local/rvm/gems/ruby-1.9.3-p392/gems/selenium-webdriver-2.31.0/lib/selenium/webdriver/remote/http/common.rb:40:in `call'
/usr/local/rvm/gems/ruby-1.9.3-p392/gems/selenium-webdriver-2.31.0/lib/selenium/webdriver/remote/bridge.rb:616:in `raw_execute'
/usr/local/rvm/gems/ruby-1.9.3-p392/gems/selenium-webdriver-2.31.0/lib/selenium/webdriver/remote/bridge.rb:594:in `execute'
/usr/local/rvm/gems/ruby-1.9.3-p392/gems/selenium-webdriver-2.31.0/lib/selenium/webdriver/remote/bridge.rb:493:in `getElementTagName'
/usr/local/rvm/gems/ruby-1.9.3-p392/gems/selenium-webdriver-2.31.0/lib/selenium/webdriver/common/element.rb:68:in `tag_name'
/usr/local/rvm/gems/ruby-1.9.3-p392/gems/watir-webdriver-0.6.2/lib/watir-webdriver/locators/element_locator.rb:387:in `validate_element'
/usr/local/rvm/gems/ruby-1.9.3-p392/gems/watir-webdriver-0.6.2/lib/watir-webdriver/locators/element_locator.rb:37:in `locate'
/usr/local/rvm/gems/ruby-1.9.3-p392/gems/watir-webdriver-0.6.2/lib/watir-webdriver/elements/element.rb:509:in `locate'
/usr/local/rvm/gems/ruby-1.9.3-p392/gems/watir-webdriver-0.6.2/lib/watir-webdriver/elements/element.rb:487:in `assert_exists'
/usr/local/rvm/gems/ruby-1.9.3-p392/gems/watir-webdriver-0.6.2/lib/watir-webdriver/elements/element.rb:118:in `click'
/Users/Subhash/git/automated_tests_web_login_app/features/pages/MockServicePage.rb:13:in `visit'
/Users/Subhash/git/automated_tests_web_login_app/features/step_definitions/loginapp_steps.rb:17:in `block in <top (required)>'
/usr/local/rvm/gems/ruby-1.9.3-p392/gems/cucumber-1.2.3/lib/cucumber/core_ext/instance_exec.rb:48:in `instance_exec'
/usr/local/rvm/gems/ruby-1.9.3-p392/gems/cucumber-1.2.3/lib/cucumber/core_ext/instance_exec.rb:48:in `block in cucumber_instance_exec'
/usr/local/rvm/gems/ruby-1.9.3-p392/gems/cucumber-1.2.3/lib/cucumber/core_ext/instance_exec.rb:69:in `cucumber_run_with_backtrace_filtering'
/usr/local/rvm/gems/ruby-1.9.3-p392/gems/cucumber-1.2.3/lib/cucumber/core_ext/instance_exec.rb:36:in `cucumber_instance_exec'
/usr/local/rvm/gems/ruby-1.9.3-p392/gems/cucumber-1.2.3/lib/cucumber/rb_support/rb_step_definition.rb:97:in `invoke'
/usr/local/rvm/gems/ruby-1.9.3-p392/gems/cucumber-1.2.3/lib/cucumber/step_match.rb:25:in `invoke'
/usr/local/rvm/gems/ruby-1.9.3-p392/gems/cucumber-1.2.3/lib/cucumber/ast/step_invocation.rb:60:in `invoke'
/usr/local/rvm/gems/ruby-1.9.3-p392/gems/cucumber-1.2.3/lib/cucumber/ast/outline_table.rb:119:in `block (2 levels) in accept_plain'
/usr/local/rvm/gems/ruby-1.9.3-p392/gems/cucumber-1.2.3/lib/cucumber/ast/step_collection.rb:37:in `each'
/usr/local/rvm/gems/ruby-1.9.3-p392/gems/cucumber-1.2.3/lib/cucumber/ast/step_collection.rb:37:in `each'
/usr/local/rvm/gems/ruby-1.9.3-p392/gems/cucumber-1.2.3/lib/cucumber/ast/outline_table.rb:118:in `block in accept_plain'
/usr/local/rvm/gems/ruby-1.9.3-p392/gems/cucumber-1.2.3/lib/cucumber/runtime.rb:81:in `block (2 levels) in with_hooks'
/usr/local/rvm/gems/ruby-1.9.3-p392/gems/cucumber-1.2.3/lib/cucumber/runtime.rb:97:in `before_and_after'
/usr/local/rvm/gems/ruby-1.9.3-p392/gems/cucumber-1.2.3/lib/cucumber/runtime.rb:80:in `block in with_hooks'
/usr/local/rvm/gems/ruby-1.9.3-p392/gems/cucumber-1.2.3/lib/cucumber/runtime/support_code.rb:120:in `call'
/usr/local/rvm/gems/ruby-1.9.3-p392/gems/cucumber-1.2.3/lib/cucumber/runtime/support_code.rb:120:in `block (3 levels) in around'
/usr/local/rvm/gems/ruby-1.9.3-p392/gems/cucumber-1.2.3/lib/cucumber/language_support/language_methods.rb:9:in `block in around'
/usr/local/rvm/gems/ruby-1.9.3-p392/gems/cucumber-1.2.3/lib/cucumber/language_support/language_methods.rb:91:in `call'
/usr/local/rvm/gems/ruby-1.9.3-p392/gems/cucumber-1.2.3/lib/cucumber/language_support/language_methods.rb:91:in `execute_around'
/usr/local/rvm/gems/ruby-1.9.3-p392/gems/cucumber-1.2.3/lib/cucumber/language_support/language_methods.rb:8:in `around'
/usr/local/rvm/gems/ruby-1.9.3-p392/gems/cucumber-1.2.3/lib/cucumber/runtime/support_code.rb:119:in `block (2 levels) in around'
/usr/local/rvm/gems/ruby-1.9.3-p392/gems/cucumber-1.2.3/lib/cucumber/runtime/support_code.rb:117:in `call'
/usr/local/rvm/gems/ruby-1.9.3-p392/gems/cucumber-1.2.3/lib/cucumber/runtime/support_code.rb:117:in `around'
/usr/local/rvm/gems/ruby-1.9.3-p392/gems/cucumber-1.2.3/lib/cucumber/runtime.rb:92:in `around'
/usr/local/rvm/gems/ruby-1.9.3-p392/gems/cucumber-1.2.3/lib/cucumber/runtime.rb:79:in `with_hooks'
/usr/local/rvm/gems/ruby-1.9.3-p392/gems/cucumber-1.2.3/lib/cucumber/ast/outline_table.rb:117:in `accept_plain'
/usr/local/rvm/gems/ruby-1.9.3-p392/gems/cucumber-1.2.3/lib/cucumber/ast/outline_table.rb:107:in `accept'
/usr/local/rvm/gems/ruby-1.9.3-p392/gems/cucumber-1.2.3/lib/cucumber/ast/tree_walker.rb:131:in `block in visit_table_row'
/usr/local/rvm/gems/ruby-1.9.3-p392/gems/cucumber-1.2.3/lib/cucumber/ast/tree_walker.rb:163:in `broadcast'
/usr/local/rvm/gems/ruby-1.9.3-p392/gems/cucumber-1.2.3/lib/cucumber/ast/tree_walker.rb:130:in `visit_table_row'
/usr/local/rvm/gems/ruby-1.9.3-p392/gems/cucumber-1.2.3/lib/cucumber/ast/outline_table.rb:27:in `block in accept'
/usr/local/rvm/gems/ruby-1.9.3-p392/gems/cucumber-1.2.3/lib/cucumber/ast/outline_table.rb:23:in `each'
/usr/local/rvm/gems/ruby-1.9.3-p392/gems/cucumber-1.2.3/lib/cucumber/ast/outline_table.rb:23:in `each_with_index'
/usr/local/rvm/gems/ruby-1.9.3-p392/gems/cucumber-1.2.3/lib/cucumber/ast/outline_table.rb:23:in `accept'
/usr/local/rvm/gems/ruby-1.9.3-p392/gems/cucumber-1.2.3/lib/cucumber/ast/tree_walker.rb:83:in `block in visit_outline_table'
/usr/local/rvm/gems/ruby-1.9.3-p392/gems/cucumber-1.2.3/lib/cucumber/ast/tree_walker.rb:163:in `broadcast'
/usr/local/rvm/gems/ruby-1.9.3-p392/gems/cucumber-1.2.3/lib/cucumber/ast/tree_walker.rb:82:in `visit_outline_table'
/usr/local/rvm/gems/ruby-1.9.3-p392/gems/cucumber-1.2.3/lib/cucumber/ast/examples.rb:22:in `accept'
/usr/local/rvm/gems/ruby-1.9.3-p392/gems/cucumber-1.2.3/lib/cucumber/ast/tree_walker.rb:73:in `block in visit_examples'
/usr/local/rvm/gems/ruby-1.9.3-p392/gems/cucumber-1.2.3/lib/cucumber/ast/tree_walker.rb:163:in `broadcast'
/usr/local/rvm/gems/ruby-1.9.3-p392/gems/cucumber-1.2.3/lib/cucumber/ast/tree_walker.rb:72:in `visit_examples'
/usr/local/rvm/gems/ruby-1.9.3-p392/gems/cucumber-1.2.3/lib/cucumber/ast/scenario_outline.rb:14:in `block in accept'
/usr/local/rvm/gems/ruby-1.9.3-p392/gems/cucumber-1.2.3/lib/cucumber/ast/scenario_outline.rb:13:in `each'
/usr/local/rvm/gems/ruby-1.9.3-p392/gems/cucumber-1.2.3/lib/cucumber/ast/scenario_outline.rb:13:in `accept'
/usr/local/rvm/gems/ruby-1.9.3-p392/gems/cucumber-1.2.3/lib/cucumber/ast/tree_walker.rb:67:in `block in visit_examples_array'
/usr/local/rvm/gems/ruby-1.9.3-p392/gems/cucumber-1.2.3/lib/cucumber/ast/tree_walker.rb:163:in `broadcast'
/usr/local/rvm/gems/ruby-1.9.3-p392/gems/cucumber-1.2.3/lib/cucumber/ast/tree_walker.rb:66:in `visit_examples_array'
/usr/local/rvm/gems/ruby-1.9.3-p392/gems/cucumber-1.2.3/lib/cucumber/ast/scenario_outline.rb:68:in `accept'
/usr/local/rvm/gems/ruby-1.9.3-p392/gems/cucumber-1.2.3/lib/cucumber/ast/tree_walker.rb:51:in `block in visit_feature_element'
/usr/local/rvm/gems/ruby-1.9.3-p392/gems/cucumber-1.2.3/lib/cucumber/ast/tree_walker.rb:163:in `broadcast'
/usr/local/rvm/gems/ruby-1.9.3-p392/gems/cucumber-1.2.3/lib/cucumber/ast/tree_walker.rb:50:in `visit_feature_element'
/usr/local/rvm/gems/ruby-1.9.3-p392/gems/cucumber-1.2.3/lib/cucumber/ast/feature.rb:43:in `block in accept'
/usr/local/rvm/gems/ruby-1.9.3-p392/gems/cucumber-1.2.3/lib/cucumber/ast/feature.rb:42:in `each'
/usr/local/rvm/gems/ruby-1.9.3-p392/gems/cucumber-1.2.3/lib/cucumber/ast/feature.rb:42:in `accept'
/usr/local/rvm/gems/ruby-1.9.3-p392/gems/cucumber-1.2.3/lib/cucumber/ast/tree_walker.rb:20:in `block in visit_feature'
/usr/local/rvm/gems/ruby-1.9.3-p392/gems/cucumber-1.2.3/lib/cucumber/ast/tree_walker.rb:163:in `broadcast'
/usr/local/rvm/gems/ruby-1.9.3-p392/gems/cucumber-1.2.3/lib/cucumber/ast/tree_walker.rb:19:in `visit_feature'
/usr/local/rvm/gems/ruby-1.9.3-p392/gems/cucumber-1.2.3/lib/cucumber/ast/features.rb:29:in `block in accept'
/usr/local/rvm/gems/ruby-1.9.3-p392/gems/cucumber-1.2.3/lib/cucumber/ast/features.rb:17:in `each'
/usr/local/rvm/gems/ruby-1.9.3-p392/gems/cucumber-1.2.3/lib/cucumber/ast/features.rb:17:in `each'
/usr/local/rvm/gems/ruby-1.9.3-p392/gems/cucumber-1.2.3/lib/cucumber/ast/features.rb:28:in `accept'
/usr/local/rvm/gems/ruby-1.9.3-p392/gems/cucumber-1.2.3/lib/cucumber/ast/tree_walker.rb:14:in `block in visit_features'
/usr/local/rvm/gems/ruby-1.9.3-p392/gems/cucumber-1.2.3/lib/cucumber/ast/tree_walker.rb:163:in `broadcast'
/usr/local/rvm/gems/ruby-1.9.3-p392/gems/cucumber-1.2.3/lib/cucumber/ast/tree_walker.rb:13:in `visit_features'
/usr/local/rvm/gems/ruby-1.9.3-p392/gems/cucumber-1.2.3/lib/cucumber/runtime.rb:47:in `run!'
/usr/local/rvm/gems/ruby-1.9.3-p392/gems/cucumber-1.2.3/lib/cucumber/cli/main.rb:43:in `execute!'
/usr/local/rvm/gems/ruby-1.9.3-p392/gems/cucumber-1.2.3/lib/cucumber/cli/main.rb:20:in `execute'
/usr/local/rvm/gems/ruby-1.9.3-p392/gems/cucumber-1.2.3/bin/cucumber:14:in `<top (required)>'
/usr/local/rvm/gems/ruby-1.9.3-p392/bin/cucumber:19:in `load'
/usr/local/rvm/gems/ruby-1.9.3-p392/bin/cucumber:19:in `<main>'
/usr/local/rvm/gems/ruby-1.9.3-p392/bin/ruby_noexec_wrapper:14:in `eval'
/usr/local/rvm/gems/ruby-1.9.3-p392/bin/ruby_noexec_wrapper:14:in `<main>'
features/login.feature:285:in `And I open '<service>' site for the opco 'de' in a logged out state']]>
  </failure>
  <system-out/>
  <system-err/>
</testcase>
<testcase classname="LOGIN" name="Login function fails due to invalid credentials" time="1.350545">
  <failure message="failed Login function fails due to invalid credentials" type="failed">
    <![CDATA[Scenario: Login function fails due to invalid credentials

Given I open 'music' site for the opco 'gb'
And I click logout if necessary
And I see login cookie not present
And I go to login page
When I login with '+44792028580611111' as user name and 'Password11111' as password
Then I see login failure message
And I should not see login cookie present

Message:
]]>
    <![CDATA[unexpected response, code=404, content-type=""
unknown command: session/61a9d9f6391e38daf5d133be8708e330/element/name (Selenium::WebDriver::Error::WebDriverError)
/usr/local/rvm/gems/ruby-1.9.3-p392/gems/selenium-webdriver-2.31.0/lib/selenium/webdriver/remote/http/common.rb:66:in `create_response'
/usr/local/rvm/gems/ruby-1.9.3-p392/gems/selenium-webdriver-2.31.0/lib/selenium/webdriver/remote/http/default.rb:66:in `request'
/usr/local/rvm/gems/ruby-1.9.3-p392/gems/selenium-webdriver-2.31.0/lib/selenium/webdriver/remote/http/common.rb:40:in `call'
/usr/local/rvm/gems/ruby-1.9.3-p392/gems/selenium-webdriver-2.31.0/lib/selenium/webdriver/remote/bridge.rb:616:in `raw_execute'
/usr/local/rvm/gems/ruby-1.9.3-p392/gems/selenium-webdriver-2.31.0/lib/selenium/webdriver/remote/bridge.rb:594:in `execute'
/usr/local/rvm/gems/ruby-1.9.3-p392/gems/selenium-webdriver-2.31.0/lib/selenium/webdriver/remote/bridge.rb:493:in `getElementTagName'
/usr/local/rvm/gems/ruby-1.9.3-p392/gems/selenium-webdriver-2.31.0/lib/selenium/webdriver/common/element.rb:68:in `tag_name'
/usr/local/rvm/gems/ruby-1.9.3-p392/gems/watir-webdriver-0.6.2/lib/watir-webdriver/locators/element_locator.rb:387:in `validate_element'
/usr/local/rvm/gems/ruby-1.9.3-p392/gems/watir-webdriver-0.6.2/lib/watir-webdriver/locators/element_locator.rb:37:in `locate'
/usr/local/rvm/gems/ruby-1.9.3-p392/gems/watir-webdriver-0.6.2/lib/watir-webdriver/elements/element.rb:509:in `locate'
/usr/local/rvm/gems/ruby-1.9.3-p392/gems/watir-webdriver-0.6.2/lib/watir-webdriver/elements/element.rb:487:in `assert_exists'
/usr/local/rvm/gems/ruby-1.9.3-p392/gems/watir-webdriver-0.6.2/lib/watir-webdriver/elements/element.rb:118:in `click'
/Users/Subhash/git/automated_tests_web_login_app/features/pages/MockServicePage.rb:13:in `visit'
/Users/Subhash/git/automated_tests_web_login_app/features/step_definitions/loginapp_steps.rb:12:in `block in <top (required)>'
/usr/local/rvm/gems/ruby-1.9.3-p392/bin/cucumber:19:in `load'
/usr/local/rvm/gems/ruby-1.9.3-p392/bin/cucumber:19:in `<main>'
/usr/local/rvm/gems/ruby-1.9.3-p392/bin/ruby_noexec_wrapper:14:in `eval'
/usr/local/rvm/gems/ruby-1.9.3-p392/bin/ruby_noexec_wrapper:14:in `<main>'
features/login.feature:301:in `Given I open 'music' site for the opco 'gb'']]>
  </failure>
  <system-out/>
  <system-err/>
</testcase>
<testcase classname="LOGIN" name="Show password checkbox" time="1.331922">
  <failure message="failed Show password checkbox" type="failed">
    <![CDATA[Scenario: Show password checkbox

Given I open 'nwab' site for the opco 'ie' in a logged out state
And I go to login page
When I enter 'Something' in the password field

Message:
]]>
    <![CDATA[unexpected response, code=404, content-type=""
unknown command: session/61a9d9f6391e38daf5d133be8708e330/element/name (Selenium::WebDriver::Error::WebDriverError)
/usr/local/rvm/gems/ruby-1.9.3-p392/gems/selenium-webdriver-2.31.0/lib/selenium/webdriver/remote/http/common.rb:66:in `create_response'
/usr/local/rvm/gems/ruby-1.9.3-p392/gems/selenium-webdriver-2.31.0/lib/selenium/webdriver/remote/http/default.rb:66:in `request'
/usr/local/rvm/gems/ruby-1.9.3-p392/gems/selenium-webdriver-2.31.0/lib/selenium/webdriver/remote/http/common.rb:40:in `call'
/usr/local/rvm/gems/ruby-1.9.3-p392/gems/selenium-webdriver-2.31.0/lib/selenium/webdriver/remote/bridge.rb:616:in `raw_execute'
/usr/local/rvm/gems/ruby-1.9.3-p392/gems/selenium-webdriver-2.31.0/lib/selenium/webdriver/remote/bridge.rb:594:in `execute'
/usr/local/rvm/gems/ruby-1.9.3-p392/gems/selenium-webdriver-2.31.0/lib/selenium/webdriver/remote/bridge.rb:493:in `getElementTagName'
/usr/local/rvm/gems/ruby-1.9.3-p392/gems/selenium-webdriver-2.31.0/lib/selenium/webdriver/common/element.rb:68:in `tag_name'
/usr/local/rvm/gems/ruby-1.9.3-p392/gems/watir-webdriver-0.6.2/lib/watir-webdriver/locators/element_locator.rb:387:in `validate_element'
/usr/local/rvm/gems/ruby-1.9.3-p392/gems/watir-webdriver-0.6.2/lib/watir-webdriver/locators/element_locator.rb:37:in `locate'
/usr/local/rvm/gems/ruby-1.9.3-p392/gems/watir-webdriver-0.6.2/lib/watir-webdriver/elements/element.rb:509:in `locate'
/usr/local/rvm/gems/ruby-1.9.3-p392/gems/watir-webdriver-0.6.2/lib/watir-webdriver/elements/element.rb:487:in `assert_exists'
/usr/local/rvm/gems/ruby-1.9.3-p392/gems/watir-webdriver-0.6.2/lib/watir-webdriver/elements/element.rb:118:in `click'
/Users/Subhash/git/automated_tests_web_login_app/features/pages/MockServicePage.rb:13:in `visit'
/Users/Subhash/git/automated_tests_web_login_app/features/step_definitions/loginapp_steps.rb:17:in `block in <top (required)>'
/usr/local/rvm/gems/ruby-1.9.3-p392/bin/cucumber:19:in `load'
/usr/local/rvm/gems/ruby-1.9.3-p392/bin/cucumber:19:in `<main>'
/usr/local/rvm/gems/ruby-1.9.3-p392/bin/ruby_noexec_wrapper:14:in `eval'
/usr/local/rvm/gems/ruby-1.9.3-p392/bin/ruby_noexec_wrapper:14:in `<main>'
features/login.feature:311:in `Given I open 'nwab' site for the opco 'ie' in a logged out state']]>
  </failure>
  <system-out/>
  <system-err/>
</testcase>
  <system-out>
    <![CDATA["Didnt find msisdn=351910859349"
"Didnt find msisdn=351910859349"
]]>
  </system-out>
  <system-err>
    <![CDATA[]]>
  </system-err>
</testsuite>
